[2022-03-30 17:52:36,170] {taskinstance.py:1037} INFO - Dependencies all met for <TaskInstance: simple_xcom.push_task manual__2022-03-30T17:52:34.805542+00:00 [queued]>
[2022-03-30 17:52:36,226] {taskinstance.py:1037} INFO - Dependencies all met for <TaskInstance: simple_xcom.push_task manual__2022-03-30T17:52:34.805542+00:00 [queued]>
[2022-03-30 17:52:36,229] {taskinstance.py:1243} INFO - 
--------------------------------------------------------------------------------
[2022-03-30 17:52:36,230] {taskinstance.py:1244} INFO - Starting attempt 1 of 1
[2022-03-30 17:52:36,232] {taskinstance.py:1245} INFO - 
--------------------------------------------------------------------------------
[2022-03-30 17:52:36,287] {taskinstance.py:1264} INFO - Executing <Task(PythonOperator): push_task> on 2022-03-30 17:52:34.805542+00:00
[2022-03-30 17:52:36,295] {standard_task_runner.py:52} INFO - Started process 480 to run task
[2022-03-30 17:52:36,302] {standard_task_runner.py:76} INFO - Running: ['***', 'tasks', 'run', 'simple_xcom', 'push_task', 'manual__2022-03-30T17:52:34.805542+00:00', '--job-id', '2', '--raw', '--subdir', 'DAGS_FOLDER/dag_1.py', '--cfg-path', '/tmp/tmpbaixbxjw', '--error-file', '/tmp/tmpewb4pds1']
[2022-03-30 17:52:36,305] {standard_task_runner.py:77} INFO - Job 2: Subtask push_task
[2022-03-30 17:52:36,440] {logging_mixin.py:109} INFO - Running <TaskInstance: simple_xcom.push_task manual__2022-03-30T17:52:34.805542+00:00 [running]> on host fdfe93d0d201
[2022-03-30 17:52:36,617] {taskinstance.py:1431} INFO - Exporting the following env vars:
AIRFLOW_CTX_DAG_OWNER=***
AIRFLOW_CTX_DAG_ID=simple_xcom
AIRFLOW_CTX_TASK_ID=push_task
AIRFLOW_CTX_EXECUTION_DATE=2022-03-30T17:52:34.805542+00:00
AIRFLOW_CTX_DAG_RUN_ID=manual__2022-03-30T17:52:34.805542+00:00
[2022-03-30 17:52:36,623] {logging_mixin.py:109} INFO - message to push: 'the_message'
[2022-03-30 17:52:36,653] {python.py:175} INFO - Done. Returned value was: None
[2022-03-30 17:52:36,697] {taskinstance.py:1282} INFO - Marking task as SUCCESS. dag_id=simple_xcom, task_id=push_task, execution_date=20220330T175234, start_date=20220330T175236, end_date=20220330T175236
[2022-03-30 17:52:36,763] {local_task_job.py:154} INFO - Task exited with return code 0
[2022-03-30 17:52:36,850] {local_task_job.py:264} INFO - 1 downstream tasks scheduled from follow-on schedule check
