[2022-04-01 07:43:25,003] {processor.py:163} INFO - Started process (PID=264) to work on /opt/airflow/dags/results_dag.py
[2022-04-01 07:43:25,008] {processor.py:642} INFO - Processing file /opt/airflow/dags/results_dag.py for tasks to queue
[2022-04-01 07:43:25,012] {logging_mixin.py:109} INFO - [2022-04-01 07:43:25,011] {dagbag.py:500} INFO - Filling up the DagBag from /opt/airflow/dags/results_dag.py
[2022-04-01 07:43:33,949] {processor.py:654} INFO - DAG(s) dict_keys(['results_dag']) retrieved from /opt/airflow/dags/results_dag.py
[2022-04-01 07:43:51,994] {logging_mixin.py:109} INFO - [2022-04-01 07:43:51,993] {manager.py:496} INFO - Created Permission View: can edit on DAG:results_dag
[2022-04-01 07:43:52,024] {logging_mixin.py:109} INFO - [2022-04-01 07:43:52,023] {manager.py:496} INFO - Created Permission View: can read on DAG:results_dag
[2022-04-01 07:43:52,027] {logging_mixin.py:109} INFO - [2022-04-01 07:43:52,026] {dag.py:2398} INFO - Sync 1 DAGs
[2022-04-01 07:43:52,062] {logging_mixin.py:109} INFO - [2022-04-01 07:43:52,061] {dag.py:2417} INFO - Creating ORM DAG for results_dag
[2022-04-01 07:43:52,109] {logging_mixin.py:109} INFO - [2022-04-01 07:43:52,108] {dag.py:2937} INFO - Setting next_dagrun for results_dag to 2022-04-02 00:00:00+00:00
[2022-04-01 07:43:52,146] {processor.py:171} INFO - Processing /opt/airflow/dags/results_dag.py took 27.152 seconds
[2022-04-01 07:44:22,505] {processor.py:163} INFO - Started process (PID=327) to work on /opt/airflow/dags/results_dag.py
[2022-04-01 07:44:22,511] {processor.py:642} INFO - Processing file /opt/airflow/dags/results_dag.py for tasks to queue
[2022-04-01 07:44:22,517] {logging_mixin.py:109} INFO - [2022-04-01 07:44:22,516] {dagbag.py:500} INFO - Filling up the DagBag from /opt/airflow/dags/results_dag.py
[2022-04-01 07:44:27,508] {processor.py:654} INFO - DAG(s) dict_keys(['results_dag']) retrieved from /opt/airflow/dags/results_dag.py
[2022-04-01 07:44:28,973] {logging_mixin.py:109} INFO - [2022-04-01 07:44:28,972] {dag.py:2398} INFO - Sync 1 DAGs
[2022-04-01 07:44:29,132] {logging_mixin.py:109} INFO - [2022-04-01 07:44:29,132] {dag.py:2937} INFO - Setting next_dagrun for results_dag to 2022-04-02 00:00:00+00:00
[2022-04-01 07:44:29,180] {processor.py:171} INFO - Processing /opt/airflow/dags/results_dag.py took 6.688 seconds
[2022-04-01 07:44:59,462] {processor.py:163} INFO - Started process (PID=371) to work on /opt/airflow/dags/results_dag.py
[2022-04-01 07:44:59,465] {processor.py:642} INFO - Processing file /opt/airflow/dags/results_dag.py for tasks to queue
[2022-04-01 07:44:59,467] {logging_mixin.py:109} INFO - [2022-04-01 07:44:59,467] {dagbag.py:500} INFO - Filling up the DagBag from /opt/airflow/dags/results_dag.py
[2022-04-01 07:45:03,829] {processor.py:654} INFO - DAG(s) dict_keys(['results_dag']) retrieved from /opt/airflow/dags/results_dag.py
[2022-04-01 07:45:04,743] {logging_mixin.py:109} INFO - [2022-04-01 07:45:04,742] {dag.py:2398} INFO - Sync 1 DAGs
[2022-04-01 07:45:04,797] {logging_mixin.py:109} INFO - [2022-04-01 07:45:04,797] {dag.py:2937} INFO - Setting next_dagrun for results_dag to 2022-04-02 00:00:00+00:00
[2022-04-01 07:45:04,824] {processor.py:171} INFO - Processing /opt/airflow/dags/results_dag.py took 5.368 seconds
[2022-04-01 07:45:35,199] {processor.py:163} INFO - Started process (PID=415) to work on /opt/airflow/dags/results_dag.py
[2022-04-01 07:45:35,203] {processor.py:642} INFO - Processing file /opt/airflow/dags/results_dag.py for tasks to queue
[2022-04-01 07:45:35,205] {logging_mixin.py:109} INFO - [2022-04-01 07:45:35,205] {dagbag.py:500} INFO - Filling up the DagBag from /opt/airflow/dags/results_dag.py
[2022-04-01 07:45:39,274] {processor.py:654} INFO - DAG(s) dict_keys(['results_dag']) retrieved from /opt/airflow/dags/results_dag.py
[2022-04-01 07:45:40,210] {logging_mixin.py:109} INFO - [2022-04-01 07:45:40,209] {dag.py:2398} INFO - Sync 1 DAGs
[2022-04-01 07:45:40,263] {logging_mixin.py:109} INFO - [2022-04-01 07:45:40,263] {dag.py:2937} INFO - Setting next_dagrun for results_dag to 2022-04-02 00:00:00+00:00
[2022-04-01 07:45:40,287] {processor.py:171} INFO - Processing /opt/airflow/dags/results_dag.py took 5.095 seconds
[2022-04-01 07:46:06,616] {processor.py:163} INFO - Started process (PID=454) to work on /opt/airflow/dags/results_dag.py
[2022-04-01 07:46:06,625] {processor.py:642} INFO - Processing file /opt/airflow/dags/results_dag.py for tasks to queue
[2022-04-01 07:46:06,628] {logging_mixin.py:109} INFO - [2022-04-01 07:46:06,628] {dagbag.py:500} INFO - Filling up the DagBag from /opt/airflow/dags/results_dag.py
[2022-04-01 07:46:09,185] {processor.py:654} INFO - DAG(s) dict_keys(['results_dag']) retrieved from /opt/airflow/dags/results_dag.py
[2022-04-01 07:46:09,201] {logging_mixin.py:109} INFO - [2022-04-01 07:46:09,200] {dag.py:2398} INFO - Sync 1 DAGs
[2022-04-01 07:46:09,259] {logging_mixin.py:109} INFO - [2022-04-01 07:46:09,258] {dag.py:2937} INFO - Setting next_dagrun for results_dag to 2022-04-02 00:00:00+00:00
[2022-04-01 07:46:09,289] {processor.py:171} INFO - Processing /opt/airflow/dags/results_dag.py took 4.661 seconds
[2022-04-01 07:46:39,540] {processor.py:163} INFO - Started process (PID=504) to work on /opt/airflow/dags/results_dag.py
[2022-04-01 07:46:39,544] {processor.py:642} INFO - Processing file /opt/airflow/dags/results_dag.py for tasks to queue
[2022-04-01 07:46:39,546] {logging_mixin.py:109} INFO - [2022-04-01 07:46:39,546] {dagbag.py:500} INFO - Filling up the DagBag from /opt/airflow/dags/results_dag.py
[2022-04-01 07:46:43,468] {processor.py:654} INFO - DAG(s) dict_keys(['results_dag']) retrieved from /opt/airflow/dags/results_dag.py
[2022-04-01 07:46:44,353] {logging_mixin.py:109} INFO - [2022-04-01 07:46:44,352] {dag.py:2398} INFO - Sync 1 DAGs
[2022-04-01 07:46:44,413] {logging_mixin.py:109} INFO - [2022-04-01 07:46:44,412] {dag.py:2937} INFO - Setting next_dagrun for results_dag to 2022-04-02 00:00:00+00:00
[2022-04-01 07:46:44,441] {processor.py:171} INFO - Processing /opt/airflow/dags/results_dag.py took 4.907 seconds
[2022-04-01 07:47:14,539] {processor.py:163} INFO - Started process (PID=548) to work on /opt/airflow/dags/results_dag.py
[2022-04-01 07:47:14,543] {processor.py:642} INFO - Processing file /opt/airflow/dags/results_dag.py for tasks to queue
[2022-04-01 07:47:14,545] {logging_mixin.py:109} INFO - [2022-04-01 07:47:14,545] {dagbag.py:500} INFO - Filling up the DagBag from /opt/airflow/dags/results_dag.py
[2022-04-01 07:47:18,451] {processor.py:654} INFO - DAG(s) dict_keys(['results_dag']) retrieved from /opt/airflow/dags/results_dag.py
[2022-04-01 07:47:19,280] {logging_mixin.py:109} INFO - [2022-04-01 07:47:19,279] {dag.py:2398} INFO - Sync 1 DAGs
[2022-04-01 07:47:19,330] {logging_mixin.py:109} INFO - [2022-04-01 07:47:19,330] {dag.py:2937} INFO - Setting next_dagrun for results_dag to 2022-04-02 00:00:00+00:00
[2022-04-01 07:47:19,353] {processor.py:171} INFO - Processing /opt/airflow/dags/results_dag.py took 4.821 seconds
[2022-04-01 07:47:49,614] {processor.py:163} INFO - Started process (PID=593) to work on /opt/airflow/dags/results_dag.py
[2022-04-01 07:47:49,618] {processor.py:642} INFO - Processing file /opt/airflow/dags/results_dag.py for tasks to queue
[2022-04-01 07:47:49,621] {logging_mixin.py:109} INFO - [2022-04-01 07:47:49,621] {dagbag.py:500} INFO - Filling up the DagBag from /opt/airflow/dags/results_dag.py
[2022-04-01 07:47:54,250] {processor.py:654} INFO - DAG(s) dict_keys(['results_dag']) retrieved from /opt/airflow/dags/results_dag.py
[2022-04-01 07:47:55,176] {logging_mixin.py:109} INFO - [2022-04-01 07:47:55,175] {dag.py:2398} INFO - Sync 1 DAGs
[2022-04-01 07:47:55,235] {logging_mixin.py:109} INFO - [2022-04-01 07:47:55,234] {dag.py:2937} INFO - Setting next_dagrun for results_dag to 2022-04-02 00:00:00+00:00
[2022-04-01 07:47:55,262] {processor.py:171} INFO - Processing /opt/airflow/dags/results_dag.py took 5.654 seconds
[2022-04-01 07:48:25,557] {processor.py:163} INFO - Started process (PID=638) to work on /opt/airflow/dags/results_dag.py
[2022-04-01 07:48:25,561] {processor.py:642} INFO - Processing file /opt/airflow/dags/results_dag.py for tasks to queue
[2022-04-01 07:48:25,564] {logging_mixin.py:109} INFO - [2022-04-01 07:48:25,564] {dagbag.py:500} INFO - Filling up the DagBag from /opt/airflow/dags/results_dag.py
[2022-04-01 07:48:30,407] {processor.py:654} INFO - DAG(s) dict_keys(['results_dag']) retrieved from /opt/airflow/dags/results_dag.py
[2022-04-01 07:48:31,287] {logging_mixin.py:109} INFO - [2022-04-01 07:48:31,286] {dag.py:2398} INFO - Sync 1 DAGs
[2022-04-01 07:48:31,343] {logging_mixin.py:109} INFO - [2022-04-01 07:48:31,343] {dag.py:2937} INFO - Setting next_dagrun for results_dag to 2022-04-02 00:00:00+00:00
[2022-04-01 07:48:31,369] {processor.py:171} INFO - Processing /opt/airflow/dags/results_dag.py took 5.818 seconds
