[2022-04-01 07:46:37,081] {taskinstance.py:1037} INFO - Dependencies all met for <TaskInstance: results_dag.pull_data manual__2022-04-01T07:46:20.690137+00:00 [queued]>
[2022-04-01 07:46:37,119] {taskinstance.py:1037} INFO - Dependencies all met for <TaskInstance: results_dag.pull_data manual__2022-04-01T07:46:20.690137+00:00 [queued]>
[2022-04-01 07:46:37,121] {taskinstance.py:1243} INFO - 
--------------------------------------------------------------------------------
[2022-04-01 07:46:37,122] {taskinstance.py:1244} INFO - Starting attempt 1 of 1
[2022-04-01 07:46:37,123] {taskinstance.py:1245} INFO - 
--------------------------------------------------------------------------------
[2022-04-01 07:46:37,162] {taskinstance.py:1264} INFO - Executing <Task(PythonOperator): pull_data> on 2022-04-01 07:46:20.690137+00:00
[2022-04-01 07:46:37,171] {standard_task_runner.py:52} INFO - Started process 502 to run task
[2022-04-01 07:46:37,178] {standard_task_runner.py:76} INFO - Running: ['***', 'tasks', 'run', 'results_dag', 'pull_data', 'manual__2022-04-01T07:46:20.690137+00:00', '--job-id', '6', '--raw', '--subdir', 'DAGS_FOLDER/results_dag.py', '--cfg-path', '/tmp/tmpqy_u0l_s', '--error-file', '/tmp/tmpl1qkx8rx']
[2022-04-01 07:46:37,180] {standard_task_runner.py:77} INFO - Job 6: Subtask pull_data
[2022-04-01 07:46:37,291] {logging_mixin.py:109} INFO - Running <TaskInstance: results_dag.pull_data manual__2022-04-01T07:46:20.690137+00:00 [running]> on host 92e2510828cb
[2022-04-01 07:46:37,431] {taskinstance.py:1431} INFO - Exporting the following env vars:
AIRFLOW_CTX_DAG_OWNER=***
AIRFLOW_CTX_DAG_ID=results_dag
AIRFLOW_CTX_TASK_ID=pull_data
AIRFLOW_CTX_EXECUTION_DATE=2022-04-01T07:46:20.690137+00:00
AIRFLOW_CTX_DAG_RUN_ID=manual__2022-04-01T07:46:20.690137+00:00
[2022-04-01 07:46:37,773] {logging_mixin.py:109} INFO - <bound method NDFrame.head of     Rank  ... OverallStatus
0      1  ...     Completed
1      2  ...     Completed
2      3  ...     Completed
3      4  ...     Completed
4      5  ...     Completed
..   ...  ...           ...
495  496  ...     Completed
496  497  ...     Completed
497  498  ...     Completed
498  499  ...     Completed
499  500  ...    Recruiting

[500 rows x 7 columns]>
[2022-04-01 07:46:37,779] {python.py:175} INFO - Done. Returned value was: None
[2022-04-01 07:46:37,844] {taskinstance.py:1282} INFO - Marking task as SUCCESS. dag_id=results_dag, task_id=pull_data, execution_date=20220401T074620, start_date=20220401T074637, end_date=20220401T074637
[2022-04-01 07:46:37,926] {local_task_job.py:154} INFO - Task exited with return code 0
[2022-04-01 07:46:38,103] {local_task_job.py:264} INFO - 0 downstream tasks scheduled from follow-on schedule check
