[2022-04-01 07:46:25,961] {taskinstance.py:1037} INFO - Dependencies all met for <TaskInstance: results_dag.fetch_csv_fields manual__2022-04-01T07:46:20.690137+00:00 [queued]>
[2022-04-01 07:46:26,008] {taskinstance.py:1037} INFO - Dependencies all met for <TaskInstance: results_dag.fetch_csv_fields manual__2022-04-01T07:46:20.690137+00:00 [queued]>
[2022-04-01 07:46:26,009] {taskinstance.py:1243} INFO - 
--------------------------------------------------------------------------------
[2022-04-01 07:46:26,011] {taskinstance.py:1244} INFO - Starting attempt 1 of 1
[2022-04-01 07:46:26,012] {taskinstance.py:1245} INFO - 
--------------------------------------------------------------------------------
[2022-04-01 07:46:26,060] {taskinstance.py:1264} INFO - Executing <Task(PythonOperator): fetch_csv_fields> on 2022-04-01 07:46:20.690137+00:00
[2022-04-01 07:46:26,074] {standard_task_runner.py:52} INFO - Started process 494 to run task
[2022-04-01 07:46:26,085] {standard_task_runner.py:76} INFO - Running: ['***', 'tasks', 'run', 'results_dag', 'fetch_csv_fields', 'manual__2022-04-01T07:46:20.690137+00:00', '--job-id', '5', '--raw', '--subdir', 'DAGS_FOLDER/results_dag.py', '--cfg-path', '/tmp/tmpl1ln1kvn', '--error-file', '/tmp/tmpasll9hml']
[2022-04-01 07:46:26,087] {standard_task_runner.py:77} INFO - Job 5: Subtask fetch_csv_fields
[2022-04-01 07:46:26,228] {logging_mixin.py:109} INFO - Running <TaskInstance: results_dag.fetch_csv_fields manual__2022-04-01T07:46:20.690137+00:00 [running]> on host 92e2510828cb
[2022-04-01 07:46:26,659] {taskinstance.py:1431} INFO - Exporting the following env vars:
AIRFLOW_CTX_DAG_OWNER=***
AIRFLOW_CTX_DAG_ID=results_dag
AIRFLOW_CTX_TASK_ID=fetch_csv_fields
AIRFLOW_CTX_EXECUTION_DATE=2022-04-01T07:46:20.690137+00:00
AIRFLOW_CTX_DAG_RUN_ID=manual__2022-04-01T07:46:20.690137+00:00
[2022-04-01 07:46:32,229] {python.py:175} INFO - Done. Returned value was: None
[2022-04-01 07:46:32,263] {taskinstance.py:1282} INFO - Marking task as SUCCESS. dag_id=results_dag, task_id=fetch_csv_fields, execution_date=20220401T074620, start_date=20220401T074625, end_date=20220401T074632
[2022-04-01 07:46:32,330] {local_task_job.py:154} INFO - Task exited with return code 0
[2022-04-01 07:46:32,414] {local_task_job.py:264} INFO - 1 downstream tasks scheduled from follow-on schedule check
