[2022-03-30 17:25:32,939] {processor.py:163} INFO - Started process (PID=275) to work on /opt/airflow/dags/dag_1.py
[2022-03-30 17:25:32,952] {processor.py:642} INFO - Processing file /opt/airflow/dags/dag_1.py for tasks to queue
[2022-03-30 17:25:32,957] {logging_mixin.py:109} INFO - [2022-03-30 17:25:32,956] {dagbag.py:500} INFO - Filling up the DagBag from /opt/airflow/dags/dag_1.py
[2022-03-30 17:25:33,238] {processor.py:654} INFO - DAG(s) dict_keys(['simple_xcom']) retrieved from /opt/airflow/dags/dag_1.py
[2022-03-30 17:26:00,970] {logging_mixin.py:109} INFO - [2022-03-30 17:26:00,969] {manager.py:496} INFO - Created Permission View: can read on DAG:simple_xcom
[2022-03-30 17:26:01,003] {logging_mixin.py:109} INFO - [2022-03-30 17:26:01,003] {manager.py:496} INFO - Created Permission View: can edit on DAG:simple_xcom
[2022-03-30 17:26:01,006] {logging_mixin.py:109} INFO - [2022-03-30 17:26:01,005] {dag.py:2398} INFO - Sync 1 DAGs
[2022-03-30 17:26:01,053] {logging_mixin.py:109} INFO - [2022-03-30 17:26:01,052] {dag.py:2417} INFO - Creating ORM DAG for simple_xcom
[2022-03-30 17:26:01,148] {logging_mixin.py:109} INFO - [2022-03-30 17:26:01,147] {dag.py:2937} INFO - Setting next_dagrun for simple_xcom to 2022-03-31 00:00:00+00:00
[2022-03-30 17:26:01,187] {processor.py:171} INFO - Processing /opt/airflow/dags/dag_1.py took 28.257 seconds
[2022-03-30 17:28:55,613] {processor.py:163} INFO - Started process (PID=766) to work on /opt/airflow/dags/dag_1.py
[2022-03-30 17:28:55,617] {processor.py:642} INFO - Processing file /opt/airflow/dags/dag_1.py for tasks to queue
[2022-03-30 17:28:55,620] {logging_mixin.py:109} INFO - [2022-03-30 17:28:55,619] {dagbag.py:500} INFO - Filling up the DagBag from /opt/airflow/dags/dag_1.py
[2022-03-30 17:28:55,735] {processor.py:654} INFO - DAG(s) dict_keys(['simple_xcom']) retrieved from /opt/airflow/dags/dag_1.py
[2022-03-30 17:28:56,939] {logging_mixin.py:109} INFO - [2022-03-30 17:28:56,939] {dag.py:2398} INFO - Sync 1 DAGs
[2022-03-30 17:28:57,056] {logging_mixin.py:109} INFO - [2022-03-30 17:28:57,056] {dag.py:2937} INFO - Setting next_dagrun for simple_xcom to 2022-03-31 00:00:00+00:00
[2022-03-30 17:28:57,124] {processor.py:171} INFO - Processing /opt/airflow/dags/dag_1.py took 1.518 seconds
[2022-03-30 17:29:27,325] {processor.py:163} INFO - Started process (PID=982) to work on /opt/airflow/dags/dag_1.py
[2022-03-30 17:29:27,329] {processor.py:642} INFO - Processing file /opt/airflow/dags/dag_1.py for tasks to queue
[2022-03-30 17:29:27,331] {logging_mixin.py:109} INFO - [2022-03-30 17:29:27,330] {dagbag.py:500} INFO - Filling up the DagBag from /opt/airflow/dags/dag_1.py
[2022-03-30 17:29:27,402] {processor.py:654} INFO - DAG(s) dict_keys(['simple_xcom']) retrieved from /opt/airflow/dags/dag_1.py
[2022-03-30 17:29:28,304] {logging_mixin.py:109} INFO - [2022-03-30 17:29:28,303] {dag.py:2398} INFO - Sync 1 DAGs
[2022-03-30 17:29:28,353] {logging_mixin.py:109} INFO - [2022-03-30 17:29:28,353] {dag.py:2937} INFO - Setting next_dagrun for simple_xcom to 2022-03-31 00:00:00+00:00
[2022-03-30 17:29:28,376] {processor.py:171} INFO - Processing /opt/airflow/dags/dag_1.py took 1.056 seconds
[2022-03-30 17:29:58,445] {processor.py:163} INFO - Started process (PID=1226) to work on /opt/airflow/dags/dag_1.py
[2022-03-30 17:29:58,449] {processor.py:642} INFO - Processing file /opt/airflow/dags/dag_1.py for tasks to queue
[2022-03-30 17:29:58,451] {logging_mixin.py:109} INFO - [2022-03-30 17:29:58,451] {dagbag.py:500} INFO - Filling up the DagBag from /opt/airflow/dags/dag_1.py
[2022-03-30 17:29:58,530] {processor.py:654} INFO - DAG(s) dict_keys(['simple_xcom']) retrieved from /opt/airflow/dags/dag_1.py
[2022-03-30 17:29:59,687] {logging_mixin.py:109} INFO - [2022-03-30 17:29:59,687] {dag.py:2398} INFO - Sync 1 DAGs
[2022-03-30 17:29:59,748] {logging_mixin.py:109} INFO - [2022-03-30 17:29:59,748] {dag.py:2937} INFO - Setting next_dagrun for simple_xcom to 2022-03-31 00:00:00+00:00
[2022-03-30 17:29:59,779] {processor.py:171} INFO - Processing /opt/airflow/dags/dag_1.py took 1.340 seconds
[2022-03-30 17:30:30,087] {processor.py:163} INFO - Started process (PID=1436) to work on /opt/airflow/dags/dag_1.py
[2022-03-30 17:30:30,091] {processor.py:642} INFO - Processing file /opt/airflow/dags/dag_1.py for tasks to queue
[2022-03-30 17:30:30,093] {logging_mixin.py:109} INFO - [2022-03-30 17:30:30,093] {dagbag.py:500} INFO - Filling up the DagBag from /opt/airflow/dags/dag_1.py
[2022-03-30 17:30:30,166] {processor.py:654} INFO - DAG(s) dict_keys(['simple_xcom']) retrieved from /opt/airflow/dags/dag_1.py
[2022-03-30 17:30:31,100] {logging_mixin.py:109} INFO - [2022-03-30 17:30:31,100] {dag.py:2398} INFO - Sync 1 DAGs
[2022-03-30 17:30:31,150] {logging_mixin.py:109} INFO - [2022-03-30 17:30:31,150] {dag.py:2937} INFO - Setting next_dagrun for simple_xcom to 2022-03-31 00:00:00+00:00
[2022-03-30 17:30:31,176] {processor.py:171} INFO - Processing /opt/airflow/dags/dag_1.py took 1.096 seconds
[2022-03-30 17:31:01,430] {processor.py:163} INFO - Started process (PID=1672) to work on /opt/airflow/dags/dag_1.py
[2022-03-30 17:31:01,435] {processor.py:642} INFO - Processing file /opt/airflow/dags/dag_1.py for tasks to queue
[2022-03-30 17:31:01,439] {logging_mixin.py:109} INFO - [2022-03-30 17:31:01,438] {dagbag.py:500} INFO - Filling up the DagBag from /opt/airflow/dags/dag_1.py
[2022-03-30 17:31:01,533] {processor.py:654} INFO - DAG(s) dict_keys(['simple_xcom']) retrieved from /opt/airflow/dags/dag_1.py
[2022-03-30 17:31:03,298] {logging_mixin.py:109} INFO - [2022-03-30 17:31:03,298] {dag.py:2398} INFO - Sync 1 DAGs
[2022-03-30 17:31:03,360] {logging_mixin.py:109} INFO - [2022-03-30 17:31:03,360] {dag.py:2937} INFO - Setting next_dagrun for simple_xcom to 2022-03-31 00:00:00+00:00
[2022-03-30 17:31:03,393] {processor.py:171} INFO - Processing /opt/airflow/dags/dag_1.py took 1.970 seconds
[2022-03-30 17:31:33,628] {processor.py:163} INFO - Started process (PID=1920) to work on /opt/airflow/dags/dag_1.py
[2022-03-30 17:31:33,632] {processor.py:642} INFO - Processing file /opt/airflow/dags/dag_1.py for tasks to queue
[2022-03-30 17:31:33,634] {logging_mixin.py:109} INFO - [2022-03-30 17:31:33,634] {dagbag.py:500} INFO - Filling up the DagBag from /opt/airflow/dags/dag_1.py
[2022-03-30 17:31:33,715] {processor.py:654} INFO - DAG(s) dict_keys(['simple_xcom']) retrieved from /opt/airflow/dags/dag_1.py
[2022-03-30 17:31:34,731] {logging_mixin.py:109} INFO - [2022-03-30 17:31:34,731] {dag.py:2398} INFO - Sync 1 DAGs
[2022-03-30 17:31:34,793] {logging_mixin.py:109} INFO - [2022-03-30 17:31:34,792] {dag.py:2937} INFO - Setting next_dagrun for simple_xcom to 2022-03-31 00:00:00+00:00
[2022-03-30 17:31:34,821] {processor.py:171} INFO - Processing /opt/airflow/dags/dag_1.py took 1.200 seconds
[2022-03-30 17:32:04,964] {processor.py:163} INFO - Started process (PID=2156) to work on /opt/airflow/dags/dag_1.py
[2022-03-30 17:32:04,968] {processor.py:642} INFO - Processing file /opt/airflow/dags/dag_1.py for tasks to queue
[2022-03-30 17:32:04,970] {logging_mixin.py:109} INFO - [2022-03-30 17:32:04,970] {dagbag.py:500} INFO - Filling up the DagBag from /opt/airflow/dags/dag_1.py
[2022-03-30 17:32:05,041] {processor.py:654} INFO - DAG(s) dict_keys(['simple_xcom']) retrieved from /opt/airflow/dags/dag_1.py
[2022-03-30 17:32:05,906] {logging_mixin.py:109} INFO - [2022-03-30 17:32:05,905] {dag.py:2398} INFO - Sync 1 DAGs
[2022-03-30 17:32:05,957] {logging_mixin.py:109} INFO - [2022-03-30 17:32:05,957] {dag.py:2937} INFO - Setting next_dagrun for simple_xcom to 2022-03-31 00:00:00+00:00
[2022-03-30 17:32:05,984] {processor.py:171} INFO - Processing /opt/airflow/dags/dag_1.py took 1.026 seconds
[2022-03-30 17:32:36,087] {processor.py:163} INFO - Started process (PID=2398) to work on /opt/airflow/dags/dag_1.py
[2022-03-30 17:32:36,092] {processor.py:642} INFO - Processing file /opt/airflow/dags/dag_1.py for tasks to queue
[2022-03-30 17:32:36,094] {logging_mixin.py:109} INFO - [2022-03-30 17:32:36,094] {dagbag.py:500} INFO - Filling up the DagBag from /opt/airflow/dags/dag_1.py
[2022-03-30 17:32:36,186] {processor.py:654} INFO - DAG(s) dict_keys(['simple_xcom']) retrieved from /opt/airflow/dags/dag_1.py
[2022-03-30 17:32:37,947] {logging_mixin.py:109} INFO - [2022-03-30 17:32:37,947] {dag.py:2398} INFO - Sync 1 DAGs
[2022-03-30 17:32:38,043] {logging_mixin.py:109} INFO - [2022-03-30 17:32:38,043] {dag.py:2937} INFO - Setting next_dagrun for simple_xcom to 2022-03-31 00:00:00+00:00
[2022-03-30 17:32:38,082] {processor.py:171} INFO - Processing /opt/airflow/dags/dag_1.py took 2.002 seconds
[2022-03-30 17:33:08,606] {processor.py:163} INFO - Started process (PID=2623) to work on /opt/airflow/dags/dag_1.py
[2022-03-30 17:33:08,614] {processor.py:642} INFO - Processing file /opt/airflow/dags/dag_1.py for tasks to queue
[2022-03-30 17:33:08,618] {logging_mixin.py:109} INFO - [2022-03-30 17:33:08,617] {dagbag.py:500} INFO - Filling up the DagBag from /opt/airflow/dags/dag_1.py
[2022-03-30 17:33:08,723] {processor.py:654} INFO - DAG(s) dict_keys(['simple_xcom']) retrieved from /opt/airflow/dags/dag_1.py
[2022-03-30 17:33:09,763] {logging_mixin.py:109} INFO - [2022-03-30 17:33:09,762] {dag.py:2398} INFO - Sync 1 DAGs
[2022-03-30 17:33:09,840] {logging_mixin.py:109} INFO - [2022-03-30 17:33:09,840] {dag.py:2937} INFO - Setting next_dagrun for simple_xcom to 2022-03-31 00:00:00+00:00
[2022-03-30 17:33:09,901] {processor.py:171} INFO - Processing /opt/airflow/dags/dag_1.py took 1.305 seconds
[2022-03-30 17:33:40,054] {processor.py:163} INFO - Started process (PID=2862) to work on /opt/airflow/dags/dag_1.py
[2022-03-30 17:33:40,074] {processor.py:642} INFO - Processing file /opt/airflow/dags/dag_1.py for tasks to queue
[2022-03-30 17:33:40,077] {logging_mixin.py:109} INFO - [2022-03-30 17:33:40,077] {dagbag.py:500} INFO - Filling up the DagBag from /opt/airflow/dags/dag_1.py
[2022-03-30 17:33:40,174] {processor.py:654} INFO - DAG(s) dict_keys(['simple_xcom']) retrieved from /opt/airflow/dags/dag_1.py
[2022-03-30 17:33:41,078] {logging_mixin.py:109} INFO - [2022-03-30 17:33:41,078] {dag.py:2398} INFO - Sync 1 DAGs
[2022-03-30 17:33:41,155] {logging_mixin.py:109} INFO - [2022-03-30 17:33:41,154] {dag.py:2937} INFO - Setting next_dagrun for simple_xcom to 2022-03-31 00:00:00+00:00
[2022-03-30 17:33:41,183] {processor.py:171} INFO - Processing /opt/airflow/dags/dag_1.py took 1.135 seconds
[2022-03-30 17:34:12,125] {processor.py:163} INFO - Started process (PID=3092) to work on /opt/airflow/dags/dag_1.py
[2022-03-30 17:34:12,130] {processor.py:642} INFO - Processing file /opt/airflow/dags/dag_1.py for tasks to queue
[2022-03-30 17:34:12,135] {logging_mixin.py:109} INFO - [2022-03-30 17:34:12,133] {dagbag.py:500} INFO - Filling up the DagBag from /opt/airflow/dags/dag_1.py
[2022-03-30 17:34:12,247] {processor.py:654} INFO - DAG(s) dict_keys(['simple_xcom']) retrieved from /opt/airflow/dags/dag_1.py
[2022-03-30 17:34:13,531] {logging_mixin.py:109} INFO - [2022-03-30 17:34:13,531] {dag.py:2398} INFO - Sync 1 DAGs
[2022-03-30 17:34:13,627] {logging_mixin.py:109} INFO - [2022-03-30 17:34:13,627] {dag.py:2937} INFO - Setting next_dagrun for simple_xcom to 2022-03-31 00:00:00+00:00
[2022-03-30 17:34:13,661] {processor.py:171} INFO - Processing /opt/airflow/dags/dag_1.py took 1.547 seconds
[2022-03-30 17:34:43,822] {processor.py:163} INFO - Started process (PID=3320) to work on /opt/airflow/dags/dag_1.py
[2022-03-30 17:34:43,827] {processor.py:642} INFO - Processing file /opt/airflow/dags/dag_1.py for tasks to queue
[2022-03-30 17:34:43,830] {logging_mixin.py:109} INFO - [2022-03-30 17:34:43,830] {dagbag.py:500} INFO - Filling up the DagBag from /opt/airflow/dags/dag_1.py
[2022-03-30 17:34:43,946] {processor.py:654} INFO - DAG(s) dict_keys(['simple_xcom']) retrieved from /opt/airflow/dags/dag_1.py
[2022-03-30 17:34:45,030] {logging_mixin.py:109} INFO - [2022-03-30 17:34:45,030] {dag.py:2398} INFO - Sync 1 DAGs
[2022-03-30 17:34:45,091] {logging_mixin.py:109} INFO - [2022-03-30 17:34:45,090] {dag.py:2937} INFO - Setting next_dagrun for simple_xcom to 2022-03-31 00:00:00+00:00
[2022-03-30 17:34:45,121] {processor.py:171} INFO - Processing /opt/airflow/dags/dag_1.py took 1.306 seconds
[2022-03-30 17:35:15,233] {processor.py:163} INFO - Started process (PID=3567) to work on /opt/airflow/dags/dag_1.py
[2022-03-30 17:35:15,238] {processor.py:642} INFO - Processing file /opt/airflow/dags/dag_1.py for tasks to queue
[2022-03-30 17:35:15,240] {logging_mixin.py:109} INFO - [2022-03-30 17:35:15,240] {dagbag.py:500} INFO - Filling up the DagBag from /opt/airflow/dags/dag_1.py
[2022-03-30 17:35:15,319] {processor.py:654} INFO - DAG(s) dict_keys(['simple_xcom']) retrieved from /opt/airflow/dags/dag_1.py
[2022-03-30 17:35:16,443] {logging_mixin.py:109} INFO - [2022-03-30 17:35:16,443] {dag.py:2398} INFO - Sync 1 DAGs
[2022-03-30 17:35:16,507] {logging_mixin.py:109} INFO - [2022-03-30 17:35:16,507] {dag.py:2937} INFO - Setting next_dagrun for simple_xcom to 2022-03-31 00:00:00+00:00
[2022-03-30 17:35:16,536] {processor.py:171} INFO - Processing /opt/airflow/dags/dag_1.py took 1.311 seconds
[2022-03-30 17:35:46,656] {processor.py:163} INFO - Started process (PID=3794) to work on /opt/airflow/dags/dag_1.py
[2022-03-30 17:35:46,660] {processor.py:642} INFO - Processing file /opt/airflow/dags/dag_1.py for tasks to queue
[2022-03-30 17:35:46,662] {logging_mixin.py:109} INFO - [2022-03-30 17:35:46,662] {dagbag.py:500} INFO - Filling up the DagBag from /opt/airflow/dags/dag_1.py
[2022-03-30 17:35:46,844] {processor.py:654} INFO - DAG(s) dict_keys(['simple_xcom']) retrieved from /opt/airflow/dags/dag_1.py
[2022-03-30 17:35:47,713] {logging_mixin.py:109} INFO - [2022-03-30 17:35:47,713] {dag.py:2398} INFO - Sync 1 DAGs
[2022-03-30 17:35:47,773] {logging_mixin.py:109} INFO - [2022-03-30 17:35:47,772] {dag.py:2937} INFO - Setting next_dagrun for simple_xcom to 2022-03-31 00:00:00+00:00
[2022-03-30 17:35:47,803] {processor.py:171} INFO - Processing /opt/airflow/dags/dag_1.py took 1.153 seconds
[2022-03-30 17:36:18,304] {processor.py:163} INFO - Started process (PID=4042) to work on /opt/airflow/dags/dag_1.py
[2022-03-30 17:36:18,308] {processor.py:642} INFO - Processing file /opt/airflow/dags/dag_1.py for tasks to queue
[2022-03-30 17:36:18,311] {logging_mixin.py:109} INFO - [2022-03-30 17:36:18,311] {dagbag.py:500} INFO - Filling up the DagBag from /opt/airflow/dags/dag_1.py
[2022-03-30 17:36:18,506] {processor.py:654} INFO - DAG(s) dict_keys(['simple_xcom']) retrieved from /opt/airflow/dags/dag_1.py
[2022-03-30 17:36:19,460] {logging_mixin.py:109} INFO - [2022-03-30 17:36:19,459] {dag.py:2398} INFO - Sync 1 DAGs
[2022-03-30 17:36:19,518] {logging_mixin.py:109} INFO - [2022-03-30 17:36:19,518] {dag.py:2937} INFO - Setting next_dagrun for simple_xcom to 2022-03-31 00:00:00+00:00
[2022-03-30 17:36:19,546] {processor.py:171} INFO - Processing /opt/airflow/dags/dag_1.py took 1.248 seconds
[2022-03-30 17:36:50,494] {processor.py:163} INFO - Started process (PID=4271) to work on /opt/airflow/dags/dag_1.py
[2022-03-30 17:36:50,511] {processor.py:642} INFO - Processing file /opt/airflow/dags/dag_1.py for tasks to queue
[2022-03-30 17:36:50,513] {logging_mixin.py:109} INFO - [2022-03-30 17:36:50,513] {dagbag.py:500} INFO - Filling up the DagBag from /opt/airflow/dags/dag_1.py
[2022-03-30 17:36:50,698] {processor.py:654} INFO - DAG(s) dict_keys(['simple_xcom']) retrieved from /opt/airflow/dags/dag_1.py
[2022-03-30 17:36:51,440] {logging_mixin.py:109} INFO - [2022-03-30 17:36:51,439] {dag.py:2398} INFO - Sync 1 DAGs
[2022-03-30 17:36:51,490] {logging_mixin.py:109} INFO - [2022-03-30 17:36:51,490] {dag.py:2937} INFO - Setting next_dagrun for simple_xcom to 2022-03-31 00:00:00+00:00
[2022-03-30 17:36:51,516] {processor.py:171} INFO - Processing /opt/airflow/dags/dag_1.py took 1.030 seconds
[2022-03-30 17:37:21,990] {processor.py:163} INFO - Started process (PID=4503) to work on /opt/airflow/dags/dag_1.py
[2022-03-30 17:37:21,994] {processor.py:642} INFO - Processing file /opt/airflow/dags/dag_1.py for tasks to queue
[2022-03-30 17:37:21,996] {logging_mixin.py:109} INFO - [2022-03-30 17:37:21,996] {dagbag.py:500} INFO - Filling up the DagBag from /opt/airflow/dags/dag_1.py
[2022-03-30 17:37:22,177] {processor.py:654} INFO - DAG(s) dict_keys(['simple_xcom']) retrieved from /opt/airflow/dags/dag_1.py
[2022-03-30 17:37:23,017] {logging_mixin.py:109} INFO - [2022-03-30 17:37:23,016] {dag.py:2398} INFO - Sync 1 DAGs
[2022-03-30 17:37:23,073] {logging_mixin.py:109} INFO - [2022-03-30 17:37:23,073] {dag.py:2937} INFO - Setting next_dagrun for simple_xcom to 2022-03-31 00:00:00+00:00
[2022-03-30 17:37:23,100] {processor.py:171} INFO - Processing /opt/airflow/dags/dag_1.py took 1.117 seconds
[2022-03-30 17:37:53,649] {processor.py:163} INFO - Started process (PID=4736) to work on /opt/airflow/dags/dag_1.py
[2022-03-30 17:37:53,654] {processor.py:642} INFO - Processing file /opt/airflow/dags/dag_1.py for tasks to queue
[2022-03-30 17:37:53,657] {logging_mixin.py:109} INFO - [2022-03-30 17:37:53,657] {dagbag.py:500} INFO - Filling up the DagBag from /opt/airflow/dags/dag_1.py
[2022-03-30 17:37:53,879] {processor.py:654} INFO - DAG(s) dict_keys(['simple_xcom']) retrieved from /opt/airflow/dags/dag_1.py
[2022-03-30 17:37:54,792] {logging_mixin.py:109} INFO - [2022-03-30 17:37:54,792] {dag.py:2398} INFO - Sync 1 DAGs
[2022-03-30 17:37:54,858] {logging_mixin.py:109} INFO - [2022-03-30 17:37:54,858] {dag.py:2937} INFO - Setting next_dagrun for simple_xcom to 2022-03-31 00:00:00+00:00
[2022-03-30 17:37:54,890] {processor.py:171} INFO - Processing /opt/airflow/dags/dag_1.py took 1.249 seconds
[2022-03-30 17:38:25,222] {processor.py:163} INFO - Started process (PID=4951) to work on /opt/airflow/dags/dag_1.py
[2022-03-30 17:38:25,226] {processor.py:642} INFO - Processing file /opt/airflow/dags/dag_1.py for tasks to queue
[2022-03-30 17:38:25,228] {logging_mixin.py:109} INFO - [2022-03-30 17:38:25,228] {dagbag.py:500} INFO - Filling up the DagBag from /opt/airflow/dags/dag_1.py
[2022-03-30 17:38:25,395] {processor.py:654} INFO - DAG(s) dict_keys(['simple_xcom']) retrieved from /opt/airflow/dags/dag_1.py
[2022-03-30 17:38:26,176] {logging_mixin.py:109} INFO - [2022-03-30 17:38:26,176] {dag.py:2398} INFO - Sync 1 DAGs
[2022-03-30 17:38:26,231] {logging_mixin.py:109} INFO - [2022-03-30 17:38:26,230] {dag.py:2937} INFO - Setting next_dagrun for simple_xcom to 2022-03-31 00:00:00+00:00
[2022-03-30 17:38:26,257] {processor.py:171} INFO - Processing /opt/airflow/dags/dag_1.py took 1.039 seconds
[2022-03-30 17:38:56,706] {processor.py:163} INFO - Started process (PID=5183) to work on /opt/airflow/dags/dag_1.py
[2022-03-30 17:38:56,710] {processor.py:642} INFO - Processing file /opt/airflow/dags/dag_1.py for tasks to queue
[2022-03-30 17:38:56,713] {logging_mixin.py:109} INFO - [2022-03-30 17:38:56,712] {dagbag.py:500} INFO - Filling up the DagBag from /opt/airflow/dags/dag_1.py
[2022-03-30 17:38:56,895] {processor.py:654} INFO - DAG(s) dict_keys(['simple_xcom']) retrieved from /opt/airflow/dags/dag_1.py
[2022-03-30 17:38:57,748] {logging_mixin.py:109} INFO - [2022-03-30 17:38:57,747] {dag.py:2398} INFO - Sync 1 DAGs
[2022-03-30 17:38:57,807] {logging_mixin.py:109} INFO - [2022-03-30 17:38:57,807] {dag.py:2937} INFO - Setting next_dagrun for simple_xcom to 2022-03-31 00:00:00+00:00
[2022-03-30 17:38:57,834] {processor.py:171} INFO - Processing /opt/airflow/dags/dag_1.py took 1.134 seconds
[2022-03-30 17:39:28,359] {processor.py:163} INFO - Started process (PID=5398) to work on /opt/airflow/dags/dag_1.py
[2022-03-30 17:39:28,364] {processor.py:642} INFO - Processing file /opt/airflow/dags/dag_1.py for tasks to queue
[2022-03-30 17:39:28,367] {logging_mixin.py:109} INFO - [2022-03-30 17:39:28,366] {dagbag.py:500} INFO - Filling up the DagBag from /opt/airflow/dags/dag_1.py
[2022-03-30 17:39:28,450] {processor.py:654} INFO - DAG(s) dict_keys(['simple_xcom']) retrieved from /opt/airflow/dags/dag_1.py
[2022-03-30 17:39:29,259] {logging_mixin.py:109} INFO - [2022-03-30 17:39:29,258] {dag.py:2398} INFO - Sync 1 DAGs
[2022-03-30 17:39:29,316] {logging_mixin.py:109} INFO - [2022-03-30 17:39:29,316] {dag.py:2937} INFO - Setting next_dagrun for simple_xcom to 2022-03-31 00:00:00+00:00
[2022-03-30 17:39:29,346] {processor.py:171} INFO - Processing /opt/airflow/dags/dag_1.py took 0.997 seconds
[2022-03-30 17:40:00,001] {processor.py:163} INFO - Started process (PID=5632) to work on /opt/airflow/dags/dag_1.py
[2022-03-30 17:40:00,006] {processor.py:642} INFO - Processing file /opt/airflow/dags/dag_1.py for tasks to queue
[2022-03-30 17:40:00,008] {logging_mixin.py:109} INFO - [2022-03-30 17:40:00,008] {dagbag.py:500} INFO - Filling up the DagBag from /opt/airflow/dags/dag_1.py
[2022-03-30 17:40:00,083] {processor.py:654} INFO - DAG(s) dict_keys(['simple_xcom']) retrieved from /opt/airflow/dags/dag_1.py
[2022-03-30 17:40:00,889] {logging_mixin.py:109} INFO - [2022-03-30 17:40:00,889] {dag.py:2398} INFO - Sync 1 DAGs
[2022-03-30 17:40:00,948] {logging_mixin.py:109} INFO - [2022-03-30 17:40:00,947] {dag.py:2937} INFO - Setting next_dagrun for simple_xcom to 2022-03-31 00:00:00+00:00
[2022-03-30 17:40:00,977] {processor.py:171} INFO - Processing /opt/airflow/dags/dag_1.py took 0.982 seconds
[2022-03-30 17:40:31,681] {processor.py:163} INFO - Started process (PID=5846) to work on /opt/airflow/dags/dag_1.py
[2022-03-30 17:40:31,687] {processor.py:642} INFO - Processing file /opt/airflow/dags/dag_1.py for tasks to queue
[2022-03-30 17:40:31,689] {logging_mixin.py:109} INFO - [2022-03-30 17:40:31,689] {dagbag.py:500} INFO - Filling up the DagBag from /opt/airflow/dags/dag_1.py
[2022-03-30 17:40:31,770] {processor.py:654} INFO - DAG(s) dict_keys(['simple_xcom']) retrieved from /opt/airflow/dags/dag_1.py
[2022-03-30 17:40:32,597] {logging_mixin.py:109} INFO - [2022-03-30 17:40:32,597] {dag.py:2398} INFO - Sync 1 DAGs
[2022-03-30 17:40:32,658] {logging_mixin.py:109} INFO - [2022-03-30 17:40:32,658] {dag.py:2937} INFO - Setting next_dagrun for simple_xcom to 2022-03-31 00:00:00+00:00
[2022-03-30 17:40:32,687] {processor.py:171} INFO - Processing /opt/airflow/dags/dag_1.py took 1.015 seconds
[2022-03-30 17:41:03,483] {processor.py:163} INFO - Started process (PID=6078) to work on /opt/airflow/dags/dag_1.py
[2022-03-30 17:41:03,487] {processor.py:642} INFO - Processing file /opt/airflow/dags/dag_1.py for tasks to queue
[2022-03-30 17:41:03,489] {logging_mixin.py:109} INFO - [2022-03-30 17:41:03,489] {dagbag.py:500} INFO - Filling up the DagBag from /opt/airflow/dags/dag_1.py
[2022-03-30 17:41:03,564] {processor.py:654} INFO - DAG(s) dict_keys(['simple_xcom']) retrieved from /opt/airflow/dags/dag_1.py
[2022-03-30 17:41:04,358] {logging_mixin.py:109} INFO - [2022-03-30 17:41:04,358] {dag.py:2398} INFO - Sync 1 DAGs
[2022-03-30 17:41:04,409] {logging_mixin.py:109} INFO - [2022-03-30 17:41:04,408] {dag.py:2937} INFO - Setting next_dagrun for simple_xcom to 2022-03-31 00:00:00+00:00
[2022-03-30 17:41:04,433] {processor.py:171} INFO - Processing /opt/airflow/dags/dag_1.py took 0.956 seconds
[2022-03-30 17:41:35,392] {processor.py:163} INFO - Started process (PID=6311) to work on /opt/airflow/dags/dag_1.py
[2022-03-30 17:41:35,396] {processor.py:642} INFO - Processing file /opt/airflow/dags/dag_1.py for tasks to queue
[2022-03-30 17:41:35,398] {logging_mixin.py:109} INFO - [2022-03-30 17:41:35,398] {dagbag.py:500} INFO - Filling up the DagBag from /opt/airflow/dags/dag_1.py
[2022-03-30 17:41:35,474] {processor.py:654} INFO - DAG(s) dict_keys(['simple_xcom']) retrieved from /opt/airflow/dags/dag_1.py
[2022-03-30 17:41:36,294] {logging_mixin.py:109} INFO - [2022-03-30 17:41:36,293] {dag.py:2398} INFO - Sync 1 DAGs
[2022-03-30 17:41:36,349] {logging_mixin.py:109} INFO - [2022-03-30 17:41:36,349] {dag.py:2937} INFO - Setting next_dagrun for simple_xcom to 2022-03-31 00:00:00+00:00
[2022-03-30 17:41:36,380] {processor.py:171} INFO - Processing /opt/airflow/dags/dag_1.py took 0.994 seconds
[2022-03-30 17:49:17,772] {processor.py:163} INFO - Started process (PID=275) to work on /opt/airflow/dags/dag_1.py
[2022-03-30 17:49:17,777] {processor.py:642} INFO - Processing file /opt/airflow/dags/dag_1.py for tasks to queue
[2022-03-30 17:49:17,781] {logging_mixin.py:109} INFO - [2022-03-30 17:49:17,781] {dagbag.py:500} INFO - Filling up the DagBag from /opt/airflow/dags/dag_1.py
[2022-03-30 17:49:17,981] {processor.py:654} INFO - DAG(s) dict_keys(['simple_xcom']) retrieved from /opt/airflow/dags/dag_1.py
[2022-03-30 17:49:43,325] {logging_mixin.py:109} INFO - [2022-03-30 17:49:43,325] {manager.py:496} INFO - Created Permission View: can read on DAG:simple_xcom
[2022-03-30 17:49:43,355] {logging_mixin.py:109} INFO - [2022-03-30 17:49:43,355] {manager.py:496} INFO - Created Permission View: can edit on DAG:simple_xcom
[2022-03-30 17:49:43,358] {logging_mixin.py:109} INFO - [2022-03-30 17:49:43,357] {dag.py:2398} INFO - Sync 1 DAGs
[2022-03-30 17:49:43,390] {logging_mixin.py:109} INFO - [2022-03-30 17:49:43,388] {dag.py:2417} INFO - Creating ORM DAG for simple_xcom
[2022-03-30 17:49:43,433] {logging_mixin.py:109} INFO - [2022-03-30 17:49:43,433] {dag.py:2937} INFO - Setting next_dagrun for simple_xcom to 2022-03-31 00:00:00+00:00
[2022-03-30 17:49:43,471] {processor.py:171} INFO - Processing /opt/airflow/dags/dag_1.py took 25.706 seconds
[2022-03-30 17:50:13,660] {processor.py:163} INFO - Started process (PID=327) to work on /opt/airflow/dags/dag_1.py
[2022-03-30 17:50:13,665] {processor.py:642} INFO - Processing file /opt/airflow/dags/dag_1.py for tasks to queue
[2022-03-30 17:50:13,668] {logging_mixin.py:109} INFO - [2022-03-30 17:50:13,667] {dagbag.py:500} INFO - Filling up the DagBag from /opt/airflow/dags/dag_1.py
[2022-03-30 17:50:13,764] {processor.py:654} INFO - DAG(s) dict_keys(['simple_xcom']) retrieved from /opt/airflow/dags/dag_1.py
[2022-03-30 17:50:14,818] {logging_mixin.py:109} INFO - [2022-03-30 17:50:14,817] {dag.py:2398} INFO - Sync 1 DAGs
[2022-03-30 17:50:14,891] {logging_mixin.py:109} INFO - [2022-03-30 17:50:14,891] {dag.py:2937} INFO - Setting next_dagrun for simple_xcom to 2022-03-31 00:00:00+00:00
[2022-03-30 17:50:14,924] {processor.py:171} INFO - Processing /opt/airflow/dags/dag_1.py took 1.271 seconds
[2022-03-30 17:50:45,133] {processor.py:163} INFO - Started process (PID=369) to work on /opt/airflow/dags/dag_1.py
[2022-03-30 17:50:45,147] {processor.py:642} INFO - Processing file /opt/airflow/dags/dag_1.py for tasks to queue
[2022-03-30 17:50:45,151] {logging_mixin.py:109} INFO - [2022-03-30 17:50:45,150] {dagbag.py:500} INFO - Filling up the DagBag from /opt/airflow/dags/dag_1.py
[2022-03-30 17:50:45,300] {processor.py:654} INFO - DAG(s) dict_keys(['simple_xcom']) retrieved from /opt/airflow/dags/dag_1.py
[2022-03-30 17:50:46,927] {logging_mixin.py:109} INFO - [2022-03-30 17:50:46,927] {dag.py:2398} INFO - Sync 1 DAGs
[2022-03-30 17:50:47,034] {logging_mixin.py:109} INFO - [2022-03-30 17:50:47,033] {dag.py:2937} INFO - Setting next_dagrun for simple_xcom to 2022-03-31 00:00:00+00:00
[2022-03-30 17:50:47,087] {processor.py:171} INFO - Processing /opt/airflow/dags/dag_1.py took 1.968 seconds
[2022-03-30 17:51:17,564] {processor.py:163} INFO - Started process (PID=390) to work on /opt/airflow/dags/dag_1.py
[2022-03-30 17:51:17,570] {processor.py:642} INFO - Processing file /opt/airflow/dags/dag_1.py for tasks to queue
[2022-03-30 17:51:17,575] {logging_mixin.py:109} INFO - [2022-03-30 17:51:17,575] {dagbag.py:500} INFO - Filling up the DagBag from /opt/airflow/dags/dag_1.py
[2022-03-30 17:51:17,832] {processor.py:654} INFO - DAG(s) dict_keys(['simple_xcom']) retrieved from /opt/airflow/dags/dag_1.py
[2022-03-30 17:51:19,605] {logging_mixin.py:109} INFO - [2022-03-30 17:51:19,604] {dag.py:2398} INFO - Sync 1 DAGs
[2022-03-30 17:51:19,713] {logging_mixin.py:109} INFO - [2022-03-30 17:51:19,712] {dag.py:2937} INFO - Setting next_dagrun for simple_xcom to 2022-03-31 00:00:00+00:00
[2022-03-30 17:51:19,795] {processor.py:171} INFO - Processing /opt/airflow/dags/dag_1.py took 2.245 seconds
[2022-03-30 17:51:49,955] {processor.py:163} INFO - Started process (PID=431) to work on /opt/airflow/dags/dag_1.py
[2022-03-30 17:51:49,959] {processor.py:642} INFO - Processing file /opt/airflow/dags/dag_1.py for tasks to queue
[2022-03-30 17:51:49,961] {logging_mixin.py:109} INFO - [2022-03-30 17:51:49,961] {dagbag.py:500} INFO - Filling up the DagBag from /opt/airflow/dags/dag_1.py
[2022-03-30 17:51:50,040] {processor.py:654} INFO - DAG(s) dict_keys(['simple_xcom']) retrieved from /opt/airflow/dags/dag_1.py
[2022-03-30 17:51:50,944] {logging_mixin.py:109} INFO - [2022-03-30 17:51:50,943] {dag.py:2398} INFO - Sync 1 DAGs
[2022-03-30 17:51:51,000] {logging_mixin.py:109} INFO - [2022-03-30 17:51:50,999] {dag.py:2937} INFO - Setting next_dagrun for simple_xcom to 2022-03-31 00:00:00+00:00
[2022-03-30 17:51:51,026] {processor.py:171} INFO - Processing /opt/airflow/dags/dag_1.py took 1.077 seconds
[2022-03-30 17:52:21,428] {processor.py:163} INFO - Started process (PID=472) to work on /opt/airflow/dags/dag_1.py
[2022-03-30 17:52:21,433] {processor.py:642} INFO - Processing file /opt/airflow/dags/dag_1.py for tasks to queue
[2022-03-30 17:52:21,436] {logging_mixin.py:109} INFO - [2022-03-30 17:52:21,436] {dagbag.py:500} INFO - Filling up the DagBag from /opt/airflow/dags/dag_1.py
[2022-03-30 17:52:21,532] {processor.py:654} INFO - DAG(s) dict_keys(['simple_xcom']) retrieved from /opt/airflow/dags/dag_1.py
[2022-03-30 17:52:22,476] {logging_mixin.py:109} INFO - [2022-03-30 17:52:22,476] {dag.py:2398} INFO - Sync 1 DAGs
[2022-03-30 17:52:22,535] {logging_mixin.py:109} INFO - [2022-03-30 17:52:22,534] {dag.py:2937} INFO - Setting next_dagrun for simple_xcom to 2022-03-31 00:00:00+00:00
[2022-03-30 17:52:22,565] {processor.py:171} INFO - Processing /opt/airflow/dags/dag_1.py took 1.144 seconds
[2022-03-30 17:52:52,792] {processor.py:163} INFO - Started process (PID=503) to work on /opt/airflow/dags/dag_1.py
[2022-03-30 17:52:52,796] {processor.py:642} INFO - Processing file /opt/airflow/dags/dag_1.py for tasks to queue
[2022-03-30 17:52:52,799] {logging_mixin.py:109} INFO - [2022-03-30 17:52:52,798] {dagbag.py:500} INFO - Filling up the DagBag from /opt/airflow/dags/dag_1.py
[2022-03-30 17:52:52,885] {processor.py:654} INFO - DAG(s) dict_keys(['simple_xcom']) retrieved from /opt/airflow/dags/dag_1.py
[2022-03-30 17:52:53,854] {logging_mixin.py:109} INFO - [2022-03-30 17:52:53,854] {dag.py:2398} INFO - Sync 1 DAGs
[2022-03-30 17:52:53,911] {logging_mixin.py:109} INFO - [2022-03-30 17:52:53,911] {dag.py:2937} INFO - Setting next_dagrun for simple_xcom to 2022-03-31 00:00:00+00:00
[2022-03-30 17:52:53,942] {processor.py:171} INFO - Processing /opt/airflow/dags/dag_1.py took 1.157 seconds
[2022-03-30 17:53:24,196] {processor.py:163} INFO - Started process (PID=544) to work on /opt/airflow/dags/dag_1.py
[2022-03-30 17:53:24,211] {processor.py:642} INFO - Processing file /opt/airflow/dags/dag_1.py for tasks to queue
[2022-03-30 17:53:24,213] {logging_mixin.py:109} INFO - [2022-03-30 17:53:24,213] {dagbag.py:500} INFO - Filling up the DagBag from /opt/airflow/dags/dag_1.py
[2022-03-30 17:53:24,285] {processor.py:654} INFO - DAG(s) dict_keys(['simple_xcom']) retrieved from /opt/airflow/dags/dag_1.py
[2022-03-30 17:53:25,195] {logging_mixin.py:109} INFO - [2022-03-30 17:53:25,195] {dag.py:2398} INFO - Sync 1 DAGs
[2022-03-30 17:53:25,250] {logging_mixin.py:109} INFO - [2022-03-30 17:53:25,249] {dag.py:2937} INFO - Setting next_dagrun for simple_xcom to 2022-03-31 00:00:00+00:00
[2022-03-30 17:53:25,279] {processor.py:171} INFO - Processing /opt/airflow/dags/dag_1.py took 1.088 seconds
[2022-03-30 17:53:55,669] {processor.py:163} INFO - Started process (PID=567) to work on /opt/airflow/dags/dag_1.py
[2022-03-30 17:53:55,673] {processor.py:642} INFO - Processing file /opt/airflow/dags/dag_1.py for tasks to queue
[2022-03-30 17:53:55,676] {logging_mixin.py:109} INFO - [2022-03-30 17:53:55,676] {dagbag.py:500} INFO - Filling up the DagBag from /opt/airflow/dags/dag_1.py
[2022-03-30 17:53:55,757] {processor.py:654} INFO - DAG(s) dict_keys(['simple_xcom']) retrieved from /opt/airflow/dags/dag_1.py
[2022-03-30 17:53:56,645] {logging_mixin.py:109} INFO - [2022-03-30 17:53:56,644] {dag.py:2398} INFO - Sync 1 DAGs
[2022-03-30 17:53:56,699] {logging_mixin.py:109} INFO - [2022-03-30 17:53:56,699] {dag.py:2937} INFO - Setting next_dagrun for simple_xcom to 2022-03-31 00:00:00+00:00
[2022-03-30 17:53:56,725] {processor.py:171} INFO - Processing /opt/airflow/dags/dag_1.py took 1.063 seconds
[2022-03-30 17:54:27,090] {processor.py:163} INFO - Started process (PID=610) to work on /opt/airflow/dags/dag_1.py
[2022-03-30 17:54:27,094] {processor.py:642} INFO - Processing file /opt/airflow/dags/dag_1.py for tasks to queue
[2022-03-30 17:54:27,097] {logging_mixin.py:109} INFO - [2022-03-30 17:54:27,096] {dagbag.py:500} INFO - Filling up the DagBag from /opt/airflow/dags/dag_1.py
[2022-03-30 17:54:27,177] {processor.py:654} INFO - DAG(s) dict_keys(['simple_xcom']) retrieved from /opt/airflow/dags/dag_1.py
[2022-03-30 17:54:28,113] {logging_mixin.py:109} INFO - [2022-03-30 17:54:28,113] {dag.py:2398} INFO - Sync 1 DAGs
[2022-03-30 17:54:28,170] {logging_mixin.py:109} INFO - [2022-03-30 17:54:28,170] {dag.py:2937} INFO - Setting next_dagrun for simple_xcom to 2022-03-31 00:00:00+00:00
[2022-03-30 17:54:28,199] {processor.py:171} INFO - Processing /opt/airflow/dags/dag_1.py took 1.115 seconds
[2022-03-30 17:54:58,505] {processor.py:163} INFO - Started process (PID=646) to work on /opt/airflow/dags/dag_1.py
[2022-03-30 17:54:58,509] {processor.py:642} INFO - Processing file /opt/airflow/dags/dag_1.py for tasks to queue
[2022-03-30 17:54:58,511] {logging_mixin.py:109} INFO - [2022-03-30 17:54:58,511] {dagbag.py:500} INFO - Filling up the DagBag from /opt/airflow/dags/dag_1.py
[2022-03-30 17:54:58,589] {processor.py:654} INFO - DAG(s) dict_keys(['simple_xcom']) retrieved from /opt/airflow/dags/dag_1.py
[2022-03-30 17:54:59,519] {logging_mixin.py:109} INFO - [2022-03-30 17:54:59,518] {dag.py:2398} INFO - Sync 1 DAGs
[2022-03-30 17:54:59,574] {logging_mixin.py:109} INFO - [2022-03-30 17:54:59,574] {dag.py:2937} INFO - Setting next_dagrun for simple_xcom to 2022-03-31 00:00:00+00:00
[2022-03-30 17:54:59,607] {processor.py:171} INFO - Processing /opt/airflow/dags/dag_1.py took 1.109 seconds
[2022-03-30 17:55:29,905] {processor.py:163} INFO - Started process (PID=676) to work on /opt/airflow/dags/dag_1.py
[2022-03-30 17:55:29,911] {processor.py:642} INFO - Processing file /opt/airflow/dags/dag_1.py for tasks to queue
[2022-03-30 17:55:29,913] {logging_mixin.py:109} INFO - [2022-03-30 17:55:29,913] {dagbag.py:500} INFO - Filling up the DagBag from /opt/airflow/dags/dag_1.py
[2022-03-30 17:55:29,985] {processor.py:654} INFO - DAG(s) dict_keys(['simple_xcom']) retrieved from /opt/airflow/dags/dag_1.py
[2022-03-30 17:55:30,802] {logging_mixin.py:109} INFO - [2022-03-30 17:55:30,802] {dag.py:2398} INFO - Sync 1 DAGs
[2022-03-30 17:55:30,852] {logging_mixin.py:109} INFO - [2022-03-30 17:55:30,852] {dag.py:2937} INFO - Setting next_dagrun for simple_xcom to 2022-03-31 00:00:00+00:00
[2022-03-30 17:55:30,881] {processor.py:171} INFO - Processing /opt/airflow/dags/dag_1.py took 0.985 seconds
[2022-03-30 17:56:01,327] {processor.py:163} INFO - Started process (PID=718) to work on /opt/airflow/dags/dag_1.py
[2022-03-30 17:56:01,331] {processor.py:642} INFO - Processing file /opt/airflow/dags/dag_1.py for tasks to queue
[2022-03-30 17:56:01,334] {logging_mixin.py:109} INFO - [2022-03-30 17:56:01,334] {dagbag.py:500} INFO - Filling up the DagBag from /opt/airflow/dags/dag_1.py
[2022-03-30 17:56:01,415] {processor.py:654} INFO - DAG(s) dict_keys(['simple_xcom']) retrieved from /opt/airflow/dags/dag_1.py
[2022-03-30 17:56:02,310] {logging_mixin.py:109} INFO - [2022-03-30 17:56:02,309] {dag.py:2398} INFO - Sync 1 DAGs
[2022-03-30 17:56:02,368] {logging_mixin.py:109} INFO - [2022-03-30 17:56:02,368] {dag.py:2937} INFO - Setting next_dagrun for simple_xcom to 2022-03-31 00:00:00+00:00
[2022-03-30 17:56:02,395] {processor.py:171} INFO - Processing /opt/airflow/dags/dag_1.py took 1.074 seconds
[2022-03-30 17:56:32,775] {processor.py:163} INFO - Started process (PID=740) to work on /opt/airflow/dags/dag_1.py
[2022-03-30 17:56:32,780] {processor.py:642} INFO - Processing file /opt/airflow/dags/dag_1.py for tasks to queue
[2022-03-30 17:56:32,783] {logging_mixin.py:109} INFO - [2022-03-30 17:56:32,783] {dagbag.py:500} INFO - Filling up the DagBag from /opt/airflow/dags/dag_1.py
[2022-03-30 17:56:32,856] {processor.py:654} INFO - DAG(s) dict_keys(['simple_xcom']) retrieved from /opt/airflow/dags/dag_1.py
[2022-03-30 17:56:33,689] {logging_mixin.py:109} INFO - [2022-03-30 17:56:33,688] {dag.py:2398} INFO - Sync 1 DAGs
[2022-03-30 17:56:33,744] {logging_mixin.py:109} INFO - [2022-03-30 17:56:33,744] {dag.py:2937} INFO - Setting next_dagrun for simple_xcom to 2022-03-31 00:00:00+00:00
[2022-03-30 17:56:33,770] {processor.py:171} INFO - Processing /opt/airflow/dags/dag_1.py took 1.004 seconds
[2022-03-30 17:57:04,164] {processor.py:163} INFO - Started process (PID=781) to work on /opt/airflow/dags/dag_1.py
[2022-03-30 17:57:04,168] {processor.py:642} INFO - Processing file /opt/airflow/dags/dag_1.py for tasks to queue
[2022-03-30 17:57:04,170] {logging_mixin.py:109} INFO - [2022-03-30 17:57:04,170] {dagbag.py:500} INFO - Filling up the DagBag from /opt/airflow/dags/dag_1.py
[2022-03-30 17:57:04,244] {processor.py:654} INFO - DAG(s) dict_keys(['simple_xcom']) retrieved from /opt/airflow/dags/dag_1.py
[2022-03-30 17:57:05,137] {logging_mixin.py:109} INFO - [2022-03-30 17:57:05,136] {dag.py:2398} INFO - Sync 1 DAGs
[2022-03-30 17:57:05,193] {logging_mixin.py:109} INFO - [2022-03-30 17:57:05,193] {dag.py:2937} INFO - Setting next_dagrun for simple_xcom to 2022-03-31 00:00:00+00:00
[2022-03-30 17:57:05,219] {processor.py:171} INFO - Processing /opt/airflow/dags/dag_1.py took 1.061 seconds
[2022-03-30 17:57:35,697] {processor.py:163} INFO - Started process (PID=804) to work on /opt/airflow/dags/dag_1.py
[2022-03-30 17:57:35,702] {processor.py:642} INFO - Processing file /opt/airflow/dags/dag_1.py for tasks to queue
[2022-03-30 17:57:35,705] {logging_mixin.py:109} INFO - [2022-03-30 17:57:35,704] {dagbag.py:500} INFO - Filling up the DagBag from /opt/airflow/dags/dag_1.py
[2022-03-30 17:57:35,782] {processor.py:654} INFO - DAG(s) dict_keys(['simple_xcom']) retrieved from /opt/airflow/dags/dag_1.py
[2022-03-30 17:57:36,620] {logging_mixin.py:109} INFO - [2022-03-30 17:57:36,620] {dag.py:2398} INFO - Sync 1 DAGs
[2022-03-30 17:57:36,672] {logging_mixin.py:109} INFO - [2022-03-30 17:57:36,672] {dag.py:2937} INFO - Setting next_dagrun for simple_xcom to 2022-03-31 00:00:00+00:00
[2022-03-30 17:57:36,697] {processor.py:171} INFO - Processing /opt/airflow/dags/dag_1.py took 1.009 seconds
[2022-03-30 17:58:07,011] {processor.py:163} INFO - Started process (PID=847) to work on /opt/airflow/dags/dag_1.py
[2022-03-30 17:58:07,015] {processor.py:642} INFO - Processing file /opt/airflow/dags/dag_1.py for tasks to queue
[2022-03-30 17:58:07,018] {logging_mixin.py:109} INFO - [2022-03-30 17:58:07,018] {dagbag.py:500} INFO - Filling up the DagBag from /opt/airflow/dags/dag_1.py
[2022-03-30 17:58:07,110] {processor.py:654} INFO - DAG(s) dict_keys(['simple_xcom']) retrieved from /opt/airflow/dags/dag_1.py
[2022-03-30 17:58:08,090] {logging_mixin.py:109} INFO - [2022-03-30 17:58:08,090] {dag.py:2398} INFO - Sync 1 DAGs
[2022-03-30 17:58:08,149] {logging_mixin.py:109} INFO - [2022-03-30 17:58:08,148] {dag.py:2937} INFO - Setting next_dagrun for simple_xcom to 2022-03-31 00:00:00+00:00
[2022-03-30 17:58:08,177] {processor.py:171} INFO - Processing /opt/airflow/dags/dag_1.py took 1.172 seconds
[2022-03-30 17:58:38,445] {processor.py:163} INFO - Started process (PID=883) to work on /opt/airflow/dags/dag_1.py
[2022-03-30 17:58:38,450] {processor.py:642} INFO - Processing file /opt/airflow/dags/dag_1.py for tasks to queue
[2022-03-30 17:58:38,454] {logging_mixin.py:109} INFO - [2022-03-30 17:58:38,454] {dagbag.py:500} INFO - Filling up the DagBag from /opt/airflow/dags/dag_1.py
[2022-03-30 17:58:38,557] {processor.py:654} INFO - DAG(s) dict_keys(['simple_xcom']) retrieved from /opt/airflow/dags/dag_1.py
[2022-03-30 17:58:39,645] {logging_mixin.py:109} INFO - [2022-03-30 17:58:39,644] {dag.py:2398} INFO - Sync 1 DAGs
[2022-03-30 17:58:39,714] {logging_mixin.py:109} INFO - [2022-03-30 17:58:39,714] {dag.py:2937} INFO - Setting next_dagrun for simple_xcom to 2022-03-31 00:00:00+00:00
[2022-03-30 17:58:39,745] {processor.py:171} INFO - Processing /opt/airflow/dags/dag_1.py took 1.307 seconds
[2022-03-30 17:59:09,845] {processor.py:163} INFO - Started process (PID=913) to work on /opt/airflow/dags/dag_1.py
[2022-03-30 17:59:09,851] {processor.py:642} INFO - Processing file /opt/airflow/dags/dag_1.py for tasks to queue
[2022-03-30 17:59:09,855] {logging_mixin.py:109} INFO - [2022-03-30 17:59:09,854] {dagbag.py:500} INFO - Filling up the DagBag from /opt/airflow/dags/dag_1.py
[2022-03-30 17:59:09,953] {processor.py:654} INFO - DAG(s) dict_keys(['simple_xcom']) retrieved from /opt/airflow/dags/dag_1.py
[2022-03-30 17:59:10,993] {logging_mixin.py:109} INFO - [2022-03-30 17:59:10,992] {dag.py:2398} INFO - Sync 1 DAGs
[2022-03-30 17:59:11,056] {logging_mixin.py:109} INFO - [2022-03-30 17:59:11,056] {dag.py:2937} INFO - Setting next_dagrun for simple_xcom to 2022-03-31 00:00:00+00:00
[2022-03-30 17:59:11,089] {processor.py:171} INFO - Processing /opt/airflow/dags/dag_1.py took 1.252 seconds
[2022-03-30 17:59:41,508] {processor.py:163} INFO - Started process (PID=955) to work on /opt/airflow/dags/dag_1.py
[2022-03-30 17:59:41,514] {processor.py:642} INFO - Processing file /opt/airflow/dags/dag_1.py for tasks to queue
[2022-03-30 17:59:41,517] {logging_mixin.py:109} INFO - [2022-03-30 17:59:41,517] {dagbag.py:500} INFO - Filling up the DagBag from /opt/airflow/dags/dag_1.py
[2022-03-30 17:59:41,641] {processor.py:654} INFO - DAG(s) dict_keys(['simple_xcom']) retrieved from /opt/airflow/dags/dag_1.py
[2022-03-30 17:59:42,804] {logging_mixin.py:109} INFO - [2022-03-30 17:59:42,804] {dag.py:2398} INFO - Sync 1 DAGs
[2022-03-30 17:59:42,866] {logging_mixin.py:109} INFO - [2022-03-30 17:59:42,866] {dag.py:2937} INFO - Setting next_dagrun for simple_xcom to 2022-03-31 00:00:00+00:00
[2022-03-30 17:59:42,898] {processor.py:171} INFO - Processing /opt/airflow/dags/dag_1.py took 1.399 seconds
[2022-03-30 18:00:13,188] {processor.py:163} INFO - Started process (PID=977) to work on /opt/airflow/dags/dag_1.py
[2022-03-30 18:00:13,192] {processor.py:642} INFO - Processing file /opt/airflow/dags/dag_1.py for tasks to queue
[2022-03-30 18:00:13,194] {logging_mixin.py:109} INFO - [2022-03-30 18:00:13,194] {dagbag.py:500} INFO - Filling up the DagBag from /opt/airflow/dags/dag_1.py
[2022-03-30 18:00:13,358] {processor.py:654} INFO - DAG(s) dict_keys(['simple_xcom']) retrieved from /opt/airflow/dags/dag_1.py
[2022-03-30 18:00:14,078] {logging_mixin.py:109} INFO - [2022-03-30 18:00:14,078] {dag.py:2398} INFO - Sync 1 DAGs
[2022-03-30 18:00:14,132] {logging_mixin.py:109} INFO - [2022-03-30 18:00:14,132] {dag.py:2937} INFO - Setting next_dagrun for simple_xcom to 2022-03-31 00:00:00+00:00
[2022-03-30 18:00:14,160] {processor.py:171} INFO - Processing /opt/airflow/dags/dag_1.py took 0.977 seconds
[2022-03-30 18:00:44,624] {processor.py:163} INFO - Started process (PID=1016) to work on /opt/airflow/dags/dag_1.py
[2022-03-30 18:00:44,628] {processor.py:642} INFO - Processing file /opt/airflow/dags/dag_1.py for tasks to queue
[2022-03-30 18:00:44,631] {logging_mixin.py:109} INFO - [2022-03-30 18:00:44,630] {dagbag.py:500} INFO - Filling up the DagBag from /opt/airflow/dags/dag_1.py
[2022-03-30 18:00:44,821] {processor.py:654} INFO - DAG(s) dict_keys(['simple_xcom']) retrieved from /opt/airflow/dags/dag_1.py
[2022-03-30 18:00:45,662] {logging_mixin.py:109} INFO - [2022-03-30 18:00:45,661] {dag.py:2398} INFO - Sync 1 DAGs
[2022-03-30 18:00:45,723] {logging_mixin.py:109} INFO - [2022-03-30 18:00:45,722] {dag.py:2937} INFO - Setting next_dagrun for simple_xcom to 2022-03-31 00:00:00+00:00
[2022-03-30 18:00:45,754] {processor.py:171} INFO - Processing /opt/airflow/dags/dag_1.py took 1.136 seconds
[2022-03-30 18:01:16,017] {processor.py:163} INFO - Started process (PID=1039) to work on /opt/airflow/dags/dag_1.py
[2022-03-30 18:01:16,021] {processor.py:642} INFO - Processing file /opt/airflow/dags/dag_1.py for tasks to queue
[2022-03-30 18:01:16,024] {logging_mixin.py:109} INFO - [2022-03-30 18:01:16,024] {dagbag.py:500} INFO - Filling up the DagBag from /opt/airflow/dags/dag_1.py
[2022-03-30 18:01:16,197] {processor.py:654} INFO - DAG(s) dict_keys(['simple_xcom']) retrieved from /opt/airflow/dags/dag_1.py
[2022-03-30 18:01:16,919] {logging_mixin.py:109} INFO - [2022-03-30 18:01:16,919] {dag.py:2398} INFO - Sync 1 DAGs
[2022-03-30 18:01:16,969] {logging_mixin.py:109} INFO - [2022-03-30 18:01:16,968] {dag.py:2937} INFO - Setting next_dagrun for simple_xcom to 2022-03-31 00:00:00+00:00
[2022-03-30 18:01:16,993] {processor.py:171} INFO - Processing /opt/airflow/dags/dag_1.py took 0.985 seconds
[2022-03-30 18:01:47,359] {processor.py:163} INFO - Started process (PID=1079) to work on /opt/airflow/dags/dag_1.py
[2022-03-30 18:01:47,364] {processor.py:642} INFO - Processing file /opt/airflow/dags/dag_1.py for tasks to queue
[2022-03-30 18:01:47,367] {logging_mixin.py:109} INFO - [2022-03-30 18:01:47,366] {dagbag.py:500} INFO - Filling up the DagBag from /opt/airflow/dags/dag_1.py
[2022-03-30 18:01:47,580] {processor.py:654} INFO - DAG(s) dict_keys(['simple_xcom']) retrieved from /opt/airflow/dags/dag_1.py
[2022-03-30 18:01:48,448] {logging_mixin.py:109} INFO - [2022-03-30 18:01:48,448] {dag.py:2398} INFO - Sync 1 DAGs
[2022-03-30 18:01:48,504] {logging_mixin.py:109} INFO - [2022-03-30 18:01:48,504] {dag.py:2937} INFO - Setting next_dagrun for simple_xcom to 2022-03-31 00:00:00+00:00
[2022-03-30 18:01:48,534] {processor.py:171} INFO - Processing /opt/airflow/dags/dag_1.py took 1.183 seconds
[2022-03-30 18:02:18,780] {processor.py:163} INFO - Started process (PID=1115) to work on /opt/airflow/dags/dag_1.py
[2022-03-30 18:02:18,784] {processor.py:642} INFO - Processing file /opt/airflow/dags/dag_1.py for tasks to queue
[2022-03-30 18:02:18,787] {logging_mixin.py:109} INFO - [2022-03-30 18:02:18,787] {dagbag.py:500} INFO - Filling up the DagBag from /opt/airflow/dags/dag_1.py
[2022-03-30 18:02:18,961] {processor.py:654} INFO - DAG(s) dict_keys(['simple_xcom']) retrieved from /opt/airflow/dags/dag_1.py
[2022-03-30 18:02:19,778] {logging_mixin.py:109} INFO - [2022-03-30 18:02:19,777] {dag.py:2398} INFO - Sync 1 DAGs
[2022-03-30 18:02:19,833] {logging_mixin.py:109} INFO - [2022-03-30 18:02:19,833] {dag.py:2937} INFO - Setting next_dagrun for simple_xcom to 2022-03-31 00:00:00+00:00
[2022-03-30 18:02:19,863] {processor.py:171} INFO - Processing /opt/airflow/dags/dag_1.py took 1.092 seconds
[2022-03-30 18:02:50,104] {processor.py:163} INFO - Started process (PID=1143) to work on /opt/airflow/dags/dag_1.py
[2022-03-30 18:02:50,108] {processor.py:642} INFO - Processing file /opt/airflow/dags/dag_1.py for tasks to queue
[2022-03-30 18:02:50,110] {logging_mixin.py:109} INFO - [2022-03-30 18:02:50,110] {dagbag.py:500} INFO - Filling up the DagBag from /opt/airflow/dags/dag_1.py
[2022-03-30 18:02:50,271] {processor.py:654} INFO - DAG(s) dict_keys(['simple_xcom']) retrieved from /opt/airflow/dags/dag_1.py
[2022-03-30 18:02:50,992] {logging_mixin.py:109} INFO - [2022-03-30 18:02:50,992] {dag.py:2398} INFO - Sync 1 DAGs
[2022-03-30 18:02:51,044] {logging_mixin.py:109} INFO - [2022-03-30 18:02:51,043] {dag.py:2937} INFO - Setting next_dagrun for simple_xcom to 2022-03-31 00:00:00+00:00
[2022-03-30 18:02:51,069] {processor.py:171} INFO - Processing /opt/airflow/dags/dag_1.py took 0.970 seconds
[2022-03-30 18:03:21,439] {processor.py:163} INFO - Started process (PID=1183) to work on /opt/airflow/dags/dag_1.py
[2022-03-30 18:03:21,443] {processor.py:642} INFO - Processing file /opt/airflow/dags/dag_1.py for tasks to queue
[2022-03-30 18:03:21,446] {logging_mixin.py:109} INFO - [2022-03-30 18:03:21,446] {dagbag.py:500} INFO - Filling up the DagBag from /opt/airflow/dags/dag_1.py
[2022-03-30 18:03:21,616] {processor.py:654} INFO - DAG(s) dict_keys(['simple_xcom']) retrieved from /opt/airflow/dags/dag_1.py
[2022-03-30 18:03:22,411] {logging_mixin.py:109} INFO - [2022-03-30 18:03:22,411] {dag.py:2398} INFO - Sync 1 DAGs
[2022-03-30 18:03:22,465] {logging_mixin.py:109} INFO - [2022-03-30 18:03:22,465] {dag.py:2937} INFO - Setting next_dagrun for simple_xcom to 2022-03-31 00:00:00+00:00
[2022-03-30 18:03:22,493] {processor.py:171} INFO - Processing /opt/airflow/dags/dag_1.py took 1.060 seconds
[2022-03-30 18:03:52,784] {processor.py:163} INFO - Started process (PID=1206) to work on /opt/airflow/dags/dag_1.py
[2022-03-30 18:03:52,790] {processor.py:642} INFO - Processing file /opt/airflow/dags/dag_1.py for tasks to queue
[2022-03-30 18:03:52,792] {logging_mixin.py:109} INFO - [2022-03-30 18:03:52,792] {dagbag.py:500} INFO - Filling up the DagBag from /opt/airflow/dags/dag_1.py
[2022-03-30 18:03:52,957] {processor.py:654} INFO - DAG(s) dict_keys(['simple_xcom']) retrieved from /opt/airflow/dags/dag_1.py
[2022-03-30 18:03:53,683] {logging_mixin.py:109} INFO - [2022-03-30 18:03:53,683] {dag.py:2398} INFO - Sync 1 DAGs
[2022-03-30 18:03:53,732] {logging_mixin.py:109} INFO - [2022-03-30 18:03:53,732] {dag.py:2937} INFO - Setting next_dagrun for simple_xcom to 2022-03-31 00:00:00+00:00
[2022-03-30 18:03:53,756] {processor.py:171} INFO - Processing /opt/airflow/dags/dag_1.py took 0.981 seconds
[2022-03-30 18:04:24,315] {processor.py:163} INFO - Started process (PID=1247) to work on /opt/airflow/dags/dag_1.py
[2022-03-30 18:04:24,319] {processor.py:642} INFO - Processing file /opt/airflow/dags/dag_1.py for tasks to queue
[2022-03-30 18:04:24,321] {logging_mixin.py:109} INFO - [2022-03-30 18:04:24,320] {dagbag.py:500} INFO - Filling up the DagBag from /opt/airflow/dags/dag_1.py
[2022-03-30 18:04:24,401] {processor.py:654} INFO - DAG(s) dict_keys(['simple_xcom']) retrieved from /opt/airflow/dags/dag_1.py
[2022-03-30 18:04:25,327] {logging_mixin.py:109} INFO - [2022-03-30 18:04:25,327] {dag.py:2398} INFO - Sync 1 DAGs
[2022-03-30 18:04:25,390] {logging_mixin.py:109} INFO - [2022-03-30 18:04:25,389] {dag.py:2937} INFO - Setting next_dagrun for simple_xcom to 2022-03-31 00:00:00+00:00
[2022-03-30 18:04:25,417] {processor.py:171} INFO - Processing /opt/airflow/dags/dag_1.py took 1.110 seconds
[2022-03-30 18:04:55,679] {processor.py:163} INFO - Started process (PID=1270) to work on /opt/airflow/dags/dag_1.py
[2022-03-30 18:04:55,683] {processor.py:642} INFO - Processing file /opt/airflow/dags/dag_1.py for tasks to queue
[2022-03-30 18:04:55,686] {logging_mixin.py:109} INFO - [2022-03-30 18:04:55,686] {dagbag.py:500} INFO - Filling up the DagBag from /opt/airflow/dags/dag_1.py
[2022-03-30 18:04:55,768] {processor.py:654} INFO - DAG(s) dict_keys(['simple_xcom']) retrieved from /opt/airflow/dags/dag_1.py
[2022-03-30 18:04:56,516] {logging_mixin.py:109} INFO - [2022-03-30 18:04:56,516] {dag.py:2398} INFO - Sync 1 DAGs
[2022-03-30 18:04:56,569] {logging_mixin.py:109} INFO - [2022-03-30 18:04:56,568] {dag.py:2937} INFO - Setting next_dagrun for simple_xcom to 2022-03-31 00:00:00+00:00
[2022-03-30 18:04:56,594] {processor.py:171} INFO - Processing /opt/airflow/dags/dag_1.py took 0.921 seconds
[2022-03-30 18:05:26,971] {processor.py:163} INFO - Started process (PID=1311) to work on /opt/airflow/dags/dag_1.py
[2022-03-30 18:05:26,976] {processor.py:642} INFO - Processing file /opt/airflow/dags/dag_1.py for tasks to queue
[2022-03-30 18:05:26,979] {logging_mixin.py:109} INFO - [2022-03-30 18:05:26,979] {dagbag.py:500} INFO - Filling up the DagBag from /opt/airflow/dags/dag_1.py
[2022-03-30 18:05:27,090] {processor.py:654} INFO - DAG(s) dict_keys(['simple_xcom']) retrieved from /opt/airflow/dags/dag_1.py
[2022-03-30 18:05:28,039] {logging_mixin.py:109} INFO - [2022-03-30 18:05:28,039] {dag.py:2398} INFO - Sync 1 DAGs
[2022-03-30 18:05:28,098] {logging_mixin.py:109} INFO - [2022-03-30 18:05:28,097] {dag.py:2937} INFO - Setting next_dagrun for simple_xcom to 2022-03-31 00:00:00+00:00
[2022-03-30 18:05:28,126] {processor.py:171} INFO - Processing /opt/airflow/dags/dag_1.py took 1.164 seconds
