[2022-03-30 17:26:01,309] {processor.py:163} INFO - Started process (PID=317) to work on /home/airflow/.local/lib/python3.7/site-packages/airflow/example_dags/example_short_circuit_operator.py
[2022-03-30 17:26:01,314] {processor.py:642} INFO - Processing file /home/airflow/.local/lib/python3.7/site-packages/airflow/example_dags/example_short_circuit_operator.py for tasks to queue
[2022-03-30 17:26:01,322] {logging_mixin.py:109} INFO - [2022-03-30 17:26:01,319] {dagbag.py:500} INFO - Filling up the DagBag from /home/airflow/.local/lib/python3.7/site-packages/airflow/example_dags/example_short_circuit_operator.py
[2022-03-30 17:26:01,432] {processor.py:654} INFO - DAG(s) dict_keys(['example_short_circuit_operator']) retrieved from /home/airflow/.local/lib/python3.7/site-packages/airflow/example_dags/example_short_circuit_operator.py
[2022-03-30 17:26:11,594] {logging_mixin.py:109} INFO - [2022-03-30 17:26:11,594] {manager.py:496} INFO - Created Permission View: can read on DAG:example_short_circuit_operator
[2022-03-30 17:26:11,621] {logging_mixin.py:109} INFO - [2022-03-30 17:26:11,621] {manager.py:496} INFO - Created Permission View: can edit on DAG:example_short_circuit_operator
[2022-03-30 17:26:11,624] {logging_mixin.py:109} INFO - [2022-03-30 17:26:11,623] {dag.py:2398} INFO - Sync 1 DAGs
[2022-03-30 17:26:11,656] {logging_mixin.py:109} INFO - [2022-03-30 17:26:11,655] {dag.py:2417} INFO - Creating ORM DAG for example_short_circuit_operator
[2022-03-30 17:26:11,696] {logging_mixin.py:109} INFO - [2022-03-30 17:26:11,696] {dag.py:2937} INFO - Setting next_dagrun for example_short_circuit_operator to 2022-03-29T17:26:11.694494+00:00
[2022-03-30 17:26:11,742] {processor.py:171} INFO - Processing /home/airflow/.local/lib/python3.7/site-packages/airflow/example_dags/example_short_circuit_operator.py took 10.442 seconds
[2022-03-30 17:28:57,538] {processor.py:163} INFO - Started process (PID=781) to work on /home/airflow/.local/lib/python3.7/site-packages/airflow/example_dags/example_short_circuit_operator.py
[2022-03-30 17:28:57,543] {processor.py:642} INFO - Processing file /home/airflow/.local/lib/python3.7/site-packages/airflow/example_dags/example_short_circuit_operator.py for tasks to queue
[2022-03-30 17:28:57,546] {logging_mixin.py:109} INFO - [2022-03-30 17:28:57,546] {dagbag.py:500} INFO - Filling up the DagBag from /home/airflow/.local/lib/python3.7/site-packages/airflow/example_dags/example_short_circuit_operator.py
[2022-03-30 17:28:57,635] {processor.py:654} INFO - DAG(s) dict_keys(['example_short_circuit_operator']) retrieved from /home/airflow/.local/lib/python3.7/site-packages/airflow/example_dags/example_short_circuit_operator.py
[2022-03-30 17:28:57,680] {logging_mixin.py:109} INFO - [2022-03-30 17:28:57,680] {dag.py:2398} INFO - Sync 1 DAGs
[2022-03-30 17:28:57,747] {logging_mixin.py:109} INFO - [2022-03-30 17:28:57,746] {dag.py:2937} INFO - Setting next_dagrun for example_short_circuit_operator to 2022-03-29T17:28:57.745260+00:00
[2022-03-30 17:28:57,778] {processor.py:171} INFO - Processing /home/airflow/.local/lib/python3.7/site-packages/airflow/example_dags/example_short_circuit_operator.py took 0.247 seconds
[2022-03-30 17:29:27,888] {processor.py:163} INFO - Started process (PID=992) to work on /home/airflow/.local/lib/python3.7/site-packages/airflow/example_dags/example_short_circuit_operator.py
[2022-03-30 17:29:27,892] {processor.py:642} INFO - Processing file /home/airflow/.local/lib/python3.7/site-packages/airflow/example_dags/example_short_circuit_operator.py for tasks to queue
[2022-03-30 17:29:27,894] {logging_mixin.py:109} INFO - [2022-03-30 17:29:27,894] {dagbag.py:500} INFO - Filling up the DagBag from /home/airflow/.local/lib/python3.7/site-packages/airflow/example_dags/example_short_circuit_operator.py
[2022-03-30 17:29:27,966] {processor.py:654} INFO - DAG(s) dict_keys(['example_short_circuit_operator']) retrieved from /home/airflow/.local/lib/python3.7/site-packages/airflow/example_dags/example_short_circuit_operator.py
[2022-03-30 17:29:28,003] {logging_mixin.py:109} INFO - [2022-03-30 17:29:28,003] {dag.py:2398} INFO - Sync 1 DAGs
[2022-03-30 17:29:28,055] {logging_mixin.py:109} INFO - [2022-03-30 17:29:28,054] {dag.py:2937} INFO - Setting next_dagrun for example_short_circuit_operator to 2022-03-29T17:29:28.053549+00:00
[2022-03-30 17:29:28,078] {processor.py:171} INFO - Processing /home/airflow/.local/lib/python3.7/site-packages/airflow/example_dags/example_short_circuit_operator.py took 0.196 seconds
[2022-03-30 17:29:58,173] {processor.py:163} INFO - Started process (PID=1214) to work on /home/airflow/.local/lib/python3.7/site-packages/airflow/example_dags/example_short_circuit_operator.py
[2022-03-30 17:29:58,177] {processor.py:642} INFO - Processing file /home/airflow/.local/lib/python3.7/site-packages/airflow/example_dags/example_short_circuit_operator.py for tasks to queue
[2022-03-30 17:29:58,181] {logging_mixin.py:109} INFO - [2022-03-30 17:29:58,180] {dagbag.py:500} INFO - Filling up the DagBag from /home/airflow/.local/lib/python3.7/site-packages/airflow/example_dags/example_short_circuit_operator.py
[2022-03-30 17:29:58,269] {processor.py:654} INFO - DAG(s) dict_keys(['example_short_circuit_operator']) retrieved from /home/airflow/.local/lib/python3.7/site-packages/airflow/example_dags/example_short_circuit_operator.py
[2022-03-30 17:29:58,308] {logging_mixin.py:109} INFO - [2022-03-30 17:29:58,307] {dag.py:2398} INFO - Sync 1 DAGs
[2022-03-30 17:29:58,363] {logging_mixin.py:109} INFO - [2022-03-30 17:29:58,362] {dag.py:2937} INFO - Setting next_dagrun for example_short_circuit_operator to 2022-03-29T17:29:58.361377+00:00
[2022-03-30 17:29:58,395] {processor.py:171} INFO - Processing /home/airflow/.local/lib/python3.7/site-packages/airflow/example_dags/example_short_circuit_operator.py took 0.231 seconds
[2022-03-30 17:30:28,853] {processor.py:163} INFO - Started process (PID=1426) to work on /home/airflow/.local/lib/python3.7/site-packages/airflow/example_dags/example_short_circuit_operator.py
[2022-03-30 17:30:28,856] {processor.py:642} INFO - Processing file /home/airflow/.local/lib/python3.7/site-packages/airflow/example_dags/example_short_circuit_operator.py for tasks to queue
[2022-03-30 17:30:28,858] {logging_mixin.py:109} INFO - [2022-03-30 17:30:28,858] {dagbag.py:500} INFO - Filling up the DagBag from /home/airflow/.local/lib/python3.7/site-packages/airflow/example_dags/example_short_circuit_operator.py
[2022-03-30 17:30:28,928] {processor.py:654} INFO - DAG(s) dict_keys(['example_short_circuit_operator']) retrieved from /home/airflow/.local/lib/python3.7/site-packages/airflow/example_dags/example_short_circuit_operator.py
[2022-03-30 17:30:28,964] {logging_mixin.py:109} INFO - [2022-03-30 17:30:28,964] {dag.py:2398} INFO - Sync 1 DAGs
[2022-03-30 17:30:29,015] {logging_mixin.py:109} INFO - [2022-03-30 17:30:29,014] {dag.py:2937} INFO - Setting next_dagrun for example_short_circuit_operator to 2022-03-29T17:30:29.013524+00:00
[2022-03-30 17:30:29,041] {processor.py:171} INFO - Processing /home/airflow/.local/lib/python3.7/site-packages/airflow/example_dags/example_short_circuit_operator.py took 0.194 seconds
[2022-03-30 17:30:59,168] {processor.py:163} INFO - Started process (PID=1658) to work on /home/airflow/.local/lib/python3.7/site-packages/airflow/example_dags/example_short_circuit_operator.py
[2022-03-30 17:30:59,172] {processor.py:642} INFO - Processing file /home/airflow/.local/lib/python3.7/site-packages/airflow/example_dags/example_short_circuit_operator.py for tasks to queue
[2022-03-30 17:30:59,174] {logging_mixin.py:109} INFO - [2022-03-30 17:30:59,174] {dagbag.py:500} INFO - Filling up the DagBag from /home/airflow/.local/lib/python3.7/site-packages/airflow/example_dags/example_short_circuit_operator.py
[2022-03-30 17:30:59,250] {processor.py:654} INFO - DAG(s) dict_keys(['example_short_circuit_operator']) retrieved from /home/airflow/.local/lib/python3.7/site-packages/airflow/example_dags/example_short_circuit_operator.py
[2022-03-30 17:30:59,290] {logging_mixin.py:109} INFO - [2022-03-30 17:30:59,290] {dag.py:2398} INFO - Sync 1 DAGs
[2022-03-30 17:30:59,346] {logging_mixin.py:109} INFO - [2022-03-30 17:30:59,345] {dag.py:2937} INFO - Setting next_dagrun for example_short_circuit_operator to 2022-03-29T17:30:59.344029+00:00
[2022-03-30 17:30:59,377] {processor.py:171} INFO - Processing /home/airflow/.local/lib/python3.7/site-packages/airflow/example_dags/example_short_circuit_operator.py took 0.215 seconds
[2022-03-30 17:31:29,619] {processor.py:163} INFO - Started process (PID=1875) to work on /home/airflow/.local/lib/python3.7/site-packages/airflow/example_dags/example_short_circuit_operator.py
[2022-03-30 17:31:29,626] {processor.py:642} INFO - Processing file /home/airflow/.local/lib/python3.7/site-packages/airflow/example_dags/example_short_circuit_operator.py for tasks to queue
[2022-03-30 17:31:29,628] {logging_mixin.py:109} INFO - [2022-03-30 17:31:29,628] {dagbag.py:500} INFO - Filling up the DagBag from /home/airflow/.local/lib/python3.7/site-packages/airflow/example_dags/example_short_circuit_operator.py
[2022-03-30 17:31:29,702] {processor.py:654} INFO - DAG(s) dict_keys(['example_short_circuit_operator']) retrieved from /home/airflow/.local/lib/python3.7/site-packages/airflow/example_dags/example_short_circuit_operator.py
[2022-03-30 17:31:29,738] {logging_mixin.py:109} INFO - [2022-03-30 17:31:29,738] {dag.py:2398} INFO - Sync 1 DAGs
[2022-03-30 17:31:29,791] {logging_mixin.py:109} INFO - [2022-03-30 17:31:29,790] {dag.py:2937} INFO - Setting next_dagrun for example_short_circuit_operator to 2022-03-29T17:31:29.789363+00:00
[2022-03-30 17:31:29,817] {processor.py:171} INFO - Processing /home/airflow/.local/lib/python3.7/site-packages/airflow/example_dags/example_short_circuit_operator.py took 0.204 seconds
[2022-03-30 17:31:59,962] {processor.py:163} INFO - Started process (PID=2111) to work on /home/airflow/.local/lib/python3.7/site-packages/airflow/example_dags/example_short_circuit_operator.py
[2022-03-30 17:31:59,966] {processor.py:642} INFO - Processing file /home/airflow/.local/lib/python3.7/site-packages/airflow/example_dags/example_short_circuit_operator.py for tasks to queue
[2022-03-30 17:31:59,968] {logging_mixin.py:109} INFO - [2022-03-30 17:31:59,968] {dagbag.py:500} INFO - Filling up the DagBag from /home/airflow/.local/lib/python3.7/site-packages/airflow/example_dags/example_short_circuit_operator.py
[2022-03-30 17:32:00,054] {processor.py:654} INFO - DAG(s) dict_keys(['example_short_circuit_operator']) retrieved from /home/airflow/.local/lib/python3.7/site-packages/airflow/example_dags/example_short_circuit_operator.py
[2022-03-30 17:32:00,100] {logging_mixin.py:109} INFO - [2022-03-30 17:32:00,098] {dag.py:2398} INFO - Sync 1 DAGs
[2022-03-30 17:32:00,160] {logging_mixin.py:109} INFO - [2022-03-30 17:32:00,160] {dag.py:2937} INFO - Setting next_dagrun for example_short_circuit_operator to 2022-03-29T17:32:00.158502+00:00
[2022-03-30 17:32:00,284] {processor.py:171} INFO - Processing /home/airflow/.local/lib/python3.7/site-packages/airflow/example_dags/example_short_circuit_operator.py took 0.328 seconds
[2022-03-30 17:32:30,481] {processor.py:163} INFO - Started process (PID=2333) to work on /home/airflow/.local/lib/python3.7/site-packages/airflow/example_dags/example_short_circuit_operator.py
[2022-03-30 17:32:30,485] {processor.py:642} INFO - Processing file /home/airflow/.local/lib/python3.7/site-packages/airflow/example_dags/example_short_circuit_operator.py for tasks to queue
[2022-03-30 17:32:30,487] {logging_mixin.py:109} INFO - [2022-03-30 17:32:30,486] {dagbag.py:500} INFO - Filling up the DagBag from /home/airflow/.local/lib/python3.7/site-packages/airflow/example_dags/example_short_circuit_operator.py
[2022-03-30 17:32:30,556] {processor.py:654} INFO - DAG(s) dict_keys(['example_short_circuit_operator']) retrieved from /home/airflow/.local/lib/python3.7/site-packages/airflow/example_dags/example_short_circuit_operator.py
[2022-03-30 17:32:30,598] {logging_mixin.py:109} INFO - [2022-03-30 17:32:30,598] {dag.py:2398} INFO - Sync 1 DAGs
[2022-03-30 17:32:30,648] {logging_mixin.py:109} INFO - [2022-03-30 17:32:30,648] {dag.py:2937} INFO - Setting next_dagrun for example_short_circuit_operator to 2022-03-29T17:32:30.646735+00:00
[2022-03-30 17:32:30,766] {processor.py:171} INFO - Processing /home/airflow/.local/lib/python3.7/site-packages/airflow/example_dags/example_short_circuit_operator.py took 0.290 seconds
[2022-03-30 17:33:01,727] {processor.py:163} INFO - Started process (PID=2565) to work on /home/airflow/.local/lib/python3.7/site-packages/airflow/example_dags/example_short_circuit_operator.py
[2022-03-30 17:33:01,730] {processor.py:642} INFO - Processing file /home/airflow/.local/lib/python3.7/site-packages/airflow/example_dags/example_short_circuit_operator.py for tasks to queue
[2022-03-30 17:33:01,733] {logging_mixin.py:109} INFO - [2022-03-30 17:33:01,732] {dagbag.py:500} INFO - Filling up the DagBag from /home/airflow/.local/lib/python3.7/site-packages/airflow/example_dags/example_short_circuit_operator.py
[2022-03-30 17:33:01,806] {processor.py:654} INFO - DAG(s) dict_keys(['example_short_circuit_operator']) retrieved from /home/airflow/.local/lib/python3.7/site-packages/airflow/example_dags/example_short_circuit_operator.py
[2022-03-30 17:33:01,840] {logging_mixin.py:109} INFO - [2022-03-30 17:33:01,840] {dag.py:2398} INFO - Sync 1 DAGs
[2022-03-30 17:33:01,992] {logging_mixin.py:109} INFO - [2022-03-30 17:33:01,992] {dag.py:2937} INFO - Setting next_dagrun for example_short_circuit_operator to 2022-03-29T17:33:01.990568+00:00
[2022-03-30 17:33:02,019] {processor.py:171} INFO - Processing /home/airflow/.local/lib/python3.7/site-packages/airflow/example_dags/example_short_circuit_operator.py took 0.298 seconds
[2022-03-30 17:33:32,444] {processor.py:163} INFO - Started process (PID=2796) to work on /home/airflow/.local/lib/python3.7/site-packages/airflow/example_dags/example_short_circuit_operator.py
[2022-03-30 17:33:32,448] {processor.py:642} INFO - Processing file /home/airflow/.local/lib/python3.7/site-packages/airflow/example_dags/example_short_circuit_operator.py for tasks to queue
[2022-03-30 17:33:32,451] {logging_mixin.py:109} INFO - [2022-03-30 17:33:32,450] {dagbag.py:500} INFO - Filling up the DagBag from /home/airflow/.local/lib/python3.7/site-packages/airflow/example_dags/example_short_circuit_operator.py
[2022-03-30 17:33:32,526] {processor.py:654} INFO - DAG(s) dict_keys(['example_short_circuit_operator']) retrieved from /home/airflow/.local/lib/python3.7/site-packages/airflow/example_dags/example_short_circuit_operator.py
[2022-03-30 17:33:32,564] {logging_mixin.py:109} INFO - [2022-03-30 17:33:32,563] {dag.py:2398} INFO - Sync 1 DAGs
[2022-03-30 17:33:32,718] {logging_mixin.py:109} INFO - [2022-03-30 17:33:32,717] {dag.py:2937} INFO - Setting next_dagrun for example_short_circuit_operator to 2022-03-29T17:33:32.716478+00:00
[2022-03-30 17:33:32,744] {processor.py:171} INFO - Processing /home/airflow/.local/lib/python3.7/site-packages/airflow/example_dags/example_short_circuit_operator.py took 0.307 seconds
[2022-03-30 17:34:03,053] {processor.py:163} INFO - Started process (PID=3018) to work on /home/airflow/.local/lib/python3.7/site-packages/airflow/example_dags/example_short_circuit_operator.py
[2022-03-30 17:34:03,057] {processor.py:642} INFO - Processing file /home/airflow/.local/lib/python3.7/site-packages/airflow/example_dags/example_short_circuit_operator.py for tasks to queue
[2022-03-30 17:34:03,059] {logging_mixin.py:109} INFO - [2022-03-30 17:34:03,059] {dagbag.py:500} INFO - Filling up the DagBag from /home/airflow/.local/lib/python3.7/site-packages/airflow/example_dags/example_short_circuit_operator.py
[2022-03-30 17:34:03,134] {processor.py:654} INFO - DAG(s) dict_keys(['example_short_circuit_operator']) retrieved from /home/airflow/.local/lib/python3.7/site-packages/airflow/example_dags/example_short_circuit_operator.py
[2022-03-30 17:34:03,173] {logging_mixin.py:109} INFO - [2022-03-30 17:34:03,173] {dag.py:2398} INFO - Sync 1 DAGs
[2022-03-30 17:34:03,319] {logging_mixin.py:109} INFO - [2022-03-30 17:34:03,318] {dag.py:2937} INFO - Setting next_dagrun for example_short_circuit_operator to 2022-03-29T17:34:03.317387+00:00
[2022-03-30 17:34:03,341] {processor.py:171} INFO - Processing /home/airflow/.local/lib/python3.7/site-packages/airflow/example_dags/example_short_circuit_operator.py took 0.294 seconds
[2022-03-30 17:34:33,722] {processor.py:163} INFO - Started process (PID=3254) to work on /home/airflow/.local/lib/python3.7/site-packages/airflow/example_dags/example_short_circuit_operator.py
[2022-03-30 17:34:33,726] {processor.py:642} INFO - Processing file /home/airflow/.local/lib/python3.7/site-packages/airflow/example_dags/example_short_circuit_operator.py for tasks to queue
[2022-03-30 17:34:33,729] {logging_mixin.py:109} INFO - [2022-03-30 17:34:33,728] {dagbag.py:500} INFO - Filling up the DagBag from /home/airflow/.local/lib/python3.7/site-packages/airflow/example_dags/example_short_circuit_operator.py
[2022-03-30 17:34:33,801] {processor.py:654} INFO - DAG(s) dict_keys(['example_short_circuit_operator']) retrieved from /home/airflow/.local/lib/python3.7/site-packages/airflow/example_dags/example_short_circuit_operator.py
[2022-03-30 17:34:33,837] {logging_mixin.py:109} INFO - [2022-03-30 17:34:33,837] {dag.py:2398} INFO - Sync 1 DAGs
[2022-03-30 17:34:33,989] {logging_mixin.py:109} INFO - [2022-03-30 17:34:33,989] {dag.py:2937} INFO - Setting next_dagrun for example_short_circuit_operator to 2022-03-29T17:34:33.987568+00:00
[2022-03-30 17:34:34,014] {processor.py:171} INFO - Processing /home/airflow/.local/lib/python3.7/site-packages/airflow/example_dags/example_short_circuit_operator.py took 0.298 seconds
[2022-03-30 17:35:04,339] {processor.py:163} INFO - Started process (PID=3470) to work on /home/airflow/.local/lib/python3.7/site-packages/airflow/example_dags/example_short_circuit_operator.py
[2022-03-30 17:35:04,348] {processor.py:642} INFO - Processing file /home/airflow/.local/lib/python3.7/site-packages/airflow/example_dags/example_short_circuit_operator.py for tasks to queue
[2022-03-30 17:35:04,351] {logging_mixin.py:109} INFO - [2022-03-30 17:35:04,351] {dagbag.py:500} INFO - Filling up the DagBag from /home/airflow/.local/lib/python3.7/site-packages/airflow/example_dags/example_short_circuit_operator.py
[2022-03-30 17:35:04,438] {processor.py:654} INFO - DAG(s) dict_keys(['example_short_circuit_operator']) retrieved from /home/airflow/.local/lib/python3.7/site-packages/airflow/example_dags/example_short_circuit_operator.py
[2022-03-30 17:35:04,478] {logging_mixin.py:109} INFO - [2022-03-30 17:35:04,478] {dag.py:2398} INFO - Sync 1 DAGs
[2022-03-30 17:35:04,641] {logging_mixin.py:109} INFO - [2022-03-30 17:35:04,640] {dag.py:2937} INFO - Setting next_dagrun for example_short_circuit_operator to 2022-03-29T17:35:04.639077+00:00
[2022-03-30 17:35:04,668] {processor.py:171} INFO - Processing /home/airflow/.local/lib/python3.7/site-packages/airflow/example_dags/example_short_circuit_operator.py took 0.338 seconds
[2022-03-30 17:35:35,151] {processor.py:163} INFO - Started process (PID=3704) to work on /home/airflow/.local/lib/python3.7/site-packages/airflow/example_dags/example_short_circuit_operator.py
[2022-03-30 17:35:35,156] {processor.py:642} INFO - Processing file /home/airflow/.local/lib/python3.7/site-packages/airflow/example_dags/example_short_circuit_operator.py for tasks to queue
[2022-03-30 17:35:35,159] {logging_mixin.py:109} INFO - [2022-03-30 17:35:35,158] {dagbag.py:500} INFO - Filling up the DagBag from /home/airflow/.local/lib/python3.7/site-packages/airflow/example_dags/example_short_circuit_operator.py
[2022-03-30 17:35:35,345] {processor.py:654} INFO - DAG(s) dict_keys(['example_short_circuit_operator']) retrieved from /home/airflow/.local/lib/python3.7/site-packages/airflow/example_dags/example_short_circuit_operator.py
[2022-03-30 17:35:35,383] {logging_mixin.py:109} INFO - [2022-03-30 17:35:35,382] {dag.py:2398} INFO - Sync 1 DAGs
[2022-03-30 17:35:35,439] {logging_mixin.py:109} INFO - [2022-03-30 17:35:35,438] {dag.py:2937} INFO - Setting next_dagrun for example_short_circuit_operator to 2022-03-29T17:35:35.436924+00:00
[2022-03-30 17:35:35,466] {processor.py:171} INFO - Processing /home/airflow/.local/lib/python3.7/site-packages/airflow/example_dags/example_short_circuit_operator.py took 0.321 seconds
[2022-03-30 17:36:05,772] {processor.py:163} INFO - Started process (PID=3919) to work on /home/airflow/.local/lib/python3.7/site-packages/airflow/example_dags/example_short_circuit_operator.py
[2022-03-30 17:36:05,776] {processor.py:642} INFO - Processing file /home/airflow/.local/lib/python3.7/site-packages/airflow/example_dags/example_short_circuit_operator.py for tasks to queue
[2022-03-30 17:36:05,779] {logging_mixin.py:109} INFO - [2022-03-30 17:36:05,778] {dagbag.py:500} INFO - Filling up the DagBag from /home/airflow/.local/lib/python3.7/site-packages/airflow/example_dags/example_short_circuit_operator.py
[2022-03-30 17:36:05,967] {processor.py:654} INFO - DAG(s) dict_keys(['example_short_circuit_operator']) retrieved from /home/airflow/.local/lib/python3.7/site-packages/airflow/example_dags/example_short_circuit_operator.py
[2022-03-30 17:36:06,000] {logging_mixin.py:109} INFO - [2022-03-30 17:36:05,999] {dag.py:2398} INFO - Sync 1 DAGs
[2022-03-30 17:36:06,046] {logging_mixin.py:109} INFO - [2022-03-30 17:36:06,046] {dag.py:2937} INFO - Setting next_dagrun for example_short_circuit_operator to 2022-03-29T17:36:06.044750+00:00
[2022-03-30 17:36:06,069] {processor.py:171} INFO - Processing /home/airflow/.local/lib/python3.7/site-packages/airflow/example_dags/example_short_circuit_operator.py took 0.303 seconds
[2022-03-30 17:36:37,012] {processor.py:163} INFO - Started process (PID=4151) to work on /home/airflow/.local/lib/python3.7/site-packages/airflow/example_dags/example_short_circuit_operator.py
[2022-03-30 17:36:37,016] {processor.py:642} INFO - Processing file /home/airflow/.local/lib/python3.7/site-packages/airflow/example_dags/example_short_circuit_operator.py for tasks to queue
[2022-03-30 17:36:37,021] {logging_mixin.py:109} INFO - [2022-03-30 17:36:37,020] {dagbag.py:500} INFO - Filling up the DagBag from /home/airflow/.local/lib/python3.7/site-packages/airflow/example_dags/example_short_circuit_operator.py
[2022-03-30 17:36:37,210] {processor.py:654} INFO - DAG(s) dict_keys(['example_short_circuit_operator']) retrieved from /home/airflow/.local/lib/python3.7/site-packages/airflow/example_dags/example_short_circuit_operator.py
[2022-03-30 17:36:37,248] {logging_mixin.py:109} INFO - [2022-03-30 17:36:37,248] {dag.py:2398} INFO - Sync 1 DAGs
[2022-03-30 17:36:37,306] {logging_mixin.py:109} INFO - [2022-03-30 17:36:37,305] {dag.py:2937} INFO - Setting next_dagrun for example_short_circuit_operator to 2022-03-29T17:36:37.304130+00:00
[2022-03-30 17:36:37,334] {processor.py:171} INFO - Processing /home/airflow/.local/lib/python3.7/site-packages/airflow/example_dags/example_short_circuit_operator.py took 0.328 seconds
[2022-03-30 17:37:07,754] {processor.py:163} INFO - Started process (PID=4366) to work on /home/airflow/.local/lib/python3.7/site-packages/airflow/example_dags/example_short_circuit_operator.py
[2022-03-30 17:37:07,757] {processor.py:642} INFO - Processing file /home/airflow/.local/lib/python3.7/site-packages/airflow/example_dags/example_short_circuit_operator.py for tasks to queue
[2022-03-30 17:37:07,760] {logging_mixin.py:109} INFO - [2022-03-30 17:37:07,759] {dagbag.py:500} INFO - Filling up the DagBag from /home/airflow/.local/lib/python3.7/site-packages/airflow/example_dags/example_short_circuit_operator.py
[2022-03-30 17:37:07,923] {processor.py:654} INFO - DAG(s) dict_keys(['example_short_circuit_operator']) retrieved from /home/airflow/.local/lib/python3.7/site-packages/airflow/example_dags/example_short_circuit_operator.py
[2022-03-30 17:37:07,955] {logging_mixin.py:109} INFO - [2022-03-30 17:37:07,955] {dag.py:2398} INFO - Sync 1 DAGs
[2022-03-30 17:37:08,000] {logging_mixin.py:109} INFO - [2022-03-30 17:37:08,000] {dag.py:2937} INFO - Setting next_dagrun for example_short_circuit_operator to 2022-03-29T17:37:07.999192+00:00
[2022-03-30 17:37:08,021] {processor.py:171} INFO - Processing /home/airflow/.local/lib/python3.7/site-packages/airflow/example_dags/example_short_circuit_operator.py took 0.274 seconds
[2022-03-30 17:37:38,416] {processor.py:163} INFO - Started process (PID=4597) to work on /home/airflow/.local/lib/python3.7/site-packages/airflow/example_dags/example_short_circuit_operator.py
[2022-03-30 17:37:38,420] {processor.py:642} INFO - Processing file /home/airflow/.local/lib/python3.7/site-packages/airflow/example_dags/example_short_circuit_operator.py for tasks to queue
[2022-03-30 17:37:38,422] {logging_mixin.py:109} INFO - [2022-03-30 17:37:38,422] {dagbag.py:500} INFO - Filling up the DagBag from /home/airflow/.local/lib/python3.7/site-packages/airflow/example_dags/example_short_circuit_operator.py
[2022-03-30 17:37:38,602] {processor.py:654} INFO - DAG(s) dict_keys(['example_short_circuit_operator']) retrieved from /home/airflow/.local/lib/python3.7/site-packages/airflow/example_dags/example_short_circuit_operator.py
[2022-03-30 17:37:38,637] {logging_mixin.py:109} INFO - [2022-03-30 17:37:38,637] {dag.py:2398} INFO - Sync 1 DAGs
[2022-03-30 17:37:38,687] {logging_mixin.py:109} INFO - [2022-03-30 17:37:38,687] {dag.py:2937} INFO - Setting next_dagrun for example_short_circuit_operator to 2022-03-29T17:37:38.685796+00:00
[2022-03-30 17:37:38,712] {processor.py:171} INFO - Processing /home/airflow/.local/lib/python3.7/site-packages/airflow/example_dags/example_short_circuit_operator.py took 0.302 seconds
[2022-03-30 17:38:09,199] {processor.py:163} INFO - Started process (PID=4814) to work on /home/airflow/.local/lib/python3.7/site-packages/airflow/example_dags/example_short_circuit_operator.py
[2022-03-30 17:38:09,203] {processor.py:642} INFO - Processing file /home/airflow/.local/lib/python3.7/site-packages/airflow/example_dags/example_short_circuit_operator.py for tasks to queue
[2022-03-30 17:38:09,207] {logging_mixin.py:109} INFO - [2022-03-30 17:38:09,207] {dagbag.py:500} INFO - Filling up the DagBag from /home/airflow/.local/lib/python3.7/site-packages/airflow/example_dags/example_short_circuit_operator.py
[2022-03-30 17:38:09,387] {processor.py:654} INFO - DAG(s) dict_keys(['example_short_circuit_operator']) retrieved from /home/airflow/.local/lib/python3.7/site-packages/airflow/example_dags/example_short_circuit_operator.py
[2022-03-30 17:38:09,424] {logging_mixin.py:109} INFO - [2022-03-30 17:38:09,424] {dag.py:2398} INFO - Sync 1 DAGs
[2022-03-30 17:38:09,481] {logging_mixin.py:109} INFO - [2022-03-30 17:38:09,481] {dag.py:2937} INFO - Setting next_dagrun for example_short_circuit_operator to 2022-03-29T17:38:09.479899+00:00
[2022-03-30 17:38:09,508] {processor.py:171} INFO - Processing /home/airflow/.local/lib/python3.7/site-packages/airflow/example_dags/example_short_circuit_operator.py took 0.315 seconds
[2022-03-30 17:38:39,938] {processor.py:163} INFO - Started process (PID=5046) to work on /home/airflow/.local/lib/python3.7/site-packages/airflow/example_dags/example_short_circuit_operator.py
[2022-03-30 17:38:39,942] {processor.py:642} INFO - Processing file /home/airflow/.local/lib/python3.7/site-packages/airflow/example_dags/example_short_circuit_operator.py for tasks to queue
[2022-03-30 17:38:39,944] {logging_mixin.py:109} INFO - [2022-03-30 17:38:39,944] {dagbag.py:500} INFO - Filling up the DagBag from /home/airflow/.local/lib/python3.7/site-packages/airflow/example_dags/example_short_circuit_operator.py
[2022-03-30 17:38:40,115] {processor.py:654} INFO - DAG(s) dict_keys(['example_short_circuit_operator']) retrieved from /home/airflow/.local/lib/python3.7/site-packages/airflow/example_dags/example_short_circuit_operator.py
[2022-03-30 17:38:40,153] {logging_mixin.py:109} INFO - [2022-03-30 17:38:40,153] {dag.py:2398} INFO - Sync 1 DAGs
[2022-03-30 17:38:40,204] {logging_mixin.py:109} INFO - [2022-03-30 17:38:40,204] {dag.py:2937} INFO - Setting next_dagrun for example_short_circuit_operator to 2022-03-29T17:38:40.202788+00:00
[2022-03-30 17:38:40,228] {processor.py:171} INFO - Processing /home/airflow/.local/lib/python3.7/site-packages/airflow/example_dags/example_short_circuit_operator.py took 0.297 seconds
[2022-03-30 17:39:10,444] {processor.py:163} INFO - Started process (PID=5259) to work on /home/airflow/.local/lib/python3.7/site-packages/airflow/example_dags/example_short_circuit_operator.py
[2022-03-30 17:39:10,448] {processor.py:642} INFO - Processing file /home/airflow/.local/lib/python3.7/site-packages/airflow/example_dags/example_short_circuit_operator.py for tasks to queue
[2022-03-30 17:39:10,451] {logging_mixin.py:109} INFO - [2022-03-30 17:39:10,451] {dagbag.py:500} INFO - Filling up the DagBag from /home/airflow/.local/lib/python3.7/site-packages/airflow/example_dags/example_short_circuit_operator.py
[2022-03-30 17:39:10,653] {processor.py:654} INFO - DAG(s) dict_keys(['example_short_circuit_operator']) retrieved from /home/airflow/.local/lib/python3.7/site-packages/airflow/example_dags/example_short_circuit_operator.py
[2022-03-30 17:39:10,688] {logging_mixin.py:109} INFO - [2022-03-30 17:39:10,688] {dag.py:2398} INFO - Sync 1 DAGs
[2022-03-30 17:39:10,739] {logging_mixin.py:109} INFO - [2022-03-30 17:39:10,738] {dag.py:2937} INFO - Setting next_dagrun for example_short_circuit_operator to 2022-03-29T17:39:10.737311+00:00
[2022-03-30 17:39:10,766] {processor.py:171} INFO - Processing /home/airflow/.local/lib/python3.7/site-packages/airflow/example_dags/example_short_circuit_operator.py took 0.332 seconds
[2022-03-30 17:39:41,440] {processor.py:163} INFO - Started process (PID=5487) to work on /home/airflow/.local/lib/python3.7/site-packages/airflow/example_dags/example_short_circuit_operator.py
[2022-03-30 17:39:41,443] {processor.py:642} INFO - Processing file /home/airflow/.local/lib/python3.7/site-packages/airflow/example_dags/example_short_circuit_operator.py for tasks to queue
[2022-03-30 17:39:41,445] {logging_mixin.py:109} INFO - [2022-03-30 17:39:41,445] {dagbag.py:500} INFO - Filling up the DagBag from /home/airflow/.local/lib/python3.7/site-packages/airflow/example_dags/example_short_circuit_operator.py
[2022-03-30 17:39:41,522] {processor.py:654} INFO - DAG(s) dict_keys(['example_short_circuit_operator']) retrieved from /home/airflow/.local/lib/python3.7/site-packages/airflow/example_dags/example_short_circuit_operator.py
[2022-03-30 17:39:41,560] {logging_mixin.py:109} INFO - [2022-03-30 17:39:41,559] {dag.py:2398} INFO - Sync 1 DAGs
[2022-03-30 17:39:41,616] {logging_mixin.py:109} INFO - [2022-03-30 17:39:41,615] {dag.py:2937} INFO - Setting next_dagrun for example_short_circuit_operator to 2022-03-29T17:39:41.614087+00:00
[2022-03-30 17:39:41,652] {processor.py:171} INFO - Processing /home/airflow/.local/lib/python3.7/site-packages/airflow/example_dags/example_short_circuit_operator.py took 0.219 seconds
[2022-03-30 17:40:11,982] {processor.py:163} INFO - Started process (PID=5704) to work on /home/airflow/.local/lib/python3.7/site-packages/airflow/example_dags/example_short_circuit_operator.py
[2022-03-30 17:40:11,988] {processor.py:642} INFO - Processing file /home/airflow/.local/lib/python3.7/site-packages/airflow/example_dags/example_short_circuit_operator.py for tasks to queue
[2022-03-30 17:40:11,991] {logging_mixin.py:109} INFO - [2022-03-30 17:40:11,991] {dagbag.py:500} INFO - Filling up the DagBag from /home/airflow/.local/lib/python3.7/site-packages/airflow/example_dags/example_short_circuit_operator.py
[2022-03-30 17:40:12,089] {processor.py:654} INFO - DAG(s) dict_keys(['example_short_circuit_operator']) retrieved from /home/airflow/.local/lib/python3.7/site-packages/airflow/example_dags/example_short_circuit_operator.py
[2022-03-30 17:40:12,132] {logging_mixin.py:109} INFO - [2022-03-30 17:40:12,132] {dag.py:2398} INFO - Sync 1 DAGs
[2022-03-30 17:40:12,189] {logging_mixin.py:109} INFO - [2022-03-30 17:40:12,189] {dag.py:2937} INFO - Setting next_dagrun for example_short_circuit_operator to 2022-03-29T17:40:12.187663+00:00
[2022-03-30 17:40:12,219] {processor.py:171} INFO - Processing /home/airflow/.local/lib/python3.7/site-packages/airflow/example_dags/example_short_circuit_operator.py took 0.244 seconds
[2022-03-30 17:40:42,778] {processor.py:163} INFO - Started process (PID=5934) to work on /home/airflow/.local/lib/python3.7/site-packages/airflow/example_dags/example_short_circuit_operator.py
[2022-03-30 17:40:42,783] {processor.py:642} INFO - Processing file /home/airflow/.local/lib/python3.7/site-packages/airflow/example_dags/example_short_circuit_operator.py for tasks to queue
[2022-03-30 17:40:42,786] {logging_mixin.py:109} INFO - [2022-03-30 17:40:42,786] {dagbag.py:500} INFO - Filling up the DagBag from /home/airflow/.local/lib/python3.7/site-packages/airflow/example_dags/example_short_circuit_operator.py
[2022-03-30 17:40:42,870] {processor.py:654} INFO - DAG(s) dict_keys(['example_short_circuit_operator']) retrieved from /home/airflow/.local/lib/python3.7/site-packages/airflow/example_dags/example_short_circuit_operator.py
[2022-03-30 17:40:42,906] {logging_mixin.py:109} INFO - [2022-03-30 17:40:42,906] {dag.py:2398} INFO - Sync 1 DAGs
[2022-03-30 17:40:42,957] {logging_mixin.py:109} INFO - [2022-03-30 17:40:42,956] {dag.py:2937} INFO - Setting next_dagrun for example_short_circuit_operator to 2022-03-29T17:40:42.955545+00:00
[2022-03-30 17:40:42,981] {processor.py:171} INFO - Processing /home/airflow/.local/lib/python3.7/site-packages/airflow/example_dags/example_short_circuit_operator.py took 0.210 seconds
[2022-03-30 17:41:13,590] {processor.py:163} INFO - Started process (PID=6162) to work on /home/airflow/.local/lib/python3.7/site-packages/airflow/example_dags/example_short_circuit_operator.py
[2022-03-30 17:41:13,594] {processor.py:642} INFO - Processing file /home/airflow/.local/lib/python3.7/site-packages/airflow/example_dags/example_short_circuit_operator.py for tasks to queue
[2022-03-30 17:41:13,596] {logging_mixin.py:109} INFO - [2022-03-30 17:41:13,596] {dagbag.py:500} INFO - Filling up the DagBag from /home/airflow/.local/lib/python3.7/site-packages/airflow/example_dags/example_short_circuit_operator.py
[2022-03-30 17:41:13,670] {processor.py:654} INFO - DAG(s) dict_keys(['example_short_circuit_operator']) retrieved from /home/airflow/.local/lib/python3.7/site-packages/airflow/example_dags/example_short_circuit_operator.py
[2022-03-30 17:41:13,708] {logging_mixin.py:109} INFO - [2022-03-30 17:41:13,708] {dag.py:2398} INFO - Sync 1 DAGs
[2022-03-30 17:41:13,762] {logging_mixin.py:109} INFO - [2022-03-30 17:41:13,761] {dag.py:2937} INFO - Setting next_dagrun for example_short_circuit_operator to 2022-03-29T17:41:13.760443+00:00
[2022-03-30 17:41:13,787] {processor.py:171} INFO - Processing /home/airflow/.local/lib/python3.7/site-packages/airflow/example_dags/example_short_circuit_operator.py took 0.202 seconds
[2022-03-30 17:41:44,228] {processor.py:163} INFO - Started process (PID=6370) to work on /home/airflow/.local/lib/python3.7/site-packages/airflow/example_dags/example_short_circuit_operator.py
[2022-03-30 17:41:44,231] {processor.py:642} INFO - Processing file /home/airflow/.local/lib/python3.7/site-packages/airflow/example_dags/example_short_circuit_operator.py for tasks to queue
[2022-03-30 17:41:44,234] {logging_mixin.py:109} INFO - [2022-03-30 17:41:44,234] {dagbag.py:500} INFO - Filling up the DagBag from /home/airflow/.local/lib/python3.7/site-packages/airflow/example_dags/example_short_circuit_operator.py
[2022-03-30 17:41:44,304] {processor.py:654} INFO - DAG(s) dict_keys(['example_short_circuit_operator']) retrieved from /home/airflow/.local/lib/python3.7/site-packages/airflow/example_dags/example_short_circuit_operator.py
[2022-03-30 17:41:44,341] {logging_mixin.py:109} INFO - [2022-03-30 17:41:44,340] {dag.py:2398} INFO - Sync 1 DAGs
[2022-03-30 17:41:44,391] {logging_mixin.py:109} INFO - [2022-03-30 17:41:44,390] {dag.py:2937} INFO - Setting next_dagrun for example_short_circuit_operator to 2022-03-29T17:41:44.389398+00:00
[2022-03-30 17:41:44,415] {processor.py:171} INFO - Processing /home/airflow/.local/lib/python3.7/site-packages/airflow/example_dags/example_short_circuit_operator.py took 0.193 seconds
