[2022-03-30 17:28:55,353] {processor.py:163} INFO - Started process (PID=748) to work on /home/airflow/.local/lib/python3.7/site-packages/airflow/example_dags/example_branch_datetime_operator.py
[2022-03-30 17:28:55,359] {processor.py:642} INFO - Processing file /home/airflow/.local/lib/python3.7/site-packages/airflow/example_dags/example_branch_datetime_operator.py for tasks to queue
[2022-03-30 17:28:55,362] {logging_mixin.py:109} INFO - [2022-03-30 17:28:55,362] {dagbag.py:500} INFO - Filling up the DagBag from /home/airflow/.local/lib/python3.7/site-packages/airflow/example_dags/example_branch_datetime_operator.py
[2022-03-30 17:28:55,475] {processor.py:654} INFO - DAG(s) dict_keys(['example_branch_datetime_operator_2']) retrieved from /home/airflow/.local/lib/python3.7/site-packages/airflow/example_dags/example_branch_datetime_operator.py
[2022-03-30 17:29:04,560] {logging_mixin.py:109} INFO - [2022-03-30 17:29:04,560] {manager.py:496} INFO - Created Permission View: can read on DAG:example_branch_datetime_operator_2
[2022-03-30 17:29:04,592] {logging_mixin.py:109} INFO - [2022-03-30 17:29:04,592] {manager.py:496} INFO - Created Permission View: can edit on DAG:example_branch_datetime_operator_2
[2022-03-30 17:29:04,595] {logging_mixin.py:109} INFO - [2022-03-30 17:29:04,594] {dag.py:2398} INFO - Sync 1 DAGs
[2022-03-30 17:29:04,628] {logging_mixin.py:109} INFO - [2022-03-30 17:29:04,627] {dag.py:2417} INFO - Creating ORM DAG for example_branch_datetime_operator_2
[2022-03-30 17:29:04,680] {logging_mixin.py:109} INFO - [2022-03-30 17:29:04,680] {dag.py:2937} INFO - Setting next_dagrun for example_branch_datetime_operator_2 to 2022-03-29 00:00:00+00:00
[2022-03-30 17:29:04,722] {processor.py:171} INFO - Processing /home/airflow/.local/lib/python3.7/site-packages/airflow/example_dags/example_branch_datetime_operator.py took 9.377 seconds
[2022-03-30 17:29:36,352] {processor.py:163} INFO - Started process (PID=1111) to work on /home/airflow/.local/lib/python3.7/site-packages/airflow/example_dags/example_branch_datetime_operator.py
[2022-03-30 17:29:36,356] {processor.py:642} INFO - Processing file /home/airflow/.local/lib/python3.7/site-packages/airflow/example_dags/example_branch_datetime_operator.py for tasks to queue
[2022-03-30 17:29:36,358] {logging_mixin.py:109} INFO - [2022-03-30 17:29:36,358] {dagbag.py:500} INFO - Filling up the DagBag from /home/airflow/.local/lib/python3.7/site-packages/airflow/example_dags/example_branch_datetime_operator.py
[2022-03-30 17:29:36,446] {processor.py:654} INFO - DAG(s) dict_keys(['example_branch_datetime_operator_2']) retrieved from /home/airflow/.local/lib/python3.7/site-packages/airflow/example_dags/example_branch_datetime_operator.py
[2022-03-30 17:29:36,497] {logging_mixin.py:109} INFO - [2022-03-30 17:29:36,497] {dag.py:2398} INFO - Sync 1 DAGs
[2022-03-30 17:29:36,593] {logging_mixin.py:109} INFO - [2022-03-30 17:29:36,592] {dag.py:2937} INFO - Setting next_dagrun for example_branch_datetime_operator_2 to 2022-03-29 00:00:00+00:00
[2022-03-30 17:29:36,621] {processor.py:171} INFO - Processing /home/airflow/.local/lib/python3.7/site-packages/airflow/example_dags/example_branch_datetime_operator.py took 0.275 seconds
[2022-03-30 17:30:07,570] {processor.py:163} INFO - Started process (PID=1340) to work on /home/airflow/.local/lib/python3.7/site-packages/airflow/example_dags/example_branch_datetime_operator.py
[2022-03-30 17:30:07,573] {processor.py:642} INFO - Processing file /home/airflow/.local/lib/python3.7/site-packages/airflow/example_dags/example_branch_datetime_operator.py for tasks to queue
[2022-03-30 17:30:07,575] {logging_mixin.py:109} INFO - [2022-03-30 17:30:07,575] {dagbag.py:500} INFO - Filling up the DagBag from /home/airflow/.local/lib/python3.7/site-packages/airflow/example_dags/example_branch_datetime_operator.py
[2022-03-30 17:30:07,646] {processor.py:654} INFO - DAG(s) dict_keys(['example_branch_datetime_operator_2']) retrieved from /home/airflow/.local/lib/python3.7/site-packages/airflow/example_dags/example_branch_datetime_operator.py
[2022-03-30 17:30:07,677] {logging_mixin.py:109} INFO - [2022-03-30 17:30:07,677] {dag.py:2398} INFO - Sync 1 DAGs
[2022-03-30 17:30:07,743] {logging_mixin.py:109} INFO - [2022-03-30 17:30:07,743] {dag.py:2937} INFO - Setting next_dagrun for example_branch_datetime_operator_2 to 2022-03-29 00:00:00+00:00
[2022-03-30 17:30:07,768] {processor.py:171} INFO - Processing /home/airflow/.local/lib/python3.7/site-packages/airflow/example_dags/example_branch_datetime_operator.py took 0.204 seconds
[2022-03-30 17:30:39,040] {processor.py:163} INFO - Started process (PID=1583) to work on /home/airflow/.local/lib/python3.7/site-packages/airflow/example_dags/example_branch_datetime_operator.py
[2022-03-30 17:30:39,046] {processor.py:642} INFO - Processing file /home/airflow/.local/lib/python3.7/site-packages/airflow/example_dags/example_branch_datetime_operator.py for tasks to queue
[2022-03-30 17:30:39,052] {logging_mixin.py:109} INFO - [2022-03-30 17:30:39,052] {dagbag.py:500} INFO - Filling up the DagBag from /home/airflow/.local/lib/python3.7/site-packages/airflow/example_dags/example_branch_datetime_operator.py
[2022-03-30 17:30:39,138] {processor.py:654} INFO - DAG(s) dict_keys(['example_branch_datetime_operator_2']) retrieved from /home/airflow/.local/lib/python3.7/site-packages/airflow/example_dags/example_branch_datetime_operator.py
[2022-03-30 17:30:39,170] {logging_mixin.py:109} INFO - [2022-03-30 17:30:39,169] {dag.py:2398} INFO - Sync 1 DAGs
[2022-03-30 17:30:39,233] {logging_mixin.py:109} INFO - [2022-03-30 17:30:39,232] {dag.py:2937} INFO - Setting next_dagrun for example_branch_datetime_operator_2 to 2022-03-29 00:00:00+00:00
[2022-03-30 17:30:39,255] {processor.py:171} INFO - Processing /home/airflow/.local/lib/python3.7/site-packages/airflow/example_dags/example_branch_datetime_operator.py took 0.222 seconds
[2022-03-30 17:31:10,424] {processor.py:163} INFO - Started process (PID=1800) to work on /home/airflow/.local/lib/python3.7/site-packages/airflow/example_dags/example_branch_datetime_operator.py
[2022-03-30 17:31:10,428] {processor.py:642} INFO - Processing file /home/airflow/.local/lib/python3.7/site-packages/airflow/example_dags/example_branch_datetime_operator.py for tasks to queue
[2022-03-30 17:31:10,430] {logging_mixin.py:109} INFO - [2022-03-30 17:31:10,430] {dagbag.py:500} INFO - Filling up the DagBag from /home/airflow/.local/lib/python3.7/site-packages/airflow/example_dags/example_branch_datetime_operator.py
[2022-03-30 17:31:10,496] {processor.py:654} INFO - DAG(s) dict_keys(['example_branch_datetime_operator_2']) retrieved from /home/airflow/.local/lib/python3.7/site-packages/airflow/example_dags/example_branch_datetime_operator.py
[2022-03-30 17:31:10,523] {logging_mixin.py:109} INFO - [2022-03-30 17:31:10,523] {dag.py:2398} INFO - Sync 1 DAGs
[2022-03-30 17:31:10,578] {logging_mixin.py:109} INFO - [2022-03-30 17:31:10,578] {dag.py:2937} INFO - Setting next_dagrun for example_branch_datetime_operator_2 to 2022-03-29 00:00:00+00:00
[2022-03-30 17:31:10,600] {processor.py:171} INFO - Processing /home/airflow/.local/lib/python3.7/site-packages/airflow/example_dags/example_branch_datetime_operator.py took 0.181 seconds
[2022-03-30 17:31:41,977] {processor.py:163} INFO - Started process (PID=2032) to work on /home/airflow/.local/lib/python3.7/site-packages/airflow/example_dags/example_branch_datetime_operator.py
[2022-03-30 17:31:41,981] {processor.py:642} INFO - Processing file /home/airflow/.local/lib/python3.7/site-packages/airflow/example_dags/example_branch_datetime_operator.py for tasks to queue
[2022-03-30 17:31:41,983] {logging_mixin.py:109} INFO - [2022-03-30 17:31:41,983] {dagbag.py:500} INFO - Filling up the DagBag from /home/airflow/.local/lib/python3.7/site-packages/airflow/example_dags/example_branch_datetime_operator.py
[2022-03-30 17:31:42,064] {processor.py:654} INFO - DAG(s) dict_keys(['example_branch_datetime_operator_2']) retrieved from /home/airflow/.local/lib/python3.7/site-packages/airflow/example_dags/example_branch_datetime_operator.py
[2022-03-30 17:31:42,096] {logging_mixin.py:109} INFO - [2022-03-30 17:31:42,096] {dag.py:2398} INFO - Sync 1 DAGs
[2022-03-30 17:31:42,167] {logging_mixin.py:109} INFO - [2022-03-30 17:31:42,167] {dag.py:2937} INFO - Setting next_dagrun for example_branch_datetime_operator_2 to 2022-03-29 00:00:00+00:00
[2022-03-30 17:31:42,208] {processor.py:171} INFO - Processing /home/airflow/.local/lib/python3.7/site-packages/airflow/example_dags/example_branch_datetime_operator.py took 0.238 seconds
[2022-03-30 17:32:13,326] {processor.py:163} INFO - Started process (PID=2273) to work on /home/airflow/.local/lib/python3.7/site-packages/airflow/example_dags/example_branch_datetime_operator.py
[2022-03-30 17:32:13,331] {processor.py:642} INFO - Processing file /home/airflow/.local/lib/python3.7/site-packages/airflow/example_dags/example_branch_datetime_operator.py for tasks to queue
[2022-03-30 17:32:13,334] {logging_mixin.py:109} INFO - [2022-03-30 17:32:13,334] {dagbag.py:500} INFO - Filling up the DagBag from /home/airflow/.local/lib/python3.7/site-packages/airflow/example_dags/example_branch_datetime_operator.py
[2022-03-30 17:32:13,411] {processor.py:654} INFO - DAG(s) dict_keys(['example_branch_datetime_operator_2']) retrieved from /home/airflow/.local/lib/python3.7/site-packages/airflow/example_dags/example_branch_datetime_operator.py
[2022-03-30 17:32:13,442] {logging_mixin.py:109} INFO - [2022-03-30 17:32:13,442] {dag.py:2398} INFO - Sync 1 DAGs
[2022-03-30 17:32:13,507] {logging_mixin.py:109} INFO - [2022-03-30 17:32:13,506] {dag.py:2937} INFO - Setting next_dagrun for example_branch_datetime_operator_2 to 2022-03-29 00:00:00+00:00
[2022-03-30 17:32:13,530] {processor.py:171} INFO - Processing /home/airflow/.local/lib/python3.7/site-packages/airflow/example_dags/example_branch_datetime_operator.py took 0.210 seconds
[2022-03-30 17:32:44,379] {processor.py:163} INFO - Started process (PID=2492) to work on /home/airflow/.local/lib/python3.7/site-packages/airflow/example_dags/example_branch_datetime_operator.py
[2022-03-30 17:32:44,383] {processor.py:642} INFO - Processing file /home/airflow/.local/lib/python3.7/site-packages/airflow/example_dags/example_branch_datetime_operator.py for tasks to queue
[2022-03-30 17:32:44,386] {logging_mixin.py:109} INFO - [2022-03-30 17:32:44,386] {dagbag.py:500} INFO - Filling up the DagBag from /home/airflow/.local/lib/python3.7/site-packages/airflow/example_dags/example_branch_datetime_operator.py
[2022-03-30 17:32:44,467] {processor.py:654} INFO - DAG(s) dict_keys(['example_branch_datetime_operator_2']) retrieved from /home/airflow/.local/lib/python3.7/site-packages/airflow/example_dags/example_branch_datetime_operator.py
[2022-03-30 17:32:44,504] {logging_mixin.py:109} INFO - [2022-03-30 17:32:44,504] {dag.py:2398} INFO - Sync 1 DAGs
[2022-03-30 17:32:44,580] {logging_mixin.py:109} INFO - [2022-03-30 17:32:44,580] {dag.py:2937} INFO - Setting next_dagrun for example_branch_datetime_operator_2 to 2022-03-29 00:00:00+00:00
[2022-03-30 17:32:44,709] {processor.py:171} INFO - Processing /home/airflow/.local/lib/python3.7/site-packages/airflow/example_dags/example_branch_datetime_operator.py took 0.336 seconds
[2022-03-30 17:33:15,880] {processor.py:163} INFO - Started process (PID=2728) to work on /home/airflow/.local/lib/python3.7/site-packages/airflow/example_dags/example_branch_datetime_operator.py
[2022-03-30 17:33:15,884] {processor.py:642} INFO - Processing file /home/airflow/.local/lib/python3.7/site-packages/airflow/example_dags/example_branch_datetime_operator.py for tasks to queue
[2022-03-30 17:33:15,886] {logging_mixin.py:109} INFO - [2022-03-30 17:33:15,886] {dagbag.py:500} INFO - Filling up the DagBag from /home/airflow/.local/lib/python3.7/site-packages/airflow/example_dags/example_branch_datetime_operator.py
[2022-03-30 17:33:15,964] {processor.py:654} INFO - DAG(s) dict_keys(['example_branch_datetime_operator_2']) retrieved from /home/airflow/.local/lib/python3.7/site-packages/airflow/example_dags/example_branch_datetime_operator.py
[2022-03-30 17:33:17,037] {logging_mixin.py:109} INFO - [2022-03-30 17:33:17,037] {dag.py:2398} INFO - Sync 1 DAGs
[2022-03-30 17:33:17,073] {logging_mixin.py:109} INFO - [2022-03-30 17:33:17,072] {dag.py:2417} INFO - Creating ORM DAG for example_branch_datetime_operator_2
[2022-03-30 17:33:17,122] {logging_mixin.py:109} INFO - [2022-03-30 17:33:17,121] {dag.py:2937} INFO - Setting next_dagrun for example_branch_datetime_operator_2 to 2022-03-29 00:00:00+00:00
[2022-03-30 17:33:17,192] {processor.py:171} INFO - Processing /home/airflow/.local/lib/python3.7/site-packages/airflow/example_dags/example_branch_datetime_operator.py took 1.318 seconds
[2022-03-30 17:33:47,621] {processor.py:163} INFO - Started process (PID=2946) to work on /home/airflow/.local/lib/python3.7/site-packages/airflow/example_dags/example_branch_datetime_operator.py
[2022-03-30 17:33:47,625] {processor.py:642} INFO - Processing file /home/airflow/.local/lib/python3.7/site-packages/airflow/example_dags/example_branch_datetime_operator.py for tasks to queue
[2022-03-30 17:33:47,627] {logging_mixin.py:109} INFO - [2022-03-30 17:33:47,627] {dagbag.py:500} INFO - Filling up the DagBag from /home/airflow/.local/lib/python3.7/site-packages/airflow/example_dags/example_branch_datetime_operator.py
[2022-03-30 17:33:47,694] {processor.py:654} INFO - DAG(s) dict_keys(['example_branch_datetime_operator_2']) retrieved from /home/airflow/.local/lib/python3.7/site-packages/airflow/example_dags/example_branch_datetime_operator.py
[2022-03-30 17:33:47,721] {logging_mixin.py:109} INFO - [2022-03-30 17:33:47,721] {dag.py:2398} INFO - Sync 1 DAGs
[2022-03-30 17:33:47,870] {logging_mixin.py:109} INFO - [2022-03-30 17:33:47,870] {dag.py:2937} INFO - Setting next_dagrun for example_branch_datetime_operator_2 to 2022-03-29 00:00:00+00:00
[2022-03-30 17:33:47,891] {processor.py:171} INFO - Processing /home/airflow/.local/lib/python3.7/site-packages/airflow/example_dags/example_branch_datetime_operator.py took 0.275 seconds
[2022-03-30 17:34:19,348] {processor.py:163} INFO - Started process (PID=3182) to work on /home/airflow/.local/lib/python3.7/site-packages/airflow/example_dags/example_branch_datetime_operator.py
[2022-03-30 17:34:19,352] {processor.py:642} INFO - Processing file /home/airflow/.local/lib/python3.7/site-packages/airflow/example_dags/example_branch_datetime_operator.py for tasks to queue
[2022-03-30 17:34:19,354] {logging_mixin.py:109} INFO - [2022-03-30 17:34:19,354] {dagbag.py:500} INFO - Filling up the DagBag from /home/airflow/.local/lib/python3.7/site-packages/airflow/example_dags/example_branch_datetime_operator.py
[2022-03-30 17:34:19,431] {processor.py:654} INFO - DAG(s) dict_keys(['example_branch_datetime_operator_2']) retrieved from /home/airflow/.local/lib/python3.7/site-packages/airflow/example_dags/example_branch_datetime_operator.py
[2022-03-30 17:34:19,461] {logging_mixin.py:109} INFO - [2022-03-30 17:34:19,461] {dag.py:2398} INFO - Sync 1 DAGs
[2022-03-30 17:34:19,626] {logging_mixin.py:109} INFO - [2022-03-30 17:34:19,625] {dag.py:2937} INFO - Setting next_dagrun for example_branch_datetime_operator_2 to 2022-03-29 00:00:00+00:00
[2022-03-30 17:34:19,648] {processor.py:171} INFO - Processing /home/airflow/.local/lib/python3.7/site-packages/airflow/example_dags/example_branch_datetime_operator.py took 0.307 seconds
[2022-03-30 17:34:50,983] {processor.py:163} INFO - Started process (PID=3398) to work on /home/airflow/.local/lib/python3.7/site-packages/airflow/example_dags/example_branch_datetime_operator.py
[2022-03-30 17:34:50,987] {processor.py:642} INFO - Processing file /home/airflow/.local/lib/python3.7/site-packages/airflow/example_dags/example_branch_datetime_operator.py for tasks to queue
[2022-03-30 17:34:50,989] {logging_mixin.py:109} INFO - [2022-03-30 17:34:50,989] {dagbag.py:500} INFO - Filling up the DagBag from /home/airflow/.local/lib/python3.7/site-packages/airflow/example_dags/example_branch_datetime_operator.py
[2022-03-30 17:34:51,059] {processor.py:654} INFO - DAG(s) dict_keys(['example_branch_datetime_operator_2']) retrieved from /home/airflow/.local/lib/python3.7/site-packages/airflow/example_dags/example_branch_datetime_operator.py
[2022-03-30 17:34:51,088] {logging_mixin.py:109} INFO - [2022-03-30 17:34:51,087] {dag.py:2398} INFO - Sync 1 DAGs
[2022-03-30 17:34:51,239] {logging_mixin.py:109} INFO - [2022-03-30 17:34:51,239] {dag.py:2937} INFO - Setting next_dagrun for example_branch_datetime_operator_2 to 2022-03-29 00:00:00+00:00
[2022-03-30 17:34:51,261] {processor.py:171} INFO - Processing /home/airflow/.local/lib/python3.7/site-packages/airflow/example_dags/example_branch_datetime_operator.py took 0.284 seconds
[2022-03-30 17:35:22,927] {processor.py:163} INFO - Started process (PID=3633) to work on /home/airflow/.local/lib/python3.7/site-packages/airflow/example_dags/example_branch_datetime_operator.py
[2022-03-30 17:35:22,932] {processor.py:642} INFO - Processing file /home/airflow/.local/lib/python3.7/site-packages/airflow/example_dags/example_branch_datetime_operator.py for tasks to queue
[2022-03-30 17:35:22,935] {logging_mixin.py:109} INFO - [2022-03-30 17:35:22,934] {dagbag.py:500} INFO - Filling up the DagBag from /home/airflow/.local/lib/python3.7/site-packages/airflow/example_dags/example_branch_datetime_operator.py
[2022-03-30 17:35:23,035] {processor.py:654} INFO - DAG(s) dict_keys(['example_branch_datetime_operator_2']) retrieved from /home/airflow/.local/lib/python3.7/site-packages/airflow/example_dags/example_branch_datetime_operator.py
[2022-03-30 17:35:23,069] {logging_mixin.py:109} INFO - [2022-03-30 17:35:23,069] {dag.py:2398} INFO - Sync 1 DAGs
[2022-03-30 17:35:23,252] {logging_mixin.py:109} INFO - [2022-03-30 17:35:23,251] {dag.py:2937} INFO - Setting next_dagrun for example_branch_datetime_operator_2 to 2022-03-29 00:00:00+00:00
[2022-03-30 17:35:23,279] {processor.py:171} INFO - Processing /home/airflow/.local/lib/python3.7/site-packages/airflow/example_dags/example_branch_datetime_operator.py took 0.358 seconds
[2022-03-30 17:35:54,912] {processor.py:163} INFO - Started process (PID=3865) to work on /home/airflow/.local/lib/python3.7/site-packages/airflow/example_dags/example_branch_datetime_operator.py
[2022-03-30 17:35:54,916] {processor.py:642} INFO - Processing file /home/airflow/.local/lib/python3.7/site-packages/airflow/example_dags/example_branch_datetime_operator.py for tasks to queue
[2022-03-30 17:35:54,918] {logging_mixin.py:109} INFO - [2022-03-30 17:35:54,918] {dagbag.py:500} INFO - Filling up the DagBag from /home/airflow/.local/lib/python3.7/site-packages/airflow/example_dags/example_branch_datetime_operator.py
[2022-03-30 17:35:55,118] {processor.py:654} INFO - DAG(s) dict_keys(['example_branch_datetime_operator_2']) retrieved from /home/airflow/.local/lib/python3.7/site-packages/airflow/example_dags/example_branch_datetime_operator.py
[2022-03-30 17:35:55,150] {logging_mixin.py:109} INFO - [2022-03-30 17:35:55,150] {dag.py:2398} INFO - Sync 1 DAGs
[2022-03-30 17:35:55,215] {logging_mixin.py:109} INFO - [2022-03-30 17:35:55,215] {dag.py:2937} INFO - Setting next_dagrun for example_branch_datetime_operator_2 to 2022-03-29 00:00:00+00:00
[2022-03-30 17:35:55,242] {processor.py:171} INFO - Processing /home/airflow/.local/lib/python3.7/site-packages/airflow/example_dags/example_branch_datetime_operator.py took 0.337 seconds
[2022-03-30 17:36:26,827] {processor.py:163} INFO - Started process (PID=4083) to work on /home/airflow/.local/lib/python3.7/site-packages/airflow/example_dags/example_branch_datetime_operator.py
[2022-03-30 17:36:26,830] {processor.py:642} INFO - Processing file /home/airflow/.local/lib/python3.7/site-packages/airflow/example_dags/example_branch_datetime_operator.py for tasks to queue
[2022-03-30 17:36:26,832] {logging_mixin.py:109} INFO - [2022-03-30 17:36:26,832] {dagbag.py:500} INFO - Filling up the DagBag from /home/airflow/.local/lib/python3.7/site-packages/airflow/example_dags/example_branch_datetime_operator.py
[2022-03-30 17:36:27,006] {processor.py:654} INFO - DAG(s) dict_keys(['example_branch_datetime_operator_2']) retrieved from /home/airflow/.local/lib/python3.7/site-packages/airflow/example_dags/example_branch_datetime_operator.py
[2022-03-30 17:36:27,035] {logging_mixin.py:109} INFO - [2022-03-30 17:36:27,034] {dag.py:2398} INFO - Sync 1 DAGs
[2022-03-30 17:36:27,095] {logging_mixin.py:109} INFO - [2022-03-30 17:36:27,094] {dag.py:2937} INFO - Setting next_dagrun for example_branch_datetime_operator_2 to 2022-03-29 00:00:00+00:00
[2022-03-30 17:36:27,120] {processor.py:171} INFO - Processing /home/airflow/.local/lib/python3.7/site-packages/airflow/example_dags/example_branch_datetime_operator.py took 0.298 seconds
[2022-03-30 17:36:58,786] {processor.py:163} INFO - Started process (PID=4323) to work on /home/airflow/.local/lib/python3.7/site-packages/airflow/example_dags/example_branch_datetime_operator.py
[2022-03-30 17:36:58,790] {processor.py:642} INFO - Processing file /home/airflow/.local/lib/python3.7/site-packages/airflow/example_dags/example_branch_datetime_operator.py for tasks to queue
[2022-03-30 17:36:58,793] {logging_mixin.py:109} INFO - [2022-03-30 17:36:58,793] {dagbag.py:500} INFO - Filling up the DagBag from /home/airflow/.local/lib/python3.7/site-packages/airflow/example_dags/example_branch_datetime_operator.py
[2022-03-30 17:36:59,002] {processor.py:654} INFO - DAG(s) dict_keys(['example_branch_datetime_operator_2']) retrieved from /home/airflow/.local/lib/python3.7/site-packages/airflow/example_dags/example_branch_datetime_operator.py
[2022-03-30 17:36:59,039] {logging_mixin.py:109} INFO - [2022-03-30 17:36:59,038] {dag.py:2398} INFO - Sync 1 DAGs
[2022-03-30 17:36:59,110] {logging_mixin.py:109} INFO - [2022-03-30 17:36:59,109] {dag.py:2937} INFO - Setting next_dagrun for example_branch_datetime_operator_2 to 2022-03-29 00:00:00+00:00
[2022-03-30 17:36:59,150] {processor.py:171} INFO - Processing /home/airflow/.local/lib/python3.7/site-packages/airflow/example_dags/example_branch_datetime_operator.py took 0.370 seconds
[2022-03-30 17:37:30,800] {processor.py:163} INFO - Started process (PID=4538) to work on /home/airflow/.local/lib/python3.7/site-packages/airflow/example_dags/example_branch_datetime_operator.py
[2022-03-30 17:37:30,803] {processor.py:642} INFO - Processing file /home/airflow/.local/lib/python3.7/site-packages/airflow/example_dags/example_branch_datetime_operator.py for tasks to queue
[2022-03-30 17:37:30,806] {logging_mixin.py:109} INFO - [2022-03-30 17:37:30,806] {dagbag.py:500} INFO - Filling up the DagBag from /home/airflow/.local/lib/python3.7/site-packages/airflow/example_dags/example_branch_datetime_operator.py
[2022-03-30 17:37:30,982] {processor.py:654} INFO - DAG(s) dict_keys(['example_branch_datetime_operator_2']) retrieved from /home/airflow/.local/lib/python3.7/site-packages/airflow/example_dags/example_branch_datetime_operator.py
[2022-03-30 17:37:31,012] {logging_mixin.py:109} INFO - [2022-03-30 17:37:31,011] {dag.py:2398} INFO - Sync 1 DAGs
[2022-03-30 17:37:31,069] {logging_mixin.py:109} INFO - [2022-03-30 17:37:31,069] {dag.py:2937} INFO - Setting next_dagrun for example_branch_datetime_operator_2 to 2022-03-29 00:00:00+00:00
[2022-03-30 17:37:31,092] {processor.py:171} INFO - Processing /home/airflow/.local/lib/python3.7/site-packages/airflow/example_dags/example_branch_datetime_operator.py took 0.298 seconds
[2022-03-30 17:38:03,596] {processor.py:163} INFO - Started process (PID=4775) to work on /home/airflow/.local/lib/python3.7/site-packages/airflow/example_dags/example_branch_datetime_operator.py
[2022-03-30 17:38:03,603] {processor.py:642} INFO - Processing file /home/airflow/.local/lib/python3.7/site-packages/airflow/example_dags/example_branch_datetime_operator.py for tasks to queue
[2022-03-30 17:38:03,613] {logging_mixin.py:109} INFO - [2022-03-30 17:38:03,611] {dagbag.py:500} INFO - Filling up the DagBag from /home/airflow/.local/lib/python3.7/site-packages/airflow/example_dags/example_branch_datetime_operator.py
[2022-03-30 17:38:03,951] {processor.py:654} INFO - DAG(s) dict_keys(['example_branch_datetime_operator_2']) retrieved from /home/airflow/.local/lib/python3.7/site-packages/airflow/example_dags/example_branch_datetime_operator.py
[2022-03-30 17:38:03,995] {logging_mixin.py:109} INFO - [2022-03-30 17:38:03,995] {dag.py:2398} INFO - Sync 1 DAGs
[2022-03-30 17:38:04,081] {logging_mixin.py:109} INFO - [2022-03-30 17:38:04,080] {dag.py:2937} INFO - Setting next_dagrun for example_branch_datetime_operator_2 to 2022-03-29 00:00:00+00:00
[2022-03-30 17:38:04,112] {processor.py:171} INFO - Processing /home/airflow/.local/lib/python3.7/site-packages/airflow/example_dags/example_branch_datetime_operator.py took 0.531 seconds
[2022-03-30 17:38:34,967] {processor.py:163} INFO - Started process (PID=5001) to work on /home/airflow/.local/lib/python3.7/site-packages/airflow/example_dags/example_branch_datetime_operator.py
[2022-03-30 17:38:34,971] {processor.py:642} INFO - Processing file /home/airflow/.local/lib/python3.7/site-packages/airflow/example_dags/example_branch_datetime_operator.py for tasks to queue
[2022-03-30 17:38:34,973] {logging_mixin.py:109} INFO - [2022-03-30 17:38:34,973] {dagbag.py:500} INFO - Filling up the DagBag from /home/airflow/.local/lib/python3.7/site-packages/airflow/example_dags/example_branch_datetime_operator.py
[2022-03-30 17:38:35,158] {processor.py:654} INFO - DAG(s) dict_keys(['example_branch_datetime_operator_2']) retrieved from /home/airflow/.local/lib/python3.7/site-packages/airflow/example_dags/example_branch_datetime_operator.py
[2022-03-30 17:38:35,189] {logging_mixin.py:109} INFO - [2022-03-30 17:38:35,188] {dag.py:2398} INFO - Sync 1 DAGs
[2022-03-30 17:38:35,258] {logging_mixin.py:109} INFO - [2022-03-30 17:38:35,257] {dag.py:2937} INFO - Setting next_dagrun for example_branch_datetime_operator_2 to 2022-03-29 00:00:00+00:00
[2022-03-30 17:38:35,282] {processor.py:171} INFO - Processing /home/airflow/.local/lib/python3.7/site-packages/airflow/example_dags/example_branch_datetime_operator.py took 0.321 seconds
[2022-03-30 17:39:07,166] {processor.py:163} INFO - Started process (PID=5223) to work on /home/airflow/.local/lib/python3.7/site-packages/airflow/example_dags/example_branch_datetime_operator.py
[2022-03-30 17:39:07,170] {processor.py:642} INFO - Processing file /home/airflow/.local/lib/python3.7/site-packages/airflow/example_dags/example_branch_datetime_operator.py for tasks to queue
[2022-03-30 17:39:07,173] {logging_mixin.py:109} INFO - [2022-03-30 17:39:07,173] {dagbag.py:500} INFO - Filling up the DagBag from /home/airflow/.local/lib/python3.7/site-packages/airflow/example_dags/example_branch_datetime_operator.py
[2022-03-30 17:39:07,364] {processor.py:654} INFO - DAG(s) dict_keys(['example_branch_datetime_operator_2']) retrieved from /home/airflow/.local/lib/python3.7/site-packages/airflow/example_dags/example_branch_datetime_operator.py
[2022-03-30 17:39:07,397] {logging_mixin.py:109} INFO - [2022-03-30 17:39:07,396] {dag.py:2398} INFO - Sync 1 DAGs
[2022-03-30 17:39:07,474] {logging_mixin.py:109} INFO - [2022-03-30 17:39:07,474] {dag.py:2937} INFO - Setting next_dagrun for example_branch_datetime_operator_2 to 2022-03-29 00:00:00+00:00
[2022-03-30 17:39:07,507] {processor.py:171} INFO - Processing /home/airflow/.local/lib/python3.7/site-packages/airflow/example_dags/example_branch_datetime_operator.py took 0.347 seconds
[2022-03-30 17:39:37,914] {processor.py:163} INFO - Started process (PID=5449) to work on /home/airflow/.local/lib/python3.7/site-packages/airflow/example_dags/example_branch_datetime_operator.py
[2022-03-30 17:39:37,917] {processor.py:642} INFO - Processing file /home/airflow/.local/lib/python3.7/site-packages/airflow/example_dags/example_branch_datetime_operator.py for tasks to queue
[2022-03-30 17:39:37,920] {logging_mixin.py:109} INFO - [2022-03-30 17:39:37,920] {dagbag.py:500} INFO - Filling up the DagBag from /home/airflow/.local/lib/python3.7/site-packages/airflow/example_dags/example_branch_datetime_operator.py
[2022-03-30 17:39:38,006] {processor.py:654} INFO - DAG(s) dict_keys(['example_branch_datetime_operator_2']) retrieved from /home/airflow/.local/lib/python3.7/site-packages/airflow/example_dags/example_branch_datetime_operator.py
[2022-03-30 17:39:38,041] {logging_mixin.py:109} INFO - [2022-03-30 17:39:38,040] {dag.py:2398} INFO - Sync 1 DAGs
[2022-03-30 17:39:38,110] {logging_mixin.py:109} INFO - [2022-03-30 17:39:38,109] {dag.py:2937} INFO - Setting next_dagrun for example_branch_datetime_operator_2 to 2022-03-29 00:00:00+00:00
[2022-03-30 17:39:38,133] {processor.py:171} INFO - Processing /home/airflow/.local/lib/python3.7/site-packages/airflow/example_dags/example_branch_datetime_operator.py took 0.226 seconds
[2022-03-30 17:40:09,075] {processor.py:163} INFO - Started process (PID=5678) to work on /home/airflow/.local/lib/python3.7/site-packages/airflow/example_dags/example_branch_datetime_operator.py
[2022-03-30 17:40:09,078] {processor.py:642} INFO - Processing file /home/airflow/.local/lib/python3.7/site-packages/airflow/example_dags/example_branch_datetime_operator.py for tasks to queue
[2022-03-30 17:40:09,080] {logging_mixin.py:109} INFO - [2022-03-30 17:40:09,080] {dagbag.py:500} INFO - Filling up the DagBag from /home/airflow/.local/lib/python3.7/site-packages/airflow/example_dags/example_branch_datetime_operator.py
[2022-03-30 17:40:09,160] {processor.py:654} INFO - DAG(s) dict_keys(['example_branch_datetime_operator_2']) retrieved from /home/airflow/.local/lib/python3.7/site-packages/airflow/example_dags/example_branch_datetime_operator.py
[2022-03-30 17:40:09,189] {logging_mixin.py:109} INFO - [2022-03-30 17:40:09,189] {dag.py:2398} INFO - Sync 1 DAGs
[2022-03-30 17:40:09,248] {logging_mixin.py:109} INFO - [2022-03-30 17:40:09,248] {dag.py:2937} INFO - Setting next_dagrun for example_branch_datetime_operator_2 to 2022-03-29 00:00:00+00:00
[2022-03-30 17:40:09,271] {processor.py:171} INFO - Processing /home/airflow/.local/lib/python3.7/site-packages/airflow/example_dags/example_branch_datetime_operator.py took 0.202 seconds
[2022-03-30 17:40:40,061] {processor.py:163} INFO - Started process (PID=5896) to work on /home/airflow/.local/lib/python3.7/site-packages/airflow/example_dags/example_branch_datetime_operator.py
[2022-03-30 17:40:40,065] {processor.py:642} INFO - Processing file /home/airflow/.local/lib/python3.7/site-packages/airflow/example_dags/example_branch_datetime_operator.py for tasks to queue
[2022-03-30 17:40:40,067] {logging_mixin.py:109} INFO - [2022-03-30 17:40:40,067] {dagbag.py:500} INFO - Filling up the DagBag from /home/airflow/.local/lib/python3.7/site-packages/airflow/example_dags/example_branch_datetime_operator.py
[2022-03-30 17:40:40,142] {processor.py:654} INFO - DAG(s) dict_keys(['example_branch_datetime_operator_2']) retrieved from /home/airflow/.local/lib/python3.7/site-packages/airflow/example_dags/example_branch_datetime_operator.py
[2022-03-30 17:40:40,174] {logging_mixin.py:109} INFO - [2022-03-30 17:40:40,174] {dag.py:2398} INFO - Sync 1 DAGs
[2022-03-30 17:40:40,241] {logging_mixin.py:109} INFO - [2022-03-30 17:40:40,241] {dag.py:2937} INFO - Setting next_dagrun for example_branch_datetime_operator_2 to 2022-03-29 00:00:00+00:00
[2022-03-30 17:40:40,266] {processor.py:171} INFO - Processing /home/airflow/.local/lib/python3.7/site-packages/airflow/example_dags/example_branch_datetime_operator.py took 0.211 seconds
[2022-03-30 17:41:12,171] {processor.py:163} INFO - Started process (PID=6126) to work on /home/airflow/.local/lib/python3.7/site-packages/airflow/example_dags/example_branch_datetime_operator.py
[2022-03-30 17:41:12,176] {processor.py:642} INFO - Processing file /home/airflow/.local/lib/python3.7/site-packages/airflow/example_dags/example_branch_datetime_operator.py for tasks to queue
[2022-03-30 17:41:12,179] {logging_mixin.py:109} INFO - [2022-03-30 17:41:12,178] {dagbag.py:500} INFO - Filling up the DagBag from /home/airflow/.local/lib/python3.7/site-packages/airflow/example_dags/example_branch_datetime_operator.py
[2022-03-30 17:41:12,266] {processor.py:654} INFO - DAG(s) dict_keys(['example_branch_datetime_operator_2']) retrieved from /home/airflow/.local/lib/python3.7/site-packages/airflow/example_dags/example_branch_datetime_operator.py
[2022-03-30 17:41:12,305] {logging_mixin.py:109} INFO - [2022-03-30 17:41:12,305] {dag.py:2398} INFO - Sync 1 DAGs
[2022-03-30 17:41:12,385] {logging_mixin.py:109} INFO - [2022-03-30 17:41:12,385] {dag.py:2937} INFO - Setting next_dagrun for example_branch_datetime_operator_2 to 2022-03-29 00:00:00+00:00
[2022-03-30 17:41:12,422] {processor.py:171} INFO - Processing /home/airflow/.local/lib/python3.7/site-packages/airflow/example_dags/example_branch_datetime_operator.py took 0.258 seconds
[2022-03-30 17:41:43,900] {processor.py:163} INFO - Started process (PID=6351) to work on /home/airflow/.local/lib/python3.7/site-packages/airflow/example_dags/example_branch_datetime_operator.py
[2022-03-30 17:41:43,903] {processor.py:642} INFO - Processing file /home/airflow/.local/lib/python3.7/site-packages/airflow/example_dags/example_branch_datetime_operator.py for tasks to queue
[2022-03-30 17:41:43,905] {logging_mixin.py:109} INFO - [2022-03-30 17:41:43,905] {dagbag.py:500} INFO - Filling up the DagBag from /home/airflow/.local/lib/python3.7/site-packages/airflow/example_dags/example_branch_datetime_operator.py
[2022-03-30 17:41:43,976] {processor.py:654} INFO - DAG(s) dict_keys(['example_branch_datetime_operator_2']) retrieved from /home/airflow/.local/lib/python3.7/site-packages/airflow/example_dags/example_branch_datetime_operator.py
[2022-03-30 17:41:44,006] {logging_mixin.py:109} INFO - [2022-03-30 17:41:44,006] {dag.py:2398} INFO - Sync 1 DAGs
[2022-03-30 17:41:44,068] {logging_mixin.py:109} INFO - [2022-03-30 17:41:44,068] {dag.py:2937} INFO - Setting next_dagrun for example_branch_datetime_operator_2 to 2022-03-29 00:00:00+00:00
[2022-03-30 17:41:44,097] {processor.py:171} INFO - Processing /home/airflow/.local/lib/python3.7/site-packages/airflow/example_dags/example_branch_datetime_operator.py took 0.203 seconds
