[2022-03-30 17:27:38,740] {processor.py:163} INFO - Started process (PID=517) to work on /home/airflow/.local/lib/python3.7/site-packages/airflow/example_dags/example_skip_dag.py
[2022-03-30 17:27:38,744] {processor.py:642} INFO - Processing file /home/airflow/.local/lib/python3.7/site-packages/airflow/example_dags/example_skip_dag.py for tasks to queue
[2022-03-30 17:27:38,747] {logging_mixin.py:109} INFO - [2022-03-30 17:27:38,746] {dagbag.py:500} INFO - Filling up the DagBag from /home/airflow/.local/lib/python3.7/site-packages/airflow/example_dags/example_skip_dag.py
[2022-03-30 17:27:38,839] {processor.py:654} INFO - DAG(s) dict_keys(['example_skip_dag']) retrieved from /home/airflow/.local/lib/python3.7/site-packages/airflow/example_dags/example_skip_dag.py
[2022-03-30 17:27:48,509] {logging_mixin.py:109} INFO - [2022-03-30 17:27:48,508] {manager.py:496} INFO - Created Permission View: can read on DAG:example_skip_dag
[2022-03-30 17:27:48,534] {logging_mixin.py:109} INFO - [2022-03-30 17:27:48,534] {manager.py:496} INFO - Created Permission View: can edit on DAG:example_skip_dag
[2022-03-30 17:27:48,537] {logging_mixin.py:109} INFO - [2022-03-30 17:27:48,536] {dag.py:2398} INFO - Sync 1 DAGs
[2022-03-30 17:27:48,565] {logging_mixin.py:109} INFO - [2022-03-30 17:27:48,564] {dag.py:2417} INFO - Creating ORM DAG for example_skip_dag
[2022-03-30 17:27:48,598] {logging_mixin.py:109} INFO - [2022-03-30 17:27:48,598] {dag.py:2937} INFO - Setting next_dagrun for example_skip_dag to 2022-03-29T17:27:48.596788+00:00
[2022-03-30 17:27:48,636] {processor.py:171} INFO - Processing /home/airflow/.local/lib/python3.7/site-packages/airflow/example_dags/example_skip_dag.py took 9.904 seconds
[2022-03-30 17:29:04,594] {processor.py:163} INFO - Started process (PID=854) to work on /home/airflow/.local/lib/python3.7/site-packages/airflow/example_dags/example_skip_dag.py
[2022-03-30 17:29:04,599] {processor.py:642} INFO - Processing file /home/airflow/.local/lib/python3.7/site-packages/airflow/example_dags/example_skip_dag.py for tasks to queue
[2022-03-30 17:29:04,601] {logging_mixin.py:109} INFO - [2022-03-30 17:29:04,601] {dagbag.py:500} INFO - Filling up the DagBag from /home/airflow/.local/lib/python3.7/site-packages/airflow/example_dags/example_skip_dag.py
[2022-03-30 17:29:04,686] {processor.py:654} INFO - DAG(s) dict_keys(['example_skip_dag']) retrieved from /home/airflow/.local/lib/python3.7/site-packages/airflow/example_dags/example_skip_dag.py
[2022-03-30 17:29:04,733] {logging_mixin.py:109} INFO - [2022-03-30 17:29:04,733] {dag.py:2398} INFO - Sync 1 DAGs
[2022-03-30 17:29:04,810] {logging_mixin.py:109} INFO - [2022-03-30 17:29:04,809] {dag.py:2937} INFO - Setting next_dagrun for example_skip_dag to 2022-03-29T17:29:04.807904+00:00
[2022-03-30 17:29:04,839] {processor.py:171} INFO - Processing /home/airflow/.local/lib/python3.7/site-packages/airflow/example_dags/example_skip_dag.py took 0.252 seconds
[2022-03-30 17:29:35,614] {processor.py:163} INFO - Started process (PID=1081) to work on /home/airflow/.local/lib/python3.7/site-packages/airflow/example_dags/example_skip_dag.py
[2022-03-30 17:29:35,618] {processor.py:642} INFO - Processing file /home/airflow/.local/lib/python3.7/site-packages/airflow/example_dags/example_skip_dag.py for tasks to queue
[2022-03-30 17:29:35,621] {logging_mixin.py:109} INFO - [2022-03-30 17:29:35,620] {dagbag.py:500} INFO - Filling up the DagBag from /home/airflow/.local/lib/python3.7/site-packages/airflow/example_dags/example_skip_dag.py
[2022-03-30 17:29:35,694] {processor.py:654} INFO - DAG(s) dict_keys(['example_skip_dag']) retrieved from /home/airflow/.local/lib/python3.7/site-packages/airflow/example_dags/example_skip_dag.py
[2022-03-30 17:29:35,736] {logging_mixin.py:109} INFO - [2022-03-30 17:29:35,736] {dag.py:2398} INFO - Sync 1 DAGs
[2022-03-30 17:29:35,797] {logging_mixin.py:109} INFO - [2022-03-30 17:29:35,797] {dag.py:2937} INFO - Setting next_dagrun for example_skip_dag to 2022-03-29T17:29:35.795945+00:00
[2022-03-30 17:29:35,829] {processor.py:171} INFO - Processing /home/airflow/.local/lib/python3.7/site-packages/airflow/example_dags/example_skip_dag.py took 0.221 seconds
[2022-03-30 17:30:06,167] {processor.py:163} INFO - Started process (PID=1298) to work on /home/airflow/.local/lib/python3.7/site-packages/airflow/example_dags/example_skip_dag.py
[2022-03-30 17:30:06,171] {processor.py:642} INFO - Processing file /home/airflow/.local/lib/python3.7/site-packages/airflow/example_dags/example_skip_dag.py for tasks to queue
[2022-03-30 17:30:06,174] {logging_mixin.py:109} INFO - [2022-03-30 17:30:06,173] {dagbag.py:500} INFO - Filling up the DagBag from /home/airflow/.local/lib/python3.7/site-packages/airflow/example_dags/example_skip_dag.py
[2022-03-30 17:30:06,240] {processor.py:654} INFO - DAG(s) dict_keys(['example_skip_dag']) retrieved from /home/airflow/.local/lib/python3.7/site-packages/airflow/example_dags/example_skip_dag.py
[2022-03-30 17:30:06,278] {logging_mixin.py:109} INFO - [2022-03-30 17:30:06,278] {dag.py:2398} INFO - Sync 1 DAGs
[2022-03-30 17:30:06,333] {logging_mixin.py:109} INFO - [2022-03-30 17:30:06,332] {dag.py:2937} INFO - Setting next_dagrun for example_skip_dag to 2022-03-29T17:30:06.331271+00:00
[2022-03-30 17:30:06,358] {processor.py:171} INFO - Processing /home/airflow/.local/lib/python3.7/site-packages/airflow/example_dags/example_skip_dag.py took 0.197 seconds
[2022-03-30 17:30:36,544] {processor.py:163} INFO - Started process (PID=1521) to work on /home/airflow/.local/lib/python3.7/site-packages/airflow/example_dags/example_skip_dag.py
[2022-03-30 17:30:36,548] {processor.py:642} INFO - Processing file /home/airflow/.local/lib/python3.7/site-packages/airflow/example_dags/example_skip_dag.py for tasks to queue
[2022-03-30 17:30:36,550] {logging_mixin.py:109} INFO - [2022-03-30 17:30:36,550] {dagbag.py:500} INFO - Filling up the DagBag from /home/airflow/.local/lib/python3.7/site-packages/airflow/example_dags/example_skip_dag.py
[2022-03-30 17:30:36,624] {processor.py:654} INFO - DAG(s) dict_keys(['example_skip_dag']) retrieved from /home/airflow/.local/lib/python3.7/site-packages/airflow/example_dags/example_skip_dag.py
[2022-03-30 17:30:36,663] {logging_mixin.py:109} INFO - [2022-03-30 17:30:36,663] {dag.py:2398} INFO - Sync 1 DAGs
[2022-03-30 17:30:36,718] {logging_mixin.py:109} INFO - [2022-03-30 17:30:36,717] {dag.py:2937} INFO - Setting next_dagrun for example_skip_dag to 2022-03-29T17:30:36.716496+00:00
[2022-03-30 17:30:36,745] {processor.py:171} INFO - Processing /home/airflow/.local/lib/python3.7/site-packages/airflow/example_dags/example_skip_dag.py took 0.208 seconds
[2022-03-30 17:31:07,158] {processor.py:163} INFO - Started process (PID=1734) to work on /home/airflow/.local/lib/python3.7/site-packages/airflow/example_dags/example_skip_dag.py
[2022-03-30 17:31:07,163] {processor.py:642} INFO - Processing file /home/airflow/.local/lib/python3.7/site-packages/airflow/example_dags/example_skip_dag.py for tasks to queue
[2022-03-30 17:31:07,166] {logging_mixin.py:109} INFO - [2022-03-30 17:31:07,165] {dagbag.py:500} INFO - Filling up the DagBag from /home/airflow/.local/lib/python3.7/site-packages/airflow/example_dags/example_skip_dag.py
[2022-03-30 17:31:07,241] {processor.py:654} INFO - DAG(s) dict_keys(['example_skip_dag']) retrieved from /home/airflow/.local/lib/python3.7/site-packages/airflow/example_dags/example_skip_dag.py
[2022-03-30 17:31:07,279] {logging_mixin.py:109} INFO - [2022-03-30 17:31:07,278] {dag.py:2398} INFO - Sync 1 DAGs
[2022-03-30 17:31:07,328] {logging_mixin.py:109} INFO - [2022-03-30 17:31:07,328] {dag.py:2937} INFO - Setting next_dagrun for example_skip_dag to 2022-03-29T17:31:07.327184+00:00
[2022-03-30 17:31:07,352] {processor.py:171} INFO - Processing /home/airflow/.local/lib/python3.7/site-packages/airflow/example_dags/example_skip_dag.py took 0.204 seconds
[2022-03-30 17:31:38,142] {processor.py:163} INFO - Started process (PID=1968) to work on /home/airflow/.local/lib/python3.7/site-packages/airflow/example_dags/example_skip_dag.py
[2022-03-30 17:31:38,146] {processor.py:642} INFO - Processing file /home/airflow/.local/lib/python3.7/site-packages/airflow/example_dags/example_skip_dag.py for tasks to queue
[2022-03-30 17:31:38,149] {logging_mixin.py:109} INFO - [2022-03-30 17:31:38,148] {dagbag.py:500} INFO - Filling up the DagBag from /home/airflow/.local/lib/python3.7/site-packages/airflow/example_dags/example_skip_dag.py
[2022-03-30 17:31:38,219] {processor.py:654} INFO - DAG(s) dict_keys(['example_skip_dag']) retrieved from /home/airflow/.local/lib/python3.7/site-packages/airflow/example_dags/example_skip_dag.py
[2022-03-30 17:31:38,258] {logging_mixin.py:109} INFO - [2022-03-30 17:31:38,258] {dag.py:2398} INFO - Sync 1 DAGs
[2022-03-30 17:31:38,314] {logging_mixin.py:109} INFO - [2022-03-30 17:31:38,314] {dag.py:2937} INFO - Setting next_dagrun for example_skip_dag to 2022-03-29T17:31:38.312595+00:00
[2022-03-30 17:31:38,339] {processor.py:171} INFO - Processing /home/airflow/.local/lib/python3.7/site-packages/airflow/example_dags/example_skip_dag.py took 0.204 seconds
[2022-03-30 17:32:08,545] {processor.py:163} INFO - Started process (PID=2186) to work on /home/airflow/.local/lib/python3.7/site-packages/airflow/example_dags/example_skip_dag.py
[2022-03-30 17:32:08,549] {processor.py:642} INFO - Processing file /home/airflow/.local/lib/python3.7/site-packages/airflow/example_dags/example_skip_dag.py for tasks to queue
[2022-03-30 17:32:08,551] {logging_mixin.py:109} INFO - [2022-03-30 17:32:08,550] {dagbag.py:500} INFO - Filling up the DagBag from /home/airflow/.local/lib/python3.7/site-packages/airflow/example_dags/example_skip_dag.py
[2022-03-30 17:32:08,619] {processor.py:654} INFO - DAG(s) dict_keys(['example_skip_dag']) retrieved from /home/airflow/.local/lib/python3.7/site-packages/airflow/example_dags/example_skip_dag.py
[2022-03-30 17:32:08,654] {logging_mixin.py:109} INFO - [2022-03-30 17:32:08,654] {dag.py:2398} INFO - Sync 1 DAGs
[2022-03-30 17:32:08,705] {logging_mixin.py:109} INFO - [2022-03-30 17:32:08,705] {dag.py:2937} INFO - Setting next_dagrun for example_skip_dag to 2022-03-29T17:32:08.703807+00:00
[2022-03-30 17:32:08,729] {processor.py:171} INFO - Processing /home/airflow/.local/lib/python3.7/site-packages/airflow/example_dags/example_skip_dag.py took 0.190 seconds
[2022-03-30 17:32:39,187] {processor.py:163} INFO - Started process (PID=2418) to work on /home/airflow/.local/lib/python3.7/site-packages/airflow/example_dags/example_skip_dag.py
[2022-03-30 17:32:39,191] {processor.py:642} INFO - Processing file /home/airflow/.local/lib/python3.7/site-packages/airflow/example_dags/example_skip_dag.py for tasks to queue
[2022-03-30 17:32:39,193] {logging_mixin.py:109} INFO - [2022-03-30 17:32:39,193] {dagbag.py:500} INFO - Filling up the DagBag from /home/airflow/.local/lib/python3.7/site-packages/airflow/example_dags/example_skip_dag.py
[2022-03-30 17:32:39,265] {processor.py:654} INFO - DAG(s) dict_keys(['example_skip_dag']) retrieved from /home/airflow/.local/lib/python3.7/site-packages/airflow/example_dags/example_skip_dag.py
[2022-03-30 17:32:39,306] {logging_mixin.py:109} INFO - [2022-03-30 17:32:39,306] {dag.py:2398} INFO - Sync 1 DAGs
[2022-03-30 17:32:39,372] {logging_mixin.py:109} INFO - [2022-03-30 17:32:39,371] {dag.py:2937} INFO - Setting next_dagrun for example_skip_dag to 2022-03-29T17:32:39.369738+00:00
[2022-03-30 17:32:39,413] {processor.py:171} INFO - Processing /home/airflow/.local/lib/python3.7/site-packages/airflow/example_dags/example_skip_dag.py took 0.231 seconds
[2022-03-30 17:33:09,715] {processor.py:163} INFO - Started process (PID=2629) to work on /home/airflow/.local/lib/python3.7/site-packages/airflow/example_dags/example_skip_dag.py
[2022-03-30 17:33:09,721] {processor.py:642} INFO - Processing file /home/airflow/.local/lib/python3.7/site-packages/airflow/example_dags/example_skip_dag.py for tasks to queue
[2022-03-30 17:33:09,726] {logging_mixin.py:109} INFO - [2022-03-30 17:33:09,726] {dagbag.py:500} INFO - Filling up the DagBag from /home/airflow/.local/lib/python3.7/site-packages/airflow/example_dags/example_skip_dag.py
[2022-03-30 17:33:09,826] {processor.py:654} INFO - DAG(s) dict_keys(['example_skip_dag']) retrieved from /home/airflow/.local/lib/python3.7/site-packages/airflow/example_dags/example_skip_dag.py
[2022-03-30 17:33:09,876] {logging_mixin.py:109} INFO - [2022-03-30 17:33:09,875] {dag.py:2398} INFO - Sync 1 DAGs
[2022-03-30 17:33:10,084] {logging_mixin.py:109} INFO - [2022-03-30 17:33:10,079] {dag.py:2937} INFO - Setting next_dagrun for example_skip_dag to 2022-03-29T17:33:10.071135+00:00
[2022-03-30 17:33:10,375] {processor.py:171} INFO - Processing /home/airflow/.local/lib/python3.7/site-packages/airflow/example_dags/example_skip_dag.py took 0.670 seconds
[2022-03-30 17:33:41,111] {processor.py:163} INFO - Started process (PID=2866) to work on /home/airflow/.local/lib/python3.7/site-packages/airflow/example_dags/example_skip_dag.py
[2022-03-30 17:33:41,115] {processor.py:642} INFO - Processing file /home/airflow/.local/lib/python3.7/site-packages/airflow/example_dags/example_skip_dag.py for tasks to queue
[2022-03-30 17:33:41,118] {logging_mixin.py:109} INFO - [2022-03-30 17:33:41,117] {dagbag.py:500} INFO - Filling up the DagBag from /home/airflow/.local/lib/python3.7/site-packages/airflow/example_dags/example_skip_dag.py
[2022-03-30 17:33:41,192] {processor.py:654} INFO - DAG(s) dict_keys(['example_skip_dag']) retrieved from /home/airflow/.local/lib/python3.7/site-packages/airflow/example_dags/example_skip_dag.py
[2022-03-30 17:33:41,245] {logging_mixin.py:109} INFO - [2022-03-30 17:33:41,245] {dag.py:2398} INFO - Sync 1 DAGs
[2022-03-30 17:33:41,410] {logging_mixin.py:109} INFO - [2022-03-30 17:33:41,410] {dag.py:2937} INFO - Setting next_dagrun for example_skip_dag to 2022-03-29T17:33:41.408505+00:00
[2022-03-30 17:33:41,439] {processor.py:171} INFO - Processing /home/airflow/.local/lib/python3.7/site-packages/airflow/example_dags/example_skip_dag.py took 0.334 seconds
[2022-03-30 17:34:12,143] {processor.py:163} INFO - Started process (PID=3095) to work on /home/airflow/.local/lib/python3.7/site-packages/airflow/example_dags/example_skip_dag.py
[2022-03-30 17:34:12,149] {processor.py:642} INFO - Processing file /home/airflow/.local/lib/python3.7/site-packages/airflow/example_dags/example_skip_dag.py for tasks to queue
[2022-03-30 17:34:12,155] {logging_mixin.py:109} INFO - [2022-03-30 17:34:12,154] {dagbag.py:500} INFO - Filling up the DagBag from /home/airflow/.local/lib/python3.7/site-packages/airflow/example_dags/example_skip_dag.py
[2022-03-30 17:34:12,257] {processor.py:654} INFO - DAG(s) dict_keys(['example_skip_dag']) retrieved from /home/airflow/.local/lib/python3.7/site-packages/airflow/example_dags/example_skip_dag.py
[2022-03-30 17:34:12,309] {logging_mixin.py:109} INFO - [2022-03-30 17:34:12,309] {dag.py:2398} INFO - Sync 1 DAGs
[2022-03-30 17:34:12,502] {logging_mixin.py:109} INFO - [2022-03-30 17:34:12,501] {dag.py:2937} INFO - Setting next_dagrun for example_skip_dag to 2022-03-29T17:34:12.499919+00:00
[2022-03-30 17:34:12,532] {processor.py:171} INFO - Processing /home/airflow/.local/lib/python3.7/site-packages/airflow/example_dags/example_skip_dag.py took 0.401 seconds
[2022-03-30 17:34:42,618] {processor.py:163} INFO - Started process (PID=3312) to work on /home/airflow/.local/lib/python3.7/site-packages/airflow/example_dags/example_skip_dag.py
[2022-03-30 17:34:42,622] {processor.py:642} INFO - Processing file /home/airflow/.local/lib/python3.7/site-packages/airflow/example_dags/example_skip_dag.py for tasks to queue
[2022-03-30 17:34:42,625] {logging_mixin.py:109} INFO - [2022-03-30 17:34:42,624] {dagbag.py:500} INFO - Filling up the DagBag from /home/airflow/.local/lib/python3.7/site-packages/airflow/example_dags/example_skip_dag.py
[2022-03-30 17:34:42,703] {processor.py:654} INFO - DAG(s) dict_keys(['example_skip_dag']) retrieved from /home/airflow/.local/lib/python3.7/site-packages/airflow/example_dags/example_skip_dag.py
[2022-03-30 17:34:42,744] {logging_mixin.py:109} INFO - [2022-03-30 17:34:42,744] {dag.py:2398} INFO - Sync 1 DAGs
[2022-03-30 17:34:42,896] {logging_mixin.py:109} INFO - [2022-03-30 17:34:42,896] {dag.py:2937} INFO - Setting next_dagrun for example_skip_dag to 2022-03-29T17:34:42.894726+00:00
[2022-03-30 17:34:42,923] {processor.py:171} INFO - Processing /home/airflow/.local/lib/python3.7/site-packages/airflow/example_dags/example_skip_dag.py took 0.311 seconds
[2022-03-30 17:35:13,458] {processor.py:163} INFO - Started process (PID=3537) to work on /home/airflow/.local/lib/python3.7/site-packages/airflow/example_dags/example_skip_dag.py
[2022-03-30 17:35:13,464] {processor.py:642} INFO - Processing file /home/airflow/.local/lib/python3.7/site-packages/airflow/example_dags/example_skip_dag.py for tasks to queue
[2022-03-30 17:35:13,468] {logging_mixin.py:109} INFO - [2022-03-30 17:35:13,467] {dagbag.py:500} INFO - Filling up the DagBag from /home/airflow/.local/lib/python3.7/site-packages/airflow/example_dags/example_skip_dag.py
[2022-03-30 17:35:13,593] {processor.py:654} INFO - DAG(s) dict_keys(['example_skip_dag']) retrieved from /home/airflow/.local/lib/python3.7/site-packages/airflow/example_dags/example_skip_dag.py
[2022-03-30 17:35:13,670] {logging_mixin.py:109} INFO - [2022-03-30 17:35:13,670] {dag.py:2398} INFO - Sync 1 DAGs
[2022-03-30 17:35:13,863] {logging_mixin.py:109} INFO - [2022-03-30 17:35:13,862] {dag.py:2937} INFO - Setting next_dagrun for example_skip_dag to 2022-03-29T17:35:13.861062+00:00
[2022-03-30 17:35:13,894] {processor.py:171} INFO - Processing /home/airflow/.local/lib/python3.7/site-packages/airflow/example_dags/example_skip_dag.py took 0.445 seconds
[2022-03-30 17:35:44,070] {processor.py:163} INFO - Started process (PID=3758) to work on /home/airflow/.local/lib/python3.7/site-packages/airflow/example_dags/example_skip_dag.py
[2022-03-30 17:35:44,076] {processor.py:642} INFO - Processing file /home/airflow/.local/lib/python3.7/site-packages/airflow/example_dags/example_skip_dag.py for tasks to queue
[2022-03-30 17:35:44,079] {logging_mixin.py:109} INFO - [2022-03-30 17:35:44,079] {dagbag.py:500} INFO - Filling up the DagBag from /home/airflow/.local/lib/python3.7/site-packages/airflow/example_dags/example_skip_dag.py
[2022-03-30 17:35:44,174] {processor.py:654} INFO - DAG(s) dict_keys(['example_skip_dag']) retrieved from /home/airflow/.local/lib/python3.7/site-packages/airflow/example_dags/example_skip_dag.py
[2022-03-30 17:35:44,327] {logging_mixin.py:109} INFO - [2022-03-30 17:35:44,327] {dag.py:2398} INFO - Sync 1 DAGs
[2022-03-30 17:35:44,383] {logging_mixin.py:109} INFO - [2022-03-30 17:35:44,383] {dag.py:2937} INFO - Setting next_dagrun for example_skip_dag to 2022-03-29T17:35:44.382129+00:00
[2022-03-30 17:35:44,411] {processor.py:171} INFO - Processing /home/airflow/.local/lib/python3.7/site-packages/airflow/example_dags/example_skip_dag.py took 0.348 seconds
[2022-03-30 17:36:14,473] {processor.py:163} INFO - Started process (PID=3990) to work on /home/airflow/.local/lib/python3.7/site-packages/airflow/example_dags/example_skip_dag.py
[2022-03-30 17:36:14,477] {processor.py:642} INFO - Processing file /home/airflow/.local/lib/python3.7/site-packages/airflow/example_dags/example_skip_dag.py for tasks to queue
[2022-03-30 17:36:14,479] {logging_mixin.py:109} INFO - [2022-03-30 17:36:14,479] {dagbag.py:500} INFO - Filling up the DagBag from /home/airflow/.local/lib/python3.7/site-packages/airflow/example_dags/example_skip_dag.py
[2022-03-30 17:36:14,653] {processor.py:654} INFO - DAG(s) dict_keys(['example_skip_dag']) retrieved from /home/airflow/.local/lib/python3.7/site-packages/airflow/example_dags/example_skip_dag.py
[2022-03-30 17:36:14,691] {logging_mixin.py:109} INFO - [2022-03-30 17:36:14,690] {dag.py:2398} INFO - Sync 1 DAGs
[2022-03-30 17:36:14,743] {logging_mixin.py:109} INFO - [2022-03-30 17:36:14,742] {dag.py:2937} INFO - Setting next_dagrun for example_skip_dag to 2022-03-29T17:36:14.741284+00:00
[2022-03-30 17:36:14,767] {processor.py:171} INFO - Processing /home/airflow/.local/lib/python3.7/site-packages/airflow/example_dags/example_skip_dag.py took 0.300 seconds
[2022-03-30 17:36:45,113] {processor.py:163} INFO - Started process (PID=4205) to work on /home/airflow/.local/lib/python3.7/site-packages/airflow/example_dags/example_skip_dag.py
[2022-03-30 17:36:45,117] {processor.py:642} INFO - Processing file /home/airflow/.local/lib/python3.7/site-packages/airflow/example_dags/example_skip_dag.py for tasks to queue
[2022-03-30 17:36:45,119] {logging_mixin.py:109} INFO - [2022-03-30 17:36:45,119] {dagbag.py:500} INFO - Filling up the DagBag from /home/airflow/.local/lib/python3.7/site-packages/airflow/example_dags/example_skip_dag.py
[2022-03-30 17:36:45,277] {processor.py:654} INFO - DAG(s) dict_keys(['example_skip_dag']) retrieved from /home/airflow/.local/lib/python3.7/site-packages/airflow/example_dags/example_skip_dag.py
[2022-03-30 17:36:45,311] {logging_mixin.py:109} INFO - [2022-03-30 17:36:45,311] {dag.py:2398} INFO - Sync 1 DAGs
[2022-03-30 17:36:45,358] {logging_mixin.py:109} INFO - [2022-03-30 17:36:45,357] {dag.py:2937} INFO - Setting next_dagrun for example_skip_dag to 2022-03-29T17:36:45.356584+00:00
[2022-03-30 17:36:45,380] {processor.py:171} INFO - Processing /home/airflow/.local/lib/python3.7/site-packages/airflow/example_dags/example_skip_dag.py took 0.274 seconds
[2022-03-30 17:37:15,954] {processor.py:163} INFO - Started process (PID=4437) to work on /home/airflow/.local/lib/python3.7/site-packages/airflow/example_dags/example_skip_dag.py
[2022-03-30 17:37:15,959] {processor.py:642} INFO - Processing file /home/airflow/.local/lib/python3.7/site-packages/airflow/example_dags/example_skip_dag.py for tasks to queue
[2022-03-30 17:37:15,962] {logging_mixin.py:109} INFO - [2022-03-30 17:37:15,961] {dagbag.py:500} INFO - Filling up the DagBag from /home/airflow/.local/lib/python3.7/site-packages/airflow/example_dags/example_skip_dag.py
[2022-03-30 17:37:16,143] {processor.py:654} INFO - DAG(s) dict_keys(['example_skip_dag']) retrieved from /home/airflow/.local/lib/python3.7/site-packages/airflow/example_dags/example_skip_dag.py
[2022-03-30 17:37:16,179] {logging_mixin.py:109} INFO - [2022-03-30 17:37:16,178] {dag.py:2398} INFO - Sync 1 DAGs
[2022-03-30 17:37:16,228] {logging_mixin.py:109} INFO - [2022-03-30 17:37:16,227] {dag.py:2937} INFO - Setting next_dagrun for example_skip_dag to 2022-03-29T17:37:16.226723+00:00
[2022-03-30 17:37:16,251] {processor.py:171} INFO - Processing /home/airflow/.local/lib/python3.7/site-packages/airflow/example_dags/example_skip_dag.py took 0.303 seconds
[2022-03-30 17:37:46,489] {processor.py:163} INFO - Started process (PID=4651) to work on /home/airflow/.local/lib/python3.7/site-packages/airflow/example_dags/example_skip_dag.py
[2022-03-30 17:37:46,494] {processor.py:642} INFO - Processing file /home/airflow/.local/lib/python3.7/site-packages/airflow/example_dags/example_skip_dag.py for tasks to queue
[2022-03-30 17:37:46,497] {logging_mixin.py:109} INFO - [2022-03-30 17:37:46,496] {dagbag.py:500} INFO - Filling up the DagBag from /home/airflow/.local/lib/python3.7/site-packages/airflow/example_dags/example_skip_dag.py
[2022-03-30 17:37:46,659] {processor.py:654} INFO - DAG(s) dict_keys(['example_skip_dag']) retrieved from /home/airflow/.local/lib/python3.7/site-packages/airflow/example_dags/example_skip_dag.py
[2022-03-30 17:37:46,692] {logging_mixin.py:109} INFO - [2022-03-30 17:37:46,691] {dag.py:2398} INFO - Sync 1 DAGs
[2022-03-30 17:37:46,737] {logging_mixin.py:109} INFO - [2022-03-30 17:37:46,736] {dag.py:2937} INFO - Setting next_dagrun for example_skip_dag to 2022-03-29T17:37:46.735573+00:00
[2022-03-30 17:37:46,759] {processor.py:171} INFO - Processing /home/airflow/.local/lib/python3.7/site-packages/airflow/example_dags/example_skip_dag.py took 0.278 seconds
[2022-03-30 17:38:16,973] {processor.py:163} INFO - Started process (PID=4885) to work on /home/airflow/.local/lib/python3.7/site-packages/airflow/example_dags/example_skip_dag.py
[2022-03-30 17:38:16,978] {processor.py:642} INFO - Processing file /home/airflow/.local/lib/python3.7/site-packages/airflow/example_dags/example_skip_dag.py for tasks to queue
[2022-03-30 17:38:16,981] {logging_mixin.py:109} INFO - [2022-03-30 17:38:16,980] {dagbag.py:500} INFO - Filling up the DagBag from /home/airflow/.local/lib/python3.7/site-packages/airflow/example_dags/example_skip_dag.py
[2022-03-30 17:38:17,164] {processor.py:654} INFO - DAG(s) dict_keys(['example_skip_dag']) retrieved from /home/airflow/.local/lib/python3.7/site-packages/airflow/example_dags/example_skip_dag.py
[2022-03-30 17:38:17,203] {logging_mixin.py:109} INFO - [2022-03-30 17:38:17,202] {dag.py:2398} INFO - Sync 1 DAGs
[2022-03-30 17:38:17,260] {logging_mixin.py:109} INFO - [2022-03-30 17:38:17,259] {dag.py:2937} INFO - Setting next_dagrun for example_skip_dag to 2022-03-29T17:38:17.257978+00:00
[2022-03-30 17:38:17,286] {processor.py:171} INFO - Processing /home/airflow/.local/lib/python3.7/site-packages/airflow/example_dags/example_skip_dag.py took 0.321 seconds
[2022-03-30 17:38:47,493] {processor.py:163} INFO - Started process (PID=5100) to work on /home/airflow/.local/lib/python3.7/site-packages/airflow/example_dags/example_skip_dag.py
[2022-03-30 17:38:47,499] {processor.py:642} INFO - Processing file /home/airflow/.local/lib/python3.7/site-packages/airflow/example_dags/example_skip_dag.py for tasks to queue
[2022-03-30 17:38:47,502] {logging_mixin.py:109} INFO - [2022-03-30 17:38:47,501] {dagbag.py:500} INFO - Filling up the DagBag from /home/airflow/.local/lib/python3.7/site-packages/airflow/example_dags/example_skip_dag.py
[2022-03-30 17:38:47,662] {processor.py:654} INFO - DAG(s) dict_keys(['example_skip_dag']) retrieved from /home/airflow/.local/lib/python3.7/site-packages/airflow/example_dags/example_skip_dag.py
[2022-03-30 17:38:47,698] {logging_mixin.py:109} INFO - [2022-03-30 17:38:47,698] {dag.py:2398} INFO - Sync 1 DAGs
[2022-03-30 17:38:47,750] {logging_mixin.py:109} INFO - [2022-03-30 17:38:47,749] {dag.py:2937} INFO - Setting next_dagrun for example_skip_dag to 2022-03-29T17:38:47.748251+00:00
[2022-03-30 17:38:47,773] {processor.py:171} INFO - Processing /home/airflow/.local/lib/python3.7/site-packages/airflow/example_dags/example_skip_dag.py took 0.289 seconds
[2022-03-30 17:39:18,743] {processor.py:163} INFO - Started process (PID=5332) to work on /home/airflow/.local/lib/python3.7/site-packages/airflow/example_dags/example_skip_dag.py
[2022-03-30 17:39:18,748] {processor.py:642} INFO - Processing file /home/airflow/.local/lib/python3.7/site-packages/airflow/example_dags/example_skip_dag.py for tasks to queue
[2022-03-30 17:39:18,750] {logging_mixin.py:109} INFO - [2022-03-30 17:39:18,750] {dagbag.py:500} INFO - Filling up the DagBag from /home/airflow/.local/lib/python3.7/site-packages/airflow/example_dags/example_skip_dag.py
[2022-03-30 17:39:18,826] {processor.py:654} INFO - DAG(s) dict_keys(['example_skip_dag']) retrieved from /home/airflow/.local/lib/python3.7/site-packages/airflow/example_dags/example_skip_dag.py
[2022-03-30 17:39:18,867] {logging_mixin.py:109} INFO - [2022-03-30 17:39:18,866] {dag.py:2398} INFO - Sync 1 DAGs
[2022-03-30 17:39:18,921] {logging_mixin.py:109} INFO - [2022-03-30 17:39:18,921] {dag.py:2937} INFO - Setting next_dagrun for example_skip_dag to 2022-03-29T17:39:18.919863+00:00
[2022-03-30 17:39:18,950] {processor.py:171} INFO - Processing /home/airflow/.local/lib/python3.7/site-packages/airflow/example_dags/example_skip_dag.py took 0.216 seconds
[2022-03-30 17:39:49,592] {processor.py:163} INFO - Started process (PID=5547) to work on /home/airflow/.local/lib/python3.7/site-packages/airflow/example_dags/example_skip_dag.py
[2022-03-30 17:39:49,595] {processor.py:642} INFO - Processing file /home/airflow/.local/lib/python3.7/site-packages/airflow/example_dags/example_skip_dag.py for tasks to queue
[2022-03-30 17:39:49,597] {logging_mixin.py:109} INFO - [2022-03-30 17:39:49,597] {dagbag.py:500} INFO - Filling up the DagBag from /home/airflow/.local/lib/python3.7/site-packages/airflow/example_dags/example_skip_dag.py
[2022-03-30 17:39:49,660] {processor.py:654} INFO - DAG(s) dict_keys(['example_skip_dag']) retrieved from /home/airflow/.local/lib/python3.7/site-packages/airflow/example_dags/example_skip_dag.py
[2022-03-30 17:39:49,693] {logging_mixin.py:109} INFO - [2022-03-30 17:39:49,693] {dag.py:2398} INFO - Sync 1 DAGs
[2022-03-30 17:39:49,741] {logging_mixin.py:109} INFO - [2022-03-30 17:39:49,740] {dag.py:2937} INFO - Setting next_dagrun for example_skip_dag to 2022-03-29T17:39:49.739553+00:00
[2022-03-30 17:39:49,763] {processor.py:171} INFO - Processing /home/airflow/.local/lib/python3.7/site-packages/airflow/example_dags/example_skip_dag.py took 0.177 seconds
[2022-03-30 17:40:20,107] {processor.py:163} INFO - Started process (PID=5780) to work on /home/airflow/.local/lib/python3.7/site-packages/airflow/example_dags/example_skip_dag.py
[2022-03-30 17:40:20,111] {processor.py:642} INFO - Processing file /home/airflow/.local/lib/python3.7/site-packages/airflow/example_dags/example_skip_dag.py for tasks to queue
[2022-03-30 17:40:20,113] {logging_mixin.py:109} INFO - [2022-03-30 17:40:20,113] {dagbag.py:500} INFO - Filling up the DagBag from /home/airflow/.local/lib/python3.7/site-packages/airflow/example_dags/example_skip_dag.py
[2022-03-30 17:40:20,181] {processor.py:654} INFO - DAG(s) dict_keys(['example_skip_dag']) retrieved from /home/airflow/.local/lib/python3.7/site-packages/airflow/example_dags/example_skip_dag.py
[2022-03-30 17:40:20,218] {logging_mixin.py:109} INFO - [2022-03-30 17:40:20,218] {dag.py:2398} INFO - Sync 1 DAGs
[2022-03-30 17:40:20,271] {logging_mixin.py:109} INFO - [2022-03-30 17:40:20,271] {dag.py:2937} INFO - Setting next_dagrun for example_skip_dag to 2022-03-29T17:40:20.269657+00:00
[2022-03-30 17:40:20,296] {processor.py:171} INFO - Processing /home/airflow/.local/lib/python3.7/site-packages/airflow/example_dags/example_skip_dag.py took 0.195 seconds
[2022-03-30 17:40:50,846] {processor.py:163} INFO - Started process (PID=5994) to work on /home/airflow/.local/lib/python3.7/site-packages/airflow/example_dags/example_skip_dag.py
[2022-03-30 17:40:50,850] {processor.py:642} INFO - Processing file /home/airflow/.local/lib/python3.7/site-packages/airflow/example_dags/example_skip_dag.py for tasks to queue
[2022-03-30 17:40:50,853] {logging_mixin.py:109} INFO - [2022-03-30 17:40:50,853] {dagbag.py:500} INFO - Filling up the DagBag from /home/airflow/.local/lib/python3.7/site-packages/airflow/example_dags/example_skip_dag.py
[2022-03-30 17:40:50,933] {processor.py:654} INFO - DAG(s) dict_keys(['example_skip_dag']) retrieved from /home/airflow/.local/lib/python3.7/site-packages/airflow/example_dags/example_skip_dag.py
[2022-03-30 17:40:50,973] {logging_mixin.py:109} INFO - [2022-03-30 17:40:50,972] {dag.py:2398} INFO - Sync 1 DAGs
[2022-03-30 17:40:51,032] {logging_mixin.py:109} INFO - [2022-03-30 17:40:51,032] {dag.py:2937} INFO - Setting next_dagrun for example_skip_dag to 2022-03-29T17:40:51.030973+00:00
[2022-03-30 17:40:51,058] {processor.py:171} INFO - Processing /home/airflow/.local/lib/python3.7/site-packages/airflow/example_dags/example_skip_dag.py took 0.219 seconds
[2022-03-30 17:41:21,818] {processor.py:163} INFO - Started process (PID=6228) to work on /home/airflow/.local/lib/python3.7/site-packages/airflow/example_dags/example_skip_dag.py
[2022-03-30 17:41:21,822] {processor.py:642} INFO - Processing file /home/airflow/.local/lib/python3.7/site-packages/airflow/example_dags/example_skip_dag.py for tasks to queue
[2022-03-30 17:41:21,825] {logging_mixin.py:109} INFO - [2022-03-30 17:41:21,824] {dagbag.py:500} INFO - Filling up the DagBag from /home/airflow/.local/lib/python3.7/site-packages/airflow/example_dags/example_skip_dag.py
[2022-03-30 17:41:21,894] {processor.py:654} INFO - DAG(s) dict_keys(['example_skip_dag']) retrieved from /home/airflow/.local/lib/python3.7/site-packages/airflow/example_dags/example_skip_dag.py
[2022-03-30 17:41:21,932] {logging_mixin.py:109} INFO - [2022-03-30 17:41:21,932] {dag.py:2398} INFO - Sync 1 DAGs
[2022-03-30 17:41:21,988] {logging_mixin.py:109} INFO - [2022-03-30 17:41:21,988] {dag.py:2937} INFO - Setting next_dagrun for example_skip_dag to 2022-03-29T17:41:21.986806+00:00
[2022-03-30 17:41:22,013] {processor.py:171} INFO - Processing /home/airflow/.local/lib/python3.7/site-packages/airflow/example_dags/example_skip_dag.py took 0.201 seconds
