[2022-03-30 17:27:38,863] {processor.py:163} INFO - Started process (PID=523) to work on /home/airflow/.local/lib/python3.7/site-packages/airflow/example_dags/example_bash_operator.py
[2022-03-30 17:27:38,867] {processor.py:642} INFO - Processing file /home/airflow/.local/lib/python3.7/site-packages/airflow/example_dags/example_bash_operator.py for tasks to queue
[2022-03-30 17:27:38,869] {logging_mixin.py:109} INFO - [2022-03-30 17:27:38,869] {dagbag.py:500} INFO - Filling up the DagBag from /home/airflow/.local/lib/python3.7/site-packages/airflow/example_dags/example_bash_operator.py
[2022-03-30 17:27:38,971] {processor.py:654} INFO - DAG(s) dict_keys(['example_bash_operator']) retrieved from /home/airflow/.local/lib/python3.7/site-packages/airflow/example_dags/example_bash_operator.py
[2022-03-30 17:27:48,645] {logging_mixin.py:109} INFO - [2022-03-30 17:27:48,644] {manager.py:496} INFO - Created Permission View: can read on DAG:example_bash_operator
[2022-03-30 17:27:48,680] {logging_mixin.py:109} INFO - [2022-03-30 17:27:48,679] {manager.py:496} INFO - Created Permission View: can edit on DAG:example_bash_operator
[2022-03-30 17:27:48,682] {logging_mixin.py:109} INFO - [2022-03-30 17:27:48,681] {dag.py:2398} INFO - Sync 1 DAGs
[2022-03-30 17:27:48,714] {logging_mixin.py:109} INFO - [2022-03-30 17:27:48,713] {dag.py:2417} INFO - Creating ORM DAG for example_bash_operator
[2022-03-30 17:27:48,758] {logging_mixin.py:109} INFO - [2022-03-30 17:27:48,757] {dag.py:2937} INFO - Setting next_dagrun for example_bash_operator to 2022-03-29 00:00:00+00:00
[2022-03-30 17:27:48,797] {processor.py:171} INFO - Processing /home/airflow/.local/lib/python3.7/site-packages/airflow/example_dags/example_bash_operator.py took 9.941 seconds
[2022-03-30 17:29:04,793] {processor.py:163} INFO - Started process (PID=860) to work on /home/airflow/.local/lib/python3.7/site-packages/airflow/example_dags/example_bash_operator.py
[2022-03-30 17:29:04,798] {processor.py:642} INFO - Processing file /home/airflow/.local/lib/python3.7/site-packages/airflow/example_dags/example_bash_operator.py for tasks to queue
[2022-03-30 17:29:04,801] {logging_mixin.py:109} INFO - [2022-03-30 17:29:04,800] {dagbag.py:500} INFO - Filling up the DagBag from /home/airflow/.local/lib/python3.7/site-packages/airflow/example_dags/example_bash_operator.py
[2022-03-30 17:29:04,906] {processor.py:654} INFO - DAG(s) dict_keys(['example_bash_operator']) retrieved from /home/airflow/.local/lib/python3.7/site-packages/airflow/example_dags/example_bash_operator.py
[2022-03-30 17:29:04,953] {logging_mixin.py:109} INFO - [2022-03-30 17:29:04,952] {dag.py:2398} INFO - Sync 1 DAGs
[2022-03-30 17:29:05,036] {logging_mixin.py:109} INFO - [2022-03-30 17:29:05,035] {dag.py:2937} INFO - Setting next_dagrun for example_bash_operator to 2022-03-29 00:00:00+00:00
[2022-03-30 17:29:05,066] {processor.py:171} INFO - Processing /home/airflow/.local/lib/python3.7/site-packages/airflow/example_dags/example_bash_operator.py took 0.280 seconds
[2022-03-30 17:29:35,818] {processor.py:163} INFO - Started process (PID=1087) to work on /home/airflow/.local/lib/python3.7/site-packages/airflow/example_dags/example_bash_operator.py
[2022-03-30 17:29:35,822] {processor.py:642} INFO - Processing file /home/airflow/.local/lib/python3.7/site-packages/airflow/example_dags/example_bash_operator.py for tasks to queue
[2022-03-30 17:29:35,825] {logging_mixin.py:109} INFO - [2022-03-30 17:29:35,824] {dagbag.py:500} INFO - Filling up the DagBag from /home/airflow/.local/lib/python3.7/site-packages/airflow/example_dags/example_bash_operator.py
[2022-03-30 17:29:35,922] {processor.py:654} INFO - DAG(s) dict_keys(['example_bash_operator']) retrieved from /home/airflow/.local/lib/python3.7/site-packages/airflow/example_dags/example_bash_operator.py
[2022-03-30 17:29:35,964] {logging_mixin.py:109} INFO - [2022-03-30 17:29:35,964] {dag.py:2398} INFO - Sync 1 DAGs
[2022-03-30 17:29:36,031] {logging_mixin.py:109} INFO - [2022-03-30 17:29:36,031] {dag.py:2937} INFO - Setting next_dagrun for example_bash_operator to 2022-03-29 00:00:00+00:00
[2022-03-30 17:29:36,057] {processor.py:171} INFO - Processing /home/airflow/.local/lib/python3.7/site-packages/airflow/example_dags/example_bash_operator.py took 0.246 seconds
[2022-03-30 17:30:06,400] {processor.py:163} INFO - Started process (PID=1304) to work on /home/airflow/.local/lib/python3.7/site-packages/airflow/example_dags/example_bash_operator.py
[2022-03-30 17:30:06,404] {processor.py:642} INFO - Processing file /home/airflow/.local/lib/python3.7/site-packages/airflow/example_dags/example_bash_operator.py for tasks to queue
[2022-03-30 17:30:06,406] {logging_mixin.py:109} INFO - [2022-03-30 17:30:06,406] {dagbag.py:500} INFO - Filling up the DagBag from /home/airflow/.local/lib/python3.7/site-packages/airflow/example_dags/example_bash_operator.py
[2022-03-30 17:30:06,483] {processor.py:654} INFO - DAG(s) dict_keys(['example_bash_operator']) retrieved from /home/airflow/.local/lib/python3.7/site-packages/airflow/example_dags/example_bash_operator.py
[2022-03-30 17:30:06,520] {logging_mixin.py:109} INFO - [2022-03-30 17:30:06,519] {dag.py:2398} INFO - Sync 1 DAGs
[2022-03-30 17:30:06,580] {logging_mixin.py:109} INFO - [2022-03-30 17:30:06,580] {dag.py:2937} INFO - Setting next_dagrun for example_bash_operator to 2022-03-29 00:00:00+00:00
[2022-03-30 17:30:06,604] {processor.py:171} INFO - Processing /home/airflow/.local/lib/python3.7/site-packages/airflow/example_dags/example_bash_operator.py took 0.210 seconds
[2022-03-30 17:30:36,804] {processor.py:163} INFO - Started process (PID=1529) to work on /home/airflow/.local/lib/python3.7/site-packages/airflow/example_dags/example_bash_operator.py
[2022-03-30 17:30:36,810] {processor.py:642} INFO - Processing file /home/airflow/.local/lib/python3.7/site-packages/airflow/example_dags/example_bash_operator.py for tasks to queue
[2022-03-30 17:30:36,813] {logging_mixin.py:109} INFO - [2022-03-30 17:30:36,812] {dagbag.py:500} INFO - Filling up the DagBag from /home/airflow/.local/lib/python3.7/site-packages/airflow/example_dags/example_bash_operator.py
[2022-03-30 17:30:36,906] {processor.py:654} INFO - DAG(s) dict_keys(['example_bash_operator']) retrieved from /home/airflow/.local/lib/python3.7/site-packages/airflow/example_dags/example_bash_operator.py
[2022-03-30 17:30:36,948] {logging_mixin.py:109} INFO - [2022-03-30 17:30:36,948] {dag.py:2398} INFO - Sync 1 DAGs
[2022-03-30 17:30:37,014] {logging_mixin.py:109} INFO - [2022-03-30 17:30:37,014] {dag.py:2937} INFO - Setting next_dagrun for example_bash_operator to 2022-03-29 00:00:00+00:00
[2022-03-30 17:30:37,040] {processor.py:171} INFO - Processing /home/airflow/.local/lib/python3.7/site-packages/airflow/example_dags/example_bash_operator.py took 0.243 seconds
[2022-03-30 17:31:07,166] {processor.py:163} INFO - Started process (PID=1737) to work on /home/airflow/.local/lib/python3.7/site-packages/airflow/example_dags/example_bash_operator.py
[2022-03-30 17:31:07,170] {processor.py:642} INFO - Processing file /home/airflow/.local/lib/python3.7/site-packages/airflow/example_dags/example_bash_operator.py for tasks to queue
[2022-03-30 17:31:07,173] {logging_mixin.py:109} INFO - [2022-03-30 17:31:07,172] {dagbag.py:500} INFO - Filling up the DagBag from /home/airflow/.local/lib/python3.7/site-packages/airflow/example_dags/example_bash_operator.py
[2022-03-30 17:31:07,259] {processor.py:654} INFO - DAG(s) dict_keys(['example_bash_operator']) retrieved from /home/airflow/.local/lib/python3.7/site-packages/airflow/example_dags/example_bash_operator.py
[2022-03-30 17:31:07,297] {logging_mixin.py:109} INFO - [2022-03-30 17:31:07,297] {dag.py:2398} INFO - Sync 1 DAGs
[2022-03-30 17:31:07,359] {logging_mixin.py:109} INFO - [2022-03-30 17:31:07,359] {dag.py:2937} INFO - Setting next_dagrun for example_bash_operator to 2022-03-29 00:00:00+00:00
[2022-03-30 17:31:07,388] {processor.py:171} INFO - Processing /home/airflow/.local/lib/python3.7/site-packages/airflow/example_dags/example_bash_operator.py took 0.230 seconds
[2022-03-30 17:31:38,144] {processor.py:163} INFO - Started process (PID=1970) to work on /home/airflow/.local/lib/python3.7/site-packages/airflow/example_dags/example_bash_operator.py
[2022-03-30 17:31:38,147] {processor.py:642} INFO - Processing file /home/airflow/.local/lib/python3.7/site-packages/airflow/example_dags/example_bash_operator.py for tasks to queue
[2022-03-30 17:31:38,149] {logging_mixin.py:109} INFO - [2022-03-30 17:31:38,149] {dagbag.py:500} INFO - Filling up the DagBag from /home/airflow/.local/lib/python3.7/site-packages/airflow/example_dags/example_bash_operator.py
[2022-03-30 17:31:38,232] {processor.py:654} INFO - DAG(s) dict_keys(['example_bash_operator']) retrieved from /home/airflow/.local/lib/python3.7/site-packages/airflow/example_dags/example_bash_operator.py
[2022-03-30 17:31:38,277] {logging_mixin.py:109} INFO - [2022-03-30 17:31:38,276] {dag.py:2398} INFO - Sync 1 DAGs
[2022-03-30 17:31:38,343] {logging_mixin.py:109} INFO - [2022-03-30 17:31:38,342] {dag.py:2937} INFO - Setting next_dagrun for example_bash_operator to 2022-03-29 00:00:00+00:00
[2022-03-30 17:31:38,369] {processor.py:171} INFO - Processing /home/airflow/.local/lib/python3.7/site-packages/airflow/example_dags/example_bash_operator.py took 0.231 seconds
[2022-03-30 17:32:08,548] {processor.py:163} INFO - Started process (PID=2188) to work on /home/airflow/.local/lib/python3.7/site-packages/airflow/example_dags/example_bash_operator.py
[2022-03-30 17:32:08,551] {processor.py:642} INFO - Processing file /home/airflow/.local/lib/python3.7/site-packages/airflow/example_dags/example_bash_operator.py for tasks to queue
[2022-03-30 17:32:08,553] {logging_mixin.py:109} INFO - [2022-03-30 17:32:08,553] {dagbag.py:500} INFO - Filling up the DagBag from /home/airflow/.local/lib/python3.7/site-packages/airflow/example_dags/example_bash_operator.py
[2022-03-30 17:32:08,631] {processor.py:654} INFO - DAG(s) dict_keys(['example_bash_operator']) retrieved from /home/airflow/.local/lib/python3.7/site-packages/airflow/example_dags/example_bash_operator.py
[2022-03-30 17:32:08,668] {logging_mixin.py:109} INFO - [2022-03-30 17:32:08,668] {dag.py:2398} INFO - Sync 1 DAGs
[2022-03-30 17:32:08,728] {logging_mixin.py:109} INFO - [2022-03-30 17:32:08,727] {dag.py:2937} INFO - Setting next_dagrun for example_bash_operator to 2022-03-29 00:00:00+00:00
[2022-03-30 17:32:08,860] {processor.py:171} INFO - Processing /home/airflow/.local/lib/python3.7/site-packages/airflow/example_dags/example_bash_operator.py took 0.319 seconds
[2022-03-30 17:32:39,536] {processor.py:163} INFO - Started process (PID=2426) to work on /home/airflow/.local/lib/python3.7/site-packages/airflow/example_dags/example_bash_operator.py
[2022-03-30 17:32:39,553] {processor.py:642} INFO - Processing file /home/airflow/.local/lib/python3.7/site-packages/airflow/example_dags/example_bash_operator.py for tasks to queue
[2022-03-30 17:32:39,557] {logging_mixin.py:109} INFO - [2022-03-30 17:32:39,557] {dagbag.py:500} INFO - Filling up the DagBag from /home/airflow/.local/lib/python3.7/site-packages/airflow/example_dags/example_bash_operator.py
[2022-03-30 17:32:39,673] {processor.py:654} INFO - DAG(s) dict_keys(['example_bash_operator']) retrieved from /home/airflow/.local/lib/python3.7/site-packages/airflow/example_dags/example_bash_operator.py
[2022-03-30 17:32:39,717] {logging_mixin.py:109} INFO - [2022-03-30 17:32:39,716] {dag.py:2398} INFO - Sync 1 DAGs
[2022-03-30 17:32:39,787] {logging_mixin.py:109} INFO - [2022-03-30 17:32:39,787] {dag.py:2937} INFO - Setting next_dagrun for example_bash_operator to 2022-03-29 00:00:00+00:00
[2022-03-30 17:32:39,921] {processor.py:171} INFO - Processing /home/airflow/.local/lib/python3.7/site-packages/airflow/example_dags/example_bash_operator.py took 0.400 seconds
[2022-03-30 17:33:10,097] {processor.py:163} INFO - Started process (PID=2635) to work on /home/airflow/.local/lib/python3.7/site-packages/airflow/example_dags/example_bash_operator.py
[2022-03-30 17:33:10,105] {processor.py:642} INFO - Processing file /home/airflow/.local/lib/python3.7/site-packages/airflow/example_dags/example_bash_operator.py for tasks to queue
[2022-03-30 17:33:10,114] {logging_mixin.py:109} INFO - [2022-03-30 17:33:10,113] {dagbag.py:500} INFO - Filling up the DagBag from /home/airflow/.local/lib/python3.7/site-packages/airflow/example_dags/example_bash_operator.py
[2022-03-30 17:33:10,321] {processor.py:654} INFO - DAG(s) dict_keys(['example_bash_operator']) retrieved from /home/airflow/.local/lib/python3.7/site-packages/airflow/example_dags/example_bash_operator.py
[2022-03-30 17:33:10,413] {logging_mixin.py:109} INFO - [2022-03-30 17:33:10,412] {dag.py:2398} INFO - Sync 1 DAGs
[2022-03-30 17:33:10,714] {logging_mixin.py:109} INFO - [2022-03-30 17:33:10,714] {dag.py:2937} INFO - Setting next_dagrun for example_bash_operator to 2022-03-29 00:00:00+00:00
[2022-03-30 17:33:10,743] {processor.py:171} INFO - Processing /home/airflow/.local/lib/python3.7/site-packages/airflow/example_dags/example_bash_operator.py took 0.663 seconds
[2022-03-30 17:33:41,242] {processor.py:163} INFO - Started process (PID=2872) to work on /home/airflow/.local/lib/python3.7/site-packages/airflow/example_dags/example_bash_operator.py
[2022-03-30 17:33:41,246] {processor.py:642} INFO - Processing file /home/airflow/.local/lib/python3.7/site-packages/airflow/example_dags/example_bash_operator.py for tasks to queue
[2022-03-30 17:33:41,255] {logging_mixin.py:109} INFO - [2022-03-30 17:33:41,255] {dagbag.py:500} INFO - Filling up the DagBag from /home/airflow/.local/lib/python3.7/site-packages/airflow/example_dags/example_bash_operator.py
[2022-03-30 17:33:41,347] {processor.py:654} INFO - DAG(s) dict_keys(['example_bash_operator']) retrieved from /home/airflow/.local/lib/python3.7/site-packages/airflow/example_dags/example_bash_operator.py
[2022-03-30 17:33:41,394] {logging_mixin.py:109} INFO - [2022-03-30 17:33:41,394] {dag.py:2398} INFO - Sync 1 DAGs
[2022-03-30 17:33:41,579] {logging_mixin.py:109} INFO - [2022-03-30 17:33:41,579] {dag.py:2937} INFO - Setting next_dagrun for example_bash_operator to 2022-03-29 00:00:00+00:00
[2022-03-30 17:33:41,614] {processor.py:171} INFO - Processing /home/airflow/.local/lib/python3.7/site-packages/airflow/example_dags/example_bash_operator.py took 0.379 seconds
[2022-03-30 17:34:12,588] {processor.py:163} INFO - Started process (PID=3102) to work on /home/airflow/.local/lib/python3.7/site-packages/airflow/example_dags/example_bash_operator.py
[2022-03-30 17:34:12,594] {processor.py:642} INFO - Processing file /home/airflow/.local/lib/python3.7/site-packages/airflow/example_dags/example_bash_operator.py for tasks to queue
[2022-03-30 17:34:12,597] {logging_mixin.py:109} INFO - [2022-03-30 17:34:12,597] {dagbag.py:500} INFO - Filling up the DagBag from /home/airflow/.local/lib/python3.7/site-packages/airflow/example_dags/example_bash_operator.py
[2022-03-30 17:34:12,708] {processor.py:654} INFO - DAG(s) dict_keys(['example_bash_operator']) retrieved from /home/airflow/.local/lib/python3.7/site-packages/airflow/example_dags/example_bash_operator.py
[2022-03-30 17:34:12,759] {logging_mixin.py:109} INFO - [2022-03-30 17:34:12,758] {dag.py:2398} INFO - Sync 1 DAGs
[2022-03-30 17:34:12,964] {logging_mixin.py:109} INFO - [2022-03-30 17:34:12,964] {dag.py:2937} INFO - Setting next_dagrun for example_bash_operator to 2022-03-29 00:00:00+00:00
[2022-03-30 17:34:12,999] {processor.py:171} INFO - Processing /home/airflow/.local/lib/python3.7/site-packages/airflow/example_dags/example_bash_operator.py took 0.419 seconds
[2022-03-30 17:34:43,822] {processor.py:163} INFO - Started process (PID=3323) to work on /home/airflow/.local/lib/python3.7/site-packages/airflow/example_dags/example_bash_operator.py
[2022-03-30 17:34:43,827] {processor.py:642} INFO - Processing file /home/airflow/.local/lib/python3.7/site-packages/airflow/example_dags/example_bash_operator.py for tasks to queue
[2022-03-30 17:34:43,830] {logging_mixin.py:109} INFO - [2022-03-30 17:34:43,830] {dagbag.py:500} INFO - Filling up the DagBag from /home/airflow/.local/lib/python3.7/site-packages/airflow/example_dags/example_bash_operator.py
[2022-03-30 17:34:43,954] {processor.py:654} INFO - DAG(s) dict_keys(['example_bash_operator']) retrieved from /home/airflow/.local/lib/python3.7/site-packages/airflow/example_dags/example_bash_operator.py
[2022-03-30 17:34:44,008] {logging_mixin.py:109} INFO - [2022-03-30 17:34:44,007] {dag.py:2398} INFO - Sync 1 DAGs
[2022-03-30 17:34:44,177] {logging_mixin.py:109} INFO - [2022-03-30 17:34:44,176] {dag.py:2937} INFO - Setting next_dagrun for example_bash_operator to 2022-03-29 00:00:00+00:00
[2022-03-30 17:34:44,200] {processor.py:171} INFO - Processing /home/airflow/.local/lib/python3.7/site-packages/airflow/example_dags/example_bash_operator.py took 0.385 seconds
[2022-03-30 17:35:14,476] {processor.py:163} INFO - Started process (PID=3553) to work on /home/airflow/.local/lib/python3.7/site-packages/airflow/example_dags/example_bash_operator.py
[2022-03-30 17:35:14,480] {processor.py:642} INFO - Processing file /home/airflow/.local/lib/python3.7/site-packages/airflow/example_dags/example_bash_operator.py for tasks to queue
[2022-03-30 17:35:14,483] {logging_mixin.py:109} INFO - [2022-03-30 17:35:14,483] {dagbag.py:500} INFO - Filling up the DagBag from /home/airflow/.local/lib/python3.7/site-packages/airflow/example_dags/example_bash_operator.py
[2022-03-30 17:35:14,573] {processor.py:654} INFO - DAG(s) dict_keys(['example_bash_operator']) retrieved from /home/airflow/.local/lib/python3.7/site-packages/airflow/example_dags/example_bash_operator.py
[2022-03-30 17:35:14,723] {logging_mixin.py:109} INFO - [2022-03-30 17:35:14,723] {dag.py:2398} INFO - Sync 1 DAGs
[2022-03-30 17:35:14,794] {logging_mixin.py:109} INFO - [2022-03-30 17:35:14,794] {dag.py:2937} INFO - Setting next_dagrun for example_bash_operator to 2022-03-29 00:00:00+00:00
[2022-03-30 17:35:14,821] {processor.py:171} INFO - Processing /home/airflow/.local/lib/python3.7/site-packages/airflow/example_dags/example_bash_operator.py took 0.352 seconds
[2022-03-30 17:35:45,151] {processor.py:163} INFO - Started process (PID=3764) to work on /home/airflow/.local/lib/python3.7/site-packages/airflow/example_dags/example_bash_operator.py
[2022-03-30 17:35:45,155] {processor.py:642} INFO - Processing file /home/airflow/.local/lib/python3.7/site-packages/airflow/example_dags/example_bash_operator.py for tasks to queue
[2022-03-30 17:35:45,157] {logging_mixin.py:109} INFO - [2022-03-30 17:35:45,157] {dagbag.py:500} INFO - Filling up the DagBag from /home/airflow/.local/lib/python3.7/site-packages/airflow/example_dags/example_bash_operator.py
[2022-03-30 17:35:45,348] {processor.py:654} INFO - DAG(s) dict_keys(['example_bash_operator']) retrieved from /home/airflow/.local/lib/python3.7/site-packages/airflow/example_dags/example_bash_operator.py
[2022-03-30 17:35:45,389] {logging_mixin.py:109} INFO - [2022-03-30 17:35:45,389] {dag.py:2398} INFO - Sync 1 DAGs
[2022-03-30 17:35:45,453] {logging_mixin.py:109} INFO - [2022-03-30 17:35:45,453] {dag.py:2937} INFO - Setting next_dagrun for example_bash_operator to 2022-03-29 00:00:00+00:00
[2022-03-30 17:35:45,505] {processor.py:171} INFO - Processing /home/airflow/.local/lib/python3.7/site-packages/airflow/example_dags/example_bash_operator.py took 0.360 seconds
[2022-03-30 17:36:15,860] {processor.py:163} INFO - Started process (PID=3996) to work on /home/airflow/.local/lib/python3.7/site-packages/airflow/example_dags/example_bash_operator.py
[2022-03-30 17:36:15,864] {processor.py:642} INFO - Processing file /home/airflow/.local/lib/python3.7/site-packages/airflow/example_dags/example_bash_operator.py for tasks to queue
[2022-03-30 17:36:15,866] {logging_mixin.py:109} INFO - [2022-03-30 17:36:15,866] {dagbag.py:500} INFO - Filling up the DagBag from /home/airflow/.local/lib/python3.7/site-packages/airflow/example_dags/example_bash_operator.py
[2022-03-30 17:36:16,047] {processor.py:654} INFO - DAG(s) dict_keys(['example_bash_operator']) retrieved from /home/airflow/.local/lib/python3.7/site-packages/airflow/example_dags/example_bash_operator.py
[2022-03-30 17:36:16,087] {logging_mixin.py:109} INFO - [2022-03-30 17:36:16,087] {dag.py:2398} INFO - Sync 1 DAGs
[2022-03-30 17:36:16,153] {logging_mixin.py:109} INFO - [2022-03-30 17:36:16,152] {dag.py:2937} INFO - Setting next_dagrun for example_bash_operator to 2022-03-29 00:00:00+00:00
[2022-03-30 17:36:16,177] {processor.py:171} INFO - Processing /home/airflow/.local/lib/python3.7/site-packages/airflow/example_dags/example_bash_operator.py took 0.324 seconds
[2022-03-30 17:36:46,456] {processor.py:163} INFO - Started process (PID=4211) to work on /home/airflow/.local/lib/python3.7/site-packages/airflow/example_dags/example_bash_operator.py
[2022-03-30 17:36:46,460] {processor.py:642} INFO - Processing file /home/airflow/.local/lib/python3.7/site-packages/airflow/example_dags/example_bash_operator.py for tasks to queue
[2022-03-30 17:36:46,462] {logging_mixin.py:109} INFO - [2022-03-30 17:36:46,462] {dagbag.py:500} INFO - Filling up the DagBag from /home/airflow/.local/lib/python3.7/site-packages/airflow/example_dags/example_bash_operator.py
[2022-03-30 17:36:46,638] {processor.py:654} INFO - DAG(s) dict_keys(['example_bash_operator']) retrieved from /home/airflow/.local/lib/python3.7/site-packages/airflow/example_dags/example_bash_operator.py
[2022-03-30 17:36:46,672] {logging_mixin.py:109} INFO - [2022-03-30 17:36:46,672] {dag.py:2398} INFO - Sync 1 DAGs
[2022-03-30 17:36:46,728] {logging_mixin.py:109} INFO - [2022-03-30 17:36:46,727] {dag.py:2937} INFO - Setting next_dagrun for example_bash_operator to 2022-03-29 00:00:00+00:00
[2022-03-30 17:36:46,750] {processor.py:171} INFO - Processing /home/airflow/.local/lib/python3.7/site-packages/airflow/example_dags/example_bash_operator.py took 0.302 seconds
[2022-03-30 17:37:17,068] {processor.py:163} INFO - Started process (PID=4443) to work on /home/airflow/.local/lib/python3.7/site-packages/airflow/example_dags/example_bash_operator.py
[2022-03-30 17:37:17,073] {processor.py:642} INFO - Processing file /home/airflow/.local/lib/python3.7/site-packages/airflow/example_dags/example_bash_operator.py for tasks to queue
[2022-03-30 17:37:17,076] {logging_mixin.py:109} INFO - [2022-03-30 17:37:17,076] {dagbag.py:500} INFO - Filling up the DagBag from /home/airflow/.local/lib/python3.7/site-packages/airflow/example_dags/example_bash_operator.py
[2022-03-30 17:37:17,268] {processor.py:654} INFO - DAG(s) dict_keys(['example_bash_operator']) retrieved from /home/airflow/.local/lib/python3.7/site-packages/airflow/example_dags/example_bash_operator.py
[2022-03-30 17:37:17,314] {logging_mixin.py:109} INFO - [2022-03-30 17:37:17,313] {dag.py:2398} INFO - Sync 1 DAGs
[2022-03-30 17:37:17,381] {logging_mixin.py:109} INFO - [2022-03-30 17:37:17,380] {dag.py:2937} INFO - Setting next_dagrun for example_bash_operator to 2022-03-29 00:00:00+00:00
[2022-03-30 17:37:17,407] {processor.py:171} INFO - Processing /home/airflow/.local/lib/python3.7/site-packages/airflow/example_dags/example_bash_operator.py took 0.345 seconds
[2022-03-30 17:37:47,563] {processor.py:163} INFO - Started process (PID=4657) to work on /home/airflow/.local/lib/python3.7/site-packages/airflow/example_dags/example_bash_operator.py
[2022-03-30 17:37:47,567] {processor.py:642} INFO - Processing file /home/airflow/.local/lib/python3.7/site-packages/airflow/example_dags/example_bash_operator.py for tasks to queue
[2022-03-30 17:37:47,570] {logging_mixin.py:109} INFO - [2022-03-30 17:37:47,570] {dagbag.py:500} INFO - Filling up the DagBag from /home/airflow/.local/lib/python3.7/site-packages/airflow/example_dags/example_bash_operator.py
[2022-03-30 17:37:47,741] {processor.py:654} INFO - DAG(s) dict_keys(['example_bash_operator']) retrieved from /home/airflow/.local/lib/python3.7/site-packages/airflow/example_dags/example_bash_operator.py
[2022-03-30 17:37:47,775] {logging_mixin.py:109} INFO - [2022-03-30 17:37:47,775] {dag.py:2398} INFO - Sync 1 DAGs
[2022-03-30 17:37:47,837] {logging_mixin.py:109} INFO - [2022-03-30 17:37:47,837] {dag.py:2937} INFO - Setting next_dagrun for example_bash_operator to 2022-03-29 00:00:00+00:00
[2022-03-30 17:37:47,862] {processor.py:171} INFO - Processing /home/airflow/.local/lib/python3.7/site-packages/airflow/example_dags/example_bash_operator.py took 0.308 seconds
[2022-03-30 17:38:18,182] {processor.py:163} INFO - Started process (PID=4891) to work on /home/airflow/.local/lib/python3.7/site-packages/airflow/example_dags/example_bash_operator.py
[2022-03-30 17:38:18,187] {processor.py:642} INFO - Processing file /home/airflow/.local/lib/python3.7/site-packages/airflow/example_dags/example_bash_operator.py for tasks to queue
[2022-03-30 17:38:18,190] {logging_mixin.py:109} INFO - [2022-03-30 17:38:18,189] {dagbag.py:500} INFO - Filling up the DagBag from /home/airflow/.local/lib/python3.7/site-packages/airflow/example_dags/example_bash_operator.py
[2022-03-30 17:38:18,428] {processor.py:654} INFO - DAG(s) dict_keys(['example_bash_operator']) retrieved from /home/airflow/.local/lib/python3.7/site-packages/airflow/example_dags/example_bash_operator.py
[2022-03-30 17:38:18,474] {logging_mixin.py:109} INFO - [2022-03-30 17:38:18,473] {dag.py:2398} INFO - Sync 1 DAGs
[2022-03-30 17:38:18,551] {logging_mixin.py:109} INFO - [2022-03-30 17:38:18,551] {dag.py:2937} INFO - Setting next_dagrun for example_bash_operator to 2022-03-29 00:00:00+00:00
[2022-03-30 17:38:18,602] {processor.py:171} INFO - Processing /home/airflow/.local/lib/python3.7/site-packages/airflow/example_dags/example_bash_operator.py took 0.426 seconds
[2022-03-30 17:38:48,855] {processor.py:163} INFO - Started process (PID=5106) to work on /home/airflow/.local/lib/python3.7/site-packages/airflow/example_dags/example_bash_operator.py
[2022-03-30 17:38:48,860] {processor.py:642} INFO - Processing file /home/airflow/.local/lib/python3.7/site-packages/airflow/example_dags/example_bash_operator.py for tasks to queue
[2022-03-30 17:38:48,862] {logging_mixin.py:109} INFO - [2022-03-30 17:38:48,862] {dagbag.py:500} INFO - Filling up the DagBag from /home/airflow/.local/lib/python3.7/site-packages/airflow/example_dags/example_bash_operator.py
[2022-03-30 17:38:49,045] {processor.py:654} INFO - DAG(s) dict_keys(['example_bash_operator']) retrieved from /home/airflow/.local/lib/python3.7/site-packages/airflow/example_dags/example_bash_operator.py
[2022-03-30 17:38:49,081] {logging_mixin.py:109} INFO - [2022-03-30 17:38:49,081] {dag.py:2398} INFO - Sync 1 DAGs
[2022-03-30 17:38:49,138] {logging_mixin.py:109} INFO - [2022-03-30 17:38:49,138] {dag.py:2937} INFO - Setting next_dagrun for example_bash_operator to 2022-03-29 00:00:00+00:00
[2022-03-30 17:38:49,162] {processor.py:171} INFO - Processing /home/airflow/.local/lib/python3.7/site-packages/airflow/example_dags/example_bash_operator.py took 0.316 seconds
[2022-03-30 17:39:19,827] {processor.py:163} INFO - Started process (PID=5338) to work on /home/airflow/.local/lib/python3.7/site-packages/airflow/example_dags/example_bash_operator.py
[2022-03-30 17:39:19,831] {processor.py:642} INFO - Processing file /home/airflow/.local/lib/python3.7/site-packages/airflow/example_dags/example_bash_operator.py for tasks to queue
[2022-03-30 17:39:19,834] {logging_mixin.py:109} INFO - [2022-03-30 17:39:19,834] {dagbag.py:500} INFO - Filling up the DagBag from /home/airflow/.local/lib/python3.7/site-packages/airflow/example_dags/example_bash_operator.py
[2022-03-30 17:39:19,932] {processor.py:654} INFO - DAG(s) dict_keys(['example_bash_operator']) retrieved from /home/airflow/.local/lib/python3.7/site-packages/airflow/example_dags/example_bash_operator.py
[2022-03-30 17:39:19,978] {logging_mixin.py:109} INFO - [2022-03-30 17:39:19,978] {dag.py:2398} INFO - Sync 1 DAGs
[2022-03-30 17:39:20,051] {logging_mixin.py:109} INFO - [2022-03-30 17:39:20,050] {dag.py:2937} INFO - Setting next_dagrun for example_bash_operator to 2022-03-29 00:00:00+00:00
[2022-03-30 17:39:20,082] {processor.py:171} INFO - Processing /home/airflow/.local/lib/python3.7/site-packages/airflow/example_dags/example_bash_operator.py took 0.265 seconds
[2022-03-30 17:39:50,690] {processor.py:163} INFO - Started process (PID=5553) to work on /home/airflow/.local/lib/python3.7/site-packages/airflow/example_dags/example_bash_operator.py
[2022-03-30 17:39:50,695] {processor.py:642} INFO - Processing file /home/airflow/.local/lib/python3.7/site-packages/airflow/example_dags/example_bash_operator.py for tasks to queue
[2022-03-30 17:39:50,698] {logging_mixin.py:109} INFO - [2022-03-30 17:39:50,698] {dagbag.py:500} INFO - Filling up the DagBag from /home/airflow/.local/lib/python3.7/site-packages/airflow/example_dags/example_bash_operator.py
[2022-03-30 17:39:50,787] {processor.py:654} INFO - DAG(s) dict_keys(['example_bash_operator']) retrieved from /home/airflow/.local/lib/python3.7/site-packages/airflow/example_dags/example_bash_operator.py
[2022-03-30 17:39:50,828] {logging_mixin.py:109} INFO - [2022-03-30 17:39:50,827] {dag.py:2398} INFO - Sync 1 DAGs
[2022-03-30 17:39:50,893] {logging_mixin.py:109} INFO - [2022-03-30 17:39:50,893] {dag.py:2937} INFO - Setting next_dagrun for example_bash_operator to 2022-03-29 00:00:00+00:00
[2022-03-30 17:39:50,923] {processor.py:171} INFO - Processing /home/airflow/.local/lib/python3.7/site-packages/airflow/example_dags/example_bash_operator.py took 0.239 seconds
[2022-03-30 17:40:21,169] {processor.py:163} INFO - Started process (PID=5786) to work on /home/airflow/.local/lib/python3.7/site-packages/airflow/example_dags/example_bash_operator.py
[2022-03-30 17:40:21,174] {processor.py:642} INFO - Processing file /home/airflow/.local/lib/python3.7/site-packages/airflow/example_dags/example_bash_operator.py for tasks to queue
[2022-03-30 17:40:21,177] {logging_mixin.py:109} INFO - [2022-03-30 17:40:21,177] {dagbag.py:500} INFO - Filling up the DagBag from /home/airflow/.local/lib/python3.7/site-packages/airflow/example_dags/example_bash_operator.py
[2022-03-30 17:40:21,269] {processor.py:654} INFO - DAG(s) dict_keys(['example_bash_operator']) retrieved from /home/airflow/.local/lib/python3.7/site-packages/airflow/example_dags/example_bash_operator.py
[2022-03-30 17:40:21,309] {logging_mixin.py:109} INFO - [2022-03-30 17:40:21,309] {dag.py:2398} INFO - Sync 1 DAGs
[2022-03-30 17:40:21,376] {logging_mixin.py:109} INFO - [2022-03-30 17:40:21,375] {dag.py:2937} INFO - Setting next_dagrun for example_bash_operator to 2022-03-29 00:00:00+00:00
[2022-03-30 17:40:21,403] {processor.py:171} INFO - Processing /home/airflow/.local/lib/python3.7/site-packages/airflow/example_dags/example_bash_operator.py took 0.240 seconds
[2022-03-30 17:40:52,123] {processor.py:163} INFO - Started process (PID=6000) to work on /home/airflow/.local/lib/python3.7/site-packages/airflow/example_dags/example_bash_operator.py
[2022-03-30 17:40:52,130] {processor.py:642} INFO - Processing file /home/airflow/.local/lib/python3.7/site-packages/airflow/example_dags/example_bash_operator.py for tasks to queue
[2022-03-30 17:40:52,132] {logging_mixin.py:109} INFO - [2022-03-30 17:40:52,132] {dagbag.py:500} INFO - Filling up the DagBag from /home/airflow/.local/lib/python3.7/site-packages/airflow/example_dags/example_bash_operator.py
[2022-03-30 17:40:52,230] {processor.py:654} INFO - DAG(s) dict_keys(['example_bash_operator']) retrieved from /home/airflow/.local/lib/python3.7/site-packages/airflow/example_dags/example_bash_operator.py
[2022-03-30 17:40:52,272] {logging_mixin.py:109} INFO - [2022-03-30 17:40:52,272] {dag.py:2398} INFO - Sync 1 DAGs
[2022-03-30 17:40:52,346] {logging_mixin.py:109} INFO - [2022-03-30 17:40:52,346] {dag.py:2937} INFO - Setting next_dagrun for example_bash_operator to 2022-03-29 00:00:00+00:00
[2022-03-30 17:40:52,373] {processor.py:171} INFO - Processing /home/airflow/.local/lib/python3.7/site-packages/airflow/example_dags/example_bash_operator.py took 0.259 seconds
[2022-03-30 17:41:22,907] {processor.py:163} INFO - Started process (PID=6234) to work on /home/airflow/.local/lib/python3.7/site-packages/airflow/example_dags/example_bash_operator.py
[2022-03-30 17:41:22,913] {processor.py:642} INFO - Processing file /home/airflow/.local/lib/python3.7/site-packages/airflow/example_dags/example_bash_operator.py for tasks to queue
[2022-03-30 17:41:22,916] {logging_mixin.py:109} INFO - [2022-03-30 17:41:22,915] {dagbag.py:500} INFO - Filling up the DagBag from /home/airflow/.local/lib/python3.7/site-packages/airflow/example_dags/example_bash_operator.py
[2022-03-30 17:41:23,015] {processor.py:654} INFO - DAG(s) dict_keys(['example_bash_operator']) retrieved from /home/airflow/.local/lib/python3.7/site-packages/airflow/example_dags/example_bash_operator.py
[2022-03-30 17:41:23,067] {logging_mixin.py:109} INFO - [2022-03-30 17:41:23,066] {dag.py:2398} INFO - Sync 1 DAGs
[2022-03-30 17:41:23,183] {logging_mixin.py:109} INFO - [2022-03-30 17:41:23,182] {dag.py:2937} INFO - Setting next_dagrun for example_bash_operator to 2022-03-29 00:00:00+00:00
[2022-03-30 17:41:23,219] {processor.py:171} INFO - Processing /home/airflow/.local/lib/python3.7/site-packages/airflow/example_dags/example_bash_operator.py took 0.320 seconds
