[2022-03-30 17:27:58,229] {processor.py:163} INFO - Started process (PID=576) to work on /home/airflow/.local/lib/python3.7/site-packages/airflow/example_dags/example_subdag_operator.py
[2022-03-30 17:27:58,233] {processor.py:642} INFO - Processing file /home/airflow/.local/lib/python3.7/site-packages/airflow/example_dags/example_subdag_operator.py for tasks to queue
[2022-03-30 17:27:58,236] {logging_mixin.py:109} INFO - [2022-03-30 17:27:58,236] {dagbag.py:500} INFO - Filling up the DagBag from /home/airflow/.local/lib/python3.7/site-packages/airflow/example_dags/example_subdag_operator.py
[2022-03-30 17:27:58,372] {processor.py:654} INFO - DAG(s) dict_keys(['example_subdag_operator.section-1', 'example_subdag_operator.section-2', 'example_subdag_operator']) retrieved from /home/airflow/.local/lib/python3.7/site-packages/airflow/example_dags/example_subdag_operator.py
[2022-03-30 17:28:08,618] {logging_mixin.py:109} INFO - [2022-03-30 17:28:08,618] {manager.py:496} INFO - Created Permission View: can read on DAG:example_subdag_operator
[2022-03-30 17:28:08,649] {logging_mixin.py:109} INFO - [2022-03-30 17:28:08,648] {manager.py:496} INFO - Created Permission View: can edit on DAG:example_subdag_operator
[2022-03-30 17:28:08,652] {logging_mixin.py:109} INFO - [2022-03-30 17:28:08,651] {dag.py:2398} INFO - Sync 3 DAGs
[2022-03-30 17:28:08,688] {logging_mixin.py:109} INFO - [2022-03-30 17:28:08,687] {dag.py:2417} INFO - Creating ORM DAG for example_subdag_operator
[2022-03-30 17:28:08,691] {logging_mixin.py:109} INFO - [2022-03-30 17:28:08,691] {dag.py:2417} INFO - Creating ORM DAG for example_subdag_operator.section-1
[2022-03-30 17:28:08,694] {logging_mixin.py:109} INFO - [2022-03-30 17:28:08,694] {dag.py:2417} INFO - Creating ORM DAG for example_subdag_operator.section-2
[2022-03-30 17:28:08,726] {logging_mixin.py:109} INFO - [2022-03-30 17:28:08,726] {dag.py:2937} INFO - Setting next_dagrun for example_subdag_operator to 2022-03-28T00:00:00+00:00
[2022-03-30 17:28:08,730] {logging_mixin.py:109} INFO - [2022-03-30 17:28:08,729] {dag.py:2937} INFO - Setting next_dagrun for example_subdag_operator.section-1 to None
[2022-03-30 17:28:08,732] {logging_mixin.py:109} INFO - [2022-03-30 17:28:08,731] {dag.py:2937} INFO - Setting next_dagrun for example_subdag_operator.section-2 to None
[2022-03-30 17:28:08,764] {logging_mixin.py:109} INFO - [2022-03-30 17:28:08,763] {dag.py:2398} INFO - Sync 2 DAGs
[2022-03-30 17:28:08,806] {logging_mixin.py:109} INFO - [2022-03-30 17:28:08,805] {dag.py:2937} INFO - Setting next_dagrun for example_subdag_operator.section-1 to None
[2022-03-30 17:28:08,808] {logging_mixin.py:109} INFO - [2022-03-30 17:28:08,808] {dag.py:2937} INFO - Setting next_dagrun for example_subdag_operator.section-2 to None
[2022-03-30 17:28:08,830] {processor.py:171} INFO - Processing /home/airflow/.local/lib/python3.7/site-packages/airflow/example_dags/example_subdag_operator.py took 10.608 seconds
[2022-03-30 17:29:05,183] {processor.py:163} INFO - Started process (PID=878) to work on /home/airflow/.local/lib/python3.7/site-packages/airflow/example_dags/example_subdag_operator.py
[2022-03-30 17:29:05,187] {processor.py:642} INFO - Processing file /home/airflow/.local/lib/python3.7/site-packages/airflow/example_dags/example_subdag_operator.py for tasks to queue
[2022-03-30 17:29:05,190] {logging_mixin.py:109} INFO - [2022-03-30 17:29:05,190] {dagbag.py:500} INFO - Filling up the DagBag from /home/airflow/.local/lib/python3.7/site-packages/airflow/example_dags/example_subdag_operator.py
[2022-03-30 17:29:05,306] {processor.py:654} INFO - DAG(s) dict_keys(['example_subdag_operator.section-1', 'example_subdag_operator.section-2', 'example_subdag_operator']) retrieved from /home/airflow/.local/lib/python3.7/site-packages/airflow/example_dags/example_subdag_operator.py
[2022-03-30 17:29:05,359] {logging_mixin.py:109} INFO - [2022-03-30 17:29:05,359] {dag.py:2398} INFO - Sync 3 DAGs
[2022-03-30 17:29:05,434] {logging_mixin.py:109} INFO - [2022-03-30 17:29:05,433] {dag.py:2937} INFO - Setting next_dagrun for example_subdag_operator to 2022-03-28T00:00:00+00:00
[2022-03-30 17:29:05,437] {logging_mixin.py:109} INFO - [2022-03-30 17:29:05,437] {dag.py:2937} INFO - Setting next_dagrun for example_subdag_operator.section-1 to None
[2022-03-30 17:29:05,440] {logging_mixin.py:109} INFO - [2022-03-30 17:29:05,439] {dag.py:2937} INFO - Setting next_dagrun for example_subdag_operator.section-2 to None
[2022-03-30 17:29:05,462] {logging_mixin.py:109} INFO - [2022-03-30 17:29:05,462] {dag.py:2398} INFO - Sync 2 DAGs
[2022-03-30 17:29:05,502] {logging_mixin.py:109} INFO - [2022-03-30 17:29:05,502] {dag.py:2937} INFO - Setting next_dagrun for example_subdag_operator.section-1 to None
[2022-03-30 17:29:05,505] {logging_mixin.py:109} INFO - [2022-03-30 17:29:05,504] {dag.py:2937} INFO - Setting next_dagrun for example_subdag_operator.section-2 to None
[2022-03-30 17:29:05,526] {processor.py:171} INFO - Processing /home/airflow/.local/lib/python3.7/site-packages/airflow/example_dags/example_subdag_operator.py took 0.350 seconds
[2022-03-30 17:29:36,130] {processor.py:163} INFO - Started process (PID=1105) to work on /home/airflow/.local/lib/python3.7/site-packages/airflow/example_dags/example_subdag_operator.py
[2022-03-30 17:29:36,134] {processor.py:642} INFO - Processing file /home/airflow/.local/lib/python3.7/site-packages/airflow/example_dags/example_subdag_operator.py for tasks to queue
[2022-03-30 17:29:36,137] {logging_mixin.py:109} INFO - [2022-03-30 17:29:36,136] {dagbag.py:500} INFO - Filling up the DagBag from /home/airflow/.local/lib/python3.7/site-packages/airflow/example_dags/example_subdag_operator.py
[2022-03-30 17:29:36,239] {processor.py:654} INFO - DAG(s) dict_keys(['example_subdag_operator.section-1', 'example_subdag_operator.section-2', 'example_subdag_operator']) retrieved from /home/airflow/.local/lib/python3.7/site-packages/airflow/example_dags/example_subdag_operator.py
[2022-03-30 17:29:36,287] {logging_mixin.py:109} INFO - [2022-03-30 17:29:36,287] {dag.py:2398} INFO - Sync 3 DAGs
[2022-03-30 17:29:36,353] {logging_mixin.py:109} INFO - [2022-03-30 17:29:36,352] {dag.py:2937} INFO - Setting next_dagrun for example_subdag_operator to 2022-03-28T00:00:00+00:00
[2022-03-30 17:29:36,355] {logging_mixin.py:109} INFO - [2022-03-30 17:29:36,355] {dag.py:2937} INFO - Setting next_dagrun for example_subdag_operator.section-1 to None
[2022-03-30 17:29:36,357] {logging_mixin.py:109} INFO - [2022-03-30 17:29:36,357] {dag.py:2937} INFO - Setting next_dagrun for example_subdag_operator.section-2 to None
[2022-03-30 17:29:36,379] {logging_mixin.py:109} INFO - [2022-03-30 17:29:36,378] {dag.py:2398} INFO - Sync 2 DAGs
[2022-03-30 17:29:36,423] {logging_mixin.py:109} INFO - [2022-03-30 17:29:36,423] {dag.py:2937} INFO - Setting next_dagrun for example_subdag_operator.section-1 to None
[2022-03-30 17:29:36,426] {logging_mixin.py:109} INFO - [2022-03-30 17:29:36,426] {dag.py:2937} INFO - Setting next_dagrun for example_subdag_operator.section-2 to None
[2022-03-30 17:29:36,451] {processor.py:171} INFO - Processing /home/airflow/.local/lib/python3.7/site-packages/airflow/example_dags/example_subdag_operator.py took 0.327 seconds
[2022-03-30 17:30:07,160] {processor.py:163} INFO - Started process (PID=1322) to work on /home/airflow/.local/lib/python3.7/site-packages/airflow/example_dags/example_subdag_operator.py
[2022-03-30 17:30:07,164] {processor.py:642} INFO - Processing file /home/airflow/.local/lib/python3.7/site-packages/airflow/example_dags/example_subdag_operator.py for tasks to queue
[2022-03-30 17:30:07,166] {logging_mixin.py:109} INFO - [2022-03-30 17:30:07,166] {dagbag.py:500} INFO - Filling up the DagBag from /home/airflow/.local/lib/python3.7/site-packages/airflow/example_dags/example_subdag_operator.py
[2022-03-30 17:30:07,268] {processor.py:654} INFO - DAG(s) dict_keys(['example_subdag_operator.section-1', 'example_subdag_operator.section-2', 'example_subdag_operator']) retrieved from /home/airflow/.local/lib/python3.7/site-packages/airflow/example_dags/example_subdag_operator.py
[2022-03-30 17:30:07,311] {logging_mixin.py:109} INFO - [2022-03-30 17:30:07,311] {dag.py:2398} INFO - Sync 3 DAGs
[2022-03-30 17:30:07,364] {logging_mixin.py:109} INFO - [2022-03-30 17:30:07,364] {dag.py:2937} INFO - Setting next_dagrun for example_subdag_operator to 2022-03-28T00:00:00+00:00
[2022-03-30 17:30:07,366] {logging_mixin.py:109} INFO - [2022-03-30 17:30:07,366] {dag.py:2937} INFO - Setting next_dagrun for example_subdag_operator.section-1 to None
[2022-03-30 17:30:07,368] {logging_mixin.py:109} INFO - [2022-03-30 17:30:07,368] {dag.py:2937} INFO - Setting next_dagrun for example_subdag_operator.section-2 to None
[2022-03-30 17:30:07,387] {logging_mixin.py:109} INFO - [2022-03-30 17:30:07,387] {dag.py:2398} INFO - Sync 2 DAGs
[2022-03-30 17:30:07,418] {logging_mixin.py:109} INFO - [2022-03-30 17:30:07,418] {dag.py:2937} INFO - Setting next_dagrun for example_subdag_operator.section-1 to None
[2022-03-30 17:30:07,420] {logging_mixin.py:109} INFO - [2022-03-30 17:30:07,420] {dag.py:2937} INFO - Setting next_dagrun for example_subdag_operator.section-2 to None
[2022-03-30 17:30:07,437] {processor.py:171} INFO - Processing /home/airflow/.local/lib/python3.7/site-packages/airflow/example_dags/example_subdag_operator.py took 0.284 seconds
[2022-03-30 17:30:38,101] {processor.py:163} INFO - Started process (PID=1553) to work on /home/airflow/.local/lib/python3.7/site-packages/airflow/example_dags/example_subdag_operator.py
[2022-03-30 17:30:38,105] {processor.py:642} INFO - Processing file /home/airflow/.local/lib/python3.7/site-packages/airflow/example_dags/example_subdag_operator.py for tasks to queue
[2022-03-30 17:30:38,108] {logging_mixin.py:109} INFO - [2022-03-30 17:30:38,107] {dagbag.py:500} INFO - Filling up the DagBag from /home/airflow/.local/lib/python3.7/site-packages/airflow/example_dags/example_subdag_operator.py
[2022-03-30 17:30:38,206] {processor.py:654} INFO - DAG(s) dict_keys(['example_subdag_operator.section-1', 'example_subdag_operator.section-2', 'example_subdag_operator']) retrieved from /home/airflow/.local/lib/python3.7/site-packages/airflow/example_dags/example_subdag_operator.py
[2022-03-30 17:30:38,253] {logging_mixin.py:109} INFO - [2022-03-30 17:30:38,252] {dag.py:2398} INFO - Sync 3 DAGs
[2022-03-30 17:30:38,308] {logging_mixin.py:109} INFO - [2022-03-30 17:30:38,307] {dag.py:2937} INFO - Setting next_dagrun for example_subdag_operator to 2022-03-28T00:00:00+00:00
[2022-03-30 17:30:38,310] {logging_mixin.py:109} INFO - [2022-03-30 17:30:38,309] {dag.py:2937} INFO - Setting next_dagrun for example_subdag_operator.section-1 to None
[2022-03-30 17:30:38,311] {logging_mixin.py:109} INFO - [2022-03-30 17:30:38,311] {dag.py:2937} INFO - Setting next_dagrun for example_subdag_operator.section-2 to None
[2022-03-30 17:30:38,332] {logging_mixin.py:109} INFO - [2022-03-30 17:30:38,331] {dag.py:2398} INFO - Sync 2 DAGs
[2022-03-30 17:30:38,364] {logging_mixin.py:109} INFO - [2022-03-30 17:30:38,364] {dag.py:2937} INFO - Setting next_dagrun for example_subdag_operator.section-1 to None
[2022-03-30 17:30:38,366] {logging_mixin.py:109} INFO - [2022-03-30 17:30:38,366] {dag.py:2937} INFO - Setting next_dagrun for example_subdag_operator.section-2 to None
[2022-03-30 17:30:38,384] {processor.py:171} INFO - Processing /home/airflow/.local/lib/python3.7/site-packages/airflow/example_dags/example_subdag_operator.py took 0.289 seconds
[2022-03-30 17:31:08,709] {processor.py:163} INFO - Started process (PID=1762) to work on /home/airflow/.local/lib/python3.7/site-packages/airflow/example_dags/example_subdag_operator.py
[2022-03-30 17:31:08,712] {processor.py:642} INFO - Processing file /home/airflow/.local/lib/python3.7/site-packages/airflow/example_dags/example_subdag_operator.py for tasks to queue
[2022-03-30 17:31:08,715] {logging_mixin.py:109} INFO - [2022-03-30 17:31:08,715] {dagbag.py:500} INFO - Filling up the DagBag from /home/airflow/.local/lib/python3.7/site-packages/airflow/example_dags/example_subdag_operator.py
[2022-03-30 17:31:08,809] {processor.py:654} INFO - DAG(s) dict_keys(['example_subdag_operator.section-1', 'example_subdag_operator.section-2', 'example_subdag_operator']) retrieved from /home/airflow/.local/lib/python3.7/site-packages/airflow/example_dags/example_subdag_operator.py
[2022-03-30 17:31:08,852] {logging_mixin.py:109} INFO - [2022-03-30 17:31:08,852] {dag.py:2398} INFO - Sync 3 DAGs
[2022-03-30 17:31:08,901] {logging_mixin.py:109} INFO - [2022-03-30 17:31:08,901] {dag.py:2937} INFO - Setting next_dagrun for example_subdag_operator to 2022-03-28T00:00:00+00:00
[2022-03-30 17:31:08,904] {logging_mixin.py:109} INFO - [2022-03-30 17:31:08,903] {dag.py:2937} INFO - Setting next_dagrun for example_subdag_operator.section-1 to None
[2022-03-30 17:31:08,905] {logging_mixin.py:109} INFO - [2022-03-30 17:31:08,905] {dag.py:2937} INFO - Setting next_dagrun for example_subdag_operator.section-2 to None
[2022-03-30 17:31:08,924] {logging_mixin.py:109} INFO - [2022-03-30 17:31:08,923] {dag.py:2398} INFO - Sync 2 DAGs
[2022-03-30 17:31:08,955] {logging_mixin.py:109} INFO - [2022-03-30 17:31:08,955] {dag.py:2937} INFO - Setting next_dagrun for example_subdag_operator.section-1 to None
[2022-03-30 17:31:08,957] {logging_mixin.py:109} INFO - [2022-03-30 17:31:08,957] {dag.py:2937} INFO - Setting next_dagrun for example_subdag_operator.section-2 to None
[2022-03-30 17:31:08,974] {processor.py:171} INFO - Processing /home/airflow/.local/lib/python3.7/site-packages/airflow/example_dags/example_subdag_operator.py took 0.272 seconds
[2022-03-30 17:31:39,433] {processor.py:163} INFO - Started process (PID=1989) to work on /home/airflow/.local/lib/python3.7/site-packages/airflow/example_dags/example_subdag_operator.py
[2022-03-30 17:31:39,436] {processor.py:642} INFO - Processing file /home/airflow/.local/lib/python3.7/site-packages/airflow/example_dags/example_subdag_operator.py for tasks to queue
[2022-03-30 17:31:39,439] {logging_mixin.py:109} INFO - [2022-03-30 17:31:39,439] {dagbag.py:500} INFO - Filling up the DagBag from /home/airflow/.local/lib/python3.7/site-packages/airflow/example_dags/example_subdag_operator.py
[2022-03-30 17:31:39,537] {processor.py:654} INFO - DAG(s) dict_keys(['example_subdag_operator.section-1', 'example_subdag_operator.section-2', 'example_subdag_operator']) retrieved from /home/airflow/.local/lib/python3.7/site-packages/airflow/example_dags/example_subdag_operator.py
[2022-03-30 17:31:39,584] {logging_mixin.py:109} INFO - [2022-03-30 17:31:39,584] {dag.py:2398} INFO - Sync 3 DAGs
[2022-03-30 17:31:39,642] {logging_mixin.py:109} INFO - [2022-03-30 17:31:39,641] {dag.py:2937} INFO - Setting next_dagrun for example_subdag_operator to 2022-03-28T00:00:00+00:00
[2022-03-30 17:31:39,644] {logging_mixin.py:109} INFO - [2022-03-30 17:31:39,644] {dag.py:2937} INFO - Setting next_dagrun for example_subdag_operator.section-1 to None
[2022-03-30 17:31:39,646] {logging_mixin.py:109} INFO - [2022-03-30 17:31:39,645] {dag.py:2937} INFO - Setting next_dagrun for example_subdag_operator.section-2 to None
[2022-03-30 17:31:39,790] {logging_mixin.py:109} INFO - [2022-03-30 17:31:39,790] {dag.py:2398} INFO - Sync 2 DAGs
[2022-03-30 17:31:39,827] {logging_mixin.py:109} INFO - [2022-03-30 17:31:39,827] {dag.py:2937} INFO - Setting next_dagrun for example_subdag_operator.section-1 to None
[2022-03-30 17:31:39,830] {logging_mixin.py:109} INFO - [2022-03-30 17:31:39,830] {dag.py:2937} INFO - Setting next_dagrun for example_subdag_operator.section-2 to None
[2022-03-30 17:31:39,848] {processor.py:171} INFO - Processing /home/airflow/.local/lib/python3.7/site-packages/airflow/example_dags/example_subdag_operator.py took 0.422 seconds
[2022-03-30 17:32:09,923] {processor.py:163} INFO - Started process (PID=2206) to work on /home/airflow/.local/lib/python3.7/site-packages/airflow/example_dags/example_subdag_operator.py
[2022-03-30 17:32:09,927] {processor.py:642} INFO - Processing file /home/airflow/.local/lib/python3.7/site-packages/airflow/example_dags/example_subdag_operator.py for tasks to queue
[2022-03-30 17:32:09,929] {logging_mixin.py:109} INFO - [2022-03-30 17:32:09,928] {dagbag.py:500} INFO - Filling up the DagBag from /home/airflow/.local/lib/python3.7/site-packages/airflow/example_dags/example_subdag_operator.py
[2022-03-30 17:32:10,019] {processor.py:654} INFO - DAG(s) dict_keys(['example_subdag_operator.section-1', 'example_subdag_operator.section-2', 'example_subdag_operator']) retrieved from /home/airflow/.local/lib/python3.7/site-packages/airflow/example_dags/example_subdag_operator.py
[2022-03-30 17:32:10,060] {logging_mixin.py:109} INFO - [2022-03-30 17:32:10,060] {dag.py:2398} INFO - Sync 3 DAGs
[2022-03-30 17:32:10,114] {logging_mixin.py:109} INFO - [2022-03-30 17:32:10,113] {dag.py:2937} INFO - Setting next_dagrun for example_subdag_operator to 2022-03-28T00:00:00+00:00
[2022-03-30 17:32:10,116] {logging_mixin.py:109} INFO - [2022-03-30 17:32:10,116] {dag.py:2937} INFO - Setting next_dagrun for example_subdag_operator.section-1 to None
[2022-03-30 17:32:10,118] {logging_mixin.py:109} INFO - [2022-03-30 17:32:10,117] {dag.py:2937} INFO - Setting next_dagrun for example_subdag_operator.section-2 to None
[2022-03-30 17:32:10,238] {logging_mixin.py:109} INFO - [2022-03-30 17:32:10,237] {dag.py:2398} INFO - Sync 2 DAGs
[2022-03-30 17:32:10,269] {logging_mixin.py:109} INFO - [2022-03-30 17:32:10,269] {dag.py:2937} INFO - Setting next_dagrun for example_subdag_operator.section-1 to None
[2022-03-30 17:32:10,271] {logging_mixin.py:109} INFO - [2022-03-30 17:32:10,271] {dag.py:2937} INFO - Setting next_dagrun for example_subdag_operator.section-2 to None
[2022-03-30 17:32:10,286] {processor.py:171} INFO - Processing /home/airflow/.local/lib/python3.7/site-packages/airflow/example_dags/example_subdag_operator.py took 0.368 seconds
[2022-03-30 17:32:40,463] {processor.py:163} INFO - Started process (PID=2444) to work on /home/airflow/.local/lib/python3.7/site-packages/airflow/example_dags/example_subdag_operator.py
[2022-03-30 17:32:40,466] {processor.py:642} INFO - Processing file /home/airflow/.local/lib/python3.7/site-packages/airflow/example_dags/example_subdag_operator.py for tasks to queue
[2022-03-30 17:32:40,469] {logging_mixin.py:109} INFO - [2022-03-30 17:32:40,468] {dagbag.py:500} INFO - Filling up the DagBag from /home/airflow/.local/lib/python3.7/site-packages/airflow/example_dags/example_subdag_operator.py
[2022-03-30 17:32:40,572] {processor.py:654} INFO - DAG(s) dict_keys(['example_subdag_operator.section-1', 'example_subdag_operator.section-2', 'example_subdag_operator']) retrieved from /home/airflow/.local/lib/python3.7/site-packages/airflow/example_dags/example_subdag_operator.py
[2022-03-30 17:32:40,620] {logging_mixin.py:109} INFO - [2022-03-30 17:32:40,619] {dag.py:2398} INFO - Sync 3 DAGs
[2022-03-30 17:32:40,675] {logging_mixin.py:109} INFO - [2022-03-30 17:32:40,675] {dag.py:2937} INFO - Setting next_dagrun for example_subdag_operator to 2022-03-28T00:00:00+00:00
[2022-03-30 17:32:40,677] {logging_mixin.py:109} INFO - [2022-03-30 17:32:40,677] {dag.py:2937} INFO - Setting next_dagrun for example_subdag_operator.section-1 to None
[2022-03-30 17:32:40,679] {logging_mixin.py:109} INFO - [2022-03-30 17:32:40,679] {dag.py:2937} INFO - Setting next_dagrun for example_subdag_operator.section-2 to None
[2022-03-30 17:32:40,806] {logging_mixin.py:109} INFO - [2022-03-30 17:32:40,806] {dag.py:2398} INFO - Sync 2 DAGs
[2022-03-30 17:32:40,839] {logging_mixin.py:109} INFO - [2022-03-30 17:32:40,839] {dag.py:2937} INFO - Setting next_dagrun for example_subdag_operator.section-1 to None
[2022-03-30 17:32:40,842] {logging_mixin.py:109} INFO - [2022-03-30 17:32:40,841] {dag.py:2937} INFO - Setting next_dagrun for example_subdag_operator.section-2 to None
[2022-03-30 17:32:40,859] {processor.py:171} INFO - Processing /home/airflow/.local/lib/python3.7/site-packages/airflow/example_dags/example_subdag_operator.py took 0.403 seconds
[2022-03-30 17:33:11,411] {processor.py:163} INFO - Started process (PID=2659) to work on /home/airflow/.local/lib/python3.7/site-packages/airflow/example_dags/example_subdag_operator.py
[2022-03-30 17:33:11,417] {processor.py:642} INFO - Processing file /home/airflow/.local/lib/python3.7/site-packages/airflow/example_dags/example_subdag_operator.py for tasks to queue
[2022-03-30 17:33:11,423] {logging_mixin.py:109} INFO - [2022-03-30 17:33:11,422] {dagbag.py:500} INFO - Filling up the DagBag from /home/airflow/.local/lib/python3.7/site-packages/airflow/example_dags/example_subdag_operator.py
[2022-03-30 17:33:11,553] {processor.py:654} INFO - DAG(s) dict_keys(['example_subdag_operator.section-1', 'example_subdag_operator.section-2', 'example_subdag_operator']) retrieved from /home/airflow/.local/lib/python3.7/site-packages/airflow/example_dags/example_subdag_operator.py
[2022-03-30 17:33:11,610] {logging_mixin.py:109} INFO - [2022-03-30 17:33:11,610] {dag.py:2398} INFO - Sync 3 DAGs
[2022-03-30 17:33:11,820] {logging_mixin.py:109} INFO - [2022-03-30 17:33:11,819] {dag.py:2937} INFO - Setting next_dagrun for example_subdag_operator to 2022-03-28T00:00:00+00:00
[2022-03-30 17:33:11,823] {logging_mixin.py:109} INFO - [2022-03-30 17:33:11,823] {dag.py:2937} INFO - Setting next_dagrun for example_subdag_operator.section-1 to None
[2022-03-30 17:33:11,826] {logging_mixin.py:109} INFO - [2022-03-30 17:33:11,825] {dag.py:2937} INFO - Setting next_dagrun for example_subdag_operator.section-2 to None
[2022-03-30 17:33:11,850] {logging_mixin.py:109} INFO - [2022-03-30 17:33:11,850] {dag.py:2398} INFO - Sync 2 DAGs
[2022-03-30 17:33:11,916] {logging_mixin.py:109} INFO - [2022-03-30 17:33:11,916] {dag.py:2937} INFO - Setting next_dagrun for example_subdag_operator.section-1 to None
[2022-03-30 17:33:11,925] {logging_mixin.py:109} INFO - [2022-03-30 17:33:11,924] {dag.py:2937} INFO - Setting next_dagrun for example_subdag_operator.section-2 to None
[2022-03-30 17:33:11,982] {processor.py:171} INFO - Processing /home/airflow/.local/lib/python3.7/site-packages/airflow/example_dags/example_subdag_operator.py took 0.579 seconds
[2022-03-30 17:33:42,898] {processor.py:163} INFO - Started process (PID=2895) to work on /home/airflow/.local/lib/python3.7/site-packages/airflow/example_dags/example_subdag_operator.py
[2022-03-30 17:33:42,902] {processor.py:642} INFO - Processing file /home/airflow/.local/lib/python3.7/site-packages/airflow/example_dags/example_subdag_operator.py for tasks to queue
[2022-03-30 17:33:42,904] {logging_mixin.py:109} INFO - [2022-03-30 17:33:42,904] {dagbag.py:500} INFO - Filling up the DagBag from /home/airflow/.local/lib/python3.7/site-packages/airflow/example_dags/example_subdag_operator.py
[2022-03-30 17:33:43,006] {processor.py:654} INFO - DAG(s) dict_keys(['example_subdag_operator.section-1', 'example_subdag_operator.section-2', 'example_subdag_operator']) retrieved from /home/airflow/.local/lib/python3.7/site-packages/airflow/example_dags/example_subdag_operator.py
[2022-03-30 17:33:43,062] {logging_mixin.py:109} INFO - [2022-03-30 17:33:43,062] {dag.py:2398} INFO - Sync 3 DAGs
[2022-03-30 17:33:43,229] {logging_mixin.py:109} INFO - [2022-03-30 17:33:43,228] {dag.py:2937} INFO - Setting next_dagrun for example_subdag_operator to 2022-03-28T00:00:00+00:00
[2022-03-30 17:33:43,231] {logging_mixin.py:109} INFO - [2022-03-30 17:33:43,231] {dag.py:2937} INFO - Setting next_dagrun for example_subdag_operator.section-1 to None
[2022-03-30 17:33:43,233] {logging_mixin.py:109} INFO - [2022-03-30 17:33:43,232] {dag.py:2937} INFO - Setting next_dagrun for example_subdag_operator.section-2 to None
[2022-03-30 17:33:43,250] {logging_mixin.py:109} INFO - [2022-03-30 17:33:43,250] {dag.py:2398} INFO - Sync 2 DAGs
[2022-03-30 17:33:43,284] {logging_mixin.py:109} INFO - [2022-03-30 17:33:43,284] {dag.py:2937} INFO - Setting next_dagrun for example_subdag_operator.section-1 to None
[2022-03-30 17:33:43,286] {logging_mixin.py:109} INFO - [2022-03-30 17:33:43,286] {dag.py:2937} INFO - Setting next_dagrun for example_subdag_operator.section-2 to None
[2022-03-30 17:33:43,304] {processor.py:171} INFO - Processing /home/airflow/.local/lib/python3.7/site-packages/airflow/example_dags/example_subdag_operator.py took 0.412 seconds
[2022-03-30 17:34:13,730] {processor.py:163} INFO - Started process (PID=3120) to work on /home/airflow/.local/lib/python3.7/site-packages/airflow/example_dags/example_subdag_operator.py
[2022-03-30 17:34:13,737] {processor.py:642} INFO - Processing file /home/airflow/.local/lib/python3.7/site-packages/airflow/example_dags/example_subdag_operator.py for tasks to queue
[2022-03-30 17:34:13,741] {logging_mixin.py:109} INFO - [2022-03-30 17:34:13,740] {dagbag.py:500} INFO - Filling up the DagBag from /home/airflow/.local/lib/python3.7/site-packages/airflow/example_dags/example_subdag_operator.py
[2022-03-30 17:34:13,874] {processor.py:654} INFO - DAG(s) dict_keys(['example_subdag_operator.section-1', 'example_subdag_operator.section-2', 'example_subdag_operator']) retrieved from /home/airflow/.local/lib/python3.7/site-packages/airflow/example_dags/example_subdag_operator.py
[2022-03-30 17:34:13,931] {logging_mixin.py:109} INFO - [2022-03-30 17:34:13,930] {dag.py:2398} INFO - Sync 3 DAGs
[2022-03-30 17:34:14,132] {logging_mixin.py:109} INFO - [2022-03-30 17:34:14,131] {dag.py:2937} INFO - Setting next_dagrun for example_subdag_operator to 2022-03-28T00:00:00+00:00
[2022-03-30 17:34:14,136] {logging_mixin.py:109} INFO - [2022-03-30 17:34:14,136] {dag.py:2937} INFO - Setting next_dagrun for example_subdag_operator.section-1 to None
[2022-03-30 17:34:14,140] {logging_mixin.py:109} INFO - [2022-03-30 17:34:14,140] {dag.py:2937} INFO - Setting next_dagrun for example_subdag_operator.section-2 to None
[2022-03-30 17:34:14,164] {logging_mixin.py:109} INFO - [2022-03-30 17:34:14,164] {dag.py:2398} INFO - Sync 2 DAGs
[2022-03-30 17:34:14,207] {logging_mixin.py:109} INFO - [2022-03-30 17:34:14,207] {dag.py:2937} INFO - Setting next_dagrun for example_subdag_operator.section-1 to None
[2022-03-30 17:34:14,210] {logging_mixin.py:109} INFO - [2022-03-30 17:34:14,210] {dag.py:2937} INFO - Setting next_dagrun for example_subdag_operator.section-2 to None
[2022-03-30 17:34:14,237] {processor.py:171} INFO - Processing /home/airflow/.local/lib/python3.7/site-packages/airflow/example_dags/example_subdag_operator.py took 0.515 seconds
[2022-03-30 17:34:44,997] {processor.py:163} INFO - Started process (PID=3342) to work on /home/airflow/.local/lib/python3.7/site-packages/airflow/example_dags/example_subdag_operator.py
[2022-03-30 17:34:45,003] {processor.py:642} INFO - Processing file /home/airflow/.local/lib/python3.7/site-packages/airflow/example_dags/example_subdag_operator.py for tasks to queue
[2022-03-30 17:34:45,006] {logging_mixin.py:109} INFO - [2022-03-30 17:34:45,005] {dagbag.py:500} INFO - Filling up the DagBag from /home/airflow/.local/lib/python3.7/site-packages/airflow/example_dags/example_subdag_operator.py
[2022-03-30 17:34:45,111] {processor.py:654} INFO - DAG(s) dict_keys(['example_subdag_operator.section-1', 'example_subdag_operator.section-2', 'example_subdag_operator']) retrieved from /home/airflow/.local/lib/python3.7/site-packages/airflow/example_dags/example_subdag_operator.py
[2022-03-30 17:34:45,281] {logging_mixin.py:109} INFO - [2022-03-30 17:34:45,280] {dag.py:2398} INFO - Sync 3 DAGs
[2022-03-30 17:34:45,340] {logging_mixin.py:109} INFO - [2022-03-30 17:34:45,340] {dag.py:2937} INFO - Setting next_dagrun for example_subdag_operator to 2022-03-28T00:00:00+00:00
[2022-03-30 17:34:45,343] {logging_mixin.py:109} INFO - [2022-03-30 17:34:45,342] {dag.py:2937} INFO - Setting next_dagrun for example_subdag_operator.section-1 to None
[2022-03-30 17:34:45,345] {logging_mixin.py:109} INFO - [2022-03-30 17:34:45,345] {dag.py:2937} INFO - Setting next_dagrun for example_subdag_operator.section-2 to None
[2022-03-30 17:34:45,365] {logging_mixin.py:109} INFO - [2022-03-30 17:34:45,364] {dag.py:2398} INFO - Sync 2 DAGs
[2022-03-30 17:34:45,402] {logging_mixin.py:109} INFO - [2022-03-30 17:34:45,401] {dag.py:2937} INFO - Setting next_dagrun for example_subdag_operator.section-1 to None
[2022-03-30 17:34:45,405] {logging_mixin.py:109} INFO - [2022-03-30 17:34:45,404] {dag.py:2937} INFO - Setting next_dagrun for example_subdag_operator.section-2 to None
[2022-03-30 17:34:45,424] {processor.py:171} INFO - Processing /home/airflow/.local/lib/python3.7/site-packages/airflow/example_dags/example_subdag_operator.py took 0.434 seconds
[2022-03-30 17:35:15,614] {processor.py:163} INFO - Started process (PID=3577) to work on /home/airflow/.local/lib/python3.7/site-packages/airflow/example_dags/example_subdag_operator.py
[2022-03-30 17:35:15,634] {processor.py:642} INFO - Processing file /home/airflow/.local/lib/python3.7/site-packages/airflow/example_dags/example_subdag_operator.py for tasks to queue
[2022-03-30 17:35:15,637] {logging_mixin.py:109} INFO - [2022-03-30 17:35:15,637] {dagbag.py:500} INFO - Filling up the DagBag from /home/airflow/.local/lib/python3.7/site-packages/airflow/example_dags/example_subdag_operator.py
[2022-03-30 17:35:15,758] {processor.py:654} INFO - DAG(s) dict_keys(['example_subdag_operator.section-1', 'example_subdag_operator.section-2', 'example_subdag_operator']) retrieved from /home/airflow/.local/lib/python3.7/site-packages/airflow/example_dags/example_subdag_operator.py
[2022-03-30 17:35:15,939] {logging_mixin.py:109} INFO - [2022-03-30 17:35:15,938] {dag.py:2398} INFO - Sync 3 DAGs
[2022-03-30 17:35:16,005] {logging_mixin.py:109} INFO - [2022-03-30 17:35:16,004] {dag.py:2937} INFO - Setting next_dagrun for example_subdag_operator to 2022-03-28T00:00:00+00:00
[2022-03-30 17:35:16,008] {logging_mixin.py:109} INFO - [2022-03-30 17:35:16,008] {dag.py:2937} INFO - Setting next_dagrun for example_subdag_operator.section-1 to None
[2022-03-30 17:35:16,014] {logging_mixin.py:109} INFO - [2022-03-30 17:35:16,014] {dag.py:2937} INFO - Setting next_dagrun for example_subdag_operator.section-2 to None
[2022-03-30 17:35:16,037] {logging_mixin.py:109} INFO - [2022-03-30 17:35:16,036] {dag.py:2398} INFO - Sync 2 DAGs
[2022-03-30 17:35:16,077] {logging_mixin.py:109} INFO - [2022-03-30 17:35:16,077] {dag.py:2937} INFO - Setting next_dagrun for example_subdag_operator.section-1 to None
[2022-03-30 17:35:16,080] {logging_mixin.py:109} INFO - [2022-03-30 17:35:16,079] {dag.py:2937} INFO - Setting next_dagrun for example_subdag_operator.section-2 to None
[2022-03-30 17:35:16,100] {processor.py:171} INFO - Processing /home/airflow/.local/lib/python3.7/site-packages/airflow/example_dags/example_subdag_operator.py took 0.493 seconds
[2022-03-30 17:35:46,248] {processor.py:163} INFO - Started process (PID=3786) to work on /home/airflow/.local/lib/python3.7/site-packages/airflow/example_dags/example_subdag_operator.py
[2022-03-30 17:35:46,252] {processor.py:642} INFO - Processing file /home/airflow/.local/lib/python3.7/site-packages/airflow/example_dags/example_subdag_operator.py for tasks to queue
[2022-03-30 17:35:46,254] {logging_mixin.py:109} INFO - [2022-03-30 17:35:46,254] {dagbag.py:500} INFO - Filling up the DagBag from /home/airflow/.local/lib/python3.7/site-packages/airflow/example_dags/example_subdag_operator.py
[2022-03-30 17:35:46,455] {processor.py:654} INFO - DAG(s) dict_keys(['example_subdag_operator.section-1', 'example_subdag_operator.section-2', 'example_subdag_operator']) retrieved from /home/airflow/.local/lib/python3.7/site-packages/airflow/example_dags/example_subdag_operator.py
[2022-03-30 17:35:46,493] {logging_mixin.py:109} INFO - [2022-03-30 17:35:46,493] {dag.py:2398} INFO - Sync 3 DAGs
[2022-03-30 17:35:46,539] {logging_mixin.py:109} INFO - [2022-03-30 17:35:46,538] {dag.py:2937} INFO - Setting next_dagrun for example_subdag_operator to 2022-03-28T00:00:00+00:00
[2022-03-30 17:35:46,541] {logging_mixin.py:109} INFO - [2022-03-30 17:35:46,541] {dag.py:2937} INFO - Setting next_dagrun for example_subdag_operator.section-1 to None
[2022-03-30 17:35:46,543] {logging_mixin.py:109} INFO - [2022-03-30 17:35:46,543] {dag.py:2937} INFO - Setting next_dagrun for example_subdag_operator.section-2 to None
[2022-03-30 17:35:46,558] {logging_mixin.py:109} INFO - [2022-03-30 17:35:46,558] {dag.py:2398} INFO - Sync 2 DAGs
[2022-03-30 17:35:46,588] {logging_mixin.py:109} INFO - [2022-03-30 17:35:46,588] {dag.py:2937} INFO - Setting next_dagrun for example_subdag_operator.section-1 to None
[2022-03-30 17:35:46,590] {logging_mixin.py:109} INFO - [2022-03-30 17:35:46,590] {dag.py:2937} INFO - Setting next_dagrun for example_subdag_operator.section-2 to None
[2022-03-30 17:35:46,606] {processor.py:171} INFO - Processing /home/airflow/.local/lib/python3.7/site-packages/airflow/example_dags/example_subdag_operator.py took 0.364 seconds
[2022-03-30 17:36:16,926] {processor.py:163} INFO - Started process (PID=4018) to work on /home/airflow/.local/lib/python3.7/site-packages/airflow/example_dags/example_subdag_operator.py
[2022-03-30 17:36:16,930] {processor.py:642} INFO - Processing file /home/airflow/.local/lib/python3.7/site-packages/airflow/example_dags/example_subdag_operator.py for tasks to queue
[2022-03-30 17:36:16,932] {logging_mixin.py:109} INFO - [2022-03-30 17:36:16,932] {dagbag.py:500} INFO - Filling up the DagBag from /home/airflow/.local/lib/python3.7/site-packages/airflow/example_dags/example_subdag_operator.py
[2022-03-30 17:36:17,142] {processor.py:654} INFO - DAG(s) dict_keys(['example_subdag_operator.section-1', 'example_subdag_operator.section-2', 'example_subdag_operator']) retrieved from /home/airflow/.local/lib/python3.7/site-packages/airflow/example_dags/example_subdag_operator.py
[2022-03-30 17:36:17,190] {logging_mixin.py:109} INFO - [2022-03-30 17:36:17,189] {dag.py:2398} INFO - Sync 3 DAGs
[2022-03-30 17:36:17,273] {logging_mixin.py:109} INFO - [2022-03-30 17:36:17,273] {dag.py:2937} INFO - Setting next_dagrun for example_subdag_operator to 2022-03-28T00:00:00+00:00
[2022-03-30 17:36:17,276] {logging_mixin.py:109} INFO - [2022-03-30 17:36:17,276] {dag.py:2937} INFO - Setting next_dagrun for example_subdag_operator.section-1 to None
[2022-03-30 17:36:17,279] {logging_mixin.py:109} INFO - [2022-03-30 17:36:17,278] {dag.py:2937} INFO - Setting next_dagrun for example_subdag_operator.section-2 to None
[2022-03-30 17:36:17,299] {logging_mixin.py:109} INFO - [2022-03-30 17:36:17,298] {dag.py:2398} INFO - Sync 2 DAGs
[2022-03-30 17:36:17,335] {logging_mixin.py:109} INFO - [2022-03-30 17:36:17,334] {dag.py:2937} INFO - Setting next_dagrun for example_subdag_operator.section-1 to None
[2022-03-30 17:36:17,339] {logging_mixin.py:109} INFO - [2022-03-30 17:36:17,338] {dag.py:2937} INFO - Setting next_dagrun for example_subdag_operator.section-2 to None
[2022-03-30 17:36:17,357] {processor.py:171} INFO - Processing /home/airflow/.local/lib/python3.7/site-packages/airflow/example_dags/example_subdag_operator.py took 0.437 seconds
[2022-03-30 17:36:47,476] {processor.py:163} INFO - Started process (PID=4229) to work on /home/airflow/.local/lib/python3.7/site-packages/airflow/example_dags/example_subdag_operator.py
[2022-03-30 17:36:47,479] {processor.py:642} INFO - Processing file /home/airflow/.local/lib/python3.7/site-packages/airflow/example_dags/example_subdag_operator.py for tasks to queue
[2022-03-30 17:36:47,481] {logging_mixin.py:109} INFO - [2022-03-30 17:36:47,481] {dagbag.py:500} INFO - Filling up the DagBag from /home/airflow/.local/lib/python3.7/site-packages/airflow/example_dags/example_subdag_operator.py
[2022-03-30 17:36:47,666] {processor.py:654} INFO - DAG(s) dict_keys(['example_subdag_operator.section-1', 'example_subdag_operator.section-2', 'example_subdag_operator']) retrieved from /home/airflow/.local/lib/python3.7/site-packages/airflow/example_dags/example_subdag_operator.py
[2022-03-30 17:36:47,705] {logging_mixin.py:109} INFO - [2022-03-30 17:36:47,704] {dag.py:2398} INFO - Sync 3 DAGs
[2022-03-30 17:36:47,768] {logging_mixin.py:109} INFO - [2022-03-30 17:36:47,767] {dag.py:2937} INFO - Setting next_dagrun for example_subdag_operator to 2022-03-28T00:00:00+00:00
[2022-03-30 17:36:47,773] {logging_mixin.py:109} INFO - [2022-03-30 17:36:47,773] {dag.py:2937} INFO - Setting next_dagrun for example_subdag_operator.section-1 to None
[2022-03-30 17:36:47,777] {logging_mixin.py:109} INFO - [2022-03-30 17:36:47,776] {dag.py:2937} INFO - Setting next_dagrun for example_subdag_operator.section-2 to None
[2022-03-30 17:36:47,811] {logging_mixin.py:109} INFO - [2022-03-30 17:36:47,811] {dag.py:2398} INFO - Sync 2 DAGs
[2022-03-30 17:36:47,850] {logging_mixin.py:109} INFO - [2022-03-30 17:36:47,850] {dag.py:2937} INFO - Setting next_dagrun for example_subdag_operator.section-1 to None
[2022-03-30 17:36:47,854] {logging_mixin.py:109} INFO - [2022-03-30 17:36:47,853] {dag.py:2937} INFO - Setting next_dagrun for example_subdag_operator.section-2 to None
[2022-03-30 17:36:47,871] {processor.py:171} INFO - Processing /home/airflow/.local/lib/python3.7/site-packages/airflow/example_dags/example_subdag_operator.py took 0.402 seconds
[2022-03-30 17:37:18,050] {processor.py:163} INFO - Started process (PID=4461) to work on /home/airflow/.local/lib/python3.7/site-packages/airflow/example_dags/example_subdag_operator.py
[2022-03-30 17:37:18,054] {processor.py:642} INFO - Processing file /home/airflow/.local/lib/python3.7/site-packages/airflow/example_dags/example_subdag_operator.py for tasks to queue
[2022-03-30 17:37:18,057] {logging_mixin.py:109} INFO - [2022-03-30 17:37:18,057] {dagbag.py:500} INFO - Filling up the DagBag from /home/airflow/.local/lib/python3.7/site-packages/airflow/example_dags/example_subdag_operator.py
[2022-03-30 17:37:18,261] {processor.py:654} INFO - DAG(s) dict_keys(['example_subdag_operator.section-1', 'example_subdag_operator.section-2', 'example_subdag_operator']) retrieved from /home/airflow/.local/lib/python3.7/site-packages/airflow/example_dags/example_subdag_operator.py
[2022-03-30 17:37:18,309] {logging_mixin.py:109} INFO - [2022-03-30 17:37:18,309] {dag.py:2398} INFO - Sync 3 DAGs
[2022-03-30 17:37:18,367] {logging_mixin.py:109} INFO - [2022-03-30 17:37:18,364] {dag.py:2937} INFO - Setting next_dagrun for example_subdag_operator to 2022-03-28T00:00:00+00:00
[2022-03-30 17:37:18,397] {logging_mixin.py:109} INFO - [2022-03-30 17:37:18,394] {dag.py:2937} INFO - Setting next_dagrun for example_subdag_operator.section-1 to None
[2022-03-30 17:37:18,404] {logging_mixin.py:109} INFO - [2022-03-30 17:37:18,402] {dag.py:2937} INFO - Setting next_dagrun for example_subdag_operator.section-2 to None
[2022-03-30 17:37:18,465] {logging_mixin.py:109} INFO - [2022-03-30 17:37:18,464] {dag.py:2398} INFO - Sync 2 DAGs
[2022-03-30 17:37:18,517] {logging_mixin.py:109} INFO - [2022-03-30 17:37:18,517] {dag.py:2937} INFO - Setting next_dagrun for example_subdag_operator.section-1 to None
[2022-03-30 17:37:18,521] {logging_mixin.py:109} INFO - [2022-03-30 17:37:18,520] {dag.py:2937} INFO - Setting next_dagrun for example_subdag_operator.section-2 to None
[2022-03-30 17:37:18,542] {processor.py:171} INFO - Processing /home/airflow/.local/lib/python3.7/site-packages/airflow/example_dags/example_subdag_operator.py took 0.499 seconds
[2022-03-30 17:37:49,170] {processor.py:163} INFO - Started process (PID=4675) to work on /home/airflow/.local/lib/python3.7/site-packages/airflow/example_dags/example_subdag_operator.py
[2022-03-30 17:37:49,174] {processor.py:642} INFO - Processing file /home/airflow/.local/lib/python3.7/site-packages/airflow/example_dags/example_subdag_operator.py for tasks to queue
[2022-03-30 17:37:49,176] {logging_mixin.py:109} INFO - [2022-03-30 17:37:49,176] {dagbag.py:500} INFO - Filling up the DagBag from /home/airflow/.local/lib/python3.7/site-packages/airflow/example_dags/example_subdag_operator.py
[2022-03-30 17:37:49,370] {processor.py:654} INFO - DAG(s) dict_keys(['example_subdag_operator.section-1', 'example_subdag_operator.section-2', 'example_subdag_operator']) retrieved from /home/airflow/.local/lib/python3.7/site-packages/airflow/example_dags/example_subdag_operator.py
[2022-03-30 17:37:49,420] {logging_mixin.py:109} INFO - [2022-03-30 17:37:49,420] {dag.py:2398} INFO - Sync 3 DAGs
[2022-03-30 17:37:49,476] {logging_mixin.py:109} INFO - [2022-03-30 17:37:49,476] {dag.py:2937} INFO - Setting next_dagrun for example_subdag_operator to 2022-03-28T00:00:00+00:00
[2022-03-30 17:37:49,478] {logging_mixin.py:109} INFO - [2022-03-30 17:37:49,478] {dag.py:2937} INFO - Setting next_dagrun for example_subdag_operator.section-1 to None
[2022-03-30 17:37:49,480] {logging_mixin.py:109} INFO - [2022-03-30 17:37:49,480] {dag.py:2937} INFO - Setting next_dagrun for example_subdag_operator.section-2 to None
[2022-03-30 17:37:49,498] {logging_mixin.py:109} INFO - [2022-03-30 17:37:49,498] {dag.py:2398} INFO - Sync 2 DAGs
[2022-03-30 17:37:49,533] {logging_mixin.py:109} INFO - [2022-03-30 17:37:49,532] {dag.py:2937} INFO - Setting next_dagrun for example_subdag_operator.section-1 to None
[2022-03-30 17:37:49,535] {logging_mixin.py:109} INFO - [2022-03-30 17:37:49,534] {dag.py:2937} INFO - Setting next_dagrun for example_subdag_operator.section-2 to None
[2022-03-30 17:37:49,554] {processor.py:171} INFO - Processing /home/airflow/.local/lib/python3.7/site-packages/airflow/example_dags/example_subdag_operator.py took 0.390 seconds
[2022-03-30 17:38:19,717] {processor.py:163} INFO - Started process (PID=4909) to work on /home/airflow/.local/lib/python3.7/site-packages/airflow/example_dags/example_subdag_operator.py
[2022-03-30 17:38:19,724] {processor.py:642} INFO - Processing file /home/airflow/.local/lib/python3.7/site-packages/airflow/example_dags/example_subdag_operator.py for tasks to queue
[2022-03-30 17:38:19,727] {logging_mixin.py:109} INFO - [2022-03-30 17:38:19,727] {dagbag.py:500} INFO - Filling up the DagBag from /home/airflow/.local/lib/python3.7/site-packages/airflow/example_dags/example_subdag_operator.py
[2022-03-30 17:38:19,940] {processor.py:654} INFO - DAG(s) dict_keys(['example_subdag_operator.section-1', 'example_subdag_operator.section-2', 'example_subdag_operator']) retrieved from /home/airflow/.local/lib/python3.7/site-packages/airflow/example_dags/example_subdag_operator.py
[2022-03-30 17:38:19,990] {logging_mixin.py:109} INFO - [2022-03-30 17:38:19,989] {dag.py:2398} INFO - Sync 3 DAGs
[2022-03-30 17:38:20,067] {logging_mixin.py:109} INFO - [2022-03-30 17:38:20,066] {dag.py:2937} INFO - Setting next_dagrun for example_subdag_operator to 2022-03-28T00:00:00+00:00
[2022-03-30 17:38:20,069] {logging_mixin.py:109} INFO - [2022-03-30 17:38:20,069] {dag.py:2937} INFO - Setting next_dagrun for example_subdag_operator.section-1 to None
[2022-03-30 17:38:20,073] {logging_mixin.py:109} INFO - [2022-03-30 17:38:20,072] {dag.py:2937} INFO - Setting next_dagrun for example_subdag_operator.section-2 to None
[2022-03-30 17:38:20,097] {logging_mixin.py:109} INFO - [2022-03-30 17:38:20,097] {dag.py:2398} INFO - Sync 2 DAGs
[2022-03-30 17:38:20,140] {logging_mixin.py:109} INFO - [2022-03-30 17:38:20,140] {dag.py:2937} INFO - Setting next_dagrun for example_subdag_operator.section-1 to None
[2022-03-30 17:38:20,145] {logging_mixin.py:109} INFO - [2022-03-30 17:38:20,144] {dag.py:2937} INFO - Setting next_dagrun for example_subdag_operator.section-2 to None
[2022-03-30 17:38:20,174] {processor.py:171} INFO - Processing /home/airflow/.local/lib/python3.7/site-packages/airflow/example_dags/example_subdag_operator.py took 0.465 seconds
[2022-03-30 17:38:50,512] {processor.py:163} INFO - Started process (PID=5128) to work on /home/airflow/.local/lib/python3.7/site-packages/airflow/example_dags/example_subdag_operator.py
[2022-03-30 17:38:50,516] {processor.py:642} INFO - Processing file /home/airflow/.local/lib/python3.7/site-packages/airflow/example_dags/example_subdag_operator.py for tasks to queue
[2022-03-30 17:38:50,519] {logging_mixin.py:109} INFO - [2022-03-30 17:38:50,518] {dagbag.py:500} INFO - Filling up the DagBag from /home/airflow/.local/lib/python3.7/site-packages/airflow/example_dags/example_subdag_operator.py
[2022-03-30 17:38:50,705] {processor.py:654} INFO - DAG(s) dict_keys(['example_subdag_operator.section-1', 'example_subdag_operator.section-2', 'example_subdag_operator']) retrieved from /home/airflow/.local/lib/python3.7/site-packages/airflow/example_dags/example_subdag_operator.py
[2022-03-30 17:38:50,744] {logging_mixin.py:109} INFO - [2022-03-30 17:38:50,744] {dag.py:2398} INFO - Sync 3 DAGs
[2022-03-30 17:38:50,790] {logging_mixin.py:109} INFO - [2022-03-30 17:38:50,789] {dag.py:2937} INFO - Setting next_dagrun for example_subdag_operator to 2022-03-28T00:00:00+00:00
[2022-03-30 17:38:50,792] {logging_mixin.py:109} INFO - [2022-03-30 17:38:50,792] {dag.py:2937} INFO - Setting next_dagrun for example_subdag_operator.section-1 to None
[2022-03-30 17:38:50,795] {logging_mixin.py:109} INFO - [2022-03-30 17:38:50,794] {dag.py:2937} INFO - Setting next_dagrun for example_subdag_operator.section-2 to None
[2022-03-30 17:38:50,811] {logging_mixin.py:109} INFO - [2022-03-30 17:38:50,811] {dag.py:2398} INFO - Sync 2 DAGs
[2022-03-30 17:38:50,840] {logging_mixin.py:109} INFO - [2022-03-30 17:38:50,839] {dag.py:2937} INFO - Setting next_dagrun for example_subdag_operator.section-1 to None
[2022-03-30 17:38:50,842] {logging_mixin.py:109} INFO - [2022-03-30 17:38:50,841] {dag.py:2937} INFO - Setting next_dagrun for example_subdag_operator.section-2 to None
[2022-03-30 17:38:50,857] {processor.py:171} INFO - Processing /home/airflow/.local/lib/python3.7/site-packages/airflow/example_dags/example_subdag_operator.py took 0.351 seconds
[2022-03-30 17:39:21,146] {processor.py:163} INFO - Started process (PID=5356) to work on /home/airflow/.local/lib/python3.7/site-packages/airflow/example_dags/example_subdag_operator.py
[2022-03-30 17:39:21,150] {processor.py:642} INFO - Processing file /home/airflow/.local/lib/python3.7/site-packages/airflow/example_dags/example_subdag_operator.py for tasks to queue
[2022-03-30 17:39:21,153] {logging_mixin.py:109} INFO - [2022-03-30 17:39:21,152] {dagbag.py:500} INFO - Filling up the DagBag from /home/airflow/.local/lib/python3.7/site-packages/airflow/example_dags/example_subdag_operator.py
[2022-03-30 17:39:21,265] {processor.py:654} INFO - DAG(s) dict_keys(['example_subdag_operator.section-1', 'example_subdag_operator.section-2', 'example_subdag_operator']) retrieved from /home/airflow/.local/lib/python3.7/site-packages/airflow/example_dags/example_subdag_operator.py
[2022-03-30 17:39:21,317] {logging_mixin.py:109} INFO - [2022-03-30 17:39:21,317] {dag.py:2398} INFO - Sync 3 DAGs
[2022-03-30 17:39:21,380] {logging_mixin.py:109} INFO - [2022-03-30 17:39:21,379] {dag.py:2937} INFO - Setting next_dagrun for example_subdag_operator to 2022-03-28T00:00:00+00:00
[2022-03-30 17:39:21,382] {logging_mixin.py:109} INFO - [2022-03-30 17:39:21,382] {dag.py:2937} INFO - Setting next_dagrun for example_subdag_operator.section-1 to None
[2022-03-30 17:39:21,385] {logging_mixin.py:109} INFO - [2022-03-30 17:39:21,384] {dag.py:2937} INFO - Setting next_dagrun for example_subdag_operator.section-2 to None
[2022-03-30 17:39:21,408] {logging_mixin.py:109} INFO - [2022-03-30 17:39:21,407] {dag.py:2398} INFO - Sync 2 DAGs
[2022-03-30 17:39:21,447] {logging_mixin.py:109} INFO - [2022-03-30 17:39:21,447] {dag.py:2937} INFO - Setting next_dagrun for example_subdag_operator.section-1 to None
[2022-03-30 17:39:21,449] {logging_mixin.py:109} INFO - [2022-03-30 17:39:21,449] {dag.py:2937} INFO - Setting next_dagrun for example_subdag_operator.section-2 to None
[2022-03-30 17:39:21,477] {processor.py:171} INFO - Processing /home/airflow/.local/lib/python3.7/site-packages/airflow/example_dags/example_subdag_operator.py took 0.340 seconds
[2022-03-30 17:39:51,989] {processor.py:163} INFO - Started process (PID=5571) to work on /home/airflow/.local/lib/python3.7/site-packages/airflow/example_dags/example_subdag_operator.py
[2022-03-30 17:39:51,992] {processor.py:642} INFO - Processing file /home/airflow/.local/lib/python3.7/site-packages/airflow/example_dags/example_subdag_operator.py for tasks to queue
[2022-03-30 17:39:51,995] {logging_mixin.py:109} INFO - [2022-03-30 17:39:51,994] {dagbag.py:500} INFO - Filling up the DagBag from /home/airflow/.local/lib/python3.7/site-packages/airflow/example_dags/example_subdag_operator.py
[2022-03-30 17:39:52,105] {processor.py:654} INFO - DAG(s) dict_keys(['example_subdag_operator.section-1', 'example_subdag_operator.section-2', 'example_subdag_operator']) retrieved from /home/airflow/.local/lib/python3.7/site-packages/airflow/example_dags/example_subdag_operator.py
[2022-03-30 17:39:52,153] {logging_mixin.py:109} INFO - [2022-03-30 17:39:52,152] {dag.py:2398} INFO - Sync 3 DAGs
[2022-03-30 17:39:52,209] {logging_mixin.py:109} INFO - [2022-03-30 17:39:52,208] {dag.py:2937} INFO - Setting next_dagrun for example_subdag_operator to 2022-03-28T00:00:00+00:00
[2022-03-30 17:39:52,211] {logging_mixin.py:109} INFO - [2022-03-30 17:39:52,211] {dag.py:2937} INFO - Setting next_dagrun for example_subdag_operator.section-1 to None
[2022-03-30 17:39:52,213] {logging_mixin.py:109} INFO - [2022-03-30 17:39:52,213] {dag.py:2937} INFO - Setting next_dagrun for example_subdag_operator.section-2 to None
[2022-03-30 17:39:52,232] {logging_mixin.py:109} INFO - [2022-03-30 17:39:52,231] {dag.py:2398} INFO - Sync 2 DAGs
[2022-03-30 17:39:52,265] {logging_mixin.py:109} INFO - [2022-03-30 17:39:52,265] {dag.py:2937} INFO - Setting next_dagrun for example_subdag_operator.section-1 to None
[2022-03-30 17:39:52,267] {logging_mixin.py:109} INFO - [2022-03-30 17:39:52,267] {dag.py:2937} INFO - Setting next_dagrun for example_subdag_operator.section-2 to None
[2022-03-30 17:39:52,285] {processor.py:171} INFO - Processing /home/airflow/.local/lib/python3.7/site-packages/airflow/example_dags/example_subdag_operator.py took 0.304 seconds
[2022-03-30 17:40:22,459] {processor.py:163} INFO - Started process (PID=5804) to work on /home/airflow/.local/lib/python3.7/site-packages/airflow/example_dags/example_subdag_operator.py
[2022-03-30 17:40:22,462] {processor.py:642} INFO - Processing file /home/airflow/.local/lib/python3.7/site-packages/airflow/example_dags/example_subdag_operator.py for tasks to queue
[2022-03-30 17:40:22,465] {logging_mixin.py:109} INFO - [2022-03-30 17:40:22,465] {dagbag.py:500} INFO - Filling up the DagBag from /home/airflow/.local/lib/python3.7/site-packages/airflow/example_dags/example_subdag_operator.py
[2022-03-30 17:40:22,568] {processor.py:654} INFO - DAG(s) dict_keys(['example_subdag_operator.section-1', 'example_subdag_operator.section-2', 'example_subdag_operator']) retrieved from /home/airflow/.local/lib/python3.7/site-packages/airflow/example_dags/example_subdag_operator.py
[2022-03-30 17:40:22,617] {logging_mixin.py:109} INFO - [2022-03-30 17:40:22,617] {dag.py:2398} INFO - Sync 3 DAGs
[2022-03-30 17:40:22,675] {logging_mixin.py:109} INFO - [2022-03-30 17:40:22,675] {dag.py:2937} INFO - Setting next_dagrun for example_subdag_operator to 2022-03-28T00:00:00+00:00
[2022-03-30 17:40:22,678] {logging_mixin.py:109} INFO - [2022-03-30 17:40:22,677] {dag.py:2937} INFO - Setting next_dagrun for example_subdag_operator.section-1 to None
[2022-03-30 17:40:22,680] {logging_mixin.py:109} INFO - [2022-03-30 17:40:22,680] {dag.py:2937} INFO - Setting next_dagrun for example_subdag_operator.section-2 to None
[2022-03-30 17:40:22,699] {logging_mixin.py:109} INFO - [2022-03-30 17:40:22,699] {dag.py:2398} INFO - Sync 2 DAGs
[2022-03-30 17:40:22,734] {logging_mixin.py:109} INFO - [2022-03-30 17:40:22,734] {dag.py:2937} INFO - Setting next_dagrun for example_subdag_operator.section-1 to None
[2022-03-30 17:40:22,737] {logging_mixin.py:109} INFO - [2022-03-30 17:40:22,736] {dag.py:2937} INFO - Setting next_dagrun for example_subdag_operator.section-2 to None
[2022-03-30 17:40:22,755] {processor.py:171} INFO - Processing /home/airflow/.local/lib/python3.7/site-packages/airflow/example_dags/example_subdag_operator.py took 0.304 seconds
[2022-03-30 17:40:53,439] {processor.py:163} INFO - Started process (PID=6030) to work on /home/airflow/.local/lib/python3.7/site-packages/airflow/example_dags/example_subdag_operator.py
[2022-03-30 17:40:53,445] {processor.py:642} INFO - Processing file /home/airflow/.local/lib/python3.7/site-packages/airflow/example_dags/example_subdag_operator.py for tasks to queue
[2022-03-30 17:40:53,448] {logging_mixin.py:109} INFO - [2022-03-30 17:40:53,448] {dagbag.py:500} INFO - Filling up the DagBag from /home/airflow/.local/lib/python3.7/site-packages/airflow/example_dags/example_subdag_operator.py
[2022-03-30 17:40:53,564] {processor.py:654} INFO - DAG(s) dict_keys(['example_subdag_operator.section-1', 'example_subdag_operator.section-2', 'example_subdag_operator']) retrieved from /home/airflow/.local/lib/python3.7/site-packages/airflow/example_dags/example_subdag_operator.py
[2022-03-30 17:40:53,618] {logging_mixin.py:109} INFO - [2022-03-30 17:40:53,618] {dag.py:2398} INFO - Sync 3 DAGs
[2022-03-30 17:40:53,684] {logging_mixin.py:109} INFO - [2022-03-30 17:40:53,684] {dag.py:2937} INFO - Setting next_dagrun for example_subdag_operator to 2022-03-28T00:00:00+00:00
[2022-03-30 17:40:53,687] {logging_mixin.py:109} INFO - [2022-03-30 17:40:53,686] {dag.py:2937} INFO - Setting next_dagrun for example_subdag_operator.section-1 to None
[2022-03-30 17:40:53,689] {logging_mixin.py:109} INFO - [2022-03-30 17:40:53,689] {dag.py:2937} INFO - Setting next_dagrun for example_subdag_operator.section-2 to None
[2022-03-30 17:40:53,713] {logging_mixin.py:109} INFO - [2022-03-30 17:40:53,713] {dag.py:2398} INFO - Sync 2 DAGs
[2022-03-30 17:40:53,750] {logging_mixin.py:109} INFO - [2022-03-30 17:40:53,749] {dag.py:2937} INFO - Setting next_dagrun for example_subdag_operator.section-1 to None
[2022-03-30 17:40:53,752] {logging_mixin.py:109} INFO - [2022-03-30 17:40:53,752] {dag.py:2937} INFO - Setting next_dagrun for example_subdag_operator.section-2 to None
[2022-03-30 17:40:53,771] {processor.py:171} INFO - Processing /home/airflow/.local/lib/python3.7/site-packages/airflow/example_dags/example_subdag_operator.py took 0.339 seconds
[2022-03-30 17:41:24,287] {processor.py:163} INFO - Started process (PID=6252) to work on /home/airflow/.local/lib/python3.7/site-packages/airflow/example_dags/example_subdag_operator.py
[2022-03-30 17:41:24,291] {processor.py:642} INFO - Processing file /home/airflow/.local/lib/python3.7/site-packages/airflow/example_dags/example_subdag_operator.py for tasks to queue
[2022-03-30 17:41:24,293] {logging_mixin.py:109} INFO - [2022-03-30 17:41:24,293] {dagbag.py:500} INFO - Filling up the DagBag from /home/airflow/.local/lib/python3.7/site-packages/airflow/example_dags/example_subdag_operator.py
[2022-03-30 17:41:24,384] {processor.py:654} INFO - DAG(s) dict_keys(['example_subdag_operator.section-1', 'example_subdag_operator.section-2', 'example_subdag_operator']) retrieved from /home/airflow/.local/lib/python3.7/site-packages/airflow/example_dags/example_subdag_operator.py
[2022-03-30 17:41:24,428] {logging_mixin.py:109} INFO - [2022-03-30 17:41:24,428] {dag.py:2398} INFO - Sync 3 DAGs
[2022-03-30 17:41:24,486] {logging_mixin.py:109} INFO - [2022-03-30 17:41:24,485] {dag.py:2937} INFO - Setting next_dagrun for example_subdag_operator to 2022-03-28T00:00:00+00:00
[2022-03-30 17:41:24,488] {logging_mixin.py:109} INFO - [2022-03-30 17:41:24,488] {dag.py:2937} INFO - Setting next_dagrun for example_subdag_operator.section-1 to None
[2022-03-30 17:41:24,491] {logging_mixin.py:109} INFO - [2022-03-30 17:41:24,491] {dag.py:2937} INFO - Setting next_dagrun for example_subdag_operator.section-2 to None
[2022-03-30 17:41:24,513] {logging_mixin.py:109} INFO - [2022-03-30 17:41:24,512] {dag.py:2398} INFO - Sync 2 DAGs
[2022-03-30 17:41:24,550] {logging_mixin.py:109} INFO - [2022-03-30 17:41:24,549] {dag.py:2937} INFO - Setting next_dagrun for example_subdag_operator.section-1 to None
[2022-03-30 17:41:24,552] {logging_mixin.py:109} INFO - [2022-03-30 17:41:24,552] {dag.py:2937} INFO - Setting next_dagrun for example_subdag_operator.section-2 to None
[2022-03-30 17:41:24,574] {processor.py:171} INFO - Processing /home/airflow/.local/lib/python3.7/site-packages/airflow/example_dags/example_subdag_operator.py took 0.293 seconds
