[2022-03-30 17:28:08,912] {processor.py:163} INFO - Started process (PID=596) to work on /home/airflow/.local/lib/python3.7/site-packages/airflow/example_dags/example_branch_python_dop_operator_3.py
[2022-03-30 17:28:08,915] {processor.py:642} INFO - Processing file /home/airflow/.local/lib/python3.7/site-packages/airflow/example_dags/example_branch_python_dop_operator_3.py for tasks to queue
[2022-03-30 17:28:08,918] {logging_mixin.py:109} INFO - [2022-03-30 17:28:08,918] {dagbag.py:500} INFO - Filling up the DagBag from /home/airflow/.local/lib/python3.7/site-packages/airflow/example_dags/example_branch_python_dop_operator_3.py
[2022-03-30 17:28:09,018] {processor.py:654} INFO - DAG(s) dict_keys(['example_branch_dop_operator_v3']) retrieved from /home/airflow/.local/lib/python3.7/site-packages/airflow/example_dags/example_branch_python_dop_operator_3.py
[2022-03-30 17:28:17,797] {logging_mixin.py:109} INFO - [2022-03-30 17:28:17,796] {manager.py:496} INFO - Created Permission View: can read on DAG:example_branch_dop_operator_v3
[2022-03-30 17:28:17,824] {logging_mixin.py:109} INFO - [2022-03-30 17:28:17,824] {manager.py:496} INFO - Created Permission View: can edit on DAG:example_branch_dop_operator_v3
[2022-03-30 17:28:17,827] {logging_mixin.py:109} INFO - [2022-03-30 17:28:17,826] {dag.py:2398} INFO - Sync 1 DAGs
[2022-03-30 17:28:17,858] {logging_mixin.py:109} INFO - [2022-03-30 17:28:17,856] {dag.py:2417} INFO - Creating ORM DAG for example_branch_dop_operator_v3
[2022-03-30 17:28:17,951] {logging_mixin.py:109} INFO - [2022-03-30 17:28:17,950] {dag.py:2937} INFO - Setting next_dagrun for example_branch_dop_operator_v3 to 2022-03-30T17:27:00+00:00
[2022-03-30 17:28:17,991] {processor.py:171} INFO - Processing /home/airflow/.local/lib/python3.7/site-packages/airflow/example_dags/example_branch_python_dop_operator_3.py took 9.087 seconds
[2022-03-30 17:29:05,596] {processor.py:163} INFO - Started process (PID=890) to work on /home/airflow/.local/lib/python3.7/site-packages/airflow/example_dags/example_branch_python_dop_operator_3.py
[2022-03-30 17:29:05,600] {processor.py:642} INFO - Processing file /home/airflow/.local/lib/python3.7/site-packages/airflow/example_dags/example_branch_python_dop_operator_3.py for tasks to queue
[2022-03-30 17:29:05,604] {logging_mixin.py:109} INFO - [2022-03-30 17:29:05,603] {dagbag.py:500} INFO - Filling up the DagBag from /home/airflow/.local/lib/python3.7/site-packages/airflow/example_dags/example_branch_python_dop_operator_3.py
[2022-03-30 17:29:05,700] {processor.py:654} INFO - DAG(s) dict_keys(['example_branch_dop_operator_v3']) retrieved from /home/airflow/.local/lib/python3.7/site-packages/airflow/example_dags/example_branch_python_dop_operator_3.py
[2022-03-30 17:29:05,739] {logging_mixin.py:109} INFO - [2022-03-30 17:29:05,739] {dag.py:2398} INFO - Sync 1 DAGs
[2022-03-30 17:29:05,875] {logging_mixin.py:109} INFO - [2022-03-30 17:29:05,875] {dag.py:2937} INFO - Setting next_dagrun for example_branch_dop_operator_v3 to 2022-03-30T17:28:00+00:00
[2022-03-30 17:29:05,914] {processor.py:171} INFO - Processing /home/airflow/.local/lib/python3.7/site-packages/airflow/example_dags/example_branch_python_dop_operator_3.py took 0.328 seconds
[2022-03-30 17:29:36,665] {processor.py:163} INFO - Started process (PID=1123) to work on /home/airflow/.local/lib/python3.7/site-packages/airflow/example_dags/example_branch_python_dop_operator_3.py
[2022-03-30 17:29:36,670] {processor.py:642} INFO - Processing file /home/airflow/.local/lib/python3.7/site-packages/airflow/example_dags/example_branch_python_dop_operator_3.py for tasks to queue
[2022-03-30 17:29:36,672] {logging_mixin.py:109} INFO - [2022-03-30 17:29:36,672] {dagbag.py:500} INFO - Filling up the DagBag from /home/airflow/.local/lib/python3.7/site-packages/airflow/example_dags/example_branch_python_dop_operator_3.py
[2022-03-30 17:29:36,759] {processor.py:654} INFO - DAG(s) dict_keys(['example_branch_dop_operator_v3']) retrieved from /home/airflow/.local/lib/python3.7/site-packages/airflow/example_dags/example_branch_python_dop_operator_3.py
[2022-03-30 17:29:36,796] {logging_mixin.py:109} INFO - [2022-03-30 17:29:36,796] {dag.py:2398} INFO - Sync 1 DAGs
[2022-03-30 17:29:36,905] {logging_mixin.py:109} INFO - [2022-03-30 17:29:36,904] {dag.py:2937} INFO - Setting next_dagrun for example_branch_dop_operator_v3 to 2022-03-30T17:28:00+00:00
[2022-03-30 17:29:36,931] {processor.py:171} INFO - Processing /home/airflow/.local/lib/python3.7/site-packages/airflow/example_dags/example_branch_python_dop_operator_3.py took 0.272 seconds
[2022-03-30 17:30:07,476] {processor.py:163} INFO - Started process (PID=1334) to work on /home/airflow/.local/lib/python3.7/site-packages/airflow/example_dags/example_branch_python_dop_operator_3.py
[2022-03-30 17:30:07,479] {processor.py:642} INFO - Processing file /home/airflow/.local/lib/python3.7/site-packages/airflow/example_dags/example_branch_python_dop_operator_3.py for tasks to queue
[2022-03-30 17:30:07,481] {logging_mixin.py:109} INFO - [2022-03-30 17:30:07,481] {dagbag.py:500} INFO - Filling up the DagBag from /home/airflow/.local/lib/python3.7/site-packages/airflow/example_dags/example_branch_python_dop_operator_3.py
[2022-03-30 17:30:07,562] {processor.py:654} INFO - DAG(s) dict_keys(['example_branch_dop_operator_v3']) retrieved from /home/airflow/.local/lib/python3.7/site-packages/airflow/example_dags/example_branch_python_dop_operator_3.py
[2022-03-30 17:30:07,594] {logging_mixin.py:109} INFO - [2022-03-30 17:30:07,593] {dag.py:2398} INFO - Sync 1 DAGs
[2022-03-30 17:30:07,691] {logging_mixin.py:109} INFO - [2022-03-30 17:30:07,691] {dag.py:2937} INFO - Setting next_dagrun for example_branch_dop_operator_v3 to 2022-03-30T17:29:00+00:00
[2022-03-30 17:30:07,714] {processor.py:171} INFO - Processing /home/airflow/.local/lib/python3.7/site-packages/airflow/example_dags/example_branch_python_dop_operator_3.py took 0.245 seconds
[2022-03-30 17:30:38,590] {processor.py:163} INFO - Started process (PID=1565) to work on /home/airflow/.local/lib/python3.7/site-packages/airflow/example_dags/example_branch_python_dop_operator_3.py
[2022-03-30 17:30:38,594] {processor.py:642} INFO - Processing file /home/airflow/.local/lib/python3.7/site-packages/airflow/example_dags/example_branch_python_dop_operator_3.py for tasks to queue
[2022-03-30 17:30:38,597] {logging_mixin.py:109} INFO - [2022-03-30 17:30:38,596] {dagbag.py:500} INFO - Filling up the DagBag from /home/airflow/.local/lib/python3.7/site-packages/airflow/example_dags/example_branch_python_dop_operator_3.py
[2022-03-30 17:30:38,683] {processor.py:654} INFO - DAG(s) dict_keys(['example_branch_dop_operator_v3']) retrieved from /home/airflow/.local/lib/python3.7/site-packages/airflow/example_dags/example_branch_python_dop_operator_3.py
[2022-03-30 17:30:38,717] {logging_mixin.py:109} INFO - [2022-03-30 17:30:38,716] {dag.py:2398} INFO - Sync 1 DAGs
[2022-03-30 17:30:38,831] {logging_mixin.py:109} INFO - [2022-03-30 17:30:38,830] {dag.py:2937} INFO - Setting next_dagrun for example_branch_dop_operator_v3 to 2022-03-30T17:29:00+00:00
[2022-03-30 17:30:38,868] {processor.py:171} INFO - Processing /home/airflow/.local/lib/python3.7/site-packages/airflow/example_dags/example_branch_python_dop_operator_3.py took 0.284 seconds
[2022-03-30 17:31:09,938] {processor.py:163} INFO - Started process (PID=1780) to work on /home/airflow/.local/lib/python3.7/site-packages/airflow/example_dags/example_branch_python_dop_operator_3.py
[2022-03-30 17:31:09,942] {processor.py:642} INFO - Processing file /home/airflow/.local/lib/python3.7/site-packages/airflow/example_dags/example_branch_python_dop_operator_3.py for tasks to queue
[2022-03-30 17:31:09,944] {logging_mixin.py:109} INFO - [2022-03-30 17:31:09,944] {dagbag.py:500} INFO - Filling up the DagBag from /home/airflow/.local/lib/python3.7/site-packages/airflow/example_dags/example_branch_python_dop_operator_3.py
[2022-03-30 17:31:10,019] {processor.py:654} INFO - DAG(s) dict_keys(['example_branch_dop_operator_v3']) retrieved from /home/airflow/.local/lib/python3.7/site-packages/airflow/example_dags/example_branch_python_dop_operator_3.py
[2022-03-30 17:31:10,053] {logging_mixin.py:109} INFO - [2022-03-30 17:31:10,052] {dag.py:2398} INFO - Sync 1 DAGs
[2022-03-30 17:31:10,148] {logging_mixin.py:109} INFO - [2022-03-30 17:31:10,148] {dag.py:2937} INFO - Setting next_dagrun for example_branch_dop_operator_v3 to 2022-03-30T17:30:00+00:00
[2022-03-30 17:31:10,177] {processor.py:171} INFO - Processing /home/airflow/.local/lib/python3.7/site-packages/airflow/example_dags/example_branch_python_dop_operator_3.py took 0.245 seconds
[2022-03-30 17:31:41,292] {processor.py:163} INFO - Started process (PID=2014) to work on /home/airflow/.local/lib/python3.7/site-packages/airflow/example_dags/example_branch_python_dop_operator_3.py
[2022-03-30 17:31:41,296] {processor.py:642} INFO - Processing file /home/airflow/.local/lib/python3.7/site-packages/airflow/example_dags/example_branch_python_dop_operator_3.py for tasks to queue
[2022-03-30 17:31:41,299] {logging_mixin.py:109} INFO - [2022-03-30 17:31:41,299] {dagbag.py:500} INFO - Filling up the DagBag from /home/airflow/.local/lib/python3.7/site-packages/airflow/example_dags/example_branch_python_dop_operator_3.py
[2022-03-30 17:31:41,379] {processor.py:654} INFO - DAG(s) dict_keys(['example_branch_dop_operator_v3']) retrieved from /home/airflow/.local/lib/python3.7/site-packages/airflow/example_dags/example_branch_python_dop_operator_3.py
[2022-03-30 17:31:41,414] {logging_mixin.py:109} INFO - [2022-03-30 17:31:41,413] {dag.py:2398} INFO - Sync 1 DAGs
[2022-03-30 17:31:41,519] {logging_mixin.py:109} INFO - [2022-03-30 17:31:41,518] {dag.py:2937} INFO - Setting next_dagrun for example_branch_dop_operator_v3 to 2022-03-30T17:30:00+00:00
[2022-03-30 17:31:41,544] {processor.py:171} INFO - Processing /home/airflow/.local/lib/python3.7/site-packages/airflow/example_dags/example_branch_python_dop_operator_3.py took 0.258 seconds
[2022-03-30 17:32:11,739] {processor.py:163} INFO - Started process (PID=2226) to work on /home/airflow/.local/lib/python3.7/site-packages/airflow/example_dags/example_branch_python_dop_operator_3.py
[2022-03-30 17:32:11,743] {processor.py:642} INFO - Processing file /home/airflow/.local/lib/python3.7/site-packages/airflow/example_dags/example_branch_python_dop_operator_3.py for tasks to queue
[2022-03-30 17:32:11,745] {logging_mixin.py:109} INFO - [2022-03-30 17:32:11,745] {dagbag.py:500} INFO - Filling up the DagBag from /home/airflow/.local/lib/python3.7/site-packages/airflow/example_dags/example_branch_python_dop_operator_3.py
[2022-03-30 17:32:11,819] {processor.py:654} INFO - DAG(s) dict_keys(['example_branch_dop_operator_v3']) retrieved from /home/airflow/.local/lib/python3.7/site-packages/airflow/example_dags/example_branch_python_dop_operator_3.py
[2022-03-30 17:32:11,852] {logging_mixin.py:109} INFO - [2022-03-30 17:32:11,852] {dag.py:2398} INFO - Sync 1 DAGs
[2022-03-30 17:32:11,957] {logging_mixin.py:109} INFO - [2022-03-30 17:32:11,957] {dag.py:2937} INFO - Setting next_dagrun for example_branch_dop_operator_v3 to 2022-03-30T17:31:00+00:00
[2022-03-30 17:32:11,983] {processor.py:171} INFO - Processing /home/airflow/.local/lib/python3.7/site-packages/airflow/example_dags/example_branch_python_dop_operator_3.py took 0.249 seconds
[2022-03-30 17:32:42,326] {processor.py:163} INFO - Started process (PID=2458) to work on /home/airflow/.local/lib/python3.7/site-packages/airflow/example_dags/example_branch_python_dop_operator_3.py
[2022-03-30 17:32:42,329] {processor.py:642} INFO - Processing file /home/airflow/.local/lib/python3.7/site-packages/airflow/example_dags/example_branch_python_dop_operator_3.py for tasks to queue
[2022-03-30 17:32:42,332] {logging_mixin.py:109} INFO - [2022-03-30 17:32:42,331] {dagbag.py:500} INFO - Filling up the DagBag from /home/airflow/.local/lib/python3.7/site-packages/airflow/example_dags/example_branch_python_dop_operator_3.py
[2022-03-30 17:32:42,411] {processor.py:654} INFO - DAG(s) dict_keys(['example_branch_dop_operator_v3']) retrieved from /home/airflow/.local/lib/python3.7/site-packages/airflow/example_dags/example_branch_python_dop_operator_3.py
[2022-03-30 17:32:42,444] {logging_mixin.py:109} INFO - [2022-03-30 17:32:42,444] {dag.py:2398} INFO - Sync 1 DAGs
[2022-03-30 17:32:42,545] {logging_mixin.py:109} INFO - [2022-03-30 17:32:42,545] {dag.py:2937} INFO - Setting next_dagrun for example_branch_dop_operator_v3 to 2022-03-30T17:31:00+00:00
[2022-03-30 17:32:42,669] {processor.py:171} INFO - Processing /home/airflow/.local/lib/python3.7/site-packages/airflow/example_dags/example_branch_python_dop_operator_3.py took 0.350 seconds
[2022-03-30 17:33:12,963] {processor.py:163} INFO - Started process (PID=2686) to work on /home/airflow/.local/lib/python3.7/site-packages/airflow/example_dags/example_branch_python_dop_operator_3.py
[2022-03-30 17:33:12,988] {processor.py:642} INFO - Processing file /home/airflow/.local/lib/python3.7/site-packages/airflow/example_dags/example_branch_python_dop_operator_3.py for tasks to queue
[2022-03-30 17:33:12,995] {logging_mixin.py:109} INFO - [2022-03-30 17:33:12,995] {dagbag.py:500} INFO - Filling up the DagBag from /home/airflow/.local/lib/python3.7/site-packages/airflow/example_dags/example_branch_python_dop_operator_3.py
[2022-03-30 17:33:13,196] {processor.py:654} INFO - DAG(s) dict_keys(['example_branch_dop_operator_v3']) retrieved from /home/airflow/.local/lib/python3.7/site-packages/airflow/example_dags/example_branch_python_dop_operator_3.py
[2022-03-30 17:33:13,233] {logging_mixin.py:109} INFO - [2022-03-30 17:33:13,233] {dag.py:2398} INFO - Sync 1 DAGs
[2022-03-30 17:33:13,466] {logging_mixin.py:109} INFO - [2022-03-30 17:33:13,465] {dag.py:2937} INFO - Setting next_dagrun for example_branch_dop_operator_v3 to 2022-03-30T17:32:00+00:00
[2022-03-30 17:33:13,492] {processor.py:171} INFO - Processing /home/airflow/.local/lib/python3.7/site-packages/airflow/example_dags/example_branch_python_dop_operator_3.py took 0.563 seconds
[2022-03-30 17:33:43,784] {processor.py:163} INFO - Started process (PID=2908) to work on /home/airflow/.local/lib/python3.7/site-packages/airflow/example_dags/example_branch_python_dop_operator_3.py
[2022-03-30 17:33:43,788] {processor.py:642} INFO - Processing file /home/airflow/.local/lib/python3.7/site-packages/airflow/example_dags/example_branch_python_dop_operator_3.py for tasks to queue
[2022-03-30 17:33:43,790] {logging_mixin.py:109} INFO - [2022-03-30 17:33:43,790] {dagbag.py:500} INFO - Filling up the DagBag from /home/airflow/.local/lib/python3.7/site-packages/airflow/example_dags/example_branch_python_dop_operator_3.py
[2022-03-30 17:33:43,873] {processor.py:654} INFO - DAG(s) dict_keys(['example_branch_dop_operator_v3']) retrieved from /home/airflow/.local/lib/python3.7/site-packages/airflow/example_dags/example_branch_python_dop_operator_3.py
[2022-03-30 17:33:43,904] {logging_mixin.py:109} INFO - [2022-03-30 17:33:43,904] {dag.py:2398} INFO - Sync 1 DAGs
[2022-03-30 17:33:44,100] {logging_mixin.py:109} INFO - [2022-03-30 17:33:44,100] {dag.py:2937} INFO - Setting next_dagrun for example_branch_dop_operator_v3 to 2022-03-30T17:32:00+00:00
[2022-03-30 17:33:44,128] {processor.py:171} INFO - Processing /home/airflow/.local/lib/python3.7/site-packages/airflow/example_dags/example_branch_python_dop_operator_3.py took 0.350 seconds
[2022-03-30 17:34:14,573] {processor.py:163} INFO - Started process (PID=3144) to work on /home/airflow/.local/lib/python3.7/site-packages/airflow/example_dags/example_branch_python_dop_operator_3.py
[2022-03-30 17:34:14,578] {processor.py:642} INFO - Processing file /home/airflow/.local/lib/python3.7/site-packages/airflow/example_dags/example_branch_python_dop_operator_3.py for tasks to queue
[2022-03-30 17:34:14,586] {logging_mixin.py:109} INFO - [2022-03-30 17:34:14,585] {dagbag.py:500} INFO - Filling up the DagBag from /home/airflow/.local/lib/python3.7/site-packages/airflow/example_dags/example_branch_python_dop_operator_3.py
[2022-03-30 17:34:14,698] {processor.py:654} INFO - DAG(s) dict_keys(['example_branch_dop_operator_v3']) retrieved from /home/airflow/.local/lib/python3.7/site-packages/airflow/example_dags/example_branch_python_dop_operator_3.py
[2022-03-30 17:34:14,738] {logging_mixin.py:109} INFO - [2022-03-30 17:34:14,737] {dag.py:2398} INFO - Sync 1 DAGs
[2022-03-30 17:34:14,981] {logging_mixin.py:109} INFO - [2022-03-30 17:34:14,980] {dag.py:2937} INFO - Setting next_dagrun for example_branch_dop_operator_v3 to 2022-03-30T17:33:00+00:00
[2022-03-30 17:34:15,011] {processor.py:171} INFO - Processing /home/airflow/.local/lib/python3.7/site-packages/airflow/example_dags/example_branch_python_dop_operator_3.py took 0.449 seconds
[2022-03-30 17:34:45,483] {processor.py:163} INFO - Started process (PID=3354) to work on /home/airflow/.local/lib/python3.7/site-packages/airflow/example_dags/example_branch_python_dop_operator_3.py
[2022-03-30 17:34:45,487] {processor.py:642} INFO - Processing file /home/airflow/.local/lib/python3.7/site-packages/airflow/example_dags/example_branch_python_dop_operator_3.py for tasks to queue
[2022-03-30 17:34:45,490] {logging_mixin.py:109} INFO - [2022-03-30 17:34:45,489] {dagbag.py:500} INFO - Filling up the DagBag from /home/airflow/.local/lib/python3.7/site-packages/airflow/example_dags/example_branch_python_dop_operator_3.py
[2022-03-30 17:34:45,576] {processor.py:654} INFO - DAG(s) dict_keys(['example_branch_dop_operator_v3']) retrieved from /home/airflow/.local/lib/python3.7/site-packages/airflow/example_dags/example_branch_python_dop_operator_3.py
[2022-03-30 17:34:45,613] {logging_mixin.py:109} INFO - [2022-03-30 17:34:45,612] {dag.py:2398} INFO - Sync 1 DAGs
[2022-03-30 17:34:45,831] {logging_mixin.py:109} INFO - [2022-03-30 17:34:45,830] {dag.py:2937} INFO - Setting next_dagrun for example_branch_dop_operator_v3 to 2022-03-30T17:33:00+00:00
[2022-03-30 17:34:45,857] {processor.py:171} INFO - Processing /home/airflow/.local/lib/python3.7/site-packages/airflow/example_dags/example_branch_python_dop_operator_3.py took 0.381 seconds
[2022-03-30 17:35:16,586] {processor.py:163} INFO - Started process (PID=3589) to work on /home/airflow/.local/lib/python3.7/site-packages/airflow/example_dags/example_branch_python_dop_operator_3.py
[2022-03-30 17:35:16,591] {processor.py:642} INFO - Processing file /home/airflow/.local/lib/python3.7/site-packages/airflow/example_dags/example_branch_python_dop_operator_3.py for tasks to queue
[2022-03-30 17:35:16,594] {logging_mixin.py:109} INFO - [2022-03-30 17:35:16,594] {dagbag.py:500} INFO - Filling up the DagBag from /home/airflow/.local/lib/python3.7/site-packages/airflow/example_dags/example_branch_python_dop_operator_3.py
[2022-03-30 17:35:16,684] {processor.py:654} INFO - DAG(s) dict_keys(['example_branch_dop_operator_v3']) retrieved from /home/airflow/.local/lib/python3.7/site-packages/airflow/example_dags/example_branch_python_dop_operator_3.py
[2022-03-30 17:35:16,718] {logging_mixin.py:109} INFO - [2022-03-30 17:35:16,717] {dag.py:2398} INFO - Sync 1 DAGs
[2022-03-30 17:35:16,934] {logging_mixin.py:109} INFO - [2022-03-30 17:35:16,934] {dag.py:2937} INFO - Setting next_dagrun for example_branch_dop_operator_v3 to 2022-03-30T17:34:00+00:00
[2022-03-30 17:35:16,961] {processor.py:171} INFO - Processing /home/airflow/.local/lib/python3.7/site-packages/airflow/example_dags/example_branch_python_dop_operator_3.py took 0.381 seconds
[2022-03-30 17:35:47,073] {processor.py:163} INFO - Started process (PID=3804) to work on /home/airflow/.local/lib/python3.7/site-packages/airflow/example_dags/example_branch_python_dop_operator_3.py
[2022-03-30 17:35:47,076] {processor.py:642} INFO - Processing file /home/airflow/.local/lib/python3.7/site-packages/airflow/example_dags/example_branch_python_dop_operator_3.py for tasks to queue
[2022-03-30 17:35:47,078] {logging_mixin.py:109} INFO - [2022-03-30 17:35:47,078] {dagbag.py:500} INFO - Filling up the DagBag from /home/airflow/.local/lib/python3.7/site-packages/airflow/example_dags/example_branch_python_dop_operator_3.py
[2022-03-30 17:35:47,258] {processor.py:654} INFO - DAG(s) dict_keys(['example_branch_dop_operator_v3']) retrieved from /home/airflow/.local/lib/python3.7/site-packages/airflow/example_dags/example_branch_python_dop_operator_3.py
[2022-03-30 17:35:47,289] {logging_mixin.py:109} INFO - [2022-03-30 17:35:47,289] {dag.py:2398} INFO - Sync 1 DAGs
[2022-03-30 17:35:47,384] {logging_mixin.py:109} INFO - [2022-03-30 17:35:47,383] {dag.py:2937} INFO - Setting next_dagrun for example_branch_dop_operator_v3 to 2022-03-30T17:34:00+00:00
[2022-03-30 17:35:47,407] {processor.py:171} INFO - Processing /home/airflow/.local/lib/python3.7/site-packages/airflow/example_dags/example_branch_python_dop_operator_3.py took 0.340 seconds
[2022-03-30 17:36:17,861] {processor.py:163} INFO - Started process (PID=4030) to work on /home/airflow/.local/lib/python3.7/site-packages/airflow/example_dags/example_branch_python_dop_operator_3.py
[2022-03-30 17:36:17,865] {processor.py:642} INFO - Processing file /home/airflow/.local/lib/python3.7/site-packages/airflow/example_dags/example_branch_python_dop_operator_3.py for tasks to queue
[2022-03-30 17:36:17,868] {logging_mixin.py:109} INFO - [2022-03-30 17:36:17,867] {dagbag.py:500} INFO - Filling up the DagBag from /home/airflow/.local/lib/python3.7/site-packages/airflow/example_dags/example_branch_python_dop_operator_3.py
[2022-03-30 17:36:18,081] {processor.py:654} INFO - DAG(s) dict_keys(['example_branch_dop_operator_v3']) retrieved from /home/airflow/.local/lib/python3.7/site-packages/airflow/example_dags/example_branch_python_dop_operator_3.py
[2022-03-30 17:36:18,117] {logging_mixin.py:109} INFO - [2022-03-30 17:36:18,117] {dag.py:2398} INFO - Sync 1 DAGs
[2022-03-30 17:36:18,223] {logging_mixin.py:109} INFO - [2022-03-30 17:36:18,222] {dag.py:2937} INFO - Setting next_dagrun for example_branch_dop_operator_v3 to 2022-03-30T17:35:00+00:00
[2022-03-30 17:36:18,250] {processor.py:171} INFO - Processing /home/airflow/.local/lib/python3.7/site-packages/airflow/example_dags/example_branch_python_dop_operator_3.py took 0.396 seconds
[2022-03-30 17:36:48,366] {processor.py:163} INFO - Started process (PID=4245) to work on /home/airflow/.local/lib/python3.7/site-packages/airflow/example_dags/example_branch_python_dop_operator_3.py
[2022-03-30 17:36:48,370] {processor.py:642} INFO - Processing file /home/airflow/.local/lib/python3.7/site-packages/airflow/example_dags/example_branch_python_dop_operator_3.py for tasks to queue
[2022-03-30 17:36:48,372] {logging_mixin.py:109} INFO - [2022-03-30 17:36:48,372] {dagbag.py:500} INFO - Filling up the DagBag from /home/airflow/.local/lib/python3.7/site-packages/airflow/example_dags/example_branch_python_dop_operator_3.py
[2022-03-30 17:36:48,548] {processor.py:654} INFO - DAG(s) dict_keys(['example_branch_dop_operator_v3']) retrieved from /home/airflow/.local/lib/python3.7/site-packages/airflow/example_dags/example_branch_python_dop_operator_3.py
[2022-03-30 17:36:48,578] {logging_mixin.py:109} INFO - [2022-03-30 17:36:48,578] {dag.py:2398} INFO - Sync 1 DAGs
[2022-03-30 17:36:48,670] {logging_mixin.py:109} INFO - [2022-03-30 17:36:48,670] {dag.py:2937} INFO - Setting next_dagrun for example_branch_dop_operator_v3 to 2022-03-30T17:35:00+00:00
[2022-03-30 17:36:48,693] {processor.py:171} INFO - Processing /home/airflow/.local/lib/python3.7/site-packages/airflow/example_dags/example_branch_python_dop_operator_3.py took 0.333 seconds
[2022-03-30 17:37:19,062] {processor.py:163} INFO - Started process (PID=4473) to work on /home/airflow/.local/lib/python3.7/site-packages/airflow/example_dags/example_branch_python_dop_operator_3.py
[2022-03-30 17:37:19,067] {processor.py:642} INFO - Processing file /home/airflow/.local/lib/python3.7/site-packages/airflow/example_dags/example_branch_python_dop_operator_3.py for tasks to queue
[2022-03-30 17:37:19,069] {logging_mixin.py:109} INFO - [2022-03-30 17:37:19,069] {dagbag.py:500} INFO - Filling up the DagBag from /home/airflow/.local/lib/python3.7/site-packages/airflow/example_dags/example_branch_python_dop_operator_3.py
[2022-03-30 17:37:19,275] {processor.py:654} INFO - DAG(s) dict_keys(['example_branch_dop_operator_v3']) retrieved from /home/airflow/.local/lib/python3.7/site-packages/airflow/example_dags/example_branch_python_dop_operator_3.py
[2022-03-30 17:37:19,310] {logging_mixin.py:109} INFO - [2022-03-30 17:37:19,309] {dag.py:2398} INFO - Sync 1 DAGs
[2022-03-30 17:37:19,422] {logging_mixin.py:109} INFO - [2022-03-30 17:37:19,422] {dag.py:2937} INFO - Setting next_dagrun for example_branch_dop_operator_v3 to 2022-03-30T17:36:00+00:00
[2022-03-30 17:37:19,450] {processor.py:171} INFO - Processing /home/airflow/.local/lib/python3.7/site-packages/airflow/example_dags/example_branch_python_dop_operator_3.py took 0.395 seconds
[2022-03-30 17:37:49,583] {processor.py:163} INFO - Started process (PID=4687) to work on /home/airflow/.local/lib/python3.7/site-packages/airflow/example_dags/example_branch_python_dop_operator_3.py
[2022-03-30 17:37:49,587] {processor.py:642} INFO - Processing file /home/airflow/.local/lib/python3.7/site-packages/airflow/example_dags/example_branch_python_dop_operator_3.py for tasks to queue
[2022-03-30 17:37:49,589] {logging_mixin.py:109} INFO - [2022-03-30 17:37:49,589] {dagbag.py:500} INFO - Filling up the DagBag from /home/airflow/.local/lib/python3.7/site-packages/airflow/example_dags/example_branch_python_dop_operator_3.py
[2022-03-30 17:37:49,754] {processor.py:654} INFO - DAG(s) dict_keys(['example_branch_dop_operator_v3']) retrieved from /home/airflow/.local/lib/python3.7/site-packages/airflow/example_dags/example_branch_python_dop_operator_3.py
[2022-03-30 17:37:49,782] {logging_mixin.py:109} INFO - [2022-03-30 17:37:49,781] {dag.py:2398} INFO - Sync 1 DAGs
[2022-03-30 17:37:49,865] {logging_mixin.py:109} INFO - [2022-03-30 17:37:49,865] {dag.py:2937} INFO - Setting next_dagrun for example_branch_dop_operator_v3 to 2022-03-30T17:36:00+00:00
[2022-03-30 17:37:49,886] {processor.py:171} INFO - Processing /home/airflow/.local/lib/python3.7/site-packages/airflow/example_dags/example_branch_python_dop_operator_3.py took 0.309 seconds
[2022-03-30 17:38:20,242] {processor.py:163} INFO - Started process (PID=4921) to work on /home/airflow/.local/lib/python3.7/site-packages/airflow/example_dags/example_branch_python_dop_operator_3.py
[2022-03-30 17:38:20,246] {processor.py:642} INFO - Processing file /home/airflow/.local/lib/python3.7/site-packages/airflow/example_dags/example_branch_python_dop_operator_3.py for tasks to queue
[2022-03-30 17:38:20,249] {logging_mixin.py:109} INFO - [2022-03-30 17:38:20,249] {dagbag.py:500} INFO - Filling up the DagBag from /home/airflow/.local/lib/python3.7/site-packages/airflow/example_dags/example_branch_python_dop_operator_3.py
[2022-03-30 17:38:20,454] {processor.py:654} INFO - DAG(s) dict_keys(['example_branch_dop_operator_v3']) retrieved from /home/airflow/.local/lib/python3.7/site-packages/airflow/example_dags/example_branch_python_dop_operator_3.py
[2022-03-30 17:38:20,491] {logging_mixin.py:109} INFO - [2022-03-30 17:38:20,490] {dag.py:2398} INFO - Sync 1 DAGs
[2022-03-30 17:38:20,602] {logging_mixin.py:109} INFO - [2022-03-30 17:38:20,601] {dag.py:2937} INFO - Setting next_dagrun for example_branch_dop_operator_v3 to 2022-03-30T17:37:00+00:00
[2022-03-30 17:38:20,640] {processor.py:171} INFO - Processing /home/airflow/.local/lib/python3.7/site-packages/airflow/example_dags/example_branch_python_dop_operator_3.py took 0.406 seconds
[2022-03-30 17:38:50,903] {processor.py:163} INFO - Started process (PID=5136) to work on /home/airflow/.local/lib/python3.7/site-packages/airflow/example_dags/example_branch_python_dop_operator_3.py
[2022-03-30 17:38:50,906] {processor.py:642} INFO - Processing file /home/airflow/.local/lib/python3.7/site-packages/airflow/example_dags/example_branch_python_dop_operator_3.py for tasks to queue
[2022-03-30 17:38:50,908] {logging_mixin.py:109} INFO - [2022-03-30 17:38:50,908] {dagbag.py:500} INFO - Filling up the DagBag from /home/airflow/.local/lib/python3.7/site-packages/airflow/example_dags/example_branch_python_dop_operator_3.py
[2022-03-30 17:38:51,087] {processor.py:654} INFO - DAG(s) dict_keys(['example_branch_dop_operator_v3']) retrieved from /home/airflow/.local/lib/python3.7/site-packages/airflow/example_dags/example_branch_python_dop_operator_3.py
[2022-03-30 17:38:51,116] {logging_mixin.py:109} INFO - [2022-03-30 17:38:51,116] {dag.py:2398} INFO - Sync 1 DAGs
[2022-03-30 17:38:51,207] {logging_mixin.py:109} INFO - [2022-03-30 17:38:51,207] {dag.py:2937} INFO - Setting next_dagrun for example_branch_dop_operator_v3 to 2022-03-30T17:37:00+00:00
[2022-03-30 17:38:51,227] {processor.py:171} INFO - Processing /home/airflow/.local/lib/python3.7/site-packages/airflow/example_dags/example_branch_python_dop_operator_3.py took 0.330 seconds
[2022-03-30 17:39:21,534] {processor.py:163} INFO - Started process (PID=5368) to work on /home/airflow/.local/lib/python3.7/site-packages/airflow/example_dags/example_branch_python_dop_operator_3.py
[2022-03-30 17:39:21,539] {processor.py:642} INFO - Processing file /home/airflow/.local/lib/python3.7/site-packages/airflow/example_dags/example_branch_python_dop_operator_3.py for tasks to queue
[2022-03-30 17:39:21,544] {logging_mixin.py:109} INFO - [2022-03-30 17:39:21,543] {dagbag.py:500} INFO - Filling up the DagBag from /home/airflow/.local/lib/python3.7/site-packages/airflow/example_dags/example_branch_python_dop_operator_3.py
[2022-03-30 17:39:21,629] {processor.py:654} INFO - DAG(s) dict_keys(['example_branch_dop_operator_v3']) retrieved from /home/airflow/.local/lib/python3.7/site-packages/airflow/example_dags/example_branch_python_dop_operator_3.py
[2022-03-30 17:39:21,665] {logging_mixin.py:109} INFO - [2022-03-30 17:39:21,664] {dag.py:2398} INFO - Sync 1 DAGs
[2022-03-30 17:39:21,770] {logging_mixin.py:109} INFO - [2022-03-30 17:39:21,769] {dag.py:2937} INFO - Setting next_dagrun for example_branch_dop_operator_v3 to 2022-03-30T17:38:00+00:00
[2022-03-30 17:39:21,798] {processor.py:171} INFO - Processing /home/airflow/.local/lib/python3.7/site-packages/airflow/example_dags/example_branch_python_dop_operator_3.py took 0.272 seconds
[2022-03-30 17:39:52,324] {processor.py:163} INFO - Started process (PID=5596) to work on /home/airflow/.local/lib/python3.7/site-packages/airflow/example_dags/example_branch_python_dop_operator_3.py
[2022-03-30 17:39:52,328] {processor.py:642} INFO - Processing file /home/airflow/.local/lib/python3.7/site-packages/airflow/example_dags/example_branch_python_dop_operator_3.py for tasks to queue
[2022-03-30 17:39:52,330] {logging_mixin.py:109} INFO - [2022-03-30 17:39:52,330] {dagbag.py:500} INFO - Filling up the DagBag from /home/airflow/.local/lib/python3.7/site-packages/airflow/example_dags/example_branch_python_dop_operator_3.py
[2022-03-30 17:39:52,408] {processor.py:654} INFO - DAG(s) dict_keys(['example_branch_dop_operator_v3']) retrieved from /home/airflow/.local/lib/python3.7/site-packages/airflow/example_dags/example_branch_python_dop_operator_3.py
[2022-03-30 17:39:52,439] {logging_mixin.py:109} INFO - [2022-03-30 17:39:52,439] {dag.py:2398} INFO - Sync 1 DAGs
[2022-03-30 17:39:52,532] {logging_mixin.py:109} INFO - [2022-03-30 17:39:52,532] {dag.py:2937} INFO - Setting next_dagrun for example_branch_dop_operator_v3 to 2022-03-30T17:38:00+00:00
[2022-03-30 17:39:52,556] {processor.py:171} INFO - Processing /home/airflow/.local/lib/python3.7/site-packages/airflow/example_dags/example_branch_python_dop_operator_3.py took 0.237 seconds
[2022-03-30 17:40:22,797] {processor.py:163} INFO - Started process (PID=5816) to work on /home/airflow/.local/lib/python3.7/site-packages/airflow/example_dags/example_branch_python_dop_operator_3.py
[2022-03-30 17:40:22,802] {processor.py:642} INFO - Processing file /home/airflow/.local/lib/python3.7/site-packages/airflow/example_dags/example_branch_python_dop_operator_3.py for tasks to queue
[2022-03-30 17:40:22,804] {logging_mixin.py:109} INFO - [2022-03-30 17:40:22,804] {dagbag.py:500} INFO - Filling up the DagBag from /home/airflow/.local/lib/python3.7/site-packages/airflow/example_dags/example_branch_python_dop_operator_3.py
[2022-03-30 17:40:22,902] {processor.py:654} INFO - DAG(s) dict_keys(['example_branch_dop_operator_v3']) retrieved from /home/airflow/.local/lib/python3.7/site-packages/airflow/example_dags/example_branch_python_dop_operator_3.py
[2022-03-30 17:40:22,941] {logging_mixin.py:109} INFO - [2022-03-30 17:40:22,941] {dag.py:2398} INFO - Sync 1 DAGs
[2022-03-30 17:40:23,046] {logging_mixin.py:109} INFO - [2022-03-30 17:40:23,045] {dag.py:2937} INFO - Setting next_dagrun for example_branch_dop_operator_v3 to 2022-03-30T17:39:00+00:00
[2022-03-30 17:40:23,077] {processor.py:171} INFO - Processing /home/airflow/.local/lib/python3.7/site-packages/airflow/example_dags/example_branch_python_dop_operator_3.py took 0.286 seconds
[2022-03-30 17:40:53,829] {processor.py:163} INFO - Started process (PID=6048) to work on /home/airflow/.local/lib/python3.7/site-packages/airflow/example_dags/example_branch_python_dop_operator_3.py
[2022-03-30 17:40:53,833] {processor.py:642} INFO - Processing file /home/airflow/.local/lib/python3.7/site-packages/airflow/example_dags/example_branch_python_dop_operator_3.py for tasks to queue
[2022-03-30 17:40:53,835] {logging_mixin.py:109} INFO - [2022-03-30 17:40:53,835] {dagbag.py:500} INFO - Filling up the DagBag from /home/airflow/.local/lib/python3.7/site-packages/airflow/example_dags/example_branch_python_dop_operator_3.py
[2022-03-30 17:40:53,937] {processor.py:654} INFO - DAG(s) dict_keys(['example_branch_dop_operator_v3']) retrieved from /home/airflow/.local/lib/python3.7/site-packages/airflow/example_dags/example_branch_python_dop_operator_3.py
[2022-03-30 17:40:53,975] {logging_mixin.py:109} INFO - [2022-03-30 17:40:53,975] {dag.py:2398} INFO - Sync 1 DAGs
[2022-03-30 17:40:54,089] {logging_mixin.py:109} INFO - [2022-03-30 17:40:54,088] {dag.py:2937} INFO - Setting next_dagrun for example_branch_dop_operator_v3 to 2022-03-30T17:39:00+00:00
[2022-03-30 17:40:54,116] {processor.py:171} INFO - Processing /home/airflow/.local/lib/python3.7/site-packages/airflow/example_dags/example_branch_python_dop_operator_3.py took 0.298 seconds
[2022-03-30 17:41:24,596] {processor.py:163} INFO - Started process (PID=6262) to work on /home/airflow/.local/lib/python3.7/site-packages/airflow/example_dags/example_branch_python_dop_operator_3.py
[2022-03-30 17:41:24,601] {processor.py:642} INFO - Processing file /home/airflow/.local/lib/python3.7/site-packages/airflow/example_dags/example_branch_python_dop_operator_3.py for tasks to queue
[2022-03-30 17:41:24,604] {logging_mixin.py:109} INFO - [2022-03-30 17:41:24,603] {dagbag.py:500} INFO - Filling up the DagBag from /home/airflow/.local/lib/python3.7/site-packages/airflow/example_dags/example_branch_python_dop_operator_3.py
[2022-03-30 17:41:24,688] {processor.py:654} INFO - DAG(s) dict_keys(['example_branch_dop_operator_v3']) retrieved from /home/airflow/.local/lib/python3.7/site-packages/airflow/example_dags/example_branch_python_dop_operator_3.py
[2022-03-30 17:41:24,720] {logging_mixin.py:109} INFO - [2022-03-30 17:41:24,719] {dag.py:2398} INFO - Sync 1 DAGs
[2022-03-30 17:41:24,816] {logging_mixin.py:109} INFO - [2022-03-30 17:41:24,815] {dag.py:2937} INFO - Setting next_dagrun for example_branch_dop_operator_v3 to 2022-03-30T17:40:00+00:00
[2022-03-30 17:41:24,844] {processor.py:171} INFO - Processing /home/airflow/.local/lib/python3.7/site-packages/airflow/example_dags/example_branch_python_dop_operator_3.py took 0.254 seconds
