[2022-03-30 17:28:37,339] {processor.py:163} INFO - Started process (PID=696) to work on /home/airflow/.local/lib/python3.7/site-packages/airflow/example_dags/example_external_task_marker_dag.py
[2022-03-30 17:28:37,343] {processor.py:642} INFO - Processing file /home/airflow/.local/lib/python3.7/site-packages/airflow/example_dags/example_external_task_marker_dag.py for tasks to queue
[2022-03-30 17:28:37,346] {logging_mixin.py:109} INFO - [2022-03-30 17:28:37,346] {dagbag.py:500} INFO - Filling up the DagBag from /home/airflow/.local/lib/python3.7/site-packages/airflow/example_dags/example_external_task_marker_dag.py
[2022-03-30 17:28:37,442] {processor.py:654} INFO - DAG(s) dict_keys(['example_external_task_marker_parent', 'example_external_task_marker_child']) retrieved from /home/airflow/.local/lib/python3.7/site-packages/airflow/example_dags/example_external_task_marker_dag.py
[2022-03-30 17:28:46,345] {logging_mixin.py:109} INFO - [2022-03-30 17:28:46,344] {manager.py:496} INFO - Created Permission View: can read on DAG:example_external_task_marker_parent
[2022-03-30 17:28:46,373] {logging_mixin.py:109} INFO - [2022-03-30 17:28:46,372] {manager.py:496} INFO - Created Permission View: can edit on DAG:example_external_task_marker_parent
[2022-03-30 17:28:46,433] {logging_mixin.py:109} INFO - [2022-03-30 17:28:46,433] {manager.py:496} INFO - Created Permission View: can read on DAG:example_external_task_marker_child
[2022-03-30 17:28:46,460] {logging_mixin.py:109} INFO - [2022-03-30 17:28:46,460] {manager.py:496} INFO - Created Permission View: can edit on DAG:example_external_task_marker_child
[2022-03-30 17:28:46,463] {logging_mixin.py:109} INFO - [2022-03-30 17:28:46,462] {dag.py:2398} INFO - Sync 2 DAGs
[2022-03-30 17:28:46,500] {logging_mixin.py:109} INFO - [2022-03-30 17:28:46,499] {dag.py:2417} INFO - Creating ORM DAG for example_external_task_marker_parent
[2022-03-30 17:28:46,521] {logging_mixin.py:109} INFO - [2022-03-30 17:28:46,520] {dag.py:2417} INFO - Creating ORM DAG for example_external_task_marker_child
[2022-03-30 17:28:46,559] {logging_mixin.py:109} INFO - [2022-03-30 17:28:46,558] {dag.py:2937} INFO - Setting next_dagrun for example_external_task_marker_child to None
[2022-03-30 17:28:46,562] {logging_mixin.py:109} INFO - [2022-03-30 17:28:46,561] {dag.py:2937} INFO - Setting next_dagrun for example_external_task_marker_parent to None
[2022-03-30 17:28:46,609] {processor.py:171} INFO - Processing /home/airflow/.local/lib/python3.7/site-packages/airflow/example_dags/example_external_task_marker_dag.py took 9.276 seconds
[2022-03-30 17:29:16,748] {processor.py:163} INFO - Started process (PID=949) to work on /home/airflow/.local/lib/python3.7/site-packages/airflow/example_dags/example_external_task_marker_dag.py
[2022-03-30 17:29:16,752] {processor.py:642} INFO - Processing file /home/airflow/.local/lib/python3.7/site-packages/airflow/example_dags/example_external_task_marker_dag.py for tasks to queue
[2022-03-30 17:29:16,754] {logging_mixin.py:109} INFO - [2022-03-30 17:29:16,754] {dagbag.py:500} INFO - Filling up the DagBag from /home/airflow/.local/lib/python3.7/site-packages/airflow/example_dags/example_external_task_marker_dag.py
[2022-03-30 17:29:16,825] {processor.py:654} INFO - DAG(s) dict_keys(['example_external_task_marker_parent', 'example_external_task_marker_child']) retrieved from /home/airflow/.local/lib/python3.7/site-packages/airflow/example_dags/example_external_task_marker_dag.py
[2022-03-30 17:29:16,870] {logging_mixin.py:109} INFO - [2022-03-30 17:29:16,870] {dag.py:2398} INFO - Sync 2 DAGs
[2022-03-30 17:29:16,927] {logging_mixin.py:109} INFO - [2022-03-30 17:29:16,926] {dag.py:2937} INFO - Setting next_dagrun for example_external_task_marker_child to None
[2022-03-30 17:29:16,929] {logging_mixin.py:109} INFO - [2022-03-30 17:29:16,928] {dag.py:2937} INFO - Setting next_dagrun for example_external_task_marker_parent to None
[2022-03-30 17:29:16,957] {processor.py:171} INFO - Processing /home/airflow/.local/lib/python3.7/site-packages/airflow/example_dags/example_external_task_marker_dag.py took 0.214 seconds
[2022-03-30 17:29:47,582] {processor.py:163} INFO - Started process (PID=1163) to work on /home/airflow/.local/lib/python3.7/site-packages/airflow/example_dags/example_external_task_marker_dag.py
[2022-03-30 17:29:47,586] {processor.py:642} INFO - Processing file /home/airflow/.local/lib/python3.7/site-packages/airflow/example_dags/example_external_task_marker_dag.py for tasks to queue
[2022-03-30 17:29:47,588] {logging_mixin.py:109} INFO - [2022-03-30 17:29:47,588] {dagbag.py:500} INFO - Filling up the DagBag from /home/airflow/.local/lib/python3.7/site-packages/airflow/example_dags/example_external_task_marker_dag.py
[2022-03-30 17:29:47,658] {processor.py:654} INFO - DAG(s) dict_keys(['example_external_task_marker_parent', 'example_external_task_marker_child']) retrieved from /home/airflow/.local/lib/python3.7/site-packages/airflow/example_dags/example_external_task_marker_dag.py
[2022-03-30 17:29:47,700] {logging_mixin.py:109} INFO - [2022-03-30 17:29:47,700] {dag.py:2398} INFO - Sync 2 DAGs
[2022-03-30 17:29:47,752] {logging_mixin.py:109} INFO - [2022-03-30 17:29:47,752] {dag.py:2937} INFO - Setting next_dagrun for example_external_task_marker_child to None
[2022-03-30 17:29:47,755] {logging_mixin.py:109} INFO - [2022-03-30 17:29:47,754] {dag.py:2937} INFO - Setting next_dagrun for example_external_task_marker_parent to None
[2022-03-30 17:29:47,780] {processor.py:171} INFO - Processing /home/airflow/.local/lib/python3.7/site-packages/airflow/example_dags/example_external_task_marker_dag.py took 0.205 seconds
[2022-03-30 17:30:18,231] {processor.py:163} INFO - Started process (PID=1396) to work on /home/airflow/.local/lib/python3.7/site-packages/airflow/example_dags/example_external_task_marker_dag.py
[2022-03-30 17:30:18,235] {processor.py:642} INFO - Processing file /home/airflow/.local/lib/python3.7/site-packages/airflow/example_dags/example_external_task_marker_dag.py for tasks to queue
[2022-03-30 17:30:18,240] {logging_mixin.py:109} INFO - [2022-03-30 17:30:18,240] {dagbag.py:500} INFO - Filling up the DagBag from /home/airflow/.local/lib/python3.7/site-packages/airflow/example_dags/example_external_task_marker_dag.py
[2022-03-30 17:30:18,317] {processor.py:654} INFO - DAG(s) dict_keys(['example_external_task_marker_parent', 'example_external_task_marker_child']) retrieved from /home/airflow/.local/lib/python3.7/site-packages/airflow/example_dags/example_external_task_marker_dag.py
[2022-03-30 17:30:18,363] {logging_mixin.py:109} INFO - [2022-03-30 17:30:18,363] {dag.py:2398} INFO - Sync 2 DAGs
[2022-03-30 17:30:18,428] {logging_mixin.py:109} INFO - [2022-03-30 17:30:18,428] {dag.py:2937} INFO - Setting next_dagrun for example_external_task_marker_child to None
[2022-03-30 17:30:18,433] {logging_mixin.py:109} INFO - [2022-03-30 17:30:18,432] {dag.py:2937} INFO - Setting next_dagrun for example_external_task_marker_parent to None
[2022-03-30 17:30:18,464] {processor.py:171} INFO - Processing /home/airflow/.local/lib/python3.7/site-packages/airflow/example_dags/example_external_task_marker_dag.py took 0.240 seconds
[2022-03-30 17:30:48,592] {processor.py:163} INFO - Started process (PID=1611) to work on /home/airflow/.local/lib/python3.7/site-packages/airflow/example_dags/example_external_task_marker_dag.py
[2022-03-30 17:30:48,597] {processor.py:642} INFO - Processing file /home/airflow/.local/lib/python3.7/site-packages/airflow/example_dags/example_external_task_marker_dag.py for tasks to queue
[2022-03-30 17:30:48,600] {logging_mixin.py:109} INFO - [2022-03-30 17:30:48,599] {dagbag.py:500} INFO - Filling up the DagBag from /home/airflow/.local/lib/python3.7/site-packages/airflow/example_dags/example_external_task_marker_dag.py
[2022-03-30 17:30:48,663] {processor.py:654} INFO - DAG(s) dict_keys(['example_external_task_marker_parent', 'example_external_task_marker_child']) retrieved from /home/airflow/.local/lib/python3.7/site-packages/airflow/example_dags/example_external_task_marker_dag.py
[2022-03-30 17:30:48,706] {logging_mixin.py:109} INFO - [2022-03-30 17:30:48,705] {dag.py:2398} INFO - Sync 2 DAGs
[2022-03-30 17:30:48,757] {logging_mixin.py:109} INFO - [2022-03-30 17:30:48,757] {dag.py:2937} INFO - Setting next_dagrun for example_external_task_marker_child to None
[2022-03-30 17:30:48,759] {logging_mixin.py:109} INFO - [2022-03-30 17:30:48,759] {dag.py:2937} INFO - Setting next_dagrun for example_external_task_marker_parent to None
[2022-03-30 17:30:48,785] {processor.py:171} INFO - Processing /home/airflow/.local/lib/python3.7/site-packages/airflow/example_dags/example_external_task_marker_dag.py took 0.201 seconds
[2022-03-30 17:31:18,884] {processor.py:163} INFO - Started process (PID=1845) to work on /home/airflow/.local/lib/python3.7/site-packages/airflow/example_dags/example_external_task_marker_dag.py
[2022-03-30 17:31:18,888] {processor.py:642} INFO - Processing file /home/airflow/.local/lib/python3.7/site-packages/airflow/example_dags/example_external_task_marker_dag.py for tasks to queue
[2022-03-30 17:31:18,891] {logging_mixin.py:109} INFO - [2022-03-30 17:31:18,891] {dagbag.py:500} INFO - Filling up the DagBag from /home/airflow/.local/lib/python3.7/site-packages/airflow/example_dags/example_external_task_marker_dag.py
[2022-03-30 17:31:18,967] {processor.py:654} INFO - DAG(s) dict_keys(['example_external_task_marker_parent', 'example_external_task_marker_child']) retrieved from /home/airflow/.local/lib/python3.7/site-packages/airflow/example_dags/example_external_task_marker_dag.py
[2022-03-30 17:31:19,015] {logging_mixin.py:109} INFO - [2022-03-30 17:31:19,015] {dag.py:2398} INFO - Sync 2 DAGs
[2022-03-30 17:31:19,070] {logging_mixin.py:109} INFO - [2022-03-30 17:31:19,070] {dag.py:2937} INFO - Setting next_dagrun for example_external_task_marker_child to None
[2022-03-30 17:31:19,072] {logging_mixin.py:109} INFO - [2022-03-30 17:31:19,072] {dag.py:2937} INFO - Setting next_dagrun for example_external_task_marker_parent to None
[2022-03-30 17:31:19,101] {processor.py:171} INFO - Processing /home/airflow/.local/lib/python3.7/site-packages/airflow/example_dags/example_external_task_marker_dag.py took 0.224 seconds
[2022-03-30 17:31:49,442] {processor.py:163} INFO - Started process (PID=2060) to work on /home/airflow/.local/lib/python3.7/site-packages/airflow/example_dags/example_external_task_marker_dag.py
[2022-03-30 17:31:49,445] {processor.py:642} INFO - Processing file /home/airflow/.local/lib/python3.7/site-packages/airflow/example_dags/example_external_task_marker_dag.py for tasks to queue
[2022-03-30 17:31:49,447] {logging_mixin.py:109} INFO - [2022-03-30 17:31:49,447] {dagbag.py:500} INFO - Filling up the DagBag from /home/airflow/.local/lib/python3.7/site-packages/airflow/example_dags/example_external_task_marker_dag.py
[2022-03-30 17:31:49,510] {processor.py:654} INFO - DAG(s) dict_keys(['example_external_task_marker_parent', 'example_external_task_marker_child']) retrieved from /home/airflow/.local/lib/python3.7/site-packages/airflow/example_dags/example_external_task_marker_dag.py
[2022-03-30 17:31:49,552] {logging_mixin.py:109} INFO - [2022-03-30 17:31:49,551] {dag.py:2398} INFO - Sync 2 DAGs
[2022-03-30 17:31:49,603] {logging_mixin.py:109} INFO - [2022-03-30 17:31:49,602] {dag.py:2937} INFO - Setting next_dagrun for example_external_task_marker_child to None
[2022-03-30 17:31:49,604] {logging_mixin.py:109} INFO - [2022-03-30 17:31:49,604] {dag.py:2937} INFO - Setting next_dagrun for example_external_task_marker_parent to None
[2022-03-30 17:31:49,629] {processor.py:171} INFO - Processing /home/airflow/.local/lib/python3.7/site-packages/airflow/example_dags/example_external_task_marker_dag.py took 0.194 seconds
[2022-03-30 17:32:19,905] {processor.py:163} INFO - Started process (PID=2298) to work on /home/airflow/.local/lib/python3.7/site-packages/airflow/example_dags/example_external_task_marker_dag.py
[2022-03-30 17:32:19,916] {processor.py:642} INFO - Processing file /home/airflow/.local/lib/python3.7/site-packages/airflow/example_dags/example_external_task_marker_dag.py for tasks to queue
[2022-03-30 17:32:19,923] {logging_mixin.py:109} INFO - [2022-03-30 17:32:19,922] {dagbag.py:500} INFO - Filling up the DagBag from /home/airflow/.local/lib/python3.7/site-packages/airflow/example_dags/example_external_task_marker_dag.py
[2022-03-30 17:32:20,176] {processor.py:654} INFO - DAG(s) dict_keys(['example_external_task_marker_parent', 'example_external_task_marker_child']) retrieved from /home/airflow/.local/lib/python3.7/site-packages/airflow/example_dags/example_external_task_marker_dag.py
[2022-03-30 17:32:20,381] {logging_mixin.py:109} INFO - [2022-03-30 17:32:20,380] {dag.py:2398} INFO - Sync 2 DAGs
[2022-03-30 17:32:20,543] {logging_mixin.py:109} INFO - [2022-03-30 17:32:20,542] {dag.py:2937} INFO - Setting next_dagrun for example_external_task_marker_child to None
[2022-03-30 17:32:20,549] {logging_mixin.py:109} INFO - [2022-03-30 17:32:20,548] {dag.py:2937} INFO - Setting next_dagrun for example_external_task_marker_parent to None
[2022-03-30 17:32:20,608] {processor.py:171} INFO - Processing /home/airflow/.local/lib/python3.7/site-packages/airflow/example_dags/example_external_task_marker_dag.py took 0.735 seconds
[2022-03-30 17:32:50,883] {processor.py:163} INFO - Started process (PID=2515) to work on /home/airflow/.local/lib/python3.7/site-packages/airflow/example_dags/example_external_task_marker_dag.py
[2022-03-30 17:32:50,887] {processor.py:642} INFO - Processing file /home/airflow/.local/lib/python3.7/site-packages/airflow/example_dags/example_external_task_marker_dag.py for tasks to queue
[2022-03-30 17:32:50,889] {logging_mixin.py:109} INFO - [2022-03-30 17:32:50,889] {dagbag.py:500} INFO - Filling up the DagBag from /home/airflow/.local/lib/python3.7/site-packages/airflow/example_dags/example_external_task_marker_dag.py
[2022-03-30 17:32:50,960] {processor.py:654} INFO - DAG(s) dict_keys(['example_external_task_marker_parent', 'example_external_task_marker_child']) retrieved from /home/airflow/.local/lib/python3.7/site-packages/airflow/example_dags/example_external_task_marker_dag.py
[2022-03-30 17:32:51,001] {logging_mixin.py:109} INFO - [2022-03-30 17:32:51,000] {dag.py:2398} INFO - Sync 2 DAGs
[2022-03-30 17:32:51,151] {logging_mixin.py:109} INFO - [2022-03-30 17:32:51,151] {dag.py:2937} INFO - Setting next_dagrun for example_external_task_marker_child to None
[2022-03-30 17:32:51,153] {logging_mixin.py:109} INFO - [2022-03-30 17:32:51,153] {dag.py:2937} INFO - Setting next_dagrun for example_external_task_marker_parent to None
[2022-03-30 17:32:51,179] {processor.py:171} INFO - Processing /home/airflow/.local/lib/python3.7/site-packages/airflow/example_dags/example_external_task_marker_dag.py took 0.303 seconds
[2022-03-30 17:33:21,719] {processor.py:163} INFO - Started process (PID=2752) to work on /home/airflow/.local/lib/python3.7/site-packages/airflow/example_dags/example_external_task_marker_dag.py
[2022-03-30 17:33:21,723] {processor.py:642} INFO - Processing file /home/airflow/.local/lib/python3.7/site-packages/airflow/example_dags/example_external_task_marker_dag.py for tasks to queue
[2022-03-30 17:33:21,726] {logging_mixin.py:109} INFO - [2022-03-30 17:33:21,726] {dagbag.py:500} INFO - Filling up the DagBag from /home/airflow/.local/lib/python3.7/site-packages/airflow/example_dags/example_external_task_marker_dag.py
[2022-03-30 17:33:21,806] {processor.py:654} INFO - DAG(s) dict_keys(['example_external_task_marker_parent', 'example_external_task_marker_child']) retrieved from /home/airflow/.local/lib/python3.7/site-packages/airflow/example_dags/example_external_task_marker_dag.py
[2022-03-30 17:33:21,851] {logging_mixin.py:109} INFO - [2022-03-30 17:33:21,851] {dag.py:2398} INFO - Sync 2 DAGs
[2022-03-30 17:33:22,015] {logging_mixin.py:109} INFO - [2022-03-30 17:33:22,014] {dag.py:2937} INFO - Setting next_dagrun for example_external_task_marker_child to None
[2022-03-30 17:33:22,017] {logging_mixin.py:109} INFO - [2022-03-30 17:33:22,017] {dag.py:2937} INFO - Setting next_dagrun for example_external_task_marker_parent to None
[2022-03-30 17:33:22,044] {processor.py:171} INFO - Processing /home/airflow/.local/lib/python3.7/site-packages/airflow/example_dags/example_external_task_marker_dag.py took 0.332 seconds
[2022-03-30 17:33:52,758] {processor.py:163} INFO - Started process (PID=2980) to work on /home/airflow/.local/lib/python3.7/site-packages/airflow/example_dags/example_external_task_marker_dag.py
[2022-03-30 17:33:52,762] {processor.py:642} INFO - Processing file /home/airflow/.local/lib/python3.7/site-packages/airflow/example_dags/example_external_task_marker_dag.py for tasks to queue
[2022-03-30 17:33:52,765] {logging_mixin.py:109} INFO - [2022-03-30 17:33:52,765] {dagbag.py:500} INFO - Filling up the DagBag from /home/airflow/.local/lib/python3.7/site-packages/airflow/example_dags/example_external_task_marker_dag.py
[2022-03-30 17:33:52,836] {processor.py:654} INFO - DAG(s) dict_keys(['example_external_task_marker_parent', 'example_external_task_marker_child']) retrieved from /home/airflow/.local/lib/python3.7/site-packages/airflow/example_dags/example_external_task_marker_dag.py
[2022-03-30 17:33:52,883] {logging_mixin.py:109} INFO - [2022-03-30 17:33:52,883] {dag.py:2398} INFO - Sync 2 DAGs
[2022-03-30 17:33:53,039] {logging_mixin.py:109} INFO - [2022-03-30 17:33:53,039] {dag.py:2937} INFO - Setting next_dagrun for example_external_task_marker_child to None
[2022-03-30 17:33:53,041] {logging_mixin.py:109} INFO - [2022-03-30 17:33:53,041] {dag.py:2937} INFO - Setting next_dagrun for example_external_task_marker_parent to None
[2022-03-30 17:33:53,066] {processor.py:171} INFO - Processing /home/airflow/.local/lib/python3.7/site-packages/airflow/example_dags/example_external_task_marker_dag.py took 0.314 seconds
[2022-03-30 17:34:23,685] {processor.py:163} INFO - Started process (PID=3203) to work on /home/airflow/.local/lib/python3.7/site-packages/airflow/example_dags/example_external_task_marker_dag.py
[2022-03-30 17:34:23,691] {processor.py:642} INFO - Processing file /home/airflow/.local/lib/python3.7/site-packages/airflow/example_dags/example_external_task_marker_dag.py for tasks to queue
[2022-03-30 17:34:23,693] {logging_mixin.py:109} INFO - [2022-03-30 17:34:23,693] {dagbag.py:500} INFO - Filling up the DagBag from /home/airflow/.local/lib/python3.7/site-packages/airflow/example_dags/example_external_task_marker_dag.py
[2022-03-30 17:34:23,782] {processor.py:654} INFO - DAG(s) dict_keys(['example_external_task_marker_parent', 'example_external_task_marker_child']) retrieved from /home/airflow/.local/lib/python3.7/site-packages/airflow/example_dags/example_external_task_marker_dag.py
[2022-03-30 17:34:23,838] {logging_mixin.py:109} INFO - [2022-03-30 17:34:23,837] {dag.py:2398} INFO - Sync 2 DAGs
[2022-03-30 17:34:24,022] {logging_mixin.py:109} INFO - [2022-03-30 17:34:24,022] {dag.py:2937} INFO - Setting next_dagrun for example_external_task_marker_child to None
[2022-03-30 17:34:24,025] {logging_mixin.py:109} INFO - [2022-03-30 17:34:24,025] {dag.py:2937} INFO - Setting next_dagrun for example_external_task_marker_parent to None
[2022-03-30 17:34:24,057] {processor.py:171} INFO - Processing /home/airflow/.local/lib/python3.7/site-packages/airflow/example_dags/example_external_task_marker_dag.py took 0.380 seconds
[2022-03-30 17:34:54,442] {processor.py:163} INFO - Started process (PID=3434) to work on /home/airflow/.local/lib/python3.7/site-packages/airflow/example_dags/example_external_task_marker_dag.py
[2022-03-30 17:34:54,447] {processor.py:642} INFO - Processing file /home/airflow/.local/lib/python3.7/site-packages/airflow/example_dags/example_external_task_marker_dag.py for tasks to queue
[2022-03-30 17:34:54,450] {logging_mixin.py:109} INFO - [2022-03-30 17:34:54,449] {dagbag.py:500} INFO - Filling up the DagBag from /home/airflow/.local/lib/python3.7/site-packages/airflow/example_dags/example_external_task_marker_dag.py
[2022-03-30 17:34:54,521] {processor.py:654} INFO - DAG(s) dict_keys(['example_external_task_marker_parent', 'example_external_task_marker_child']) retrieved from /home/airflow/.local/lib/python3.7/site-packages/airflow/example_dags/example_external_task_marker_dag.py
[2022-03-30 17:34:54,565] {logging_mixin.py:109} INFO - [2022-03-30 17:34:54,565] {dag.py:2398} INFO - Sync 2 DAGs
[2022-03-30 17:34:54,715] {logging_mixin.py:109} INFO - [2022-03-30 17:34:54,715] {dag.py:2937} INFO - Setting next_dagrun for example_external_task_marker_child to None
[2022-03-30 17:34:54,718] {logging_mixin.py:109} INFO - [2022-03-30 17:34:54,717] {dag.py:2937} INFO - Setting next_dagrun for example_external_task_marker_parent to None
[2022-03-30 17:34:54,742] {processor.py:171} INFO - Processing /home/airflow/.local/lib/python3.7/site-packages/airflow/example_dags/example_external_task_marker_dag.py took 0.306 seconds
[2022-03-30 17:35:25,377] {processor.py:163} INFO - Started process (PID=3649) to work on /home/airflow/.local/lib/python3.7/site-packages/airflow/example_dags/example_external_task_marker_dag.py
[2022-03-30 17:35:25,385] {processor.py:642} INFO - Processing file /home/airflow/.local/lib/python3.7/site-packages/airflow/example_dags/example_external_task_marker_dag.py for tasks to queue
[2022-03-30 17:35:25,391] {logging_mixin.py:109} INFO - [2022-03-30 17:35:25,390] {dagbag.py:500} INFO - Filling up the DagBag from /home/airflow/.local/lib/python3.7/site-packages/airflow/example_dags/example_external_task_marker_dag.py
[2022-03-30 17:35:25,524] {processor.py:654} INFO - DAG(s) dict_keys(['example_external_task_marker_parent', 'example_external_task_marker_child']) retrieved from /home/airflow/.local/lib/python3.7/site-packages/airflow/example_dags/example_external_task_marker_dag.py
[2022-03-30 17:35:25,704] {logging_mixin.py:109} INFO - [2022-03-30 17:35:25,704] {dag.py:2398} INFO - Sync 2 DAGs
[2022-03-30 17:35:25,760] {logging_mixin.py:109} INFO - [2022-03-30 17:35:25,760] {dag.py:2937} INFO - Setting next_dagrun for example_external_task_marker_child to None
[2022-03-30 17:35:25,762] {logging_mixin.py:109} INFO - [2022-03-30 17:35:25,762] {dag.py:2937} INFO - Setting next_dagrun for example_external_task_marker_parent to None
[2022-03-30 17:35:25,785] {processor.py:171} INFO - Processing /home/airflow/.local/lib/python3.7/site-packages/airflow/example_dags/example_external_task_marker_dag.py took 0.419 seconds
[2022-03-30 17:35:56,314] {processor.py:163} INFO - Started process (PID=3881) to work on /home/airflow/.local/lib/python3.7/site-packages/airflow/example_dags/example_external_task_marker_dag.py
[2022-03-30 17:35:56,319] {processor.py:642} INFO - Processing file /home/airflow/.local/lib/python3.7/site-packages/airflow/example_dags/example_external_task_marker_dag.py for tasks to queue
[2022-03-30 17:35:56,322] {logging_mixin.py:109} INFO - [2022-03-30 17:35:56,322] {dagbag.py:500} INFO - Filling up the DagBag from /home/airflow/.local/lib/python3.7/site-packages/airflow/example_dags/example_external_task_marker_dag.py
[2022-03-30 17:35:56,520] {processor.py:654} INFO - DAG(s) dict_keys(['example_external_task_marker_parent', 'example_external_task_marker_child']) retrieved from /home/airflow/.local/lib/python3.7/site-packages/airflow/example_dags/example_external_task_marker_dag.py
[2022-03-30 17:35:56,572] {logging_mixin.py:109} INFO - [2022-03-30 17:35:56,571] {dag.py:2398} INFO - Sync 2 DAGs
[2022-03-30 17:35:56,629] {logging_mixin.py:109} INFO - [2022-03-30 17:35:56,628] {dag.py:2937} INFO - Setting next_dagrun for example_external_task_marker_child to None
[2022-03-30 17:35:56,631] {logging_mixin.py:109} INFO - [2022-03-30 17:35:56,631] {dag.py:2937} INFO - Setting next_dagrun for example_external_task_marker_parent to None
[2022-03-30 17:35:56,659] {processor.py:171} INFO - Processing /home/airflow/.local/lib/python3.7/site-packages/airflow/example_dags/example_external_task_marker_dag.py took 0.351 seconds
[2022-03-30 17:36:27,165] {processor.py:163} INFO - Started process (PID=4096) to work on /home/airflow/.local/lib/python3.7/site-packages/airflow/example_dags/example_external_task_marker_dag.py
[2022-03-30 17:36:27,169] {processor.py:642} INFO - Processing file /home/airflow/.local/lib/python3.7/site-packages/airflow/example_dags/example_external_task_marker_dag.py for tasks to queue
[2022-03-30 17:36:27,171] {logging_mixin.py:109} INFO - [2022-03-30 17:36:27,171] {dagbag.py:500} INFO - Filling up the DagBag from /home/airflow/.local/lib/python3.7/site-packages/airflow/example_dags/example_external_task_marker_dag.py
[2022-03-30 17:36:27,337] {processor.py:654} INFO - DAG(s) dict_keys(['example_external_task_marker_parent', 'example_external_task_marker_child']) retrieved from /home/airflow/.local/lib/python3.7/site-packages/airflow/example_dags/example_external_task_marker_dag.py
[2022-03-30 17:36:27,377] {logging_mixin.py:109} INFO - [2022-03-30 17:36:27,377] {dag.py:2398} INFO - Sync 2 DAGs
[2022-03-30 17:36:27,426] {logging_mixin.py:109} INFO - [2022-03-30 17:36:27,426] {dag.py:2937} INFO - Setting next_dagrun for example_external_task_marker_child to None
[2022-03-30 17:36:27,429] {logging_mixin.py:109} INFO - [2022-03-30 17:36:27,428] {dag.py:2937} INFO - Setting next_dagrun for example_external_task_marker_parent to None
[2022-03-30 17:36:27,453] {processor.py:171} INFO - Processing /home/airflow/.local/lib/python3.7/site-packages/airflow/example_dags/example_external_task_marker_dag.py took 0.294 seconds
[2022-03-30 17:36:58,425] {processor.py:163} INFO - Started process (PID=4314) to work on /home/airflow/.local/lib/python3.7/site-packages/airflow/example_dags/example_external_task_marker_dag.py
[2022-03-30 17:36:58,446] {processor.py:642} INFO - Processing file /home/airflow/.local/lib/python3.7/site-packages/airflow/example_dags/example_external_task_marker_dag.py for tasks to queue
[2022-03-30 17:36:58,449] {logging_mixin.py:109} INFO - [2022-03-30 17:36:58,448] {dagbag.py:500} INFO - Filling up the DagBag from /home/airflow/.local/lib/python3.7/site-packages/airflow/example_dags/example_external_task_marker_dag.py
[2022-03-30 17:36:58,626] {processor.py:654} INFO - DAG(s) dict_keys(['example_external_task_marker_parent', 'example_external_task_marker_child']) retrieved from /home/airflow/.local/lib/python3.7/site-packages/airflow/example_dags/example_external_task_marker_dag.py
[2022-03-30 17:36:58,670] {logging_mixin.py:109} INFO - [2022-03-30 17:36:58,670] {dag.py:2398} INFO - Sync 2 DAGs
[2022-03-30 17:36:58,725] {logging_mixin.py:109} INFO - [2022-03-30 17:36:58,725] {dag.py:2937} INFO - Setting next_dagrun for example_external_task_marker_child to None
[2022-03-30 17:36:58,727] {logging_mixin.py:109} INFO - [2022-03-30 17:36:58,727] {dag.py:2937} INFO - Setting next_dagrun for example_external_task_marker_parent to None
[2022-03-30 17:36:58,755] {processor.py:171} INFO - Processing /home/airflow/.local/lib/python3.7/site-packages/airflow/example_dags/example_external_task_marker_dag.py took 0.337 seconds
[2022-03-30 17:37:30,484] {processor.py:163} INFO - Started process (PID=4529) to work on /home/airflow/.local/lib/python3.7/site-packages/airflow/example_dags/example_external_task_marker_dag.py
[2022-03-30 17:37:30,487] {processor.py:642} INFO - Processing file /home/airflow/.local/lib/python3.7/site-packages/airflow/example_dags/example_external_task_marker_dag.py for tasks to queue
[2022-03-30 17:37:30,489] {logging_mixin.py:109} INFO - [2022-03-30 17:37:30,489] {dagbag.py:500} INFO - Filling up the DagBag from /home/airflow/.local/lib/python3.7/site-packages/airflow/example_dags/example_external_task_marker_dag.py
[2022-03-30 17:37:30,654] {processor.py:654} INFO - DAG(s) dict_keys(['example_external_task_marker_parent', 'example_external_task_marker_child']) retrieved from /home/airflow/.local/lib/python3.7/site-packages/airflow/example_dags/example_external_task_marker_dag.py
[2022-03-30 17:37:30,695] {logging_mixin.py:109} INFO - [2022-03-30 17:37:30,695] {dag.py:2398} INFO - Sync 2 DAGs
[2022-03-30 17:37:30,744] {logging_mixin.py:109} INFO - [2022-03-30 17:37:30,743] {dag.py:2937} INFO - Setting next_dagrun for example_external_task_marker_child to None
[2022-03-30 17:37:30,746] {logging_mixin.py:109} INFO - [2022-03-30 17:37:30,746] {dag.py:2937} INFO - Setting next_dagrun for example_external_task_marker_parent to None
[2022-03-30 17:37:30,772] {processor.py:171} INFO - Processing /home/airflow/.local/lib/python3.7/site-packages/airflow/example_dags/example_external_task_marker_dag.py took 0.294 seconds
[2022-03-30 17:38:03,048] {processor.py:163} INFO - Started process (PID=4766) to work on /home/airflow/.local/lib/python3.7/site-packages/airflow/example_dags/example_external_task_marker_dag.py
[2022-03-30 17:38:03,053] {processor.py:642} INFO - Processing file /home/airflow/.local/lib/python3.7/site-packages/airflow/example_dags/example_external_task_marker_dag.py for tasks to queue
[2022-03-30 17:38:03,056] {logging_mixin.py:109} INFO - [2022-03-30 17:38:03,056] {dagbag.py:500} INFO - Filling up the DagBag from /home/airflow/.local/lib/python3.7/site-packages/airflow/example_dags/example_external_task_marker_dag.py
[2022-03-30 17:38:03,295] {processor.py:654} INFO - DAG(s) dict_keys(['example_external_task_marker_parent', 'example_external_task_marker_child']) retrieved from /home/airflow/.local/lib/python3.7/site-packages/airflow/example_dags/example_external_task_marker_dag.py
[2022-03-30 17:38:03,377] {logging_mixin.py:109} INFO - [2022-03-30 17:38:03,377] {dag.py:2398} INFO - Sync 2 DAGs
[2022-03-30 17:38:03,459] {logging_mixin.py:109} INFO - [2022-03-30 17:38:03,459] {dag.py:2937} INFO - Setting next_dagrun for example_external_task_marker_child to None
[2022-03-30 17:38:03,462] {logging_mixin.py:109} INFO - [2022-03-30 17:38:03,461] {dag.py:2937} INFO - Setting next_dagrun for example_external_task_marker_parent to None
[2022-03-30 17:38:03,496] {processor.py:171} INFO - Processing /home/airflow/.local/lib/python3.7/site-packages/airflow/example_dags/example_external_task_marker_dag.py took 0.454 seconds
[2022-03-30 17:38:34,967] {processor.py:163} INFO - Started process (PID=4998) to work on /home/airflow/.local/lib/python3.7/site-packages/airflow/example_dags/example_external_task_marker_dag.py
[2022-03-30 17:38:34,971] {processor.py:642} INFO - Processing file /home/airflow/.local/lib/python3.7/site-packages/airflow/example_dags/example_external_task_marker_dag.py for tasks to queue
[2022-03-30 17:38:34,973] {logging_mixin.py:109} INFO - [2022-03-30 17:38:34,973] {dagbag.py:500} INFO - Filling up the DagBag from /home/airflow/.local/lib/python3.7/site-packages/airflow/example_dags/example_external_task_marker_dag.py
[2022-03-30 17:38:35,152] {processor.py:654} INFO - DAG(s) dict_keys(['example_external_task_marker_parent', 'example_external_task_marker_child']) retrieved from /home/airflow/.local/lib/python3.7/site-packages/airflow/example_dags/example_external_task_marker_dag.py
[2022-03-30 17:38:35,199] {logging_mixin.py:109} INFO - [2022-03-30 17:38:35,199] {dag.py:2398} INFO - Sync 2 DAGs
[2022-03-30 17:38:35,252] {logging_mixin.py:109} INFO - [2022-03-30 17:38:35,252] {dag.py:2937} INFO - Setting next_dagrun for example_external_task_marker_child to None
[2022-03-30 17:38:35,255] {logging_mixin.py:109} INFO - [2022-03-30 17:38:35,255] {dag.py:2937} INFO - Setting next_dagrun for example_external_task_marker_parent to None
[2022-03-30 17:38:35,281] {processor.py:171} INFO - Processing /home/airflow/.local/lib/python3.7/site-packages/airflow/example_dags/example_external_task_marker_dag.py took 0.320 seconds
[2022-03-30 17:39:06,782] {processor.py:163} INFO - Started process (PID=5216) to work on /home/airflow/.local/lib/python3.7/site-packages/airflow/example_dags/example_external_task_marker_dag.py
[2022-03-30 17:39:06,785] {processor.py:642} INFO - Processing file /home/airflow/.local/lib/python3.7/site-packages/airflow/example_dags/example_external_task_marker_dag.py for tasks to queue
[2022-03-30 17:39:06,788] {logging_mixin.py:109} INFO - [2022-03-30 17:39:06,788] {dagbag.py:500} INFO - Filling up the DagBag from /home/airflow/.local/lib/python3.7/site-packages/airflow/example_dags/example_external_task_marker_dag.py
[2022-03-30 17:39:06,977] {processor.py:654} INFO - DAG(s) dict_keys(['example_external_task_marker_parent', 'example_external_task_marker_child']) retrieved from /home/airflow/.local/lib/python3.7/site-packages/airflow/example_dags/example_external_task_marker_dag.py
[2022-03-30 17:39:07,026] {logging_mixin.py:109} INFO - [2022-03-30 17:39:07,026] {dag.py:2398} INFO - Sync 2 DAGs
[2022-03-30 17:39:07,085] {logging_mixin.py:109} INFO - [2022-03-30 17:39:07,085] {dag.py:2937} INFO - Setting next_dagrun for example_external_task_marker_child to None
[2022-03-30 17:39:07,087] {logging_mixin.py:109} INFO - [2022-03-30 17:39:07,087] {dag.py:2937} INFO - Setting next_dagrun for example_external_task_marker_parent to None
[2022-03-30 17:39:07,114] {processor.py:171} INFO - Processing /home/airflow/.local/lib/python3.7/site-packages/airflow/example_dags/example_external_task_marker_dag.py took 0.339 seconds
[2022-03-30 17:39:37,698] {processor.py:163} INFO - Started process (PID=5443) to work on /home/airflow/.local/lib/python3.7/site-packages/airflow/example_dags/example_external_task_marker_dag.py
[2022-03-30 17:39:37,702] {processor.py:642} INFO - Processing file /home/airflow/.local/lib/python3.7/site-packages/airflow/example_dags/example_external_task_marker_dag.py for tasks to queue
[2022-03-30 17:39:37,704] {logging_mixin.py:109} INFO - [2022-03-30 17:39:37,704] {dagbag.py:500} INFO - Filling up the DagBag from /home/airflow/.local/lib/python3.7/site-packages/airflow/example_dags/example_external_task_marker_dag.py
[2022-03-30 17:39:37,776] {processor.py:654} INFO - DAG(s) dict_keys(['example_external_task_marker_parent', 'example_external_task_marker_child']) retrieved from /home/airflow/.local/lib/python3.7/site-packages/airflow/example_dags/example_external_task_marker_dag.py
[2022-03-30 17:39:37,822] {logging_mixin.py:109} INFO - [2022-03-30 17:39:37,822] {dag.py:2398} INFO - Sync 2 DAGs
[2022-03-30 17:39:37,879] {logging_mixin.py:109} INFO - [2022-03-30 17:39:37,878] {dag.py:2937} INFO - Setting next_dagrun for example_external_task_marker_child to None
[2022-03-30 17:39:37,883] {logging_mixin.py:109} INFO - [2022-03-30 17:39:37,882] {dag.py:2937} INFO - Setting next_dagrun for example_external_task_marker_parent to None
[2022-03-30 17:39:37,912] {processor.py:171} INFO - Processing /home/airflow/.local/lib/python3.7/site-packages/airflow/example_dags/example_external_task_marker_dag.py took 0.220 seconds
[2022-03-30 17:40:08,670] {processor.py:163} INFO - Started process (PID=5660) to work on /home/airflow/.local/lib/python3.7/site-packages/airflow/example_dags/example_external_task_marker_dag.py
[2022-03-30 17:40:08,674] {processor.py:642} INFO - Processing file /home/airflow/.local/lib/python3.7/site-packages/airflow/example_dags/example_external_task_marker_dag.py for tasks to queue
[2022-03-30 17:40:08,676] {logging_mixin.py:109} INFO - [2022-03-30 17:40:08,676] {dagbag.py:500} INFO - Filling up the DagBag from /home/airflow/.local/lib/python3.7/site-packages/airflow/example_dags/example_external_task_marker_dag.py
[2022-03-30 17:40:08,741] {processor.py:654} INFO - DAG(s) dict_keys(['example_external_task_marker_parent', 'example_external_task_marker_child']) retrieved from /home/airflow/.local/lib/python3.7/site-packages/airflow/example_dags/example_external_task_marker_dag.py
[2022-03-30 17:40:08,784] {logging_mixin.py:109} INFO - [2022-03-30 17:40:08,783] {dag.py:2398} INFO - Sync 2 DAGs
[2022-03-30 17:40:08,836] {logging_mixin.py:109} INFO - [2022-03-30 17:40:08,835] {dag.py:2937} INFO - Setting next_dagrun for example_external_task_marker_child to None
[2022-03-30 17:40:08,838] {logging_mixin.py:109} INFO - [2022-03-30 17:40:08,838] {dag.py:2937} INFO - Setting next_dagrun for example_external_task_marker_parent to None
[2022-03-30 17:40:08,863] {processor.py:171} INFO - Processing /home/airflow/.local/lib/python3.7/site-packages/airflow/example_dags/example_external_task_marker_dag.py took 0.199 seconds
[2022-03-30 17:40:39,149] {processor.py:163} INFO - Started process (PID=5884) to work on /home/airflow/.local/lib/python3.7/site-packages/airflow/example_dags/example_external_task_marker_dag.py
[2022-03-30 17:40:39,155] {processor.py:642} INFO - Processing file /home/airflow/.local/lib/python3.7/site-packages/airflow/example_dags/example_external_task_marker_dag.py for tasks to queue
[2022-03-30 17:40:39,158] {logging_mixin.py:109} INFO - [2022-03-30 17:40:39,157] {dagbag.py:500} INFO - Filling up the DagBag from /home/airflow/.local/lib/python3.7/site-packages/airflow/example_dags/example_external_task_marker_dag.py
[2022-03-30 17:40:39,236] {processor.py:654} INFO - DAG(s) dict_keys(['example_external_task_marker_parent', 'example_external_task_marker_child']) retrieved from /home/airflow/.local/lib/python3.7/site-packages/airflow/example_dags/example_external_task_marker_dag.py
[2022-03-30 17:40:39,288] {logging_mixin.py:109} INFO - [2022-03-30 17:40:39,287] {dag.py:2398} INFO - Sync 2 DAGs
[2022-03-30 17:40:39,343] {logging_mixin.py:109} INFO - [2022-03-30 17:40:39,343] {dag.py:2937} INFO - Setting next_dagrun for example_external_task_marker_child to None
[2022-03-30 17:40:39,345] {logging_mixin.py:109} INFO - [2022-03-30 17:40:39,345] {dag.py:2937} INFO - Setting next_dagrun for example_external_task_marker_parent to None
[2022-03-30 17:40:39,371] {processor.py:171} INFO - Processing /home/airflow/.local/lib/python3.7/site-packages/airflow/example_dags/example_external_task_marker_dag.py took 0.228 seconds
[2022-03-30 17:41:09,702] {processor.py:163} INFO - Started process (PID=6092) to work on /home/airflow/.local/lib/python3.7/site-packages/airflow/example_dags/example_external_task_marker_dag.py
[2022-03-30 17:41:09,709] {processor.py:642} INFO - Processing file /home/airflow/.local/lib/python3.7/site-packages/airflow/example_dags/example_external_task_marker_dag.py for tasks to queue
[2022-03-30 17:41:09,712] {logging_mixin.py:109} INFO - [2022-03-30 17:41:09,712] {dagbag.py:500} INFO - Filling up the DagBag from /home/airflow/.local/lib/python3.7/site-packages/airflow/example_dags/example_external_task_marker_dag.py
[2022-03-30 17:41:09,795] {processor.py:654} INFO - DAG(s) dict_keys(['example_external_task_marker_parent', 'example_external_task_marker_child']) retrieved from /home/airflow/.local/lib/python3.7/site-packages/airflow/example_dags/example_external_task_marker_dag.py
[2022-03-30 17:41:09,854] {logging_mixin.py:109} INFO - [2022-03-30 17:41:09,854] {dag.py:2398} INFO - Sync 2 DAGs
[2022-03-30 17:41:09,912] {logging_mixin.py:109} INFO - [2022-03-30 17:41:09,911] {dag.py:2937} INFO - Setting next_dagrun for example_external_task_marker_child to None
[2022-03-30 17:41:09,914] {logging_mixin.py:109} INFO - [2022-03-30 17:41:09,914] {dag.py:2937} INFO - Setting next_dagrun for example_external_task_marker_parent to None
[2022-03-30 17:41:09,942] {processor.py:171} INFO - Processing /home/airflow/.local/lib/python3.7/site-packages/airflow/example_dags/example_external_task_marker_dag.py took 0.248 seconds
[2022-03-30 17:41:40,492] {processor.py:163} INFO - Started process (PID=6325) to work on /home/airflow/.local/lib/python3.7/site-packages/airflow/example_dags/example_external_task_marker_dag.py
[2022-03-30 17:41:40,496] {processor.py:642} INFO - Processing file /home/airflow/.local/lib/python3.7/site-packages/airflow/example_dags/example_external_task_marker_dag.py for tasks to queue
[2022-03-30 17:41:40,498] {logging_mixin.py:109} INFO - [2022-03-30 17:41:40,497] {dagbag.py:500} INFO - Filling up the DagBag from /home/airflow/.local/lib/python3.7/site-packages/airflow/example_dags/example_external_task_marker_dag.py
[2022-03-30 17:41:40,573] {processor.py:654} INFO - DAG(s) dict_keys(['example_external_task_marker_parent', 'example_external_task_marker_child']) retrieved from /home/airflow/.local/lib/python3.7/site-packages/airflow/example_dags/example_external_task_marker_dag.py
[2022-03-30 17:41:40,625] {logging_mixin.py:109} INFO - [2022-03-30 17:41:40,625] {dag.py:2398} INFO - Sync 2 DAGs
[2022-03-30 17:41:40,680] {logging_mixin.py:109} INFO - [2022-03-30 17:41:40,680] {dag.py:2937} INFO - Setting next_dagrun for example_external_task_marker_child to None
[2022-03-30 17:41:40,683] {logging_mixin.py:109} INFO - [2022-03-30 17:41:40,682] {dag.py:2937} INFO - Setting next_dagrun for example_external_task_marker_parent to None
[2022-03-30 17:41:40,714] {processor.py:171} INFO - Processing /home/airflow/.local/lib/python3.7/site-packages/airflow/example_dags/example_external_task_marker_dag.py took 0.228 seconds
