[2022-03-30 17:27:58,398] {processor.py:163} INFO - Started process (PID=582) to work on /home/airflow/.local/lib/python3.7/site-packages/airflow/example_dags/example_complex.py
[2022-03-30 17:27:58,403] {processor.py:642} INFO - Processing file /home/airflow/.local/lib/python3.7/site-packages/airflow/example_dags/example_complex.py for tasks to queue
[2022-03-30 17:27:58,406] {logging_mixin.py:109} INFO - [2022-03-30 17:27:58,406] {dagbag.py:500} INFO - Filling up the DagBag from /home/airflow/.local/lib/python3.7/site-packages/airflow/example_dags/example_complex.py
[2022-03-30 17:27:58,545] {processor.py:654} INFO - DAG(s) dict_keys(['example_complex']) retrieved from /home/airflow/.local/lib/python3.7/site-packages/airflow/example_dags/example_complex.py
[2022-03-30 17:28:08,835] {logging_mixin.py:109} INFO - [2022-03-30 17:28:08,835] {manager.py:496} INFO - Created Permission View: can read on DAG:example_complex
[2022-03-30 17:28:08,868] {logging_mixin.py:109} INFO - [2022-03-30 17:28:08,867] {manager.py:496} INFO - Created Permission View: can edit on DAG:example_complex
[2022-03-30 17:28:08,871] {logging_mixin.py:109} INFO - [2022-03-30 17:28:08,870] {dag.py:2398} INFO - Sync 1 DAGs
[2022-03-30 17:28:08,911] {logging_mixin.py:109} INFO - [2022-03-30 17:28:08,909] {dag.py:2417} INFO - Creating ORM DAG for example_complex
[2022-03-30 17:28:08,946] {logging_mixin.py:109} INFO - [2022-03-30 17:28:08,945] {dag.py:2937} INFO - Setting next_dagrun for example_complex to None
[2022-03-30 17:28:08,989] {processor.py:171} INFO - Processing /home/airflow/.local/lib/python3.7/site-packages/airflow/example_dags/example_complex.py took 10.597 seconds
[2022-03-30 17:29:05,414] {processor.py:163} INFO - Started process (PID=884) to work on /home/airflow/.local/lib/python3.7/site-packages/airflow/example_dags/example_complex.py
[2022-03-30 17:29:05,418] {processor.py:642} INFO - Processing file /home/airflow/.local/lib/python3.7/site-packages/airflow/example_dags/example_complex.py for tasks to queue
[2022-03-30 17:29:05,421] {logging_mixin.py:109} INFO - [2022-03-30 17:29:05,421] {dagbag.py:500} INFO - Filling up the DagBag from /home/airflow/.local/lib/python3.7/site-packages/airflow/example_dags/example_complex.py
[2022-03-30 17:29:05,566] {processor.py:654} INFO - DAG(s) dict_keys(['example_complex']) retrieved from /home/airflow/.local/lib/python3.7/site-packages/airflow/example_dags/example_complex.py
[2022-03-30 17:29:05,658] {logging_mixin.py:109} INFO - [2022-03-30 17:29:05,658] {dag.py:2398} INFO - Sync 1 DAGs
[2022-03-30 17:29:05,723] {logging_mixin.py:109} INFO - [2022-03-30 17:29:05,722] {dag.py:2937} INFO - Setting next_dagrun for example_complex to None
[2022-03-30 17:29:05,752] {processor.py:171} INFO - Processing /home/airflow/.local/lib/python3.7/site-packages/airflow/example_dags/example_complex.py took 0.346 seconds
[2022-03-30 17:29:36,545] {processor.py:163} INFO - Started process (PID=1117) to work on /home/airflow/.local/lib/python3.7/site-packages/airflow/example_dags/example_complex.py
[2022-03-30 17:29:36,549] {processor.py:642} INFO - Processing file /home/airflow/.local/lib/python3.7/site-packages/airflow/example_dags/example_complex.py for tasks to queue
[2022-03-30 17:29:36,552] {logging_mixin.py:109} INFO - [2022-03-30 17:29:36,552] {dagbag.py:500} INFO - Filling up the DagBag from /home/airflow/.local/lib/python3.7/site-packages/airflow/example_dags/example_complex.py
[2022-03-30 17:29:36,687] {processor.py:654} INFO - DAG(s) dict_keys(['example_complex']) retrieved from /home/airflow/.local/lib/python3.7/site-packages/airflow/example_dags/example_complex.py
[2022-03-30 17:29:36,764] {logging_mixin.py:109} INFO - [2022-03-30 17:29:36,764] {dag.py:2398} INFO - Sync 1 DAGs
[2022-03-30 17:29:36,823] {logging_mixin.py:109} INFO - [2022-03-30 17:29:36,823] {dag.py:2937} INFO - Setting next_dagrun for example_complex to None
[2022-03-30 17:29:36,851] {processor.py:171} INFO - Processing /home/airflow/.local/lib/python3.7/site-packages/airflow/example_dags/example_complex.py took 0.317 seconds
[2022-03-30 17:30:07,265] {processor.py:163} INFO - Started process (PID=1328) to work on /home/airflow/.local/lib/python3.7/site-packages/airflow/example_dags/example_complex.py
[2022-03-30 17:30:07,270] {processor.py:642} INFO - Processing file /home/airflow/.local/lib/python3.7/site-packages/airflow/example_dags/example_complex.py for tasks to queue
[2022-03-30 17:30:07,272] {logging_mixin.py:109} INFO - [2022-03-30 17:30:07,272] {dagbag.py:500} INFO - Filling up the DagBag from /home/airflow/.local/lib/python3.7/site-packages/airflow/example_dags/example_complex.py
[2022-03-30 17:30:07,382] {processor.py:654} INFO - DAG(s) dict_keys(['example_complex']) retrieved from /home/airflow/.local/lib/python3.7/site-packages/airflow/example_dags/example_complex.py
[2022-03-30 17:30:07,451] {logging_mixin.py:109} INFO - [2022-03-30 17:30:07,450] {dag.py:2398} INFO - Sync 1 DAGs
[2022-03-30 17:30:07,505] {logging_mixin.py:109} INFO - [2022-03-30 17:30:07,505] {dag.py:2937} INFO - Setting next_dagrun for example_complex to None
[2022-03-30 17:30:07,530] {processor.py:171} INFO - Processing /home/airflow/.local/lib/python3.7/site-packages/airflow/example_dags/example_complex.py took 0.270 seconds
[2022-03-30 17:30:38,424] {processor.py:163} INFO - Started process (PID=1559) to work on /home/airflow/.local/lib/python3.7/site-packages/airflow/example_dags/example_complex.py
[2022-03-30 17:30:38,429] {processor.py:642} INFO - Processing file /home/airflow/.local/lib/python3.7/site-packages/airflow/example_dags/example_complex.py for tasks to queue
[2022-03-30 17:30:38,431] {logging_mixin.py:109} INFO - [2022-03-30 17:30:38,431] {dagbag.py:500} INFO - Filling up the DagBag from /home/airflow/.local/lib/python3.7/site-packages/airflow/example_dags/example_complex.py
[2022-03-30 17:30:38,553] {processor.py:654} INFO - DAG(s) dict_keys(['example_complex']) retrieved from /home/airflow/.local/lib/python3.7/site-packages/airflow/example_dags/example_complex.py
[2022-03-30 17:30:38,627] {logging_mixin.py:109} INFO - [2022-03-30 17:30:38,626] {dag.py:2398} INFO - Sync 1 DAGs
[2022-03-30 17:30:38,684] {logging_mixin.py:109} INFO - [2022-03-30 17:30:38,683] {dag.py:2937} INFO - Setting next_dagrun for example_complex to None
[2022-03-30 17:30:38,708] {processor.py:171} INFO - Processing /home/airflow/.local/lib/python3.7/site-packages/airflow/example_dags/example_complex.py took 0.291 seconds
[2022-03-30 17:31:09,651] {processor.py:163} INFO - Started process (PID=1774) to work on /home/airflow/.local/lib/python3.7/site-packages/airflow/example_dags/example_complex.py
[2022-03-30 17:31:09,655] {processor.py:642} INFO - Processing file /home/airflow/.local/lib/python3.7/site-packages/airflow/example_dags/example_complex.py for tasks to queue
[2022-03-30 17:31:09,657] {logging_mixin.py:109} INFO - [2022-03-30 17:31:09,656] {dagbag.py:500} INFO - Filling up the DagBag from /home/airflow/.local/lib/python3.7/site-packages/airflow/example_dags/example_complex.py
[2022-03-30 17:31:09,759] {processor.py:654} INFO - DAG(s) dict_keys(['example_complex']) retrieved from /home/airflow/.local/lib/python3.7/site-packages/airflow/example_dags/example_complex.py
[2022-03-30 17:31:09,825] {logging_mixin.py:109} INFO - [2022-03-30 17:31:09,824] {dag.py:2398} INFO - Sync 1 DAGs
[2022-03-30 17:31:09,876] {logging_mixin.py:109} INFO - [2022-03-30 17:31:09,875] {dag.py:2937} INFO - Setting next_dagrun for example_complex to None
[2022-03-30 17:31:09,898] {processor.py:171} INFO - Processing /home/airflow/.local/lib/python3.7/site-packages/airflow/example_dags/example_complex.py took 0.253 seconds
[2022-03-30 17:31:40,849] {processor.py:163} INFO - Started process (PID=2008) to work on /home/airflow/.local/lib/python3.7/site-packages/airflow/example_dags/example_complex.py
[2022-03-30 17:31:40,853] {processor.py:642} INFO - Processing file /home/airflow/.local/lib/python3.7/site-packages/airflow/example_dags/example_complex.py for tasks to queue
[2022-03-30 17:31:40,855] {logging_mixin.py:109} INFO - [2022-03-30 17:31:40,855] {dagbag.py:500} INFO - Filling up the DagBag from /home/airflow/.local/lib/python3.7/site-packages/airflow/example_dags/example_complex.py
[2022-03-30 17:31:40,978] {processor.py:654} INFO - DAG(s) dict_keys(['example_complex']) retrieved from /home/airflow/.local/lib/python3.7/site-packages/airflow/example_dags/example_complex.py
[2022-03-30 17:31:41,050] {logging_mixin.py:109} INFO - [2022-03-30 17:31:41,050] {dag.py:2398} INFO - Sync 1 DAGs
[2022-03-30 17:31:41,220] {logging_mixin.py:109} INFO - [2022-03-30 17:31:41,219] {dag.py:2937} INFO - Setting next_dagrun for example_complex to None
[2022-03-30 17:31:41,245] {processor.py:171} INFO - Processing /home/airflow/.local/lib/python3.7/site-packages/airflow/example_dags/example_complex.py took 0.402 seconds
[2022-03-30 17:32:11,339] {processor.py:163} INFO - Started process (PID=2220) to work on /home/airflow/.local/lib/python3.7/site-packages/airflow/example_dags/example_complex.py
[2022-03-30 17:32:11,344] {processor.py:642} INFO - Processing file /home/airflow/.local/lib/python3.7/site-packages/airflow/example_dags/example_complex.py for tasks to queue
[2022-03-30 17:32:11,346] {logging_mixin.py:109} INFO - [2022-03-30 17:32:11,346] {dagbag.py:500} INFO - Filling up the DagBag from /home/airflow/.local/lib/python3.7/site-packages/airflow/example_dags/example_complex.py
[2022-03-30 17:32:11,455] {processor.py:654} INFO - DAG(s) dict_keys(['example_complex']) retrieved from /home/airflow/.local/lib/python3.7/site-packages/airflow/example_dags/example_complex.py
[2022-03-30 17:32:11,524] {logging_mixin.py:109} INFO - [2022-03-30 17:32:11,523] {dag.py:2398} INFO - Sync 1 DAGs
[2022-03-30 17:32:11,670] {logging_mixin.py:109} INFO - [2022-03-30 17:32:11,670] {dag.py:2937} INFO - Setting next_dagrun for example_complex to None
[2022-03-30 17:32:11,693] {processor.py:171} INFO - Processing /home/airflow/.local/lib/python3.7/site-packages/airflow/example_dags/example_complex.py took 0.360 seconds
[2022-03-30 17:32:41,917] {processor.py:163} INFO - Started process (PID=2452) to work on /home/airflow/.local/lib/python3.7/site-packages/airflow/example_dags/example_complex.py
[2022-03-30 17:32:41,921] {processor.py:642} INFO - Processing file /home/airflow/.local/lib/python3.7/site-packages/airflow/example_dags/example_complex.py for tasks to queue
[2022-03-30 17:32:41,923] {logging_mixin.py:109} INFO - [2022-03-30 17:32:41,923] {dagbag.py:500} INFO - Filling up the DagBag from /home/airflow/.local/lib/python3.7/site-packages/airflow/example_dags/example_complex.py
[2022-03-30 17:32:42,030] {processor.py:654} INFO - DAG(s) dict_keys(['example_complex']) retrieved from /home/airflow/.local/lib/python3.7/site-packages/airflow/example_dags/example_complex.py
[2022-03-30 17:32:42,097] {logging_mixin.py:109} INFO - [2022-03-30 17:32:42,096] {dag.py:2398} INFO - Sync 1 DAGs
[2022-03-30 17:32:42,251] {logging_mixin.py:109} INFO - [2022-03-30 17:32:42,250] {dag.py:2937} INFO - Setting next_dagrun for example_complex to None
[2022-03-30 17:32:42,275] {processor.py:171} INFO - Processing /home/airflow/.local/lib/python3.7/site-packages/airflow/example_dags/example_complex.py took 0.365 seconds
[2022-03-30 17:33:12,428] {processor.py:163} INFO - Started process (PID=2680) to work on /home/airflow/.local/lib/python3.7/site-packages/airflow/example_dags/example_complex.py
[2022-03-30 17:33:12,437] {processor.py:642} INFO - Processing file /home/airflow/.local/lib/python3.7/site-packages/airflow/example_dags/example_complex.py for tasks to queue
[2022-03-30 17:33:12,442] {logging_mixin.py:109} INFO - [2022-03-30 17:33:12,441] {dagbag.py:500} INFO - Filling up the DagBag from /home/airflow/.local/lib/python3.7/site-packages/airflow/example_dags/example_complex.py
[2022-03-30 17:33:12,605] {processor.py:654} INFO - DAG(s) dict_keys(['example_complex']) retrieved from /home/airflow/.local/lib/python3.7/site-packages/airflow/example_dags/example_complex.py
[2022-03-30 17:33:12,832] {logging_mixin.py:109} INFO - [2022-03-30 17:33:12,831] {dag.py:2398} INFO - Sync 1 DAGs
[2022-03-30 17:33:13,035] {logging_mixin.py:109} INFO - [2022-03-30 17:33:13,035] {dag.py:2937} INFO - Setting next_dagrun for example_complex to None
[2022-03-30 17:33:13,084] {processor.py:171} INFO - Processing /home/airflow/.local/lib/python3.7/site-packages/airflow/example_dags/example_complex.py took 0.666 seconds
[2022-03-30 17:33:43,351] {processor.py:163} INFO - Started process (PID=2902) to work on /home/airflow/.local/lib/python3.7/site-packages/airflow/example_dags/example_complex.py
[2022-03-30 17:33:43,355] {processor.py:642} INFO - Processing file /home/airflow/.local/lib/python3.7/site-packages/airflow/example_dags/example_complex.py for tasks to queue
[2022-03-30 17:33:43,358] {logging_mixin.py:109} INFO - [2022-03-30 17:33:43,358] {dagbag.py:500} INFO - Filling up the DagBag from /home/airflow/.local/lib/python3.7/site-packages/airflow/example_dags/example_complex.py
[2022-03-30 17:33:43,476] {processor.py:654} INFO - DAG(s) dict_keys(['example_complex']) retrieved from /home/airflow/.local/lib/python3.7/site-packages/airflow/example_dags/example_complex.py
[2022-03-30 17:33:43,655] {logging_mixin.py:109} INFO - [2022-03-30 17:33:43,655] {dag.py:2398} INFO - Sync 1 DAGs
[2022-03-30 17:33:43,710] {logging_mixin.py:109} INFO - [2022-03-30 17:33:43,709] {dag.py:2937} INFO - Setting next_dagrun for example_complex to None
[2022-03-30 17:33:43,736] {processor.py:171} INFO - Processing /home/airflow/.local/lib/python3.7/site-packages/airflow/example_dags/example_complex.py took 0.391 seconds
[2022-03-30 17:34:14,007] {processor.py:163} INFO - Started process (PID=3132) to work on /home/airflow/.local/lib/python3.7/site-packages/airflow/example_dags/example_complex.py
[2022-03-30 17:34:14,012] {processor.py:642} INFO - Processing file /home/airflow/.local/lib/python3.7/site-packages/airflow/example_dags/example_complex.py for tasks to queue
[2022-03-30 17:34:14,015] {logging_mixin.py:109} INFO - [2022-03-30 17:34:14,015] {dagbag.py:500} INFO - Filling up the DagBag from /home/airflow/.local/lib/python3.7/site-packages/airflow/example_dags/example_complex.py
[2022-03-30 17:34:14,297] {processor.py:654} INFO - DAG(s) dict_keys(['example_complex']) retrieved from /home/airflow/.local/lib/python3.7/site-packages/airflow/example_dags/example_complex.py
[2022-03-30 17:34:14,385] {logging_mixin.py:109} INFO - [2022-03-30 17:34:14,384] {dag.py:2398} INFO - Sync 1 DAGs
[2022-03-30 17:34:14,453] {logging_mixin.py:109} INFO - [2022-03-30 17:34:14,453] {dag.py:2937} INFO - Setting next_dagrun for example_complex to None
[2022-03-30 17:34:14,496] {processor.py:171} INFO - Processing /home/airflow/.local/lib/python3.7/site-packages/airflow/example_dags/example_complex.py took 0.499 seconds
[2022-03-30 17:34:45,179] {processor.py:163} INFO - Started process (PID=3348) to work on /home/airflow/.local/lib/python3.7/site-packages/airflow/example_dags/example_complex.py
[2022-03-30 17:34:45,183] {processor.py:642} INFO - Processing file /home/airflow/.local/lib/python3.7/site-packages/airflow/example_dags/example_complex.py for tasks to queue
[2022-03-30 17:34:45,186] {logging_mixin.py:109} INFO - [2022-03-30 17:34:45,186] {dagbag.py:500} INFO - Filling up the DagBag from /home/airflow/.local/lib/python3.7/site-packages/airflow/example_dags/example_complex.py
[2022-03-30 17:34:45,426] {processor.py:654} INFO - DAG(s) dict_keys(['example_complex']) retrieved from /home/airflow/.local/lib/python3.7/site-packages/airflow/example_dags/example_complex.py
[2022-03-30 17:34:45,502] {logging_mixin.py:109} INFO - [2022-03-30 17:34:45,501] {dag.py:2398} INFO - Sync 1 DAGs
[2022-03-30 17:34:45,555] {logging_mixin.py:109} INFO - [2022-03-30 17:34:45,555] {dag.py:2937} INFO - Setting next_dagrun for example_complex to None
[2022-03-30 17:34:45,583] {processor.py:171} INFO - Processing /home/airflow/.local/lib/python3.7/site-packages/airflow/example_dags/example_complex.py took 0.411 seconds
[2022-03-30 17:35:16,163] {processor.py:163} INFO - Started process (PID=3583) to work on /home/airflow/.local/lib/python3.7/site-packages/airflow/example_dags/example_complex.py
[2022-03-30 17:35:16,167] {processor.py:642} INFO - Processing file /home/airflow/.local/lib/python3.7/site-packages/airflow/example_dags/example_complex.py for tasks to queue
[2022-03-30 17:35:16,173] {logging_mixin.py:109} INFO - [2022-03-30 17:35:16,173] {dagbag.py:500} INFO - Filling up the DagBag from /home/airflow/.local/lib/python3.7/site-packages/airflow/example_dags/example_complex.py
[2022-03-30 17:35:16,415] {processor.py:654} INFO - DAG(s) dict_keys(['example_complex']) retrieved from /home/airflow/.local/lib/python3.7/site-packages/airflow/example_dags/example_complex.py
[2022-03-30 17:35:16,490] {logging_mixin.py:109} INFO - [2022-03-30 17:35:16,489] {dag.py:2398} INFO - Sync 1 DAGs
[2022-03-30 17:35:16,547] {logging_mixin.py:109} INFO - [2022-03-30 17:35:16,546] {dag.py:2937} INFO - Setting next_dagrun for example_complex to None
[2022-03-30 17:35:16,574] {processor.py:171} INFO - Processing /home/airflow/.local/lib/python3.7/site-packages/airflow/example_dags/example_complex.py took 0.418 seconds
[2022-03-30 17:35:46,658] {processor.py:163} INFO - Started process (PID=3797) to work on /home/airflow/.local/lib/python3.7/site-packages/airflow/example_dags/example_complex.py
[2022-03-30 17:35:46,661] {processor.py:642} INFO - Processing file /home/airflow/.local/lib/python3.7/site-packages/airflow/example_dags/example_complex.py for tasks to queue
[2022-03-30 17:35:46,663] {logging_mixin.py:109} INFO - [2022-03-30 17:35:46,663] {dagbag.py:500} INFO - Filling up the DagBag from /home/airflow/.local/lib/python3.7/site-packages/airflow/example_dags/example_complex.py
[2022-03-30 17:35:46,878] {processor.py:654} INFO - DAG(s) dict_keys(['example_complex']) retrieved from /home/airflow/.local/lib/python3.7/site-packages/airflow/example_dags/example_complex.py
[2022-03-30 17:35:46,946] {logging_mixin.py:109} INFO - [2022-03-30 17:35:46,946] {dag.py:2398} INFO - Sync 1 DAGs
[2022-03-30 17:35:46,999] {logging_mixin.py:109} INFO - [2022-03-30 17:35:46,999] {dag.py:2937} INFO - Setting next_dagrun for example_complex to None
[2022-03-30 17:35:47,024] {processor.py:171} INFO - Processing /home/airflow/.local/lib/python3.7/site-packages/airflow/example_dags/example_complex.py took 0.372 seconds
[2022-03-30 17:36:17,407] {processor.py:163} INFO - Started process (PID=4024) to work on /home/airflow/.local/lib/python3.7/site-packages/airflow/example_dags/example_complex.py
[2022-03-30 17:36:17,411] {processor.py:642} INFO - Processing file /home/airflow/.local/lib/python3.7/site-packages/airflow/example_dags/example_complex.py for tasks to queue
[2022-03-30 17:36:17,413] {logging_mixin.py:109} INFO - [2022-03-30 17:36:17,413] {dagbag.py:500} INFO - Filling up the DagBag from /home/airflow/.local/lib/python3.7/site-packages/airflow/example_dags/example_complex.py
[2022-03-30 17:36:17,643] {processor.py:654} INFO - DAG(s) dict_keys(['example_complex']) retrieved from /home/airflow/.local/lib/python3.7/site-packages/airflow/example_dags/example_complex.py
[2022-03-30 17:36:17,715] {logging_mixin.py:109} INFO - [2022-03-30 17:36:17,715] {dag.py:2398} INFO - Sync 1 DAGs
[2022-03-30 17:36:17,769] {logging_mixin.py:109} INFO - [2022-03-30 17:36:17,769] {dag.py:2937} INFO - Setting next_dagrun for example_complex to None
[2022-03-30 17:36:17,795] {processor.py:171} INFO - Processing /home/airflow/.local/lib/python3.7/site-packages/airflow/example_dags/example_complex.py took 0.395 seconds
[2022-03-30 17:36:47,926] {processor.py:163} INFO - Started process (PID=4235) to work on /home/airflow/.local/lib/python3.7/site-packages/airflow/example_dags/example_complex.py
[2022-03-30 17:36:47,931] {processor.py:642} INFO - Processing file /home/airflow/.local/lib/python3.7/site-packages/airflow/example_dags/example_complex.py for tasks to queue
[2022-03-30 17:36:47,933] {logging_mixin.py:109} INFO - [2022-03-30 17:36:47,933] {dagbag.py:500} INFO - Filling up the DagBag from /home/airflow/.local/lib/python3.7/site-packages/airflow/example_dags/example_complex.py
[2022-03-30 17:36:48,162] {processor.py:654} INFO - DAG(s) dict_keys(['example_complex']) retrieved from /home/airflow/.local/lib/python3.7/site-packages/airflow/example_dags/example_complex.py
[2022-03-30 17:36:48,235] {logging_mixin.py:109} INFO - [2022-03-30 17:36:48,235] {dag.py:2398} INFO - Sync 1 DAGs
[2022-03-30 17:36:48,290] {logging_mixin.py:109} INFO - [2022-03-30 17:36:48,289] {dag.py:2937} INFO - Setting next_dagrun for example_complex to None
[2022-03-30 17:36:48,317] {processor.py:171} INFO - Processing /home/airflow/.local/lib/python3.7/site-packages/airflow/example_dags/example_complex.py took 0.398 seconds
[2022-03-30 17:37:18,603] {processor.py:163} INFO - Started process (PID=4467) to work on /home/airflow/.local/lib/python3.7/site-packages/airflow/example_dags/example_complex.py
[2022-03-30 17:37:18,608] {processor.py:642} INFO - Processing file /home/airflow/.local/lib/python3.7/site-packages/airflow/example_dags/example_complex.py for tasks to queue
[2022-03-30 17:37:18,611] {logging_mixin.py:109} INFO - [2022-03-30 17:37:18,611] {dagbag.py:500} INFO - Filling up the DagBag from /home/airflow/.local/lib/python3.7/site-packages/airflow/example_dags/example_complex.py
[2022-03-30 17:37:18,851] {processor.py:654} INFO - DAG(s) dict_keys(['example_complex']) retrieved from /home/airflow/.local/lib/python3.7/site-packages/airflow/example_dags/example_complex.py
[2022-03-30 17:37:18,927] {logging_mixin.py:109} INFO - [2022-03-30 17:37:18,926] {dag.py:2398} INFO - Sync 1 DAGs
[2022-03-30 17:37:18,981] {logging_mixin.py:109} INFO - [2022-03-30 17:37:18,980] {dag.py:2937} INFO - Setting next_dagrun for example_complex to None
[2022-03-30 17:37:19,007] {processor.py:171} INFO - Processing /home/airflow/.local/lib/python3.7/site-packages/airflow/example_dags/example_complex.py took 0.410 seconds
[2022-03-30 17:37:49,173] {processor.py:163} INFO - Started process (PID=4678) to work on /home/airflow/.local/lib/python3.7/site-packages/airflow/example_dags/example_complex.py
[2022-03-30 17:37:49,177] {processor.py:642} INFO - Processing file /home/airflow/.local/lib/python3.7/site-packages/airflow/example_dags/example_complex.py for tasks to queue
[2022-03-30 17:37:49,179] {logging_mixin.py:109} INFO - [2022-03-30 17:37:49,179] {dagbag.py:500} INFO - Filling up the DagBag from /home/airflow/.local/lib/python3.7/site-packages/airflow/example_dags/example_complex.py
[2022-03-30 17:37:49,390] {processor.py:654} INFO - DAG(s) dict_keys(['example_complex']) retrieved from /home/airflow/.local/lib/python3.7/site-packages/airflow/example_dags/example_complex.py
[2022-03-30 17:37:49,462] {logging_mixin.py:109} INFO - [2022-03-30 17:37:49,461] {dag.py:2398} INFO - Sync 1 DAGs
[2022-03-30 17:37:49,513] {logging_mixin.py:109} INFO - [2022-03-30 17:37:49,513] {dag.py:2937} INFO - Setting next_dagrun for example_complex to None
[2022-03-30 17:37:49,538] {processor.py:171} INFO - Processing /home/airflow/.local/lib/python3.7/site-packages/airflow/example_dags/example_complex.py took 0.372 seconds
[2022-03-30 17:38:19,720] {processor.py:163} INFO - Started process (PID=4912) to work on /home/airflow/.local/lib/python3.7/site-packages/airflow/example_dags/example_complex.py
[2022-03-30 17:38:19,724] {processor.py:642} INFO - Processing file /home/airflow/.local/lib/python3.7/site-packages/airflow/example_dags/example_complex.py for tasks to queue
[2022-03-30 17:38:19,727] {logging_mixin.py:109} INFO - [2022-03-30 17:38:19,727] {dagbag.py:500} INFO - Filling up the DagBag from /home/airflow/.local/lib/python3.7/site-packages/airflow/example_dags/example_complex.py
[2022-03-30 17:38:19,961] {processor.py:654} INFO - DAG(s) dict_keys(['example_complex']) retrieved from /home/airflow/.local/lib/python3.7/site-packages/airflow/example_dags/example_complex.py
[2022-03-30 17:38:20,049] {logging_mixin.py:109} INFO - [2022-03-30 17:38:20,049] {dag.py:2398} INFO - Sync 1 DAGs
[2022-03-30 17:38:20,119] {logging_mixin.py:109} INFO - [2022-03-30 17:38:20,118] {dag.py:2937} INFO - Setting next_dagrun for example_complex to None
[2022-03-30 17:38:20,156] {processor.py:171} INFO - Processing /home/airflow/.local/lib/python3.7/site-packages/airflow/example_dags/example_complex.py took 0.442 seconds
[2022-03-30 17:38:50,231] {processor.py:163} INFO - Started process (PID=5124) to work on /home/airflow/.local/lib/python3.7/site-packages/airflow/example_dags/example_complex.py
[2022-03-30 17:38:50,235] {processor.py:642} INFO - Processing file /home/airflow/.local/lib/python3.7/site-packages/airflow/example_dags/example_complex.py for tasks to queue
[2022-03-30 17:38:50,237] {logging_mixin.py:109} INFO - [2022-03-30 17:38:50,237] {dagbag.py:500} INFO - Filling up the DagBag from /home/airflow/.local/lib/python3.7/site-packages/airflow/example_dags/example_complex.py
[2022-03-30 17:38:50,430] {processor.py:654} INFO - DAG(s) dict_keys(['example_complex']) retrieved from /home/airflow/.local/lib/python3.7/site-packages/airflow/example_dags/example_complex.py
[2022-03-30 17:38:50,491] {logging_mixin.py:109} INFO - [2022-03-30 17:38:50,490] {dag.py:2398} INFO - Sync 1 DAGs
[2022-03-30 17:38:50,545] {logging_mixin.py:109} INFO - [2022-03-30 17:38:50,545] {dag.py:2937} INFO - Setting next_dagrun for example_complex to None
[2022-03-30 17:38:50,570] {processor.py:171} INFO - Processing /home/airflow/.local/lib/python3.7/site-packages/airflow/example_dags/example_complex.py took 0.346 seconds
[2022-03-30 17:39:21,152] {processor.py:163} INFO - Started process (PID=5359) to work on /home/airflow/.local/lib/python3.7/site-packages/airflow/example_dags/example_complex.py
[2022-03-30 17:39:21,155] {processor.py:642} INFO - Processing file /home/airflow/.local/lib/python3.7/site-packages/airflow/example_dags/example_complex.py for tasks to queue
[2022-03-30 17:39:21,159] {logging_mixin.py:109} INFO - [2022-03-30 17:39:21,159] {dagbag.py:500} INFO - Filling up the DagBag from /home/airflow/.local/lib/python3.7/site-packages/airflow/example_dags/example_complex.py
[2022-03-30 17:39:21,287] {processor.py:654} INFO - DAG(s) dict_keys(['example_complex']) retrieved from /home/airflow/.local/lib/python3.7/site-packages/airflow/example_dags/example_complex.py
[2022-03-30 17:39:21,366] {logging_mixin.py:109} INFO - [2022-03-30 17:39:21,365] {dag.py:2398} INFO - Sync 1 DAGs
[2022-03-30 17:39:21,429] {logging_mixin.py:109} INFO - [2022-03-30 17:39:21,429] {dag.py:2937} INFO - Setting next_dagrun for example_complex to None
[2022-03-30 17:39:21,459] {processor.py:171} INFO - Processing /home/airflow/.local/lib/python3.7/site-packages/airflow/example_dags/example_complex.py took 0.314 seconds
[2022-03-30 17:39:51,994] {processor.py:163} INFO - Started process (PID=5574) to work on /home/airflow/.local/lib/python3.7/site-packages/airflow/example_dags/example_complex.py
[2022-03-30 17:39:51,998] {processor.py:642} INFO - Processing file /home/airflow/.local/lib/python3.7/site-packages/airflow/example_dags/example_complex.py for tasks to queue
[2022-03-30 17:39:52,002] {logging_mixin.py:109} INFO - [2022-03-30 17:39:52,002] {dagbag.py:500} INFO - Filling up the DagBag from /home/airflow/.local/lib/python3.7/site-packages/airflow/example_dags/example_complex.py
[2022-03-30 17:39:52,127] {processor.py:654} INFO - DAG(s) dict_keys(['example_complex']) retrieved from /home/airflow/.local/lib/python3.7/site-packages/airflow/example_dags/example_complex.py
[2022-03-30 17:39:52,199] {logging_mixin.py:109} INFO - [2022-03-30 17:39:52,199] {dag.py:2398} INFO - Sync 1 DAGs
[2022-03-30 17:39:52,253] {logging_mixin.py:109} INFO - [2022-03-30 17:39:52,253] {dag.py:2937} INFO - Setting next_dagrun for example_complex to None
[2022-03-30 17:39:52,280] {processor.py:171} INFO - Processing /home/airflow/.local/lib/python3.7/site-packages/airflow/example_dags/example_complex.py took 0.292 seconds
[2022-03-30 17:40:22,465] {processor.py:163} INFO - Started process (PID=5807) to work on /home/airflow/.local/lib/python3.7/site-packages/airflow/example_dags/example_complex.py
[2022-03-30 17:40:22,469] {processor.py:642} INFO - Processing file /home/airflow/.local/lib/python3.7/site-packages/airflow/example_dags/example_complex.py for tasks to queue
[2022-03-30 17:40:22,472] {logging_mixin.py:109} INFO - [2022-03-30 17:40:22,471] {dagbag.py:500} INFO - Filling up the DagBag from /home/airflow/.local/lib/python3.7/site-packages/airflow/example_dags/example_complex.py
[2022-03-30 17:40:22,591] {processor.py:654} INFO - DAG(s) dict_keys(['example_complex']) retrieved from /home/airflow/.local/lib/python3.7/site-packages/airflow/example_dags/example_complex.py
[2022-03-30 17:40:22,666] {logging_mixin.py:109} INFO - [2022-03-30 17:40:22,666] {dag.py:2398} INFO - Sync 1 DAGs
[2022-03-30 17:40:22,722] {logging_mixin.py:109} INFO - [2022-03-30 17:40:22,722] {dag.py:2937} INFO - Setting next_dagrun for example_complex to None
[2022-03-30 17:40:22,748] {processor.py:171} INFO - Processing /home/airflow/.local/lib/python3.7/site-packages/airflow/example_dags/example_complex.py took 0.290 seconds
[2022-03-30 17:40:53,447] {processor.py:163} INFO - Started process (PID=6033) to work on /home/airflow/.local/lib/python3.7/site-packages/airflow/example_dags/example_complex.py
[2022-03-30 17:40:53,451] {processor.py:642} INFO - Processing file /home/airflow/.local/lib/python3.7/site-packages/airflow/example_dags/example_complex.py for tasks to queue
[2022-03-30 17:40:53,453] {logging_mixin.py:109} INFO - [2022-03-30 17:40:53,453] {dagbag.py:500} INFO - Filling up the DagBag from /home/airflow/.local/lib/python3.7/site-packages/airflow/example_dags/example_complex.py
[2022-03-30 17:40:53,592] {processor.py:654} INFO - DAG(s) dict_keys(['example_complex']) retrieved from /home/airflow/.local/lib/python3.7/site-packages/airflow/example_dags/example_complex.py
[2022-03-30 17:40:53,672] {logging_mixin.py:109} INFO - [2022-03-30 17:40:53,672] {dag.py:2398} INFO - Sync 1 DAGs
[2022-03-30 17:40:53,733] {logging_mixin.py:109} INFO - [2022-03-30 17:40:53,732] {dag.py:2937} INFO - Setting next_dagrun for example_complex to None
[2022-03-30 17:40:53,769] {processor.py:171} INFO - Processing /home/airflow/.local/lib/python3.7/site-packages/airflow/example_dags/example_complex.py took 0.330 seconds
[2022-03-30 17:41:24,289] {processor.py:163} INFO - Started process (PID=6254) to work on /home/airflow/.local/lib/python3.7/site-packages/airflow/example_dags/example_complex.py
[2022-03-30 17:41:24,292] {processor.py:642} INFO - Processing file /home/airflow/.local/lib/python3.7/site-packages/airflow/example_dags/example_complex.py for tasks to queue
[2022-03-30 17:41:24,294] {logging_mixin.py:109} INFO - [2022-03-30 17:41:24,294] {dagbag.py:500} INFO - Filling up the DagBag from /home/airflow/.local/lib/python3.7/site-packages/airflow/example_dags/example_complex.py
[2022-03-30 17:41:24,400] {processor.py:654} INFO - DAG(s) dict_keys(['example_complex']) retrieved from /home/airflow/.local/lib/python3.7/site-packages/airflow/example_dags/example_complex.py
[2022-03-30 17:41:24,468] {logging_mixin.py:109} INFO - [2022-03-30 17:41:24,467] {dag.py:2398} INFO - Sync 1 DAGs
[2022-03-30 17:41:24,526] {logging_mixin.py:109} INFO - [2022-03-30 17:41:24,526] {dag.py:2937} INFO - Setting next_dagrun for example_complex to None
[2022-03-30 17:41:24,551] {processor.py:171} INFO - Processing /home/airflow/.local/lib/python3.7/site-packages/airflow/example_dags/example_complex.py took 0.268 seconds
