[2022-03-30 17:25:32,978] {processor.py:163} INFO - Started process (PID=278) to work on /home/airflow/.local/lib/python3.7/site-packages/airflow/example_dags/example_trigger_controller_dag.py
[2022-03-30 17:25:32,995] {processor.py:642} INFO - Processing file /home/airflow/.local/lib/python3.7/site-packages/airflow/example_dags/example_trigger_controller_dag.py for tasks to queue
[2022-03-30 17:25:33,006] {logging_mixin.py:109} INFO - [2022-03-30 17:25:33,005] {dagbag.py:500} INFO - Filling up the DagBag from /home/airflow/.local/lib/python3.7/site-packages/airflow/example_dags/example_trigger_controller_dag.py
[2022-03-30 17:25:33,238] {processor.py:654} INFO - DAG(s) dict_keys(['example_trigger_controller_dag']) retrieved from /home/airflow/.local/lib/python3.7/site-packages/airflow/example_dags/example_trigger_controller_dag.py
[2022-03-30 17:26:00,970] {logging_mixin.py:109} INFO - [2022-03-30 17:26:00,969] {manager.py:496} INFO - Created Permission View: can read on DAG:example_trigger_controller_dag
[2022-03-30 17:26:01,037] {logging_mixin.py:109} INFO - [2022-03-30 17:26:01,037] {manager.py:496} INFO - Created Permission View: can edit on DAG:example_trigger_controller_dag
[2022-03-30 17:26:01,043] {logging_mixin.py:109} INFO - [2022-03-30 17:26:01,040] {dag.py:2398} INFO - Sync 1 DAGs
[2022-03-30 17:26:01,110] {logging_mixin.py:109} INFO - [2022-03-30 17:26:01,109] {dag.py:2417} INFO - Creating ORM DAG for example_trigger_controller_dag
[2022-03-30 17:26:01,160] {logging_mixin.py:109} INFO - [2022-03-30 17:26:01,159] {dag.py:2937} INFO - Setting next_dagrun for example_trigger_controller_dag to 2021-01-01T00:00:00+00:00
[2022-03-30 17:26:01,207] {processor.py:171} INFO - Processing /home/airflow/.local/lib/python3.7/site-packages/airflow/example_dags/example_trigger_controller_dag.py took 28.239 seconds
[2022-03-30 17:28:57,255] {processor.py:163} INFO - Started process (PID=775) to work on /home/airflow/.local/lib/python3.7/site-packages/airflow/example_dags/example_trigger_controller_dag.py
[2022-03-30 17:28:57,261] {processor.py:642} INFO - Processing file /home/airflow/.local/lib/python3.7/site-packages/airflow/example_dags/example_trigger_controller_dag.py for tasks to queue
[2022-03-30 17:28:57,264] {logging_mixin.py:109} INFO - [2022-03-30 17:28:57,264] {dagbag.py:500} INFO - Filling up the DagBag from /home/airflow/.local/lib/python3.7/site-packages/airflow/example_dags/example_trigger_controller_dag.py
[2022-03-30 17:28:57,351] {processor.py:654} INFO - DAG(s) dict_keys(['example_trigger_controller_dag']) retrieved from /home/airflow/.local/lib/python3.7/site-packages/airflow/example_dags/example_trigger_controller_dag.py
[2022-03-30 17:28:57,393] {logging_mixin.py:109} INFO - [2022-03-30 17:28:57,392] {dag.py:2398} INFO - Sync 1 DAGs
[2022-03-30 17:28:57,461] {logging_mixin.py:109} INFO - [2022-03-30 17:28:57,461] {dag.py:2937} INFO - Setting next_dagrun for example_trigger_controller_dag to 2021-01-01T00:00:00+00:00
[2022-03-30 17:28:57,489] {processor.py:171} INFO - Processing /home/airflow/.local/lib/python3.7/site-packages/airflow/example_dags/example_trigger_controller_dag.py took 0.242 seconds
[2022-03-30 17:29:27,661] {processor.py:163} INFO - Started process (PID=986) to work on /home/airflow/.local/lib/python3.7/site-packages/airflow/example_dags/example_trigger_controller_dag.py
[2022-03-30 17:29:27,665] {processor.py:642} INFO - Processing file /home/airflow/.local/lib/python3.7/site-packages/airflow/example_dags/example_trigger_controller_dag.py for tasks to queue
[2022-03-30 17:29:27,668] {logging_mixin.py:109} INFO - [2022-03-30 17:29:27,668] {dagbag.py:500} INFO - Filling up the DagBag from /home/airflow/.local/lib/python3.7/site-packages/airflow/example_dags/example_trigger_controller_dag.py
[2022-03-30 17:29:27,729] {processor.py:654} INFO - DAG(s) dict_keys(['example_trigger_controller_dag']) retrieved from /home/airflow/.local/lib/python3.7/site-packages/airflow/example_dags/example_trigger_controller_dag.py
[2022-03-30 17:29:27,763] {logging_mixin.py:109} INFO - [2022-03-30 17:29:27,763] {dag.py:2398} INFO - Sync 1 DAGs
[2022-03-30 17:29:27,822] {logging_mixin.py:109} INFO - [2022-03-30 17:29:27,821] {dag.py:2937} INFO - Setting next_dagrun for example_trigger_controller_dag to 2021-01-01T00:00:00+00:00
[2022-03-30 17:29:27,844] {processor.py:171} INFO - Processing /home/airflow/.local/lib/python3.7/site-packages/airflow/example_dags/example_trigger_controller_dag.py took 0.190 seconds
[2022-03-30 17:29:58,150] {processor.py:163} INFO - Started process (PID=1210) to work on /home/airflow/.local/lib/python3.7/site-packages/airflow/example_dags/example_trigger_controller_dag.py
[2022-03-30 17:29:58,154] {processor.py:642} INFO - Processing file /home/airflow/.local/lib/python3.7/site-packages/airflow/example_dags/example_trigger_controller_dag.py for tasks to queue
[2022-03-30 17:29:58,161] {logging_mixin.py:109} INFO - [2022-03-30 17:29:58,161] {dagbag.py:500} INFO - Filling up the DagBag from /home/airflow/.local/lib/python3.7/site-packages/airflow/example_dags/example_trigger_controller_dag.py
[2022-03-30 17:29:58,238] {processor.py:654} INFO - DAG(s) dict_keys(['example_trigger_controller_dag']) retrieved from /home/airflow/.local/lib/python3.7/site-packages/airflow/example_dags/example_trigger_controller_dag.py
[2022-03-30 17:29:58,270] {logging_mixin.py:109} INFO - [2022-03-30 17:29:58,270] {dag.py:2398} INFO - Sync 1 DAGs
[2022-03-30 17:29:58,325] {logging_mixin.py:109} INFO - [2022-03-30 17:29:58,325] {dag.py:2937} INFO - Setting next_dagrun for example_trigger_controller_dag to 2021-01-01T00:00:00+00:00
[2022-03-30 17:29:58,377] {processor.py:171} INFO - Processing /home/airflow/.local/lib/python3.7/site-packages/airflow/example_dags/example_trigger_controller_dag.py took 0.234 seconds
[2022-03-30 17:30:28,850] {processor.py:163} INFO - Started process (PID=1424) to work on /home/airflow/.local/lib/python3.7/site-packages/airflow/example_dags/example_trigger_controller_dag.py
[2022-03-30 17:30:28,854] {processor.py:642} INFO - Processing file /home/airflow/.local/lib/python3.7/site-packages/airflow/example_dags/example_trigger_controller_dag.py for tasks to queue
[2022-03-30 17:30:28,856] {logging_mixin.py:109} INFO - [2022-03-30 17:30:28,856] {dagbag.py:500} INFO - Filling up the DagBag from /home/airflow/.local/lib/python3.7/site-packages/airflow/example_dags/example_trigger_controller_dag.py
[2022-03-30 17:30:28,916] {processor.py:654} INFO - DAG(s) dict_keys(['example_trigger_controller_dag']) retrieved from /home/airflow/.local/lib/python3.7/site-packages/airflow/example_dags/example_trigger_controller_dag.py
[2022-03-30 17:30:28,946] {logging_mixin.py:109} INFO - [2022-03-30 17:30:28,945] {dag.py:2398} INFO - Sync 1 DAGs
[2022-03-30 17:30:28,996] {logging_mixin.py:109} INFO - [2022-03-30 17:30:28,996] {dag.py:2937} INFO - Setting next_dagrun for example_trigger_controller_dag to 2021-01-01T00:00:00+00:00
[2022-03-30 17:30:29,019] {processor.py:171} INFO - Processing /home/airflow/.local/lib/python3.7/site-packages/airflow/example_dags/example_trigger_controller_dag.py took 0.175 seconds
[2022-03-30 17:30:59,168] {processor.py:163} INFO - Started process (PID=1656) to work on /home/airflow/.local/lib/python3.7/site-packages/airflow/example_dags/example_trigger_controller_dag.py
[2022-03-30 17:30:59,172] {processor.py:642} INFO - Processing file /home/airflow/.local/lib/python3.7/site-packages/airflow/example_dags/example_trigger_controller_dag.py for tasks to queue
[2022-03-30 17:30:59,174] {logging_mixin.py:109} INFO - [2022-03-30 17:30:59,174] {dagbag.py:500} INFO - Filling up the DagBag from /home/airflow/.local/lib/python3.7/site-packages/airflow/example_dags/example_trigger_controller_dag.py
[2022-03-30 17:30:59,241] {processor.py:654} INFO - DAG(s) dict_keys(['example_trigger_controller_dag']) retrieved from /home/airflow/.local/lib/python3.7/site-packages/airflow/example_dags/example_trigger_controller_dag.py
[2022-03-30 17:30:59,273] {logging_mixin.py:109} INFO - [2022-03-30 17:30:59,272] {dag.py:2398} INFO - Sync 1 DAGs
[2022-03-30 17:30:59,327] {logging_mixin.py:109} INFO - [2022-03-30 17:30:59,327] {dag.py:2937} INFO - Setting next_dagrun for example_trigger_controller_dag to 2021-01-01T00:00:00+00:00
[2022-03-30 17:30:59,354] {processor.py:171} INFO - Processing /home/airflow/.local/lib/python3.7/site-packages/airflow/example_dags/example_trigger_controller_dag.py took 0.192 seconds
[2022-03-30 17:31:29,620] {processor.py:163} INFO - Started process (PID=1873) to work on /home/airflow/.local/lib/python3.7/site-packages/airflow/example_dags/example_trigger_controller_dag.py
[2022-03-30 17:31:29,624] {processor.py:642} INFO - Processing file /home/airflow/.local/lib/python3.7/site-packages/airflow/example_dags/example_trigger_controller_dag.py for tasks to queue
[2022-03-30 17:31:29,627] {logging_mixin.py:109} INFO - [2022-03-30 17:31:29,627] {dagbag.py:500} INFO - Filling up the DagBag from /home/airflow/.local/lib/python3.7/site-packages/airflow/example_dags/example_trigger_controller_dag.py
[2022-03-30 17:31:29,693] {processor.py:654} INFO - DAG(s) dict_keys(['example_trigger_controller_dag']) retrieved from /home/airflow/.local/lib/python3.7/site-packages/airflow/example_dags/example_trigger_controller_dag.py
[2022-03-30 17:31:29,724] {logging_mixin.py:109} INFO - [2022-03-30 17:31:29,723] {dag.py:2398} INFO - Sync 1 DAGs
[2022-03-30 17:31:29,774] {logging_mixin.py:109} INFO - [2022-03-30 17:31:29,774] {dag.py:2937} INFO - Setting next_dagrun for example_trigger_controller_dag to 2021-01-01T00:00:00+00:00
[2022-03-30 17:31:29,799] {processor.py:171} INFO - Processing /home/airflow/.local/lib/python3.7/site-packages/airflow/example_dags/example_trigger_controller_dag.py took 0.186 seconds
[2022-03-30 17:31:59,958] {processor.py:163} INFO - Started process (PID=2108) to work on /home/airflow/.local/lib/python3.7/site-packages/airflow/example_dags/example_trigger_controller_dag.py
[2022-03-30 17:31:59,962] {processor.py:642} INFO - Processing file /home/airflow/.local/lib/python3.7/site-packages/airflow/example_dags/example_trigger_controller_dag.py for tasks to queue
[2022-03-30 17:31:59,965] {logging_mixin.py:109} INFO - [2022-03-30 17:31:59,965] {dagbag.py:500} INFO - Filling up the DagBag from /home/airflow/.local/lib/python3.7/site-packages/airflow/example_dags/example_trigger_controller_dag.py
[2022-03-30 17:32:00,034] {processor.py:654} INFO - DAG(s) dict_keys(['example_trigger_controller_dag']) retrieved from /home/airflow/.local/lib/python3.7/site-packages/airflow/example_dags/example_trigger_controller_dag.py
[2022-03-30 17:32:00,073] {logging_mixin.py:109} INFO - [2022-03-30 17:32:00,073] {dag.py:2398} INFO - Sync 1 DAGs
[2022-03-30 17:32:00,135] {logging_mixin.py:109} INFO - [2022-03-30 17:32:00,135] {dag.py:2937} INFO - Setting next_dagrun for example_trigger_controller_dag to 2021-01-01T00:00:00+00:00
[2022-03-30 17:32:00,162] {processor.py:171} INFO - Processing /home/airflow/.local/lib/python3.7/site-packages/airflow/example_dags/example_trigger_controller_dag.py took 0.211 seconds
[2022-03-30 17:32:30,282] {processor.py:163} INFO - Started process (PID=2327) to work on /home/airflow/.local/lib/python3.7/site-packages/airflow/example_dags/example_trigger_controller_dag.py
[2022-03-30 17:32:30,285] {processor.py:642} INFO - Processing file /home/airflow/.local/lib/python3.7/site-packages/airflow/example_dags/example_trigger_controller_dag.py for tasks to queue
[2022-03-30 17:32:30,287] {logging_mixin.py:109} INFO - [2022-03-30 17:32:30,287] {dagbag.py:500} INFO - Filling up the DagBag from /home/airflow/.local/lib/python3.7/site-packages/airflow/example_dags/example_trigger_controller_dag.py
[2022-03-30 17:32:30,344] {processor.py:654} INFO - DAG(s) dict_keys(['example_trigger_controller_dag']) retrieved from /home/airflow/.local/lib/python3.7/site-packages/airflow/example_dags/example_trigger_controller_dag.py
[2022-03-30 17:32:30,370] {logging_mixin.py:109} INFO - [2022-03-30 17:32:30,370] {dag.py:2398} INFO - Sync 1 DAGs
[2022-03-30 17:32:30,417] {logging_mixin.py:109} INFO - [2022-03-30 17:32:30,416] {dag.py:2937} INFO - Setting next_dagrun for example_trigger_controller_dag to 2021-01-01T00:00:00+00:00
[2022-03-30 17:32:30,438] {processor.py:171} INFO - Processing /home/airflow/.local/lib/python3.7/site-packages/airflow/example_dags/example_trigger_controller_dag.py took 0.162 seconds
[2022-03-30 17:33:00,495] {processor.py:163} INFO - Started process (PID=2557) to work on /home/airflow/.local/lib/python3.7/site-packages/airflow/example_dags/example_trigger_controller_dag.py
[2022-03-30 17:33:00,499] {processor.py:642} INFO - Processing file /home/airflow/.local/lib/python3.7/site-packages/airflow/example_dags/example_trigger_controller_dag.py for tasks to queue
[2022-03-30 17:33:00,503] {logging_mixin.py:109} INFO - [2022-03-30 17:33:00,502] {dagbag.py:500} INFO - Filling up the DagBag from /home/airflow/.local/lib/python3.7/site-packages/airflow/example_dags/example_trigger_controller_dag.py
[2022-03-30 17:33:00,573] {processor.py:654} INFO - DAG(s) dict_keys(['example_trigger_controller_dag']) retrieved from /home/airflow/.local/lib/python3.7/site-packages/airflow/example_dags/example_trigger_controller_dag.py
[2022-03-30 17:33:00,606] {logging_mixin.py:109} INFO - [2022-03-30 17:33:00,605] {dag.py:2398} INFO - Sync 1 DAGs
[2022-03-30 17:33:00,660] {logging_mixin.py:109} INFO - [2022-03-30 17:33:00,660] {dag.py:2937} INFO - Setting next_dagrun for example_trigger_controller_dag to 2021-01-01T00:00:00+00:00
[2022-03-30 17:33:00,686] {processor.py:171} INFO - Processing /home/airflow/.local/lib/python3.7/site-packages/airflow/example_dags/example_trigger_controller_dag.py took 0.198 seconds
[2022-03-30 17:33:30,995] {processor.py:163} INFO - Started process (PID=2760) to work on /home/airflow/.local/lib/python3.7/site-packages/airflow/example_dags/example_trigger_controller_dag.py
[2022-03-30 17:33:31,000] {processor.py:642} INFO - Processing file /home/airflow/.local/lib/python3.7/site-packages/airflow/example_dags/example_trigger_controller_dag.py for tasks to queue
[2022-03-30 17:33:31,002] {logging_mixin.py:109} INFO - [2022-03-30 17:33:31,002] {dagbag.py:500} INFO - Filling up the DagBag from /home/airflow/.local/lib/python3.7/site-packages/airflow/example_dags/example_trigger_controller_dag.py
[2022-03-30 17:33:31,074] {processor.py:654} INFO - DAG(s) dict_keys(['example_trigger_controller_dag']) retrieved from /home/airflow/.local/lib/python3.7/site-packages/airflow/example_dags/example_trigger_controller_dag.py
[2022-03-30 17:33:31,107] {logging_mixin.py:109} INFO - [2022-03-30 17:33:31,107] {dag.py:2398} INFO - Sync 1 DAGs
[2022-03-30 17:33:31,164] {logging_mixin.py:109} INFO - [2022-03-30 17:33:31,163] {dag.py:2937} INFO - Setting next_dagrun for example_trigger_controller_dag to 2021-01-01T00:00:00+00:00
[2022-03-30 17:33:31,295] {processor.py:171} INFO - Processing /home/airflow/.local/lib/python3.7/site-packages/airflow/example_dags/example_trigger_controller_dag.py took 0.308 seconds
[2022-03-30 17:34:01,382] {processor.py:163} INFO - Started process (PID=2994) to work on /home/airflow/.local/lib/python3.7/site-packages/airflow/example_dags/example_trigger_controller_dag.py
[2022-03-30 17:34:01,388] {processor.py:642} INFO - Processing file /home/airflow/.local/lib/python3.7/site-packages/airflow/example_dags/example_trigger_controller_dag.py for tasks to queue
[2022-03-30 17:34:01,391] {logging_mixin.py:109} INFO - [2022-03-30 17:34:01,391] {dagbag.py:500} INFO - Filling up the DagBag from /home/airflow/.local/lib/python3.7/site-packages/airflow/example_dags/example_trigger_controller_dag.py
[2022-03-30 17:34:01,465] {processor.py:654} INFO - DAG(s) dict_keys(['example_trigger_controller_dag']) retrieved from /home/airflow/.local/lib/python3.7/site-packages/airflow/example_dags/example_trigger_controller_dag.py
[2022-03-30 17:34:01,497] {logging_mixin.py:109} INFO - [2022-03-30 17:34:01,496] {dag.py:2398} INFO - Sync 1 DAGs
[2022-03-30 17:34:01,686] {logging_mixin.py:109} INFO - [2022-03-30 17:34:01,685] {dag.py:2937} INFO - Setting next_dagrun for example_trigger_controller_dag to 2021-01-01T00:00:00+00:00
[2022-03-30 17:34:01,710] {processor.py:171} INFO - Processing /home/airflow/.local/lib/python3.7/site-packages/airflow/example_dags/example_trigger_controller_dag.py took 0.336 seconds
[2022-03-30 17:34:31,883] {processor.py:163} INFO - Started process (PID=3212) to work on /home/airflow/.local/lib/python3.7/site-packages/airflow/example_dags/example_trigger_controller_dag.py
[2022-03-30 17:34:31,888] {processor.py:642} INFO - Processing file /home/airflow/.local/lib/python3.7/site-packages/airflow/example_dags/example_trigger_controller_dag.py for tasks to queue
[2022-03-30 17:34:31,906] {logging_mixin.py:109} INFO - [2022-03-30 17:34:31,901] {dagbag.py:500} INFO - Filling up the DagBag from /home/airflow/.local/lib/python3.7/site-packages/airflow/example_dags/example_trigger_controller_dag.py
[2022-03-30 17:34:31,996] {processor.py:654} INFO - DAG(s) dict_keys(['example_trigger_controller_dag']) retrieved from /home/airflow/.local/lib/python3.7/site-packages/airflow/example_dags/example_trigger_controller_dag.py
[2022-03-30 17:34:32,030] {logging_mixin.py:109} INFO - [2022-03-30 17:34:32,029] {dag.py:2398} INFO - Sync 1 DAGs
[2022-03-30 17:34:32,201] {logging_mixin.py:109} INFO - [2022-03-30 17:34:32,200] {dag.py:2937} INFO - Setting next_dagrun for example_trigger_controller_dag to 2021-01-01T00:00:00+00:00
[2022-03-30 17:34:32,232] {processor.py:171} INFO - Processing /home/airflow/.local/lib/python3.7/site-packages/airflow/example_dags/example_trigger_controller_dag.py took 0.355 seconds
[2022-03-30 17:35:02,548] {processor.py:163} INFO - Started process (PID=3446) to work on /home/airflow/.local/lib/python3.7/site-packages/airflow/example_dags/example_trigger_controller_dag.py
[2022-03-30 17:35:02,552] {processor.py:642} INFO - Processing file /home/airflow/.local/lib/python3.7/site-packages/airflow/example_dags/example_trigger_controller_dag.py for tasks to queue
[2022-03-30 17:35:02,556] {logging_mixin.py:109} INFO - [2022-03-30 17:35:02,555] {dagbag.py:500} INFO - Filling up the DagBag from /home/airflow/.local/lib/python3.7/site-packages/airflow/example_dags/example_trigger_controller_dag.py
[2022-03-30 17:35:02,639] {processor.py:654} INFO - DAG(s) dict_keys(['example_trigger_controller_dag']) retrieved from /home/airflow/.local/lib/python3.7/site-packages/airflow/example_dags/example_trigger_controller_dag.py
[2022-03-30 17:35:02,682] {logging_mixin.py:109} INFO - [2022-03-30 17:35:02,682] {dag.py:2398} INFO - Sync 1 DAGs
[2022-03-30 17:35:02,871] {logging_mixin.py:109} INFO - [2022-03-30 17:35:02,871] {dag.py:2937} INFO - Setting next_dagrun for example_trigger_controller_dag to 2021-01-01T00:00:00+00:00
[2022-03-30 17:35:02,896] {processor.py:171} INFO - Processing /home/airflow/.local/lib/python3.7/site-packages/airflow/example_dags/example_trigger_controller_dag.py took 0.359 seconds
[2022-03-30 17:35:33,101] {processor.py:163} INFO - Started process (PID=3686) to work on /home/airflow/.local/lib/python3.7/site-packages/airflow/example_dags/example_trigger_controller_dag.py
[2022-03-30 17:35:33,110] {processor.py:642} INFO - Processing file /home/airflow/.local/lib/python3.7/site-packages/airflow/example_dags/example_trigger_controller_dag.py for tasks to queue
[2022-03-30 17:35:33,114] {logging_mixin.py:109} INFO - [2022-03-30 17:35:33,114] {dagbag.py:500} INFO - Filling up the DagBag from /home/airflow/.local/lib/python3.7/site-packages/airflow/example_dags/example_trigger_controller_dag.py
[2022-03-30 17:35:33,210] {processor.py:654} INFO - DAG(s) dict_keys(['example_trigger_controller_dag']) retrieved from /home/airflow/.local/lib/python3.7/site-packages/airflow/example_dags/example_trigger_controller_dag.py
[2022-03-30 17:35:33,246] {logging_mixin.py:109} INFO - [2022-03-30 17:35:33,246] {dag.py:2398} INFO - Sync 1 DAGs
[2022-03-30 17:35:33,423] {logging_mixin.py:109} INFO - [2022-03-30 17:35:33,422] {dag.py:2937} INFO - Setting next_dagrun for example_trigger_controller_dag to 2021-01-01T00:00:00+00:00
[2022-03-30 17:35:33,453] {processor.py:171} INFO - Processing /home/airflow/.local/lib/python3.7/site-packages/airflow/example_dags/example_trigger_controller_dag.py took 0.364 seconds
[2022-03-30 17:36:04,319] {processor.py:163} INFO - Started process (PID=3907) to work on /home/airflow/.local/lib/python3.7/site-packages/airflow/example_dags/example_trigger_controller_dag.py
[2022-03-30 17:36:04,323] {processor.py:642} INFO - Processing file /home/airflow/.local/lib/python3.7/site-packages/airflow/example_dags/example_trigger_controller_dag.py for tasks to queue
[2022-03-30 17:36:04,326] {logging_mixin.py:109} INFO - [2022-03-30 17:36:04,325] {dagbag.py:500} INFO - Filling up the DagBag from /home/airflow/.local/lib/python3.7/site-packages/airflow/example_dags/example_trigger_controller_dag.py
[2022-03-30 17:36:04,405] {processor.py:654} INFO - DAG(s) dict_keys(['example_trigger_controller_dag']) retrieved from /home/airflow/.local/lib/python3.7/site-packages/airflow/example_dags/example_trigger_controller_dag.py
[2022-03-30 17:36:04,576] {logging_mixin.py:109} INFO - [2022-03-30 17:36:04,575] {dag.py:2398} INFO - Sync 1 DAGs
[2022-03-30 17:36:04,631] {logging_mixin.py:109} INFO - [2022-03-30 17:36:04,630] {dag.py:2937} INFO - Setting next_dagrun for example_trigger_controller_dag to 2021-01-01T00:00:00+00:00
[2022-03-30 17:36:04,661] {processor.py:171} INFO - Processing /home/airflow/.local/lib/python3.7/site-packages/airflow/example_dags/example_trigger_controller_dag.py took 0.349 seconds
[2022-03-30 17:36:35,490] {processor.py:163} INFO - Started process (PID=4139) to work on /home/airflow/.local/lib/python3.7/site-packages/airflow/example_dags/example_trigger_controller_dag.py
[2022-03-30 17:36:35,495] {processor.py:642} INFO - Processing file /home/airflow/.local/lib/python3.7/site-packages/airflow/example_dags/example_trigger_controller_dag.py for tasks to queue
[2022-03-30 17:36:35,498] {logging_mixin.py:109} INFO - [2022-03-30 17:36:35,497] {dagbag.py:500} INFO - Filling up the DagBag from /home/airflow/.local/lib/python3.7/site-packages/airflow/example_dags/example_trigger_controller_dag.py
[2022-03-30 17:36:35,750] {processor.py:654} INFO - DAG(s) dict_keys(['example_trigger_controller_dag']) retrieved from /home/airflow/.local/lib/python3.7/site-packages/airflow/example_dags/example_trigger_controller_dag.py
[2022-03-30 17:36:35,793] {logging_mixin.py:109} INFO - [2022-03-30 17:36:35,793] {dag.py:2398} INFO - Sync 1 DAGs
[2022-03-30 17:36:35,863] {logging_mixin.py:109} INFO - [2022-03-30 17:36:35,862] {dag.py:2937} INFO - Setting next_dagrun for example_trigger_controller_dag to 2021-01-01T00:00:00+00:00
[2022-03-30 17:36:35,897] {processor.py:171} INFO - Processing /home/airflow/.local/lib/python3.7/site-packages/airflow/example_dags/example_trigger_controller_dag.py took 0.418 seconds
[2022-03-30 17:37:06,015] {processor.py:163} INFO - Started process (PID=4354) to work on /home/airflow/.local/lib/python3.7/site-packages/airflow/example_dags/example_trigger_controller_dag.py
[2022-03-30 17:37:06,020] {processor.py:642} INFO - Processing file /home/airflow/.local/lib/python3.7/site-packages/airflow/example_dags/example_trigger_controller_dag.py for tasks to queue
[2022-03-30 17:37:06,023] {logging_mixin.py:109} INFO - [2022-03-30 17:37:06,023] {dagbag.py:500} INFO - Filling up the DagBag from /home/airflow/.local/lib/python3.7/site-packages/airflow/example_dags/example_trigger_controller_dag.py
[2022-03-30 17:37:06,185] {processor.py:654} INFO - DAG(s) dict_keys(['example_trigger_controller_dag']) retrieved from /home/airflow/.local/lib/python3.7/site-packages/airflow/example_dags/example_trigger_controller_dag.py
[2022-03-30 17:37:06,212] {logging_mixin.py:109} INFO - [2022-03-30 17:37:06,212] {dag.py:2398} INFO - Sync 1 DAGs
[2022-03-30 17:37:06,256] {logging_mixin.py:109} INFO - [2022-03-30 17:37:06,256] {dag.py:2937} INFO - Setting next_dagrun for example_trigger_controller_dag to 2021-01-01T00:00:00+00:00
[2022-03-30 17:37:06,277] {processor.py:171} INFO - Processing /home/airflow/.local/lib/python3.7/site-packages/airflow/example_dags/example_trigger_controller_dag.py took 0.272 seconds
[2022-03-30 17:37:36,977] {processor.py:163} INFO - Started process (PID=4585) to work on /home/airflow/.local/lib/python3.7/site-packages/airflow/example_dags/example_trigger_controller_dag.py
[2022-03-30 17:37:36,982] {processor.py:642} INFO - Processing file /home/airflow/.local/lib/python3.7/site-packages/airflow/example_dags/example_trigger_controller_dag.py for tasks to queue
[2022-03-30 17:37:36,985] {logging_mixin.py:109} INFO - [2022-03-30 17:37:36,985] {dagbag.py:500} INFO - Filling up the DagBag from /home/airflow/.local/lib/python3.7/site-packages/airflow/example_dags/example_trigger_controller_dag.py
[2022-03-30 17:37:37,172] {processor.py:654} INFO - DAG(s) dict_keys(['example_trigger_controller_dag']) retrieved from /home/airflow/.local/lib/python3.7/site-packages/airflow/example_dags/example_trigger_controller_dag.py
[2022-03-30 17:37:37,204] {logging_mixin.py:109} INFO - [2022-03-30 17:37:37,203] {dag.py:2398} INFO - Sync 1 DAGs
[2022-03-30 17:37:37,292] {logging_mixin.py:109} INFO - [2022-03-30 17:37:37,291] {dag.py:2937} INFO - Setting next_dagrun for example_trigger_controller_dag to 2021-01-01T00:00:00+00:00
[2022-03-30 17:37:37,320] {processor.py:171} INFO - Processing /home/airflow/.local/lib/python3.7/site-packages/airflow/example_dags/example_trigger_controller_dag.py took 0.348 seconds
[2022-03-30 17:38:07,753] {processor.py:163} INFO - Started process (PID=4802) to work on /home/airflow/.local/lib/python3.7/site-packages/airflow/example_dags/example_trigger_controller_dag.py
[2022-03-30 17:38:07,758] {processor.py:642} INFO - Processing file /home/airflow/.local/lib/python3.7/site-packages/airflow/example_dags/example_trigger_controller_dag.py for tasks to queue
[2022-03-30 17:38:07,761] {logging_mixin.py:109} INFO - [2022-03-30 17:38:07,761] {dagbag.py:500} INFO - Filling up the DagBag from /home/airflow/.local/lib/python3.7/site-packages/airflow/example_dags/example_trigger_controller_dag.py
[2022-03-30 17:38:07,935] {processor.py:654} INFO - DAG(s) dict_keys(['example_trigger_controller_dag']) retrieved from /home/airflow/.local/lib/python3.7/site-packages/airflow/example_dags/example_trigger_controller_dag.py
[2022-03-30 17:38:07,968] {logging_mixin.py:109} INFO - [2022-03-30 17:38:07,968] {dag.py:2398} INFO - Sync 1 DAGs
[2022-03-30 17:38:08,019] {logging_mixin.py:109} INFO - [2022-03-30 17:38:08,019] {dag.py:2937} INFO - Setting next_dagrun for example_trigger_controller_dag to 2021-01-01T00:00:00+00:00
[2022-03-30 17:38:08,045] {processor.py:171} INFO - Processing /home/airflow/.local/lib/python3.7/site-packages/airflow/example_dags/example_trigger_controller_dag.py took 0.298 seconds
[2022-03-30 17:38:38,578] {processor.py:163} INFO - Started process (PID=5032) to work on /home/airflow/.local/lib/python3.7/site-packages/airflow/example_dags/example_trigger_controller_dag.py
[2022-03-30 17:38:38,582] {processor.py:642} INFO - Processing file /home/airflow/.local/lib/python3.7/site-packages/airflow/example_dags/example_trigger_controller_dag.py for tasks to queue
[2022-03-30 17:38:38,585] {logging_mixin.py:109} INFO - [2022-03-30 17:38:38,585] {dagbag.py:500} INFO - Filling up the DagBag from /home/airflow/.local/lib/python3.7/site-packages/airflow/example_dags/example_trigger_controller_dag.py
[2022-03-30 17:38:38,758] {processor.py:654} INFO - DAG(s) dict_keys(['example_trigger_controller_dag']) retrieved from /home/airflow/.local/lib/python3.7/site-packages/airflow/example_dags/example_trigger_controller_dag.py
[2022-03-30 17:38:38,793] {logging_mixin.py:109} INFO - [2022-03-30 17:38:38,793] {dag.py:2398} INFO - Sync 1 DAGs
[2022-03-30 17:38:38,856] {logging_mixin.py:109} INFO - [2022-03-30 17:38:38,855] {dag.py:2937} INFO - Setting next_dagrun for example_trigger_controller_dag to 2021-01-01T00:00:00+00:00
[2022-03-30 17:38:38,882] {processor.py:171} INFO - Processing /home/airflow/.local/lib/python3.7/site-packages/airflow/example_dags/example_trigger_controller_dag.py took 0.311 seconds
[2022-03-30 17:39:09,068] {processor.py:163} INFO - Started process (PID=5243) to work on /home/airflow/.local/lib/python3.7/site-packages/airflow/example_dags/example_trigger_controller_dag.py
[2022-03-30 17:39:09,073] {processor.py:642} INFO - Processing file /home/airflow/.local/lib/python3.7/site-packages/airflow/example_dags/example_trigger_controller_dag.py for tasks to queue
[2022-03-30 17:39:09,078] {logging_mixin.py:109} INFO - [2022-03-30 17:39:09,078] {dagbag.py:500} INFO - Filling up the DagBag from /home/airflow/.local/lib/python3.7/site-packages/airflow/example_dags/example_trigger_controller_dag.py
[2022-03-30 17:39:09,254] {processor.py:654} INFO - DAG(s) dict_keys(['example_trigger_controller_dag']) retrieved from /home/airflow/.local/lib/python3.7/site-packages/airflow/example_dags/example_trigger_controller_dag.py
[2022-03-30 17:39:09,286] {logging_mixin.py:109} INFO - [2022-03-30 17:39:09,286] {dag.py:2398} INFO - Sync 1 DAGs
[2022-03-30 17:39:09,343] {logging_mixin.py:109} INFO - [2022-03-30 17:39:09,342] {dag.py:2937} INFO - Setting next_dagrun for example_trigger_controller_dag to 2021-01-01T00:00:00+00:00
[2022-03-30 17:39:09,369] {processor.py:171} INFO - Processing /home/airflow/.local/lib/python3.7/site-packages/airflow/example_dags/example_trigger_controller_dag.py took 0.309 seconds
[2022-03-30 17:39:40,193] {processor.py:163} INFO - Started process (PID=5475) to work on /home/airflow/.local/lib/python3.7/site-packages/airflow/example_dags/example_trigger_controller_dag.py
[2022-03-30 17:39:40,197] {processor.py:642} INFO - Processing file /home/airflow/.local/lib/python3.7/site-packages/airflow/example_dags/example_trigger_controller_dag.py for tasks to queue
[2022-03-30 17:39:40,200] {logging_mixin.py:109} INFO - [2022-03-30 17:39:40,199] {dagbag.py:500} INFO - Filling up the DagBag from /home/airflow/.local/lib/python3.7/site-packages/airflow/example_dags/example_trigger_controller_dag.py
[2022-03-30 17:39:40,270] {processor.py:654} INFO - DAG(s) dict_keys(['example_trigger_controller_dag']) retrieved from /home/airflow/.local/lib/python3.7/site-packages/airflow/example_dags/example_trigger_controller_dag.py
[2022-03-30 17:39:40,305] {logging_mixin.py:109} INFO - [2022-03-30 17:39:40,304] {dag.py:2398} INFO - Sync 1 DAGs
[2022-03-30 17:39:40,362] {logging_mixin.py:109} INFO - [2022-03-30 17:39:40,361] {dag.py:2937} INFO - Setting next_dagrun for example_trigger_controller_dag to 2021-01-01T00:00:00+00:00
[2022-03-30 17:39:40,387] {processor.py:171} INFO - Processing /home/airflow/.local/lib/python3.7/site-packages/airflow/example_dags/example_trigger_controller_dag.py took 0.201 seconds
[2022-03-30 17:40:10,438] {processor.py:163} INFO - Started process (PID=5692) to work on /home/airflow/.local/lib/python3.7/site-packages/airflow/example_dags/example_trigger_controller_dag.py
[2022-03-30 17:40:10,442] {processor.py:642} INFO - Processing file /home/airflow/.local/lib/python3.7/site-packages/airflow/example_dags/example_trigger_controller_dag.py for tasks to queue
[2022-03-30 17:40:10,445] {logging_mixin.py:109} INFO - [2022-03-30 17:40:10,444] {dagbag.py:500} INFO - Filling up the DagBag from /home/airflow/.local/lib/python3.7/site-packages/airflow/example_dags/example_trigger_controller_dag.py
[2022-03-30 17:40:10,515] {processor.py:654} INFO - DAG(s) dict_keys(['example_trigger_controller_dag']) retrieved from /home/airflow/.local/lib/python3.7/site-packages/airflow/example_dags/example_trigger_controller_dag.py
[2022-03-30 17:40:10,546] {logging_mixin.py:109} INFO - [2022-03-30 17:40:10,545] {dag.py:2398} INFO - Sync 1 DAGs
[2022-03-30 17:40:10,597] {logging_mixin.py:109} INFO - [2022-03-30 17:40:10,596] {dag.py:2937} INFO - Setting next_dagrun for example_trigger_controller_dag to 2021-01-01T00:00:00+00:00
[2022-03-30 17:40:10,630] {processor.py:171} INFO - Processing /home/airflow/.local/lib/python3.7/site-packages/airflow/example_dags/example_trigger_controller_dag.py took 0.199 seconds
[2022-03-30 17:40:41,533] {processor.py:163} INFO - Started process (PID=5920) to work on /home/airflow/.local/lib/python3.7/site-packages/airflow/example_dags/example_trigger_controller_dag.py
[2022-03-30 17:40:41,537] {processor.py:642} INFO - Processing file /home/airflow/.local/lib/python3.7/site-packages/airflow/example_dags/example_trigger_controller_dag.py for tasks to queue
[2022-03-30 17:40:41,542] {logging_mixin.py:109} INFO - [2022-03-30 17:40:41,541] {dagbag.py:500} INFO - Filling up the DagBag from /home/airflow/.local/lib/python3.7/site-packages/airflow/example_dags/example_trigger_controller_dag.py
[2022-03-30 17:40:41,612] {processor.py:654} INFO - DAG(s) dict_keys(['example_trigger_controller_dag']) retrieved from /home/airflow/.local/lib/python3.7/site-packages/airflow/example_dags/example_trigger_controller_dag.py
[2022-03-30 17:40:41,643] {logging_mixin.py:109} INFO - [2022-03-30 17:40:41,642] {dag.py:2398} INFO - Sync 1 DAGs
[2022-03-30 17:40:41,697] {logging_mixin.py:109} INFO - [2022-03-30 17:40:41,696] {dag.py:2937} INFO - Setting next_dagrun for example_trigger_controller_dag to 2021-01-01T00:00:00+00:00
[2022-03-30 17:40:41,721] {processor.py:171} INFO - Processing /home/airflow/.local/lib/python3.7/site-packages/airflow/example_dags/example_trigger_controller_dag.py took 0.194 seconds
[2022-03-30 17:41:12,396] {processor.py:163} INFO - Started process (PID=6142) to work on /home/airflow/.local/lib/python3.7/site-packages/airflow/example_dags/example_trigger_controller_dag.py
[2022-03-30 17:41:12,400] {processor.py:642} INFO - Processing file /home/airflow/.local/lib/python3.7/site-packages/airflow/example_dags/example_trigger_controller_dag.py for tasks to queue
[2022-03-30 17:41:12,404] {logging_mixin.py:109} INFO - [2022-03-30 17:41:12,404] {dagbag.py:500} INFO - Filling up the DagBag from /home/airflow/.local/lib/python3.7/site-packages/airflow/example_dags/example_trigger_controller_dag.py
[2022-03-30 17:41:12,493] {processor.py:654} INFO - DAG(s) dict_keys(['example_trigger_controller_dag']) retrieved from /home/airflow/.local/lib/python3.7/site-packages/airflow/example_dags/example_trigger_controller_dag.py
[2022-03-30 17:41:12,532] {logging_mixin.py:109} INFO - [2022-03-30 17:41:12,532] {dag.py:2398} INFO - Sync 1 DAGs
[2022-03-30 17:41:12,588] {logging_mixin.py:109} INFO - [2022-03-30 17:41:12,587] {dag.py:2937} INFO - Setting next_dagrun for example_trigger_controller_dag to 2021-01-01T00:00:00+00:00
[2022-03-30 17:41:12,614] {processor.py:171} INFO - Processing /home/airflow/.local/lib/python3.7/site-packages/airflow/example_dags/example_trigger_controller_dag.py took 0.225 seconds
[2022-03-30 17:41:42,773] {processor.py:163} INFO - Started process (PID=6335) to work on /home/airflow/.local/lib/python3.7/site-packages/airflow/example_dags/example_trigger_controller_dag.py
[2022-03-30 17:41:42,777] {processor.py:642} INFO - Processing file /home/airflow/.local/lib/python3.7/site-packages/airflow/example_dags/example_trigger_controller_dag.py for tasks to queue
[2022-03-30 17:41:42,780] {logging_mixin.py:109} INFO - [2022-03-30 17:41:42,779] {dagbag.py:500} INFO - Filling up the DagBag from /home/airflow/.local/lib/python3.7/site-packages/airflow/example_dags/example_trigger_controller_dag.py
[2022-03-30 17:41:42,845] {processor.py:654} INFO - DAG(s) dict_keys(['example_trigger_controller_dag']) retrieved from /home/airflow/.local/lib/python3.7/site-packages/airflow/example_dags/example_trigger_controller_dag.py
[2022-03-30 17:41:42,878] {logging_mixin.py:109} INFO - [2022-03-30 17:41:42,878] {dag.py:2398} INFO - Sync 1 DAGs
[2022-03-30 17:41:42,934] {logging_mixin.py:109} INFO - [2022-03-30 17:41:42,933] {dag.py:2937} INFO - Setting next_dagrun for example_trigger_controller_dag to 2021-01-01T00:00:00+00:00
[2022-03-30 17:41:42,960] {processor.py:171} INFO - Processing /home/airflow/.local/lib/python3.7/site-packages/airflow/example_dags/example_trigger_controller_dag.py took 0.194 seconds
