[2022-03-30 17:28:18,257] {processor.py:163} INFO - Started process (PID=639) to work on /home/airflow/.local/lib/python3.7/site-packages/airflow/example_dags/example_time_delta_sensor_async.py
[2022-03-30 17:28:18,261] {processor.py:642} INFO - Processing file /home/airflow/.local/lib/python3.7/site-packages/airflow/example_dags/example_time_delta_sensor_async.py for tasks to queue
[2022-03-30 17:28:18,264] {logging_mixin.py:109} INFO - [2022-03-30 17:28:18,264] {dagbag.py:500} INFO - Filling up the DagBag from /home/airflow/.local/lib/python3.7/site-packages/airflow/example_dags/example_time_delta_sensor_async.py
[2022-03-30 17:28:18,354] {processor.py:654} INFO - DAG(s) dict_keys(['example_time_delta_sensor_async']) retrieved from /home/airflow/.local/lib/python3.7/site-packages/airflow/example_dags/example_time_delta_sensor_async.py
[2022-03-30 17:28:28,193] {logging_mixin.py:109} INFO - [2022-03-30 17:28:28,192] {manager.py:496} INFO - Created Permission View: can read on DAG:example_time_delta_sensor_async
[2022-03-30 17:28:28,219] {logging_mixin.py:109} INFO - [2022-03-30 17:28:28,219] {manager.py:496} INFO - Created Permission View: can edit on DAG:example_time_delta_sensor_async
[2022-03-30 17:28:28,221] {logging_mixin.py:109} INFO - [2022-03-30 17:28:28,221] {dag.py:2398} INFO - Sync 1 DAGs
[2022-03-30 17:28:28,248] {logging_mixin.py:109} INFO - [2022-03-30 17:28:28,248] {dag.py:2417} INFO - Creating ORM DAG for example_time_delta_sensor_async
[2022-03-30 17:28:28,281] {logging_mixin.py:109} INFO - [2022-03-30 17:28:28,280] {dag.py:2937} INFO - Setting next_dagrun for example_time_delta_sensor_async to None
[2022-03-30 17:28:28,328] {processor.py:171} INFO - Processing /home/airflow/.local/lib/python3.7/site-packages/airflow/example_dags/example_time_delta_sensor_async.py took 10.078 seconds
[2022-03-30 17:29:06,318] {processor.py:163} INFO - Started process (PID=908) to work on /home/airflow/.local/lib/python3.7/site-packages/airflow/example_dags/example_time_delta_sensor_async.py
[2022-03-30 17:29:06,323] {processor.py:642} INFO - Processing file /home/airflow/.local/lib/python3.7/site-packages/airflow/example_dags/example_time_delta_sensor_async.py for tasks to queue
[2022-03-30 17:29:06,326] {logging_mixin.py:109} INFO - [2022-03-30 17:29:06,325] {dagbag.py:500} INFO - Filling up the DagBag from /home/airflow/.local/lib/python3.7/site-packages/airflow/example_dags/example_time_delta_sensor_async.py
[2022-03-30 17:29:06,405] {processor.py:654} INFO - DAG(s) dict_keys(['example_time_delta_sensor_async']) retrieved from /home/airflow/.local/lib/python3.7/site-packages/airflow/example_dags/example_time_delta_sensor_async.py
[2022-03-30 17:29:06,441] {logging_mixin.py:109} INFO - [2022-03-30 17:29:06,440] {dag.py:2398} INFO - Sync 1 DAGs
[2022-03-30 17:29:06,505] {logging_mixin.py:109} INFO - [2022-03-30 17:29:06,505] {dag.py:2937} INFO - Setting next_dagrun for example_time_delta_sensor_async to None
[2022-03-30 17:29:06,535] {processor.py:171} INFO - Processing /home/airflow/.local/lib/python3.7/site-packages/airflow/example_dags/example_time_delta_sensor_async.py took 0.224 seconds
[2022-03-30 17:29:36,978] {processor.py:163} INFO - Started process (PID=1135) to work on /home/airflow/.local/lib/python3.7/site-packages/airflow/example_dags/example_time_delta_sensor_async.py
[2022-03-30 17:29:36,982] {processor.py:642} INFO - Processing file /home/airflow/.local/lib/python3.7/site-packages/airflow/example_dags/example_time_delta_sensor_async.py for tasks to queue
[2022-03-30 17:29:36,984] {logging_mixin.py:109} INFO - [2022-03-30 17:29:36,984] {dagbag.py:500} INFO - Filling up the DagBag from /home/airflow/.local/lib/python3.7/site-packages/airflow/example_dags/example_time_delta_sensor_async.py
[2022-03-30 17:29:37,055] {processor.py:654} INFO - DAG(s) dict_keys(['example_time_delta_sensor_async']) retrieved from /home/airflow/.local/lib/python3.7/site-packages/airflow/example_dags/example_time_delta_sensor_async.py
[2022-03-30 17:29:37,087] {logging_mixin.py:109} INFO - [2022-03-30 17:29:37,087] {dag.py:2398} INFO - Sync 1 DAGs
[2022-03-30 17:29:37,146] {logging_mixin.py:109} INFO - [2022-03-30 17:29:37,146] {dag.py:2937} INFO - Setting next_dagrun for example_time_delta_sensor_async to None
[2022-03-30 17:29:37,171] {processor.py:171} INFO - Processing /home/airflow/.local/lib/python3.7/site-packages/airflow/example_dags/example_time_delta_sensor_async.py took 0.200 seconds
[2022-03-30 17:30:07,807] {processor.py:163} INFO - Started process (PID=1352) to work on /home/airflow/.local/lib/python3.7/site-packages/airflow/example_dags/example_time_delta_sensor_async.py
[2022-03-30 17:30:07,811] {processor.py:642} INFO - Processing file /home/airflow/.local/lib/python3.7/site-packages/airflow/example_dags/example_time_delta_sensor_async.py for tasks to queue
[2022-03-30 17:30:07,813] {logging_mixin.py:109} INFO - [2022-03-30 17:30:07,813] {dagbag.py:500} INFO - Filling up the DagBag from /home/airflow/.local/lib/python3.7/site-packages/airflow/example_dags/example_time_delta_sensor_async.py
[2022-03-30 17:30:07,878] {processor.py:654} INFO - DAG(s) dict_keys(['example_time_delta_sensor_async']) retrieved from /home/airflow/.local/lib/python3.7/site-packages/airflow/example_dags/example_time_delta_sensor_async.py
[2022-03-30 17:30:07,907] {logging_mixin.py:109} INFO - [2022-03-30 17:30:07,907] {dag.py:2398} INFO - Sync 1 DAGs
[2022-03-30 17:30:07,957] {logging_mixin.py:109} INFO - [2022-03-30 17:30:07,957] {dag.py:2937} INFO - Setting next_dagrun for example_time_delta_sensor_async to None
[2022-03-30 17:30:07,982] {processor.py:171} INFO - Processing /home/airflow/.local/lib/python3.7/site-packages/airflow/example_dags/example_time_delta_sensor_async.py took 0.181 seconds
[2022-03-30 17:30:38,912] {processor.py:163} INFO - Started process (PID=1577) to work on /home/airflow/.local/lib/python3.7/site-packages/airflow/example_dags/example_time_delta_sensor_async.py
[2022-03-30 17:30:38,916] {processor.py:642} INFO - Processing file /home/airflow/.local/lib/python3.7/site-packages/airflow/example_dags/example_time_delta_sensor_async.py for tasks to queue
[2022-03-30 17:30:38,918] {logging_mixin.py:109} INFO - [2022-03-30 17:30:38,918] {dagbag.py:500} INFO - Filling up the DagBag from /home/airflow/.local/lib/python3.7/site-packages/airflow/example_dags/example_time_delta_sensor_async.py
[2022-03-30 17:30:38,988] {processor.py:654} INFO - DAG(s) dict_keys(['example_time_delta_sensor_async']) retrieved from /home/airflow/.local/lib/python3.7/site-packages/airflow/example_dags/example_time_delta_sensor_async.py
[2022-03-30 17:30:39,019] {logging_mixin.py:109} INFO - [2022-03-30 17:30:39,019] {dag.py:2398} INFO - Sync 1 DAGs
[2022-03-30 17:30:39,077] {logging_mixin.py:109} INFO - [2022-03-30 17:30:39,077] {dag.py:2937} INFO - Setting next_dagrun for example_time_delta_sensor_async to None
[2022-03-30 17:30:39,104] {processor.py:171} INFO - Processing /home/airflow/.local/lib/python3.7/site-packages/airflow/example_dags/example_time_delta_sensor_async.py took 0.198 seconds
[2022-03-30 17:31:10,216] {processor.py:163} INFO - Started process (PID=1792) to work on /home/airflow/.local/lib/python3.7/site-packages/airflow/example_dags/example_time_delta_sensor_async.py
[2022-03-30 17:31:10,220] {processor.py:642} INFO - Processing file /home/airflow/.local/lib/python3.7/site-packages/airflow/example_dags/example_time_delta_sensor_async.py for tasks to queue
[2022-03-30 17:31:10,222] {logging_mixin.py:109} INFO - [2022-03-30 17:31:10,222] {dagbag.py:500} INFO - Filling up the DagBag from /home/airflow/.local/lib/python3.7/site-packages/airflow/example_dags/example_time_delta_sensor_async.py
[2022-03-30 17:31:10,288] {processor.py:654} INFO - DAG(s) dict_keys(['example_time_delta_sensor_async']) retrieved from /home/airflow/.local/lib/python3.7/site-packages/airflow/example_dags/example_time_delta_sensor_async.py
[2022-03-30 17:31:10,318] {logging_mixin.py:109} INFO - [2022-03-30 17:31:10,318] {dag.py:2398} INFO - Sync 1 DAGs
[2022-03-30 17:31:10,370] {logging_mixin.py:109} INFO - [2022-03-30 17:31:10,369] {dag.py:2937} INFO - Setting next_dagrun for example_time_delta_sensor_async to None
[2022-03-30 17:31:10,394] {processor.py:171} INFO - Processing /home/airflow/.local/lib/python3.7/site-packages/airflow/example_dags/example_time_delta_sensor_async.py took 0.184 seconds
[2022-03-30 17:31:41,939] {processor.py:163} INFO - Started process (PID=2026) to work on /home/airflow/.local/lib/python3.7/site-packages/airflow/example_dags/example_time_delta_sensor_async.py
[2022-03-30 17:31:41,943] {processor.py:642} INFO - Processing file /home/airflow/.local/lib/python3.7/site-packages/airflow/example_dags/example_time_delta_sensor_async.py for tasks to queue
[2022-03-30 17:31:41,946] {logging_mixin.py:109} INFO - [2022-03-30 17:31:41,946] {dagbag.py:500} INFO - Filling up the DagBag from /home/airflow/.local/lib/python3.7/site-packages/airflow/example_dags/example_time_delta_sensor_async.py
[2022-03-30 17:31:42,018] {processor.py:654} INFO - DAG(s) dict_keys(['example_time_delta_sensor_async']) retrieved from /home/airflow/.local/lib/python3.7/site-packages/airflow/example_dags/example_time_delta_sensor_async.py
[2022-03-30 17:31:42,050] {logging_mixin.py:109} INFO - [2022-03-30 17:31:42,050] {dag.py:2398} INFO - Sync 1 DAGs
[2022-03-30 17:31:42,108] {logging_mixin.py:109} INFO - [2022-03-30 17:31:42,108] {dag.py:2937} INFO - Setting next_dagrun for example_time_delta_sensor_async to None
[2022-03-30 17:31:42,133] {processor.py:171} INFO - Processing /home/airflow/.local/lib/python3.7/site-packages/airflow/example_dags/example_time_delta_sensor_async.py took 0.200 seconds
[2022-03-30 17:32:12,711] {processor.py:163} INFO - Started process (PID=2259) to work on /home/airflow/.local/lib/python3.7/site-packages/airflow/example_dags/example_time_delta_sensor_async.py
[2022-03-30 17:32:12,715] {processor.py:642} INFO - Processing file /home/airflow/.local/lib/python3.7/site-packages/airflow/example_dags/example_time_delta_sensor_async.py for tasks to queue
[2022-03-30 17:32:12,717] {logging_mixin.py:109} INFO - [2022-03-30 17:32:12,717] {dagbag.py:500} INFO - Filling up the DagBag from /home/airflow/.local/lib/python3.7/site-packages/airflow/example_dags/example_time_delta_sensor_async.py
[2022-03-30 17:32:12,785] {processor.py:654} INFO - DAG(s) dict_keys(['example_time_delta_sensor_async']) retrieved from /home/airflow/.local/lib/python3.7/site-packages/airflow/example_dags/example_time_delta_sensor_async.py
[2022-03-30 17:32:12,816] {logging_mixin.py:109} INFO - [2022-03-30 17:32:12,815] {dag.py:2398} INFO - Sync 1 DAGs
[2022-03-30 17:32:12,870] {logging_mixin.py:109} INFO - [2022-03-30 17:32:12,870] {dag.py:2937} INFO - Setting next_dagrun for example_time_delta_sensor_async to None
[2022-03-30 17:32:12,895] {processor.py:171} INFO - Processing /home/airflow/.local/lib/python3.7/site-packages/airflow/example_dags/example_time_delta_sensor_async.py took 0.190 seconds
[2022-03-30 17:32:43,116] {processor.py:163} INFO - Started process (PID=2474) to work on /home/airflow/.local/lib/python3.7/site-packages/airflow/example_dags/example_time_delta_sensor_async.py
[2022-03-30 17:32:43,120] {processor.py:642} INFO - Processing file /home/airflow/.local/lib/python3.7/site-packages/airflow/example_dags/example_time_delta_sensor_async.py for tasks to queue
[2022-03-30 17:32:43,123] {logging_mixin.py:109} INFO - [2022-03-30 17:32:43,122] {dagbag.py:500} INFO - Filling up the DagBag from /home/airflow/.local/lib/python3.7/site-packages/airflow/example_dags/example_time_delta_sensor_async.py
[2022-03-30 17:32:43,192] {processor.py:654} INFO - DAG(s) dict_keys(['example_time_delta_sensor_async']) retrieved from /home/airflow/.local/lib/python3.7/site-packages/airflow/example_dags/example_time_delta_sensor_async.py
[2022-03-30 17:32:43,223] {logging_mixin.py:109} INFO - [2022-03-30 17:32:43,222] {dag.py:2398} INFO - Sync 1 DAGs
[2022-03-30 17:32:43,278] {logging_mixin.py:109} INFO - [2022-03-30 17:32:43,278] {dag.py:2937} INFO - Setting next_dagrun for example_time_delta_sensor_async to None
[2022-03-30 17:32:43,303] {processor.py:171} INFO - Processing /home/airflow/.local/lib/python3.7/site-packages/airflow/example_dags/example_time_delta_sensor_async.py took 0.193 seconds
[2022-03-30 17:33:13,546] {processor.py:163} INFO - Started process (PID=2698) to work on /home/airflow/.local/lib/python3.7/site-packages/airflow/example_dags/example_time_delta_sensor_async.py
[2022-03-30 17:33:13,550] {processor.py:642} INFO - Processing file /home/airflow/.local/lib/python3.7/site-packages/airflow/example_dags/example_time_delta_sensor_async.py for tasks to queue
[2022-03-30 17:33:13,552] {logging_mixin.py:109} INFO - [2022-03-30 17:33:13,552] {dagbag.py:500} INFO - Filling up the DagBag from /home/airflow/.local/lib/python3.7/site-packages/airflow/example_dags/example_time_delta_sensor_async.py
[2022-03-30 17:33:13,624] {processor.py:654} INFO - DAG(s) dict_keys(['example_time_delta_sensor_async']) retrieved from /home/airflow/.local/lib/python3.7/site-packages/airflow/example_dags/example_time_delta_sensor_async.py
[2022-03-30 17:33:13,654] {logging_mixin.py:109} INFO - [2022-03-30 17:33:13,653] {dag.py:2398} INFO - Sync 1 DAGs
[2022-03-30 17:33:13,705] {logging_mixin.py:109} INFO - [2022-03-30 17:33:13,705] {dag.py:2937} INFO - Setting next_dagrun for example_time_delta_sensor_async to None
[2022-03-30 17:33:13,831] {processor.py:171} INFO - Processing /home/airflow/.local/lib/python3.7/site-packages/airflow/example_dags/example_time_delta_sensor_async.py took 0.291 seconds
[2022-03-30 17:33:44,177] {processor.py:163} INFO - Started process (PID=2920) to work on /home/airflow/.local/lib/python3.7/site-packages/airflow/example_dags/example_time_delta_sensor_async.py
[2022-03-30 17:33:44,181] {processor.py:642} INFO - Processing file /home/airflow/.local/lib/python3.7/site-packages/airflow/example_dags/example_time_delta_sensor_async.py for tasks to queue
[2022-03-30 17:33:44,183] {logging_mixin.py:109} INFO - [2022-03-30 17:33:44,183] {dagbag.py:500} INFO - Filling up the DagBag from /home/airflow/.local/lib/python3.7/site-packages/airflow/example_dags/example_time_delta_sensor_async.py
[2022-03-30 17:33:44,251] {processor.py:654} INFO - DAG(s) dict_keys(['example_time_delta_sensor_async']) retrieved from /home/airflow/.local/lib/python3.7/site-packages/airflow/example_dags/example_time_delta_sensor_async.py
[2022-03-30 17:33:44,279] {logging_mixin.py:109} INFO - [2022-03-30 17:33:44,279] {dag.py:2398} INFO - Sync 1 DAGs
[2022-03-30 17:33:44,430] {logging_mixin.py:109} INFO - [2022-03-30 17:33:44,429] {dag.py:2937} INFO - Setting next_dagrun for example_time_delta_sensor_async to None
[2022-03-30 17:33:44,452] {processor.py:171} INFO - Processing /home/airflow/.local/lib/python3.7/site-packages/airflow/example_dags/example_time_delta_sensor_async.py took 0.280 seconds
[2022-03-30 17:34:15,562] {processor.py:163} INFO - Started process (PID=3156) to work on /home/airflow/.local/lib/python3.7/site-packages/airflow/example_dags/example_time_delta_sensor_async.py
[2022-03-30 17:34:15,566] {processor.py:642} INFO - Processing file /home/airflow/.local/lib/python3.7/site-packages/airflow/example_dags/example_time_delta_sensor_async.py for tasks to queue
[2022-03-30 17:34:15,569] {logging_mixin.py:109} INFO - [2022-03-30 17:34:15,569] {dagbag.py:500} INFO - Filling up the DagBag from /home/airflow/.local/lib/python3.7/site-packages/airflow/example_dags/example_time_delta_sensor_async.py
[2022-03-30 17:34:15,639] {processor.py:654} INFO - DAG(s) dict_keys(['example_time_delta_sensor_async']) retrieved from /home/airflow/.local/lib/python3.7/site-packages/airflow/example_dags/example_time_delta_sensor_async.py
[2022-03-30 17:34:15,673] {logging_mixin.py:109} INFO - [2022-03-30 17:34:15,673] {dag.py:2398} INFO - Sync 1 DAGs
[2022-03-30 17:34:15,842] {logging_mixin.py:109} INFO - [2022-03-30 17:34:15,842] {dag.py:2937} INFO - Setting next_dagrun for example_time_delta_sensor_async to None
[2022-03-30 17:34:15,868] {processor.py:171} INFO - Processing /home/airflow/.local/lib/python3.7/site-packages/airflow/example_dags/example_time_delta_sensor_async.py took 0.312 seconds
[2022-03-30 17:34:46,026] {processor.py:163} INFO - Started process (PID=3372) to work on /home/airflow/.local/lib/python3.7/site-packages/airflow/example_dags/example_time_delta_sensor_async.py
[2022-03-30 17:34:46,030] {processor.py:642} INFO - Processing file /home/airflow/.local/lib/python3.7/site-packages/airflow/example_dags/example_time_delta_sensor_async.py for tasks to queue
[2022-03-30 17:34:46,032] {logging_mixin.py:109} INFO - [2022-03-30 17:34:46,032] {dagbag.py:500} INFO - Filling up the DagBag from /home/airflow/.local/lib/python3.7/site-packages/airflow/example_dags/example_time_delta_sensor_async.py
[2022-03-30 17:34:46,106] {processor.py:654} INFO - DAG(s) dict_keys(['example_time_delta_sensor_async']) retrieved from /home/airflow/.local/lib/python3.7/site-packages/airflow/example_dags/example_time_delta_sensor_async.py
[2022-03-30 17:34:46,139] {logging_mixin.py:109} INFO - [2022-03-30 17:34:46,138] {dag.py:2398} INFO - Sync 1 DAGs
[2022-03-30 17:34:46,291] {logging_mixin.py:109} INFO - [2022-03-30 17:34:46,291] {dag.py:2937} INFO - Setting next_dagrun for example_time_delta_sensor_async to None
[2022-03-30 17:34:46,315] {processor.py:171} INFO - Processing /home/airflow/.local/lib/python3.7/site-packages/airflow/example_dags/example_time_delta_sensor_async.py took 0.296 seconds
[2022-03-30 17:35:17,016] {processor.py:163} INFO - Started process (PID=3603) to work on /home/airflow/.local/lib/python3.7/site-packages/airflow/example_dags/example_time_delta_sensor_async.py
[2022-03-30 17:35:17,021] {processor.py:642} INFO - Processing file /home/airflow/.local/lib/python3.7/site-packages/airflow/example_dags/example_time_delta_sensor_async.py for tasks to queue
[2022-03-30 17:35:17,023] {logging_mixin.py:109} INFO - [2022-03-30 17:35:17,023] {dagbag.py:500} INFO - Filling up the DagBag from /home/airflow/.local/lib/python3.7/site-packages/airflow/example_dags/example_time_delta_sensor_async.py
[2022-03-30 17:35:17,104] {processor.py:654} INFO - DAG(s) dict_keys(['example_time_delta_sensor_async']) retrieved from /home/airflow/.local/lib/python3.7/site-packages/airflow/example_dags/example_time_delta_sensor_async.py
[2022-03-30 17:35:17,138] {logging_mixin.py:109} INFO - [2022-03-30 17:35:17,137] {dag.py:2398} INFO - Sync 1 DAGs
[2022-03-30 17:35:17,307] {logging_mixin.py:109} INFO - [2022-03-30 17:35:17,307] {dag.py:2937} INFO - Setting next_dagrun for example_time_delta_sensor_async to None
[2022-03-30 17:35:17,332] {processor.py:171} INFO - Processing /home/airflow/.local/lib/python3.7/site-packages/airflow/example_dags/example_time_delta_sensor_async.py took 0.323 seconds
[2022-03-30 17:35:47,804] {processor.py:163} INFO - Started process (PID=3816) to work on /home/airflow/.local/lib/python3.7/site-packages/airflow/example_dags/example_time_delta_sensor_async.py
[2022-03-30 17:35:47,809] {processor.py:642} INFO - Processing file /home/airflow/.local/lib/python3.7/site-packages/airflow/example_dags/example_time_delta_sensor_async.py for tasks to queue
[2022-03-30 17:35:47,811] {logging_mixin.py:109} INFO - [2022-03-30 17:35:47,811] {dagbag.py:500} INFO - Filling up the DagBag from /home/airflow/.local/lib/python3.7/site-packages/airflow/example_dags/example_time_delta_sensor_async.py
[2022-03-30 17:35:47,991] {processor.py:654} INFO - DAG(s) dict_keys(['example_time_delta_sensor_async']) retrieved from /home/airflow/.local/lib/python3.7/site-packages/airflow/example_dags/example_time_delta_sensor_async.py
[2022-03-30 17:35:48,021] {logging_mixin.py:109} INFO - [2022-03-30 17:35:48,021] {dag.py:2398} INFO - Sync 1 DAGs
[2022-03-30 17:35:48,074] {logging_mixin.py:109} INFO - [2022-03-30 17:35:48,074] {dag.py:2937} INFO - Setting next_dagrun for example_time_delta_sensor_async to None
[2022-03-30 17:35:48,098] {processor.py:171} INFO - Processing /home/airflow/.local/lib/python3.7/site-packages/airflow/example_dags/example_time_delta_sensor_async.py took 0.300 seconds
[2022-03-30 17:36:18,326] {processor.py:163} INFO - Started process (PID=4048) to work on /home/airflow/.local/lib/python3.7/site-packages/airflow/example_dags/example_time_delta_sensor_async.py
[2022-03-30 17:36:18,331] {processor.py:642} INFO - Processing file /home/airflow/.local/lib/python3.7/site-packages/airflow/example_dags/example_time_delta_sensor_async.py for tasks to queue
[2022-03-30 17:36:18,334] {logging_mixin.py:109} INFO - [2022-03-30 17:36:18,334] {dagbag.py:500} INFO - Filling up the DagBag from /home/airflow/.local/lib/python3.7/site-packages/airflow/example_dags/example_time_delta_sensor_async.py
[2022-03-30 17:36:18,519] {processor.py:654} INFO - DAG(s) dict_keys(['example_time_delta_sensor_async']) retrieved from /home/airflow/.local/lib/python3.7/site-packages/airflow/example_dags/example_time_delta_sensor_async.py
[2022-03-30 17:36:18,551] {logging_mixin.py:109} INFO - [2022-03-30 17:36:18,550] {dag.py:2398} INFO - Sync 1 DAGs
[2022-03-30 17:36:18,606] {logging_mixin.py:109} INFO - [2022-03-30 17:36:18,605] {dag.py:2937} INFO - Setting next_dagrun for example_time_delta_sensor_async to None
[2022-03-30 17:36:18,630] {processor.py:171} INFO - Processing /home/airflow/.local/lib/python3.7/site-packages/airflow/example_dags/example_time_delta_sensor_async.py took 0.310 seconds
[2022-03-30 17:36:49,095] {processor.py:163} INFO - Started process (PID=4257) to work on /home/airflow/.local/lib/python3.7/site-packages/airflow/example_dags/example_time_delta_sensor_async.py
[2022-03-30 17:36:49,098] {processor.py:642} INFO - Processing file /home/airflow/.local/lib/python3.7/site-packages/airflow/example_dags/example_time_delta_sensor_async.py for tasks to queue
[2022-03-30 17:36:49,101] {logging_mixin.py:109} INFO - [2022-03-30 17:36:49,101] {dagbag.py:500} INFO - Filling up the DagBag from /home/airflow/.local/lib/python3.7/site-packages/airflow/example_dags/example_time_delta_sensor_async.py
[2022-03-30 17:36:49,281] {processor.py:654} INFO - DAG(s) dict_keys(['example_time_delta_sensor_async']) retrieved from /home/airflow/.local/lib/python3.7/site-packages/airflow/example_dags/example_time_delta_sensor_async.py
[2022-03-30 17:36:49,315] {logging_mixin.py:109} INFO - [2022-03-30 17:36:49,315] {dag.py:2398} INFO - Sync 1 DAGs
[2022-03-30 17:36:49,378] {logging_mixin.py:109} INFO - [2022-03-30 17:36:49,377] {dag.py:2937} INFO - Setting next_dagrun for example_time_delta_sensor_async to None
[2022-03-30 17:36:49,401] {processor.py:171} INFO - Processing /home/airflow/.local/lib/python3.7/site-packages/airflow/example_dags/example_time_delta_sensor_async.py took 0.312 seconds
[2022-03-30 17:37:19,511] {processor.py:163} INFO - Started process (PID=4481) to work on /home/airflow/.local/lib/python3.7/site-packages/airflow/example_dags/example_time_delta_sensor_async.py
[2022-03-30 17:37:19,523] {processor.py:642} INFO - Processing file /home/airflow/.local/lib/python3.7/site-packages/airflow/example_dags/example_time_delta_sensor_async.py for tasks to queue
[2022-03-30 17:37:19,541] {logging_mixin.py:109} INFO - [2022-03-30 17:37:19,540] {dagbag.py:500} INFO - Filling up the DagBag from /home/airflow/.local/lib/python3.7/site-packages/airflow/example_dags/example_time_delta_sensor_async.py
[2022-03-30 17:37:19,731] {processor.py:654} INFO - DAG(s) dict_keys(['example_time_delta_sensor_async']) retrieved from /home/airflow/.local/lib/python3.7/site-packages/airflow/example_dags/example_time_delta_sensor_async.py
[2022-03-30 17:37:19,770] {logging_mixin.py:109} INFO - [2022-03-30 17:37:19,770] {dag.py:2398} INFO - Sync 1 DAGs
[2022-03-30 17:37:19,837] {logging_mixin.py:109} INFO - [2022-03-30 17:37:19,837] {dag.py:2937} INFO - Setting next_dagrun for example_time_delta_sensor_async to None
[2022-03-30 17:37:19,863] {processor.py:171} INFO - Processing /home/airflow/.local/lib/python3.7/site-packages/airflow/example_dags/example_time_delta_sensor_async.py took 0.358 seconds
[2022-03-30 17:37:49,933] {processor.py:163} INFO - Started process (PID=4693) to work on /home/airflow/.local/lib/python3.7/site-packages/airflow/example_dags/example_time_delta_sensor_async.py
[2022-03-30 17:37:49,937] {processor.py:642} INFO - Processing file /home/airflow/.local/lib/python3.7/site-packages/airflow/example_dags/example_time_delta_sensor_async.py for tasks to queue
[2022-03-30 17:37:49,940] {logging_mixin.py:109} INFO - [2022-03-30 17:37:49,940] {dagbag.py:500} INFO - Filling up the DagBag from /home/airflow/.local/lib/python3.7/site-packages/airflow/example_dags/example_time_delta_sensor_async.py
[2022-03-30 17:37:50,095] {processor.py:654} INFO - DAG(s) dict_keys(['example_time_delta_sensor_async']) retrieved from /home/airflow/.local/lib/python3.7/site-packages/airflow/example_dags/example_time_delta_sensor_async.py
[2022-03-30 17:37:50,121] {logging_mixin.py:109} INFO - [2022-03-30 17:37:50,121] {dag.py:2398} INFO - Sync 1 DAGs
[2022-03-30 17:37:50,179] {logging_mixin.py:109} INFO - [2022-03-30 17:37:50,178] {dag.py:2937} INFO - Setting next_dagrun for example_time_delta_sensor_async to None
[2022-03-30 17:37:50,202] {processor.py:171} INFO - Processing /home/airflow/.local/lib/python3.7/site-packages/airflow/example_dags/example_time_delta_sensor_async.py took 0.274 seconds
[2022-03-30 17:38:20,703] {processor.py:163} INFO - Started process (PID=4929) to work on /home/airflow/.local/lib/python3.7/site-packages/airflow/example_dags/example_time_delta_sensor_async.py
[2022-03-30 17:38:20,710] {processor.py:642} INFO - Processing file /home/airflow/.local/lib/python3.7/site-packages/airflow/example_dags/example_time_delta_sensor_async.py for tasks to queue
[2022-03-30 17:38:20,714] {logging_mixin.py:109} INFO - [2022-03-30 17:38:20,713] {dagbag.py:500} INFO - Filling up the DagBag from /home/airflow/.local/lib/python3.7/site-packages/airflow/example_dags/example_time_delta_sensor_async.py
[2022-03-30 17:38:20,929] {processor.py:654} INFO - DAG(s) dict_keys(['example_time_delta_sensor_async']) retrieved from /home/airflow/.local/lib/python3.7/site-packages/airflow/example_dags/example_time_delta_sensor_async.py
[2022-03-30 17:38:20,967] {logging_mixin.py:109} INFO - [2022-03-30 17:38:20,966] {dag.py:2398} INFO - Sync 1 DAGs
[2022-03-30 17:38:21,028] {logging_mixin.py:109} INFO - [2022-03-30 17:38:21,028] {dag.py:2937} INFO - Setting next_dagrun for example_time_delta_sensor_async to None
[2022-03-30 17:38:21,056] {processor.py:171} INFO - Processing /home/airflow/.local/lib/python3.7/site-packages/airflow/example_dags/example_time_delta_sensor_async.py took 0.360 seconds
[2022-03-30 17:38:51,311] {processor.py:163} INFO - Started process (PID=5144) to work on /home/airflow/.local/lib/python3.7/site-packages/airflow/example_dags/example_time_delta_sensor_async.py
[2022-03-30 17:38:51,315] {processor.py:642} INFO - Processing file /home/airflow/.local/lib/python3.7/site-packages/airflow/example_dags/example_time_delta_sensor_async.py for tasks to queue
[2022-03-30 17:38:51,317] {logging_mixin.py:109} INFO - [2022-03-30 17:38:51,316] {dagbag.py:500} INFO - Filling up the DagBag from /home/airflow/.local/lib/python3.7/site-packages/airflow/example_dags/example_time_delta_sensor_async.py
[2022-03-30 17:38:51,476] {processor.py:654} INFO - DAG(s) dict_keys(['example_time_delta_sensor_async']) retrieved from /home/airflow/.local/lib/python3.7/site-packages/airflow/example_dags/example_time_delta_sensor_async.py
[2022-03-30 17:38:51,505] {logging_mixin.py:109} INFO - [2022-03-30 17:38:51,505] {dag.py:2398} INFO - Sync 1 DAGs
[2022-03-30 17:38:51,553] {logging_mixin.py:109} INFO - [2022-03-30 17:38:51,552] {dag.py:2937} INFO - Setting next_dagrun for example_time_delta_sensor_async to None
[2022-03-30 17:38:51,575] {processor.py:171} INFO - Processing /home/airflow/.local/lib/python3.7/site-packages/airflow/example_dags/example_time_delta_sensor_async.py took 0.270 seconds
[2022-03-30 17:39:21,853] {processor.py:163} INFO - Started process (PID=5377) to work on /home/airflow/.local/lib/python3.7/site-packages/airflow/example_dags/example_time_delta_sensor_async.py
[2022-03-30 17:39:21,858] {processor.py:642} INFO - Processing file /home/airflow/.local/lib/python3.7/site-packages/airflow/example_dags/example_time_delta_sensor_async.py for tasks to queue
[2022-03-30 17:39:21,861] {logging_mixin.py:109} INFO - [2022-03-30 17:39:21,861] {dagbag.py:500} INFO - Filling up the DagBag from /home/airflow/.local/lib/python3.7/site-packages/airflow/example_dags/example_time_delta_sensor_async.py
[2022-03-30 17:39:21,945] {processor.py:654} INFO - DAG(s) dict_keys(['example_time_delta_sensor_async']) retrieved from /home/airflow/.local/lib/python3.7/site-packages/airflow/example_dags/example_time_delta_sensor_async.py
[2022-03-30 17:39:21,981] {logging_mixin.py:109} INFO - [2022-03-30 17:39:21,980] {dag.py:2398} INFO - Sync 1 DAGs
[2022-03-30 17:39:22,050] {logging_mixin.py:109} INFO - [2022-03-30 17:39:22,049] {dag.py:2937} INFO - Setting next_dagrun for example_time_delta_sensor_async to None
[2022-03-30 17:39:22,081] {processor.py:171} INFO - Processing /home/airflow/.local/lib/python3.7/site-packages/airflow/example_dags/example_time_delta_sensor_async.py took 0.233 seconds
[2022-03-30 17:39:52,605] {processor.py:163} INFO - Started process (PID=5605) to work on /home/airflow/.local/lib/python3.7/site-packages/airflow/example_dags/example_time_delta_sensor_async.py
[2022-03-30 17:39:52,608] {processor.py:642} INFO - Processing file /home/airflow/.local/lib/python3.7/site-packages/airflow/example_dags/example_time_delta_sensor_async.py for tasks to queue
[2022-03-30 17:39:52,612] {logging_mixin.py:109} INFO - [2022-03-30 17:39:52,612] {dagbag.py:500} INFO - Filling up the DagBag from /home/airflow/.local/lib/python3.7/site-packages/airflow/example_dags/example_time_delta_sensor_async.py
[2022-03-30 17:39:52,681] {processor.py:654} INFO - DAG(s) dict_keys(['example_time_delta_sensor_async']) retrieved from /home/airflow/.local/lib/python3.7/site-packages/airflow/example_dags/example_time_delta_sensor_async.py
[2022-03-30 17:39:52,719] {logging_mixin.py:109} INFO - [2022-03-30 17:39:52,719] {dag.py:2398} INFO - Sync 1 DAGs
[2022-03-30 17:39:52,779] {logging_mixin.py:109} INFO - [2022-03-30 17:39:52,779] {dag.py:2937} INFO - Setting next_dagrun for example_time_delta_sensor_async to None
[2022-03-30 17:39:52,807] {processor.py:171} INFO - Processing /home/airflow/.local/lib/python3.7/site-packages/airflow/example_dags/example_time_delta_sensor_async.py took 0.208 seconds
[2022-03-30 17:40:23,154] {processor.py:163} INFO - Started process (PID=5825) to work on /home/airflow/.local/lib/python3.7/site-packages/airflow/example_dags/example_time_delta_sensor_async.py
[2022-03-30 17:40:23,159] {processor.py:642} INFO - Processing file /home/airflow/.local/lib/python3.7/site-packages/airflow/example_dags/example_time_delta_sensor_async.py for tasks to queue
[2022-03-30 17:40:23,163] {logging_mixin.py:109} INFO - [2022-03-30 17:40:23,162] {dagbag.py:500} INFO - Filling up the DagBag from /home/airflow/.local/lib/python3.7/site-packages/airflow/example_dags/example_time_delta_sensor_async.py
[2022-03-30 17:40:23,250] {processor.py:654} INFO - DAG(s) dict_keys(['example_time_delta_sensor_async']) retrieved from /home/airflow/.local/lib/python3.7/site-packages/airflow/example_dags/example_time_delta_sensor_async.py
[2022-03-30 17:40:23,288] {logging_mixin.py:109} INFO - [2022-03-30 17:40:23,288] {dag.py:2398} INFO - Sync 1 DAGs
[2022-03-30 17:40:23,351] {logging_mixin.py:109} INFO - [2022-03-30 17:40:23,350] {dag.py:2937} INFO - Setting next_dagrun for example_time_delta_sensor_async to None
[2022-03-30 17:40:23,380] {processor.py:171} INFO - Processing /home/airflow/.local/lib/python3.7/site-packages/airflow/example_dags/example_time_delta_sensor_async.py took 0.232 seconds
[2022-03-30 17:40:53,833] {processor.py:163} INFO - Started process (PID=6051) to work on /home/airflow/.local/lib/python3.7/site-packages/airflow/example_dags/example_time_delta_sensor_async.py
[2022-03-30 17:40:53,836] {processor.py:642} INFO - Processing file /home/airflow/.local/lib/python3.7/site-packages/airflow/example_dags/example_time_delta_sensor_async.py for tasks to queue
[2022-03-30 17:40:53,839] {logging_mixin.py:109} INFO - [2022-03-30 17:40:53,838] {dagbag.py:500} INFO - Filling up the DagBag from /home/airflow/.local/lib/python3.7/site-packages/airflow/example_dags/example_time_delta_sensor_async.py
[2022-03-30 17:40:53,919] {processor.py:654} INFO - DAG(s) dict_keys(['example_time_delta_sensor_async']) retrieved from /home/airflow/.local/lib/python3.7/site-packages/airflow/example_dags/example_time_delta_sensor_async.py
[2022-03-30 17:40:53,953] {logging_mixin.py:109} INFO - [2022-03-30 17:40:53,953] {dag.py:2398} INFO - Sync 1 DAGs
[2022-03-30 17:40:54,011] {logging_mixin.py:109} INFO - [2022-03-30 17:40:54,011] {dag.py:2937} INFO - Setting next_dagrun for example_time_delta_sensor_async to None
[2022-03-30 17:40:54,037] {processor.py:171} INFO - Processing /home/airflow/.local/lib/python3.7/site-packages/airflow/example_dags/example_time_delta_sensor_async.py took 0.211 seconds
[2022-03-30 17:41:24,623] {processor.py:163} INFO - Started process (PID=6268) to work on /home/airflow/.local/lib/python3.7/site-packages/airflow/example_dags/example_time_delta_sensor_async.py
[2022-03-30 17:41:24,627] {processor.py:642} INFO - Processing file /home/airflow/.local/lib/python3.7/site-packages/airflow/example_dags/example_time_delta_sensor_async.py for tasks to queue
[2022-03-30 17:41:24,629] {logging_mixin.py:109} INFO - [2022-03-30 17:41:24,629] {dagbag.py:500} INFO - Filling up the DagBag from /home/airflow/.local/lib/python3.7/site-packages/airflow/example_dags/example_time_delta_sensor_async.py
[2022-03-30 17:41:24,693] {processor.py:654} INFO - DAG(s) dict_keys(['example_time_delta_sensor_async']) retrieved from /home/airflow/.local/lib/python3.7/site-packages/airflow/example_dags/example_time_delta_sensor_async.py
[2022-03-30 17:41:24,721] {logging_mixin.py:109} INFO - [2022-03-30 17:41:24,720] {dag.py:2398} INFO - Sync 1 DAGs
[2022-03-30 17:41:24,768] {logging_mixin.py:109} INFO - [2022-03-30 17:41:24,767] {dag.py:2937} INFO - Setting next_dagrun for example_time_delta_sensor_async to None
[2022-03-30 17:41:24,790] {processor.py:171} INFO - Processing /home/airflow/.local/lib/python3.7/site-packages/airflow/example_dags/example_time_delta_sensor_async.py took 0.173 seconds
