[2022-03-30 17:26:11,830] {processor.py:163} INFO - Started process (PID=346) to work on /home/airflow/.local/lib/python3.7/site-packages/airflow/example_dags/example_python_operator.py
[2022-03-30 17:26:11,834] {processor.py:642} INFO - Processing file /home/airflow/.local/lib/python3.7/site-packages/airflow/example_dags/example_python_operator.py for tasks to queue
[2022-03-30 17:26:11,838] {logging_mixin.py:109} INFO - [2022-03-30 17:26:11,837] {dagbag.py:500} INFO - Filling up the DagBag from /home/airflow/.local/lib/python3.7/site-packages/airflow/example_dags/example_python_operator.py
[2022-03-30 17:26:11,964] {processor.py:654} INFO - DAG(s) dict_keys(['example_python_operator']) retrieved from /home/airflow/.local/lib/python3.7/site-packages/airflow/example_dags/example_python_operator.py
[2022-03-30 17:26:29,211] {logging_mixin.py:109} INFO - [2022-03-30 17:26:29,211] {manager.py:496} INFO - Created Permission View: can read on DAG:example_python_operator
[2022-03-30 17:26:29,292] {logging_mixin.py:109} INFO - [2022-03-30 17:26:29,292] {manager.py:496} INFO - Created Permission View: can edit on DAG:example_python_operator
[2022-03-30 17:26:29,297] {logging_mixin.py:109} INFO - [2022-03-30 17:26:29,295] {dag.py:2398} INFO - Sync 1 DAGs
[2022-03-30 17:26:29,388] {logging_mixin.py:109} INFO - [2022-03-30 17:26:29,386] {dag.py:2417} INFO - Creating ORM DAG for example_python_operator
[2022-03-30 17:26:29,492] {logging_mixin.py:109} INFO - [2022-03-30 17:26:29,491] {dag.py:2937} INFO - Setting next_dagrun for example_python_operator to None
[2022-03-30 17:26:29,624] {processor.py:171} INFO - Processing /home/airflow/.local/lib/python3.7/site-packages/airflow/example_dags/example_python_operator.py took 17.801 seconds
[2022-03-30 17:28:58,134] {processor.py:163} INFO - Started process (PID=793) to work on /home/airflow/.local/lib/python3.7/site-packages/airflow/example_dags/example_python_operator.py
[2022-03-30 17:28:58,138] {processor.py:642} INFO - Processing file /home/airflow/.local/lib/python3.7/site-packages/airflow/example_dags/example_python_operator.py for tasks to queue
[2022-03-30 17:28:58,142] {logging_mixin.py:109} INFO - [2022-03-30 17:28:58,142] {dagbag.py:500} INFO - Filling up the DagBag from /home/airflow/.local/lib/python3.7/site-packages/airflow/example_dags/example_python_operator.py
[2022-03-30 17:28:58,256] {processor.py:654} INFO - DAG(s) dict_keys(['example_python_operator']) retrieved from /home/airflow/.local/lib/python3.7/site-packages/airflow/example_dags/example_python_operator.py
[2022-03-30 17:28:58,303] {logging_mixin.py:109} INFO - [2022-03-30 17:28:58,302] {dag.py:2398} INFO - Sync 1 DAGs
[2022-03-30 17:28:58,370] {logging_mixin.py:109} INFO - [2022-03-30 17:28:58,370] {dag.py:2937} INFO - Setting next_dagrun for example_python_operator to None
[2022-03-30 17:28:58,398] {processor.py:171} INFO - Processing /home/airflow/.local/lib/python3.7/site-packages/airflow/example_dags/example_python_operator.py took 0.272 seconds
[2022-03-30 17:29:28,659] {processor.py:163} INFO - Started process (PID=1006) to work on /home/airflow/.local/lib/python3.7/site-packages/airflow/example_dags/example_python_operator.py
[2022-03-30 17:29:28,662] {processor.py:642} INFO - Processing file /home/airflow/.local/lib/python3.7/site-packages/airflow/example_dags/example_python_operator.py for tasks to queue
[2022-03-30 17:29:28,665] {logging_mixin.py:109} INFO - [2022-03-30 17:29:28,664] {dagbag.py:500} INFO - Filling up the DagBag from /home/airflow/.local/lib/python3.7/site-packages/airflow/example_dags/example_python_operator.py
[2022-03-30 17:29:28,747] {processor.py:654} INFO - DAG(s) dict_keys(['example_python_operator']) retrieved from /home/airflow/.local/lib/python3.7/site-packages/airflow/example_dags/example_python_operator.py
[2022-03-30 17:29:28,780] {logging_mixin.py:109} INFO - [2022-03-30 17:29:28,779] {dag.py:2398} INFO - Sync 1 DAGs
[2022-03-30 17:29:28,825] {logging_mixin.py:109} INFO - [2022-03-30 17:29:28,825] {dag.py:2937} INFO - Setting next_dagrun for example_python_operator to None
[2022-03-30 17:29:28,847] {processor.py:171} INFO - Processing /home/airflow/.local/lib/python3.7/site-packages/airflow/example_dags/example_python_operator.py took 0.194 seconds
[2022-03-30 17:29:59,860] {processor.py:163} INFO - Started process (PID=1238) to work on /home/airflow/.local/lib/python3.7/site-packages/airflow/example_dags/example_python_operator.py
[2022-03-30 17:29:59,864] {processor.py:642} INFO - Processing file /home/airflow/.local/lib/python3.7/site-packages/airflow/example_dags/example_python_operator.py for tasks to queue
[2022-03-30 17:29:59,867] {logging_mixin.py:109} INFO - [2022-03-30 17:29:59,867] {dagbag.py:500} INFO - Filling up the DagBag from /home/airflow/.local/lib/python3.7/site-packages/airflow/example_dags/example_python_operator.py
[2022-03-30 17:29:59,964] {processor.py:654} INFO - DAG(s) dict_keys(['example_python_operator']) retrieved from /home/airflow/.local/lib/python3.7/site-packages/airflow/example_dags/example_python_operator.py
[2022-03-30 17:30:00,008] {logging_mixin.py:109} INFO - [2022-03-30 17:30:00,007] {dag.py:2398} INFO - Sync 1 DAGs
[2022-03-30 17:30:00,070] {logging_mixin.py:109} INFO - [2022-03-30 17:30:00,070] {dag.py:2937} INFO - Setting next_dagrun for example_python_operator to None
[2022-03-30 17:30:00,097] {processor.py:171} INFO - Processing /home/airflow/.local/lib/python3.7/site-packages/airflow/example_dags/example_python_operator.py took 0.244 seconds
[2022-03-30 17:30:30,619] {processor.py:163} INFO - Started process (PID=1452) to work on /home/airflow/.local/lib/python3.7/site-packages/airflow/example_dags/example_python_operator.py
[2022-03-30 17:30:30,623] {processor.py:642} INFO - Processing file /home/airflow/.local/lib/python3.7/site-packages/airflow/example_dags/example_python_operator.py for tasks to queue
[2022-03-30 17:30:30,626] {logging_mixin.py:109} INFO - [2022-03-30 17:30:30,626] {dagbag.py:500} INFO - Filling up the DagBag from /home/airflow/.local/lib/python3.7/site-packages/airflow/example_dags/example_python_operator.py
[2022-03-30 17:30:30,721] {processor.py:654} INFO - DAG(s) dict_keys(['example_python_operator']) retrieved from /home/airflow/.local/lib/python3.7/site-packages/airflow/example_dags/example_python_operator.py
[2022-03-30 17:30:30,759] {logging_mixin.py:109} INFO - [2022-03-30 17:30:30,759] {dag.py:2398} INFO - Sync 1 DAGs
[2022-03-30 17:30:30,810] {logging_mixin.py:109} INFO - [2022-03-30 17:30:30,810] {dag.py:2937} INFO - Setting next_dagrun for example_python_operator to None
[2022-03-30 17:30:30,835] {processor.py:171} INFO - Processing /home/airflow/.local/lib/python3.7/site-packages/airflow/example_dags/example_python_operator.py took 0.222 seconds
[2022-03-30 17:31:02,505] {processor.py:163} INFO - Started process (PID=1684) to work on /home/airflow/.local/lib/python3.7/site-packages/airflow/example_dags/example_python_operator.py
[2022-03-30 17:31:02,520] {processor.py:642} INFO - Processing file /home/airflow/.local/lib/python3.7/site-packages/airflow/example_dags/example_python_operator.py for tasks to queue
[2022-03-30 17:31:02,528] {logging_mixin.py:109} INFO - [2022-03-30 17:31:02,527] {dagbag.py:500} INFO - Filling up the DagBag from /home/airflow/.local/lib/python3.7/site-packages/airflow/example_dags/example_python_operator.py
[2022-03-30 17:31:02,911] {processor.py:654} INFO - DAG(s) dict_keys(['example_python_operator']) retrieved from /home/airflow/.local/lib/python3.7/site-packages/airflow/example_dags/example_python_operator.py
[2022-03-30 17:31:02,964] {logging_mixin.py:109} INFO - [2022-03-30 17:31:02,964] {dag.py:2398} INFO - Sync 1 DAGs
[2022-03-30 17:31:03,031] {logging_mixin.py:109} INFO - [2022-03-30 17:31:03,031] {dag.py:2937} INFO - Setting next_dagrun for example_python_operator to None
[2022-03-30 17:31:03,064] {processor.py:171} INFO - Processing /home/airflow/.local/lib/python3.7/site-packages/airflow/example_dags/example_python_operator.py took 0.590 seconds
[2022-03-30 17:31:33,274] {processor.py:163} INFO - Started process (PID=1908) to work on /home/airflow/.local/lib/python3.7/site-packages/airflow/example_dags/example_python_operator.py
[2022-03-30 17:31:33,278] {processor.py:642} INFO - Processing file /home/airflow/.local/lib/python3.7/site-packages/airflow/example_dags/example_python_operator.py for tasks to queue
[2022-03-30 17:31:33,280] {logging_mixin.py:109} INFO - [2022-03-30 17:31:33,280] {dagbag.py:500} INFO - Filling up the DagBag from /home/airflow/.local/lib/python3.7/site-packages/airflow/example_dags/example_python_operator.py
[2022-03-30 17:31:33,366] {processor.py:654} INFO - DAG(s) dict_keys(['example_python_operator']) retrieved from /home/airflow/.local/lib/python3.7/site-packages/airflow/example_dags/example_python_operator.py
[2022-03-30 17:31:33,405] {logging_mixin.py:109} INFO - [2022-03-30 17:31:33,405] {dag.py:2398} INFO - Sync 1 DAGs
[2022-03-30 17:31:33,457] {logging_mixin.py:109} INFO - [2022-03-30 17:31:33,457] {dag.py:2937} INFO - Setting next_dagrun for example_python_operator to None
[2022-03-30 17:31:33,579] {processor.py:171} INFO - Processing /home/airflow/.local/lib/python3.7/site-packages/airflow/example_dags/example_python_operator.py took 0.311 seconds
[2022-03-30 17:32:03,708] {processor.py:163} INFO - Started process (PID=2130) to work on /home/airflow/.local/lib/python3.7/site-packages/airflow/example_dags/example_python_operator.py
[2022-03-30 17:32:03,712] {processor.py:642} INFO - Processing file /home/airflow/.local/lib/python3.7/site-packages/airflow/example_dags/example_python_operator.py for tasks to queue
[2022-03-30 17:32:03,714] {logging_mixin.py:109} INFO - [2022-03-30 17:32:03,713] {dagbag.py:500} INFO - Filling up the DagBag from /home/airflow/.local/lib/python3.7/site-packages/airflow/example_dags/example_python_operator.py
[2022-03-30 17:32:03,798] {processor.py:654} INFO - DAG(s) dict_keys(['example_python_operator']) retrieved from /home/airflow/.local/lib/python3.7/site-packages/airflow/example_dags/example_python_operator.py
[2022-03-30 17:32:03,834] {logging_mixin.py:109} INFO - [2022-03-30 17:32:03,833] {dag.py:2398} INFO - Sync 1 DAGs
[2022-03-30 17:32:03,988] {logging_mixin.py:109} INFO - [2022-03-30 17:32:03,988] {dag.py:2937} INFO - Setting next_dagrun for example_python_operator to None
[2022-03-30 17:32:04,011] {processor.py:171} INFO - Processing /home/airflow/.local/lib/python3.7/site-packages/airflow/example_dags/example_python_operator.py took 0.309 seconds
[2022-03-30 17:32:34,215] {processor.py:163} INFO - Started process (PID=2362) to work on /home/airflow/.local/lib/python3.7/site-packages/airflow/example_dags/example_python_operator.py
[2022-03-30 17:32:34,219] {processor.py:642} INFO - Processing file /home/airflow/.local/lib/python3.7/site-packages/airflow/example_dags/example_python_operator.py for tasks to queue
[2022-03-30 17:32:34,222] {logging_mixin.py:109} INFO - [2022-03-30 17:32:34,222] {dagbag.py:500} INFO - Filling up the DagBag from /home/airflow/.local/lib/python3.7/site-packages/airflow/example_dags/example_python_operator.py
[2022-03-30 17:32:34,313] {processor.py:654} INFO - DAG(s) dict_keys(['example_python_operator']) retrieved from /home/airflow/.local/lib/python3.7/site-packages/airflow/example_dags/example_python_operator.py
[2022-03-30 17:32:34,349] {logging_mixin.py:109} INFO - [2022-03-30 17:32:34,349] {dag.py:2398} INFO - Sync 1 DAGs
[2022-03-30 17:32:34,506] {logging_mixin.py:109} INFO - [2022-03-30 17:32:34,505] {dag.py:2937} INFO - Setting next_dagrun for example_python_operator to None
[2022-03-30 17:32:34,529] {processor.py:171} INFO - Processing /home/airflow/.local/lib/python3.7/site-packages/airflow/example_dags/example_python_operator.py took 0.320 seconds
[2022-03-30 17:33:04,831] {processor.py:163} INFO - Started process (PID=2574) to work on /home/airflow/.local/lib/python3.7/site-packages/airflow/example_dags/example_python_operator.py
[2022-03-30 17:33:04,835] {processor.py:642} INFO - Processing file /home/airflow/.local/lib/python3.7/site-packages/airflow/example_dags/example_python_operator.py for tasks to queue
[2022-03-30 17:33:04,837] {logging_mixin.py:109} INFO - [2022-03-30 17:33:04,837] {dagbag.py:500} INFO - Filling up the DagBag from /home/airflow/.local/lib/python3.7/site-packages/airflow/example_dags/example_python_operator.py
[2022-03-30 17:33:04,922] {processor.py:654} INFO - DAG(s) dict_keys(['example_python_operator']) retrieved from /home/airflow/.local/lib/python3.7/site-packages/airflow/example_dags/example_python_operator.py
[2022-03-30 17:33:04,959] {logging_mixin.py:109} INFO - [2022-03-30 17:33:04,958] {dag.py:2398} INFO - Sync 1 DAGs
[2022-03-30 17:33:05,111] {logging_mixin.py:109} INFO - [2022-03-30 17:33:05,110] {dag.py:2937} INFO - Setting next_dagrun for example_python_operator to None
[2022-03-30 17:33:05,134] {processor.py:171} INFO - Processing /home/airflow/.local/lib/python3.7/site-packages/airflow/example_dags/example_python_operator.py took 0.311 seconds
[2022-03-30 17:33:35,535] {processor.py:163} INFO - Started process (PID=2810) to work on /home/airflow/.local/lib/python3.7/site-packages/airflow/example_dags/example_python_operator.py
[2022-03-30 17:33:35,538] {processor.py:642} INFO - Processing file /home/airflow/.local/lib/python3.7/site-packages/airflow/example_dags/example_python_operator.py for tasks to queue
[2022-03-30 17:33:35,541] {logging_mixin.py:109} INFO - [2022-03-30 17:33:35,540] {dagbag.py:500} INFO - Filling up the DagBag from /home/airflow/.local/lib/python3.7/site-packages/airflow/example_dags/example_python_operator.py
[2022-03-30 17:33:35,635] {processor.py:654} INFO - DAG(s) dict_keys(['example_python_operator']) retrieved from /home/airflow/.local/lib/python3.7/site-packages/airflow/example_dags/example_python_operator.py
[2022-03-30 17:33:35,675] {logging_mixin.py:109} INFO - [2022-03-30 17:33:35,675] {dag.py:2398} INFO - Sync 1 DAGs
[2022-03-30 17:33:35,836] {logging_mixin.py:109} INFO - [2022-03-30 17:33:35,836] {dag.py:2937} INFO - Setting next_dagrun for example_python_operator to None
[2022-03-30 17:33:35,860] {processor.py:171} INFO - Processing /home/airflow/.local/lib/python3.7/site-packages/airflow/example_dags/example_python_operator.py took 0.332 seconds
[2022-03-30 17:34:06,294] {processor.py:163} INFO - Started process (PID=3026) to work on /home/airflow/.local/lib/python3.7/site-packages/airflow/example_dags/example_python_operator.py
[2022-03-30 17:34:06,299] {processor.py:642} INFO - Processing file /home/airflow/.local/lib/python3.7/site-packages/airflow/example_dags/example_python_operator.py for tasks to queue
[2022-03-30 17:34:06,304] {logging_mixin.py:109} INFO - [2022-03-30 17:34:06,304] {dagbag.py:500} INFO - Filling up the DagBag from /home/airflow/.local/lib/python3.7/site-packages/airflow/example_dags/example_python_operator.py
[2022-03-30 17:34:06,415] {processor.py:654} INFO - DAG(s) dict_keys(['example_python_operator']) retrieved from /home/airflow/.local/lib/python3.7/site-packages/airflow/example_dags/example_python_operator.py
[2022-03-30 17:34:06,466] {logging_mixin.py:109} INFO - [2022-03-30 17:34:06,466] {dag.py:2398} INFO - Sync 1 DAGs
[2022-03-30 17:34:06,643] {logging_mixin.py:109} INFO - [2022-03-30 17:34:06,643] {dag.py:2937} INFO - Setting next_dagrun for example_python_operator to None
[2022-03-30 17:34:06,671] {processor.py:171} INFO - Processing /home/airflow/.local/lib/python3.7/site-packages/airflow/example_dags/example_python_operator.py took 0.386 seconds
[2022-03-30 17:34:36,762] {processor.py:163} INFO - Started process (PID=3262) to work on /home/airflow/.local/lib/python3.7/site-packages/airflow/example_dags/example_python_operator.py
[2022-03-30 17:34:36,766] {processor.py:642} INFO - Processing file /home/airflow/.local/lib/python3.7/site-packages/airflow/example_dags/example_python_operator.py for tasks to queue
[2022-03-30 17:34:36,772] {logging_mixin.py:109} INFO - [2022-03-30 17:34:36,771] {dagbag.py:500} INFO - Filling up the DagBag from /home/airflow/.local/lib/python3.7/site-packages/airflow/example_dags/example_python_operator.py
[2022-03-30 17:34:36,903] {processor.py:654} INFO - DAG(s) dict_keys(['example_python_operator']) retrieved from /home/airflow/.local/lib/python3.7/site-packages/airflow/example_dags/example_python_operator.py
[2022-03-30 17:34:37,084] {logging_mixin.py:109} INFO - [2022-03-30 17:34:37,084] {dag.py:2398} INFO - Sync 1 DAGs
[2022-03-30 17:34:37,142] {logging_mixin.py:109} INFO - [2022-03-30 17:34:37,142] {dag.py:2937} INFO - Setting next_dagrun for example_python_operator to None
[2022-03-30 17:34:37,172] {processor.py:171} INFO - Processing /home/airflow/.local/lib/python3.7/site-packages/airflow/example_dags/example_python_operator.py took 0.418 seconds
[2022-03-30 17:35:07,411] {processor.py:163} INFO - Started process (PID=3478) to work on /home/airflow/.local/lib/python3.7/site-packages/airflow/example_dags/example_python_operator.py
[2022-03-30 17:35:07,415] {processor.py:642} INFO - Processing file /home/airflow/.local/lib/python3.7/site-packages/airflow/example_dags/example_python_operator.py for tasks to queue
[2022-03-30 17:35:07,418] {logging_mixin.py:109} INFO - [2022-03-30 17:35:07,417] {dagbag.py:500} INFO - Filling up the DagBag from /home/airflow/.local/lib/python3.7/site-packages/airflow/example_dags/example_python_operator.py
[2022-03-30 17:35:07,634] {processor.py:654} INFO - DAG(s) dict_keys(['example_python_operator']) retrieved from /home/airflow/.local/lib/python3.7/site-packages/airflow/example_dags/example_python_operator.py
[2022-03-30 17:35:07,673] {logging_mixin.py:109} INFO - [2022-03-30 17:35:07,673] {dag.py:2398} INFO - Sync 1 DAGs
[2022-03-30 17:35:07,726] {logging_mixin.py:109} INFO - [2022-03-30 17:35:07,726] {dag.py:2937} INFO - Setting next_dagrun for example_python_operator to None
[2022-03-30 17:35:07,753] {processor.py:171} INFO - Processing /home/airflow/.local/lib/python3.7/site-packages/airflow/example_dags/example_python_operator.py took 0.354 seconds
[2022-03-30 17:35:38,216] {processor.py:163} INFO - Started process (PID=3713) to work on /home/airflow/.local/lib/python3.7/site-packages/airflow/example_dags/example_python_operator.py
[2022-03-30 17:35:38,226] {processor.py:642} INFO - Processing file /home/airflow/.local/lib/python3.7/site-packages/airflow/example_dags/example_python_operator.py for tasks to queue
[2022-03-30 17:35:38,231] {logging_mixin.py:109} INFO - [2022-03-30 17:35:38,231] {dagbag.py:500} INFO - Filling up the DagBag from /home/airflow/.local/lib/python3.7/site-packages/airflow/example_dags/example_python_operator.py
[2022-03-30 17:35:38,509] {processor.py:654} INFO - DAG(s) dict_keys(['example_python_operator']) retrieved from /home/airflow/.local/lib/python3.7/site-packages/airflow/example_dags/example_python_operator.py
[2022-03-30 17:35:38,563] {logging_mixin.py:109} INFO - [2022-03-30 17:35:38,562] {dag.py:2398} INFO - Sync 1 DAGs
[2022-03-30 17:35:38,621] {logging_mixin.py:109} INFO - [2022-03-30 17:35:38,621] {dag.py:2937} INFO - Setting next_dagrun for example_python_operator to None
[2022-03-30 17:35:38,651] {processor.py:171} INFO - Processing /home/airflow/.local/lib/python3.7/site-packages/airflow/example_dags/example_python_operator.py took 0.449 seconds
[2022-03-30 17:36:08,826] {processor.py:163} INFO - Started process (PID=3928) to work on /home/airflow/.local/lib/python3.7/site-packages/airflow/example_dags/example_python_operator.py
[2022-03-30 17:36:08,829] {processor.py:642} INFO - Processing file /home/airflow/.local/lib/python3.7/site-packages/airflow/example_dags/example_python_operator.py for tasks to queue
[2022-03-30 17:36:08,831] {logging_mixin.py:109} INFO - [2022-03-30 17:36:08,831] {dagbag.py:500} INFO - Filling up the DagBag from /home/airflow/.local/lib/python3.7/site-packages/airflow/example_dags/example_python_operator.py
[2022-03-30 17:36:09,018] {processor.py:654} INFO - DAG(s) dict_keys(['example_python_operator']) retrieved from /home/airflow/.local/lib/python3.7/site-packages/airflow/example_dags/example_python_operator.py
[2022-03-30 17:36:09,055] {logging_mixin.py:109} INFO - [2022-03-30 17:36:09,055] {dag.py:2398} INFO - Sync 1 DAGs
[2022-03-30 17:36:09,107] {logging_mixin.py:109} INFO - [2022-03-30 17:36:09,107] {dag.py:2937} INFO - Setting next_dagrun for example_python_operator to None
[2022-03-30 17:36:09,134] {processor.py:171} INFO - Processing /home/airflow/.local/lib/python3.7/site-packages/airflow/example_dags/example_python_operator.py took 0.314 seconds
[2022-03-30 17:36:39,408] {processor.py:163} INFO - Started process (PID=4160) to work on /home/airflow/.local/lib/python3.7/site-packages/airflow/example_dags/example_python_operator.py
[2022-03-30 17:36:39,412] {processor.py:642} INFO - Processing file /home/airflow/.local/lib/python3.7/site-packages/airflow/example_dags/example_python_operator.py for tasks to queue
[2022-03-30 17:36:39,414] {logging_mixin.py:109} INFO - [2022-03-30 17:36:39,414] {dagbag.py:500} INFO - Filling up the DagBag from /home/airflow/.local/lib/python3.7/site-packages/airflow/example_dags/example_python_operator.py
[2022-03-30 17:36:39,634] {processor.py:654} INFO - DAG(s) dict_keys(['example_python_operator']) retrieved from /home/airflow/.local/lib/python3.7/site-packages/airflow/example_dags/example_python_operator.py
[2022-03-30 17:36:39,677] {logging_mixin.py:109} INFO - [2022-03-30 17:36:39,677] {dag.py:2398} INFO - Sync 1 DAGs
[2022-03-30 17:36:39,734] {logging_mixin.py:109} INFO - [2022-03-30 17:36:39,734] {dag.py:2937} INFO - Setting next_dagrun for example_python_operator to None
[2022-03-30 17:36:39,764] {processor.py:171} INFO - Processing /home/airflow/.local/lib/python3.7/site-packages/airflow/example_dags/example_python_operator.py took 0.363 seconds
[2022-03-30 17:37:10,133] {processor.py:163} INFO - Started process (PID=4375) to work on /home/airflow/.local/lib/python3.7/site-packages/airflow/example_dags/example_python_operator.py
[2022-03-30 17:37:10,138] {processor.py:642} INFO - Processing file /home/airflow/.local/lib/python3.7/site-packages/airflow/example_dags/example_python_operator.py for tasks to queue
[2022-03-30 17:37:10,141] {logging_mixin.py:109} INFO - [2022-03-30 17:37:10,140] {dagbag.py:500} INFO - Filling up the DagBag from /home/airflow/.local/lib/python3.7/site-packages/airflow/example_dags/example_python_operator.py
[2022-03-30 17:37:10,322] {processor.py:654} INFO - DAG(s) dict_keys(['example_python_operator']) retrieved from /home/airflow/.local/lib/python3.7/site-packages/airflow/example_dags/example_python_operator.py
[2022-03-30 17:37:10,358] {logging_mixin.py:109} INFO - [2022-03-30 17:37:10,358] {dag.py:2398} INFO - Sync 1 DAGs
[2022-03-30 17:37:10,405] {logging_mixin.py:109} INFO - [2022-03-30 17:37:10,405] {dag.py:2937} INFO - Setting next_dagrun for example_python_operator to None
[2022-03-30 17:37:10,428] {processor.py:171} INFO - Processing /home/airflow/.local/lib/python3.7/site-packages/airflow/example_dags/example_python_operator.py took 0.303 seconds
[2022-03-30 17:37:40,782] {processor.py:163} INFO - Started process (PID=4606) to work on /home/airflow/.local/lib/python3.7/site-packages/airflow/example_dags/example_python_operator.py
[2022-03-30 17:37:40,785] {processor.py:642} INFO - Processing file /home/airflow/.local/lib/python3.7/site-packages/airflow/example_dags/example_python_operator.py for tasks to queue
[2022-03-30 17:37:40,788] {logging_mixin.py:109} INFO - [2022-03-30 17:37:40,788] {dagbag.py:500} INFO - Filling up the DagBag from /home/airflow/.local/lib/python3.7/site-packages/airflow/example_dags/example_python_operator.py
[2022-03-30 17:37:40,992] {processor.py:654} INFO - DAG(s) dict_keys(['example_python_operator']) retrieved from /home/airflow/.local/lib/python3.7/site-packages/airflow/example_dags/example_python_operator.py
[2022-03-30 17:37:41,049] {logging_mixin.py:109} INFO - [2022-03-30 17:37:41,049] {dag.py:2398} INFO - Sync 1 DAGs
[2022-03-30 17:37:41,116] {logging_mixin.py:109} INFO - [2022-03-30 17:37:41,116] {dag.py:2937} INFO - Setting next_dagrun for example_python_operator to None
[2022-03-30 17:37:41,141] {processor.py:171} INFO - Processing /home/airflow/.local/lib/python3.7/site-packages/airflow/example_dags/example_python_operator.py took 0.367 seconds
[2022-03-30 17:38:11,237] {processor.py:163} INFO - Started process (PID=4823) to work on /home/airflow/.local/lib/python3.7/site-packages/airflow/example_dags/example_python_operator.py
[2022-03-30 17:38:11,244] {processor.py:642} INFO - Processing file /home/airflow/.local/lib/python3.7/site-packages/airflow/example_dags/example_python_operator.py for tasks to queue
[2022-03-30 17:38:11,247] {logging_mixin.py:109} INFO - [2022-03-30 17:38:11,247] {dagbag.py:500} INFO - Filling up the DagBag from /home/airflow/.local/lib/python3.7/site-packages/airflow/example_dags/example_python_operator.py
[2022-03-30 17:38:11,479] {processor.py:654} INFO - DAG(s) dict_keys(['example_python_operator']) retrieved from /home/airflow/.local/lib/python3.7/site-packages/airflow/example_dags/example_python_operator.py
[2022-03-30 17:38:11,535] {logging_mixin.py:109} INFO - [2022-03-30 17:38:11,535] {dag.py:2398} INFO - Sync 1 DAGs
[2022-03-30 17:38:11,603] {logging_mixin.py:109} INFO - [2022-03-30 17:38:11,603] {dag.py:2937} INFO - Setting next_dagrun for example_python_operator to None
[2022-03-30 17:38:11,633] {processor.py:171} INFO - Processing /home/airflow/.local/lib/python3.7/site-packages/airflow/example_dags/example_python_operator.py took 0.404 seconds
[2022-03-30 17:38:42,262] {processor.py:163} INFO - Started process (PID=5055) to work on /home/airflow/.local/lib/python3.7/site-packages/airflow/example_dags/example_python_operator.py
[2022-03-30 17:38:42,268] {processor.py:642} INFO - Processing file /home/airflow/.local/lib/python3.7/site-packages/airflow/example_dags/example_python_operator.py for tasks to queue
[2022-03-30 17:38:42,275] {logging_mixin.py:109} INFO - [2022-03-30 17:38:42,275] {dagbag.py:500} INFO - Filling up the DagBag from /home/airflow/.local/lib/python3.7/site-packages/airflow/example_dags/example_python_operator.py
[2022-03-30 17:38:42,491] {processor.py:654} INFO - DAG(s) dict_keys(['example_python_operator']) retrieved from /home/airflow/.local/lib/python3.7/site-packages/airflow/example_dags/example_python_operator.py
[2022-03-30 17:38:42,531] {logging_mixin.py:109} INFO - [2022-03-30 17:38:42,530] {dag.py:2398} INFO - Sync 1 DAGs
[2022-03-30 17:38:42,587] {logging_mixin.py:109} INFO - [2022-03-30 17:38:42,586] {dag.py:2937} INFO - Setting next_dagrun for example_python_operator to None
[2022-03-30 17:38:42,618] {processor.py:171} INFO - Processing /home/airflow/.local/lib/python3.7/site-packages/airflow/example_dags/example_python_operator.py took 0.362 seconds
[2022-03-30 17:39:12,789] {processor.py:163} INFO - Started process (PID=5280) to work on /home/airflow/.local/lib/python3.7/site-packages/airflow/example_dags/example_python_operator.py
[2022-03-30 17:39:12,796] {processor.py:642} INFO - Processing file /home/airflow/.local/lib/python3.7/site-packages/airflow/example_dags/example_python_operator.py for tasks to queue
[2022-03-30 17:39:12,805] {logging_mixin.py:109} INFO - [2022-03-30 17:39:12,803] {dagbag.py:500} INFO - Filling up the DagBag from /home/airflow/.local/lib/python3.7/site-packages/airflow/example_dags/example_python_operator.py
[2022-03-30 17:39:12,971] {processor.py:654} INFO - DAG(s) dict_keys(['example_python_operator']) retrieved from /home/airflow/.local/lib/python3.7/site-packages/airflow/example_dags/example_python_operator.py
[2022-03-30 17:39:13,027] {logging_mixin.py:109} INFO - [2022-03-30 17:39:13,027] {dag.py:2398} INFO - Sync 1 DAGs
[2022-03-30 17:39:13,093] {logging_mixin.py:109} INFO - [2022-03-30 17:39:13,092] {dag.py:2937} INFO - Setting next_dagrun for example_python_operator to None
[2022-03-30 17:39:13,126] {processor.py:171} INFO - Processing /home/airflow/.local/lib/python3.7/site-packages/airflow/example_dags/example_python_operator.py took 0.344 seconds
[2022-03-30 17:39:43,564] {processor.py:163} INFO - Started process (PID=5502) to work on /home/airflow/.local/lib/python3.7/site-packages/airflow/example_dags/example_python_operator.py
[2022-03-30 17:39:43,567] {processor.py:642} INFO - Processing file /home/airflow/.local/lib/python3.7/site-packages/airflow/example_dags/example_python_operator.py for tasks to queue
[2022-03-30 17:39:43,569] {logging_mixin.py:109} INFO - [2022-03-30 17:39:43,569] {dagbag.py:500} INFO - Filling up the DagBag from /home/airflow/.local/lib/python3.7/site-packages/airflow/example_dags/example_python_operator.py
[2022-03-30 17:39:43,673] {processor.py:654} INFO - DAG(s) dict_keys(['example_python_operator']) retrieved from /home/airflow/.local/lib/python3.7/site-packages/airflow/example_dags/example_python_operator.py
[2022-03-30 17:39:43,716] {logging_mixin.py:109} INFO - [2022-03-30 17:39:43,715] {dag.py:2398} INFO - Sync 1 DAGs
[2022-03-30 17:39:43,773] {logging_mixin.py:109} INFO - [2022-03-30 17:39:43,773] {dag.py:2937} INFO - Setting next_dagrun for example_python_operator to None
[2022-03-30 17:39:43,802] {processor.py:171} INFO - Processing /home/airflow/.local/lib/python3.7/site-packages/airflow/example_dags/example_python_operator.py took 0.245 seconds
[2022-03-30 17:40:14,137] {processor.py:163} INFO - Started process (PID=5736) to work on /home/airflow/.local/lib/python3.7/site-packages/airflow/example_dags/example_python_operator.py
[2022-03-30 17:40:14,141] {processor.py:642} INFO - Processing file /home/airflow/.local/lib/python3.7/site-packages/airflow/example_dags/example_python_operator.py for tasks to queue
[2022-03-30 17:40:14,144] {logging_mixin.py:109} INFO - [2022-03-30 17:40:14,143] {dagbag.py:500} INFO - Filling up the DagBag from /home/airflow/.local/lib/python3.7/site-packages/airflow/example_dags/example_python_operator.py
[2022-03-30 17:40:14,241] {processor.py:654} INFO - DAG(s) dict_keys(['example_python_operator']) retrieved from /home/airflow/.local/lib/python3.7/site-packages/airflow/example_dags/example_python_operator.py
[2022-03-30 17:40:14,280] {logging_mixin.py:109} INFO - [2022-03-30 17:40:14,280] {dag.py:2398} INFO - Sync 1 DAGs
[2022-03-30 17:40:14,331] {logging_mixin.py:109} INFO - [2022-03-30 17:40:14,330] {dag.py:2937} INFO - Setting next_dagrun for example_python_operator to None
[2022-03-30 17:40:14,355] {processor.py:171} INFO - Processing /home/airflow/.local/lib/python3.7/site-packages/airflow/example_dags/example_python_operator.py took 0.224 seconds
[2022-03-30 17:40:44,956] {processor.py:163} INFO - Started process (PID=5942) to work on /home/airflow/.local/lib/python3.7/site-packages/airflow/example_dags/example_python_operator.py
[2022-03-30 17:40:44,960] {processor.py:642} INFO - Processing file /home/airflow/.local/lib/python3.7/site-packages/airflow/example_dags/example_python_operator.py for tasks to queue
[2022-03-30 17:40:44,962] {logging_mixin.py:109} INFO - [2022-03-30 17:40:44,961] {dagbag.py:500} INFO - Filling up the DagBag from /home/airflow/.local/lib/python3.7/site-packages/airflow/example_dags/example_python_operator.py
[2022-03-30 17:40:45,051] {processor.py:654} INFO - DAG(s) dict_keys(['example_python_operator']) retrieved from /home/airflow/.local/lib/python3.7/site-packages/airflow/example_dags/example_python_operator.py
[2022-03-30 17:40:45,093] {logging_mixin.py:109} INFO - [2022-03-30 17:40:45,093] {dag.py:2398} INFO - Sync 1 DAGs
[2022-03-30 17:40:45,142] {logging_mixin.py:109} INFO - [2022-03-30 17:40:45,141] {dag.py:2937} INFO - Setting next_dagrun for example_python_operator to None
[2022-03-30 17:40:45,165] {processor.py:171} INFO - Processing /home/airflow/.local/lib/python3.7/site-packages/airflow/example_dags/example_python_operator.py took 0.215 seconds
[2022-03-30 17:41:15,653] {processor.py:163} INFO - Started process (PID=6177) to work on /home/airflow/.local/lib/python3.7/site-packages/airflow/example_dags/example_python_operator.py
[2022-03-30 17:41:15,657] {processor.py:642} INFO - Processing file /home/airflow/.local/lib/python3.7/site-packages/airflow/example_dags/example_python_operator.py for tasks to queue
[2022-03-30 17:41:15,660] {logging_mixin.py:109} INFO - [2022-03-30 17:41:15,660] {dagbag.py:500} INFO - Filling up the DagBag from /home/airflow/.local/lib/python3.7/site-packages/airflow/example_dags/example_python_operator.py
[2022-03-30 17:41:15,758] {processor.py:654} INFO - DAG(s) dict_keys(['example_python_operator']) retrieved from /home/airflow/.local/lib/python3.7/site-packages/airflow/example_dags/example_python_operator.py
[2022-03-30 17:41:15,800] {logging_mixin.py:109} INFO - [2022-03-30 17:41:15,799] {dag.py:2398} INFO - Sync 1 DAGs
[2022-03-30 17:41:15,856] {logging_mixin.py:109} INFO - [2022-03-30 17:41:15,856] {dag.py:2937} INFO - Setting next_dagrun for example_python_operator to None
[2022-03-30 17:41:15,884] {processor.py:171} INFO - Processing /home/airflow/.local/lib/python3.7/site-packages/airflow/example_dags/example_python_operator.py took 0.236 seconds
[2022-03-30 17:41:46,245] {processor.py:163} INFO - Started process (PID=6391) to work on /home/airflow/.local/lib/python3.7/site-packages/airflow/example_dags/example_python_operator.py
[2022-03-30 17:41:46,249] {processor.py:642} INFO - Processing file /home/airflow/.local/lib/python3.7/site-packages/airflow/example_dags/example_python_operator.py for tasks to queue
[2022-03-30 17:41:46,251] {logging_mixin.py:109} INFO - [2022-03-30 17:41:46,251] {dagbag.py:500} INFO - Filling up the DagBag from /home/airflow/.local/lib/python3.7/site-packages/airflow/example_dags/example_python_operator.py
[2022-03-30 17:41:46,338] {processor.py:654} INFO - DAG(s) dict_keys(['example_python_operator']) retrieved from /home/airflow/.local/lib/python3.7/site-packages/airflow/example_dags/example_python_operator.py
[2022-03-30 17:41:46,377] {logging_mixin.py:109} INFO - [2022-03-30 17:41:46,376] {dag.py:2398} INFO - Sync 1 DAGs
[2022-03-30 17:41:46,425] {logging_mixin.py:109} INFO - [2022-03-30 17:41:46,425] {dag.py:2937} INFO - Setting next_dagrun for example_python_operator to None
[2022-03-30 17:41:46,449] {processor.py:171} INFO - Processing /home/airflow/.local/lib/python3.7/site-packages/airflow/example_dags/example_python_operator.py took 0.211 seconds
