[2022-03-30 17:26:54,220] {processor.py:163} INFO - Started process (PID=423) to work on /home/airflow/.local/lib/python3.7/site-packages/airflow/example_dags/example_branch_day_of_week_operator.py
[2022-03-30 17:26:54,225] {processor.py:642} INFO - Processing file /home/airflow/.local/lib/python3.7/site-packages/airflow/example_dags/example_branch_day_of_week_operator.py for tasks to queue
[2022-03-30 17:26:54,243] {logging_mixin.py:109} INFO - [2022-03-30 17:26:54,242] {dagbag.py:500} INFO - Filling up the DagBag from /home/airflow/.local/lib/python3.7/site-packages/airflow/example_dags/example_branch_day_of_week_operator.py
[2022-03-30 17:26:54,491] {processor.py:654} INFO - DAG(s) dict_keys(['example_weekday_branch_operator']) retrieved from /home/airflow/.local/lib/python3.7/site-packages/airflow/example_dags/example_branch_day_of_week_operator.py
[2022-03-30 17:27:17,456] {logging_mixin.py:109} INFO - [2022-03-30 17:27:17,455] {manager.py:496} INFO - Created Permission View: can read on DAG:example_weekday_branch_operator
[2022-03-30 17:27:17,543] {logging_mixin.py:109} INFO - [2022-03-30 17:27:17,542] {manager.py:496} INFO - Created Permission View: can edit on DAG:example_weekday_branch_operator
[2022-03-30 17:27:17,549] {logging_mixin.py:109} INFO - [2022-03-30 17:27:17,548] {dag.py:2398} INFO - Sync 1 DAGs
[2022-03-30 17:27:17,630] {logging_mixin.py:109} INFO - [2022-03-30 17:27:17,629] {dag.py:2417} INFO - Creating ORM DAG for example_weekday_branch_operator
[2022-03-30 17:27:17,750] {logging_mixin.py:109} INFO - [2022-03-30 17:27:17,749] {dag.py:2937} INFO - Setting next_dagrun for example_weekday_branch_operator to 2022-03-29 00:00:00+00:00
[2022-03-30 17:27:17,850] {processor.py:171} INFO - Processing /home/airflow/.local/lib/python3.7/site-packages/airflow/example_dags/example_branch_day_of_week_operator.py took 23.642 seconds
[2022-03-30 17:29:00,773] {processor.py:163} INFO - Started process (PID=824) to work on /home/airflow/.local/lib/python3.7/site-packages/airflow/example_dags/example_branch_day_of_week_operator.py
[2022-03-30 17:29:00,778] {processor.py:642} INFO - Processing file /home/airflow/.local/lib/python3.7/site-packages/airflow/example_dags/example_branch_day_of_week_operator.py for tasks to queue
[2022-03-30 17:29:00,781] {logging_mixin.py:109} INFO - [2022-03-30 17:29:00,780] {dagbag.py:500} INFO - Filling up the DagBag from /home/airflow/.local/lib/python3.7/site-packages/airflow/example_dags/example_branch_day_of_week_operator.py
[2022-03-30 17:29:00,871] {processor.py:654} INFO - DAG(s) dict_keys(['example_weekday_branch_operator']) retrieved from /home/airflow/.local/lib/python3.7/site-packages/airflow/example_dags/example_branch_day_of_week_operator.py
[2022-03-30 17:29:00,908] {logging_mixin.py:109} INFO - [2022-03-30 17:29:00,908] {dag.py:2398} INFO - Sync 1 DAGs
[2022-03-30 17:29:00,985] {logging_mixin.py:109} INFO - [2022-03-30 17:29:00,985] {dag.py:2937} INFO - Setting next_dagrun for example_weekday_branch_operator to 2022-03-29 00:00:00+00:00
[2022-03-30 17:29:01,018] {processor.py:171} INFO - Processing /home/airflow/.local/lib/python3.7/site-packages/airflow/example_dags/example_branch_day_of_week_operator.py took 0.252 seconds
[2022-03-30 17:29:31,165] {processor.py:163} INFO - Started process (PID=1034) to work on /home/airflow/.local/lib/python3.7/site-packages/airflow/example_dags/example_branch_day_of_week_operator.py
[2022-03-30 17:29:31,168] {processor.py:642} INFO - Processing file /home/airflow/.local/lib/python3.7/site-packages/airflow/example_dags/example_branch_day_of_week_operator.py for tasks to queue
[2022-03-30 17:29:31,170] {logging_mixin.py:109} INFO - [2022-03-30 17:29:31,169] {dagbag.py:500} INFO - Filling up the DagBag from /home/airflow/.local/lib/python3.7/site-packages/airflow/example_dags/example_branch_day_of_week_operator.py
[2022-03-30 17:29:31,234] {processor.py:654} INFO - DAG(s) dict_keys(['example_weekday_branch_operator']) retrieved from /home/airflow/.local/lib/python3.7/site-packages/airflow/example_dags/example_branch_day_of_week_operator.py
[2022-03-30 17:29:31,262] {logging_mixin.py:109} INFO - [2022-03-30 17:29:31,262] {dag.py:2398} INFO - Sync 1 DAGs
[2022-03-30 17:29:31,317] {logging_mixin.py:109} INFO - [2022-03-30 17:29:31,317] {dag.py:2937} INFO - Setting next_dagrun for example_weekday_branch_operator to 2022-03-29 00:00:00+00:00
[2022-03-30 17:29:31,338] {processor.py:171} INFO - Processing /home/airflow/.local/lib/python3.7/site-packages/airflow/example_dags/example_branch_day_of_week_operator.py took 0.179 seconds
[2022-03-30 17:30:02,173] {processor.py:163} INFO - Started process (PID=1268) to work on /home/airflow/.local/lib/python3.7/site-packages/airflow/example_dags/example_branch_day_of_week_operator.py
[2022-03-30 17:30:02,179] {processor.py:642} INFO - Processing file /home/airflow/.local/lib/python3.7/site-packages/airflow/example_dags/example_branch_day_of_week_operator.py for tasks to queue
[2022-03-30 17:30:02,185] {logging_mixin.py:109} INFO - [2022-03-30 17:30:02,184] {dagbag.py:500} INFO - Filling up the DagBag from /home/airflow/.local/lib/python3.7/site-packages/airflow/example_dags/example_branch_day_of_week_operator.py
[2022-03-30 17:30:02,349] {processor.py:654} INFO - DAG(s) dict_keys(['example_weekday_branch_operator']) retrieved from /home/airflow/.local/lib/python3.7/site-packages/airflow/example_dags/example_branch_day_of_week_operator.py
[2022-03-30 17:30:02,429] {logging_mixin.py:109} INFO - [2022-03-30 17:30:02,429] {dag.py:2398} INFO - Sync 1 DAGs
[2022-03-30 17:30:02,549] {logging_mixin.py:109} INFO - [2022-03-30 17:30:02,548] {dag.py:2937} INFO - Setting next_dagrun for example_weekday_branch_operator to 2022-03-29 00:00:00+00:00
[2022-03-30 17:30:02,587] {processor.py:171} INFO - Processing /home/airflow/.local/lib/python3.7/site-packages/airflow/example_dags/example_branch_day_of_week_operator.py took 0.425 seconds
[2022-03-30 17:30:33,312] {processor.py:163} INFO - Started process (PID=1498) to work on /home/airflow/.local/lib/python3.7/site-packages/airflow/example_dags/example_branch_day_of_week_operator.py
[2022-03-30 17:30:33,316] {processor.py:642} INFO - Processing file /home/airflow/.local/lib/python3.7/site-packages/airflow/example_dags/example_branch_day_of_week_operator.py for tasks to queue
[2022-03-30 17:30:33,318] {logging_mixin.py:109} INFO - [2022-03-30 17:30:33,318] {dagbag.py:500} INFO - Filling up the DagBag from /home/airflow/.local/lib/python3.7/site-packages/airflow/example_dags/example_branch_day_of_week_operator.py
[2022-03-30 17:30:33,395] {processor.py:654} INFO - DAG(s) dict_keys(['example_weekday_branch_operator']) retrieved from /home/airflow/.local/lib/python3.7/site-packages/airflow/example_dags/example_branch_day_of_week_operator.py
[2022-03-30 17:30:33,430] {logging_mixin.py:109} INFO - [2022-03-30 17:30:33,429] {dag.py:2398} INFO - Sync 1 DAGs
[2022-03-30 17:30:33,502] {logging_mixin.py:109} INFO - [2022-03-30 17:30:33,501] {dag.py:2937} INFO - Setting next_dagrun for example_weekday_branch_operator to 2022-03-29 00:00:00+00:00
[2022-03-30 17:30:33,530] {processor.py:171} INFO - Processing /home/airflow/.local/lib/python3.7/site-packages/airflow/example_dags/example_branch_day_of_week_operator.py took 0.224 seconds
[2022-03-30 17:31:03,681] {processor.py:163} INFO - Started process (PID=1710) to work on /home/airflow/.local/lib/python3.7/site-packages/airflow/example_dags/example_branch_day_of_week_operator.py
[2022-03-30 17:31:03,684] {processor.py:642} INFO - Processing file /home/airflow/.local/lib/python3.7/site-packages/airflow/example_dags/example_branch_day_of_week_operator.py for tasks to queue
[2022-03-30 17:31:03,687] {logging_mixin.py:109} INFO - [2022-03-30 17:31:03,686] {dagbag.py:500} INFO - Filling up the DagBag from /home/airflow/.local/lib/python3.7/site-packages/airflow/example_dags/example_branch_day_of_week_operator.py
[2022-03-30 17:31:03,759] {processor.py:654} INFO - DAG(s) dict_keys(['example_weekday_branch_operator']) retrieved from /home/airflow/.local/lib/python3.7/site-packages/airflow/example_dags/example_branch_day_of_week_operator.py
[2022-03-30 17:31:03,790] {logging_mixin.py:109} INFO - [2022-03-30 17:31:03,790] {dag.py:2398} INFO - Sync 1 DAGs
[2022-03-30 17:31:03,852] {logging_mixin.py:109} INFO - [2022-03-30 17:31:03,852] {dag.py:2937} INFO - Setting next_dagrun for example_weekday_branch_operator to 2022-03-29 00:00:00+00:00
[2022-03-30 17:31:03,877] {processor.py:171} INFO - Processing /home/airflow/.local/lib/python3.7/site-packages/airflow/example_dags/example_branch_day_of_week_operator.py took 0.202 seconds
[2022-03-30 17:31:34,618] {processor.py:163} INFO - Started process (PID=1942) to work on /home/airflow/.local/lib/python3.7/site-packages/airflow/example_dags/example_branch_day_of_week_operator.py
[2022-03-30 17:31:34,622] {processor.py:642} INFO - Processing file /home/airflow/.local/lib/python3.7/site-packages/airflow/example_dags/example_branch_day_of_week_operator.py for tasks to queue
[2022-03-30 17:31:34,625] {logging_mixin.py:109} INFO - [2022-03-30 17:31:34,624] {dagbag.py:500} INFO - Filling up the DagBag from /home/airflow/.local/lib/python3.7/site-packages/airflow/example_dags/example_branch_day_of_week_operator.py
[2022-03-30 17:31:34,710] {processor.py:654} INFO - DAG(s) dict_keys(['example_weekday_branch_operator']) retrieved from /home/airflow/.local/lib/python3.7/site-packages/airflow/example_dags/example_branch_day_of_week_operator.py
[2022-03-30 17:31:34,743] {logging_mixin.py:109} INFO - [2022-03-30 17:31:34,742] {dag.py:2398} INFO - Sync 1 DAGs
[2022-03-30 17:31:34,810] {logging_mixin.py:109} INFO - [2022-03-30 17:31:34,809] {dag.py:2937} INFO - Setting next_dagrun for example_weekday_branch_operator to 2022-03-29 00:00:00+00:00
[2022-03-30 17:31:34,837] {processor.py:171} INFO - Processing /home/airflow/.local/lib/python3.7/site-packages/airflow/example_dags/example_branch_day_of_week_operator.py took 0.224 seconds
[2022-03-30 17:32:04,968] {processor.py:163} INFO - Started process (PID=2158) to work on /home/airflow/.local/lib/python3.7/site-packages/airflow/example_dags/example_branch_day_of_week_operator.py
[2022-03-30 17:32:04,972] {processor.py:642} INFO - Processing file /home/airflow/.local/lib/python3.7/site-packages/airflow/example_dags/example_branch_day_of_week_operator.py for tasks to queue
[2022-03-30 17:32:04,974] {logging_mixin.py:109} INFO - [2022-03-30 17:32:04,974] {dagbag.py:500} INFO - Filling up the DagBag from /home/airflow/.local/lib/python3.7/site-packages/airflow/example_dags/example_branch_day_of_week_operator.py
[2022-03-30 17:32:05,041] {processor.py:654} INFO - DAG(s) dict_keys(['example_weekday_branch_operator']) retrieved from /home/airflow/.local/lib/python3.7/site-packages/airflow/example_dags/example_branch_day_of_week_operator.py
[2022-03-30 17:32:05,069] {logging_mixin.py:109} INFO - [2022-03-30 17:32:05,069] {dag.py:2398} INFO - Sync 1 DAGs
[2022-03-30 17:32:05,137] {logging_mixin.py:109} INFO - [2022-03-30 17:32:05,136] {dag.py:2937} INFO - Setting next_dagrun for example_weekday_branch_operator to 2022-03-29 00:00:00+00:00
[2022-03-30 17:32:05,172] {processor.py:171} INFO - Processing /home/airflow/.local/lib/python3.7/site-packages/airflow/example_dags/example_branch_day_of_week_operator.py took 0.210 seconds
[2022-03-30 17:32:35,739] {processor.py:163} INFO - Started process (PID=2390) to work on /home/airflow/.local/lib/python3.7/site-packages/airflow/example_dags/example_branch_day_of_week_operator.py
[2022-03-30 17:32:35,743] {processor.py:642} INFO - Processing file /home/airflow/.local/lib/python3.7/site-packages/airflow/example_dags/example_branch_day_of_week_operator.py for tasks to queue
[2022-03-30 17:32:35,747] {logging_mixin.py:109} INFO - [2022-03-30 17:32:35,746] {dagbag.py:500} INFO - Filling up the DagBag from /home/airflow/.local/lib/python3.7/site-packages/airflow/example_dags/example_branch_day_of_week_operator.py
[2022-03-30 17:32:35,849] {processor.py:654} INFO - DAG(s) dict_keys(['example_weekday_branch_operator']) retrieved from /home/airflow/.local/lib/python3.7/site-packages/airflow/example_dags/example_branch_day_of_week_operator.py
[2022-03-30 17:32:35,903] {logging_mixin.py:109} INFO - [2022-03-30 17:32:35,902] {dag.py:2398} INFO - Sync 1 DAGs
[2022-03-30 17:32:35,992] {logging_mixin.py:109} INFO - [2022-03-30 17:32:35,992] {dag.py:2937} INFO - Setting next_dagrun for example_weekday_branch_operator to 2022-03-29 00:00:00+00:00
[2022-03-30 17:32:36,023] {processor.py:171} INFO - Processing /home/airflow/.local/lib/python3.7/site-packages/airflow/example_dags/example_branch_day_of_week_operator.py took 0.292 seconds
[2022-03-30 17:33:06,140] {processor.py:163} INFO - Started process (PID=2601) to work on /home/airflow/.local/lib/python3.7/site-packages/airflow/example_dags/example_branch_day_of_week_operator.py
[2022-03-30 17:33:06,144] {processor.py:642} INFO - Processing file /home/airflow/.local/lib/python3.7/site-packages/airflow/example_dags/example_branch_day_of_week_operator.py for tasks to queue
[2022-03-30 17:33:06,147] {logging_mixin.py:109} INFO - [2022-03-30 17:33:06,146] {dagbag.py:500} INFO - Filling up the DagBag from /home/airflow/.local/lib/python3.7/site-packages/airflow/example_dags/example_branch_day_of_week_operator.py
[2022-03-30 17:33:06,222] {processor.py:654} INFO - DAG(s) dict_keys(['example_weekday_branch_operator']) retrieved from /home/airflow/.local/lib/python3.7/site-packages/airflow/example_dags/example_branch_day_of_week_operator.py
[2022-03-30 17:33:06,254] {logging_mixin.py:109} INFO - [2022-03-30 17:33:06,254] {dag.py:2398} INFO - Sync 1 DAGs
[2022-03-30 17:33:06,416] {logging_mixin.py:109} INFO - [2022-03-30 17:33:06,416] {dag.py:2937} INFO - Setting next_dagrun for example_weekday_branch_operator to 2022-03-29 00:00:00+00:00
[2022-03-30 17:33:06,438] {processor.py:171} INFO - Processing /home/airflow/.local/lib/python3.7/site-packages/airflow/example_dags/example_branch_day_of_week_operator.py took 0.304 seconds
[2022-03-30 17:33:36,613] {processor.py:163} INFO - Started process (PID=2836) to work on /home/airflow/.local/lib/python3.7/site-packages/airflow/example_dags/example_branch_day_of_week_operator.py
[2022-03-30 17:33:36,617] {processor.py:642} INFO - Processing file /home/airflow/.local/lib/python3.7/site-packages/airflow/example_dags/example_branch_day_of_week_operator.py for tasks to queue
[2022-03-30 17:33:36,620] {logging_mixin.py:109} INFO - [2022-03-30 17:33:36,620] {dagbag.py:500} INFO - Filling up the DagBag from /home/airflow/.local/lib/python3.7/site-packages/airflow/example_dags/example_branch_day_of_week_operator.py
[2022-03-30 17:33:36,692] {processor.py:654} INFO - DAG(s) dict_keys(['example_weekday_branch_operator']) retrieved from /home/airflow/.local/lib/python3.7/site-packages/airflow/example_dags/example_branch_day_of_week_operator.py
[2022-03-30 17:33:36,722] {logging_mixin.py:109} INFO - [2022-03-30 17:33:36,721] {dag.py:2398} INFO - Sync 1 DAGs
[2022-03-30 17:33:36,884] {logging_mixin.py:109} INFO - [2022-03-30 17:33:36,883] {dag.py:2937} INFO - Setting next_dagrun for example_weekday_branch_operator to 2022-03-29 00:00:00+00:00
[2022-03-30 17:33:36,907] {processor.py:171} INFO - Processing /home/airflow/.local/lib/python3.7/site-packages/airflow/example_dags/example_branch_day_of_week_operator.py took 0.300 seconds
[2022-03-30 17:34:07,182] {processor.py:163} INFO - Started process (PID=3052) to work on /home/airflow/.local/lib/python3.7/site-packages/airflow/example_dags/example_branch_day_of_week_operator.py
[2022-03-30 17:34:07,189] {processor.py:642} INFO - Processing file /home/airflow/.local/lib/python3.7/site-packages/airflow/example_dags/example_branch_day_of_week_operator.py for tasks to queue
[2022-03-30 17:34:07,192] {logging_mixin.py:109} INFO - [2022-03-30 17:34:07,191] {dagbag.py:500} INFO - Filling up the DagBag from /home/airflow/.local/lib/python3.7/site-packages/airflow/example_dags/example_branch_day_of_week_operator.py
[2022-03-30 17:34:07,274] {processor.py:654} INFO - DAG(s) dict_keys(['example_weekday_branch_operator']) retrieved from /home/airflow/.local/lib/python3.7/site-packages/airflow/example_dags/example_branch_day_of_week_operator.py
[2022-03-30 17:34:07,312] {logging_mixin.py:109} INFO - [2022-03-30 17:34:07,312] {dag.py:2398} INFO - Sync 1 DAGs
[2022-03-30 17:34:07,494] {logging_mixin.py:109} INFO - [2022-03-30 17:34:07,493] {dag.py:2937} INFO - Setting next_dagrun for example_weekday_branch_operator to 2022-03-29 00:00:00+00:00
[2022-03-30 17:34:07,519] {processor.py:171} INFO - Processing /home/airflow/.local/lib/python3.7/site-packages/airflow/example_dags/example_branch_day_of_week_operator.py took 0.344 seconds
[2022-03-30 17:34:37,732] {processor.py:163} INFO - Started process (PID=3288) to work on /home/airflow/.local/lib/python3.7/site-packages/airflow/example_dags/example_branch_day_of_week_operator.py
[2022-03-30 17:34:37,739] {processor.py:642} INFO - Processing file /home/airflow/.local/lib/python3.7/site-packages/airflow/example_dags/example_branch_day_of_week_operator.py for tasks to queue
[2022-03-30 17:34:37,743] {logging_mixin.py:109} INFO - [2022-03-30 17:34:37,743] {dagbag.py:500} INFO - Filling up the DagBag from /home/airflow/.local/lib/python3.7/site-packages/airflow/example_dags/example_branch_day_of_week_operator.py
[2022-03-30 17:34:37,858] {processor.py:654} INFO - DAG(s) dict_keys(['example_weekday_branch_operator']) retrieved from /home/airflow/.local/lib/python3.7/site-packages/airflow/example_dags/example_branch_day_of_week_operator.py
[2022-03-30 17:34:37,896] {logging_mixin.py:109} INFO - [2022-03-30 17:34:37,895] {dag.py:2398} INFO - Sync 1 DAGs
[2022-03-30 17:34:38,073] {logging_mixin.py:109} INFO - [2022-03-30 17:34:38,073] {dag.py:2937} INFO - Setting next_dagrun for example_weekday_branch_operator to 2022-03-29 00:00:00+00:00
[2022-03-30 17:34:38,097] {processor.py:171} INFO - Processing /home/airflow/.local/lib/python3.7/site-packages/airflow/example_dags/example_branch_day_of_week_operator.py took 0.375 seconds
[2022-03-30 17:35:08,583] {processor.py:163} INFO - Started process (PID=3503) to work on /home/airflow/.local/lib/python3.7/site-packages/airflow/example_dags/example_branch_day_of_week_operator.py
[2022-03-30 17:35:08,587] {processor.py:642} INFO - Processing file /home/airflow/.local/lib/python3.7/site-packages/airflow/example_dags/example_branch_day_of_week_operator.py for tasks to queue
[2022-03-30 17:35:08,590] {logging_mixin.py:109} INFO - [2022-03-30 17:35:08,589] {dagbag.py:500} INFO - Filling up the DagBag from /home/airflow/.local/lib/python3.7/site-packages/airflow/example_dags/example_branch_day_of_week_operator.py
[2022-03-30 17:35:08,670] {processor.py:654} INFO - DAG(s) dict_keys(['example_weekday_branch_operator']) retrieved from /home/airflow/.local/lib/python3.7/site-packages/airflow/example_dags/example_branch_day_of_week_operator.py
[2022-03-30 17:35:08,704] {logging_mixin.py:109} INFO - [2022-03-30 17:35:08,704] {dag.py:2398} INFO - Sync 1 DAGs
[2022-03-30 17:35:08,876] {logging_mixin.py:109} INFO - [2022-03-30 17:35:08,876] {dag.py:2937} INFO - Setting next_dagrun for example_weekday_branch_operator to 2022-03-29 00:00:00+00:00
[2022-03-30 17:35:08,903] {processor.py:171} INFO - Processing /home/airflow/.local/lib/python3.7/site-packages/airflow/example_dags/example_branch_day_of_week_operator.py took 0.325 seconds
[2022-03-30 17:35:39,246] {processor.py:163} INFO - Started process (PID=3738) to work on /home/airflow/.local/lib/python3.7/site-packages/airflow/example_dags/example_branch_day_of_week_operator.py
[2022-03-30 17:35:39,250] {processor.py:642} INFO - Processing file /home/airflow/.local/lib/python3.7/site-packages/airflow/example_dags/example_branch_day_of_week_operator.py for tasks to queue
[2022-03-30 17:35:39,255] {logging_mixin.py:109} INFO - [2022-03-30 17:35:39,254] {dagbag.py:500} INFO - Filling up the DagBag from /home/airflow/.local/lib/python3.7/site-packages/airflow/example_dags/example_branch_day_of_week_operator.py
[2022-03-30 17:35:39,473] {processor.py:654} INFO - DAG(s) dict_keys(['example_weekday_branch_operator']) retrieved from /home/airflow/.local/lib/python3.7/site-packages/airflow/example_dags/example_branch_day_of_week_operator.py
[2022-03-30 17:35:39,509] {logging_mixin.py:109} INFO - [2022-03-30 17:35:39,509] {dag.py:2398} INFO - Sync 1 DAGs
[2022-03-30 17:35:39,591] {logging_mixin.py:109} INFO - [2022-03-30 17:35:39,590] {dag.py:2937} INFO - Setting next_dagrun for example_weekday_branch_operator to 2022-03-29 00:00:00+00:00
[2022-03-30 17:35:39,618] {processor.py:171} INFO - Processing /home/airflow/.local/lib/python3.7/site-packages/airflow/example_dags/example_branch_day_of_week_operator.py took 0.379 seconds
[2022-03-30 17:36:10,609] {processor.py:163} INFO - Started process (PID=3953) to work on /home/airflow/.local/lib/python3.7/site-packages/airflow/example_dags/example_branch_day_of_week_operator.py
[2022-03-30 17:36:10,612] {processor.py:642} INFO - Processing file /home/airflow/.local/lib/python3.7/site-packages/airflow/example_dags/example_branch_day_of_week_operator.py for tasks to queue
[2022-03-30 17:36:10,614] {logging_mixin.py:109} INFO - [2022-03-30 17:36:10,614] {dagbag.py:500} INFO - Filling up the DagBag from /home/airflow/.local/lib/python3.7/site-packages/airflow/example_dags/example_branch_day_of_week_operator.py
[2022-03-30 17:36:10,787] {processor.py:654} INFO - DAG(s) dict_keys(['example_weekday_branch_operator']) retrieved from /home/airflow/.local/lib/python3.7/site-packages/airflow/example_dags/example_branch_day_of_week_operator.py
[2022-03-30 17:36:10,817] {logging_mixin.py:109} INFO - [2022-03-30 17:36:10,817] {dag.py:2398} INFO - Sync 1 DAGs
[2022-03-30 17:36:10,877] {logging_mixin.py:109} INFO - [2022-03-30 17:36:10,876] {dag.py:2937} INFO - Setting next_dagrun for example_weekday_branch_operator to 2022-03-29 00:00:00+00:00
[2022-03-30 17:36:10,900] {processor.py:171} INFO - Processing /home/airflow/.local/lib/python3.7/site-packages/airflow/example_dags/example_branch_day_of_week_operator.py took 0.297 seconds
[2022-03-30 17:36:41,266] {processor.py:163} INFO - Started process (PID=4185) to work on /home/airflow/.local/lib/python3.7/site-packages/airflow/example_dags/example_branch_day_of_week_operator.py
[2022-03-30 17:36:41,271] {processor.py:642} INFO - Processing file /home/airflow/.local/lib/python3.7/site-packages/airflow/example_dags/example_branch_day_of_week_operator.py for tasks to queue
[2022-03-30 17:36:41,274] {logging_mixin.py:109} INFO - [2022-03-30 17:36:41,273] {dagbag.py:500} INFO - Filling up the DagBag from /home/airflow/.local/lib/python3.7/site-packages/airflow/example_dags/example_branch_day_of_week_operator.py
[2022-03-30 17:36:41,480] {processor.py:654} INFO - DAG(s) dict_keys(['example_weekday_branch_operator']) retrieved from /home/airflow/.local/lib/python3.7/site-packages/airflow/example_dags/example_branch_day_of_week_operator.py
[2022-03-30 17:36:41,514] {logging_mixin.py:109} INFO - [2022-03-30 17:36:41,514] {dag.py:2398} INFO - Sync 1 DAGs
[2022-03-30 17:36:41,591] {logging_mixin.py:109} INFO - [2022-03-30 17:36:41,590] {dag.py:2937} INFO - Setting next_dagrun for example_weekday_branch_operator to 2022-03-29 00:00:00+00:00
[2022-03-30 17:36:41,619] {processor.py:171} INFO - Processing /home/airflow/.local/lib/python3.7/site-packages/airflow/example_dags/example_branch_day_of_week_operator.py took 0.359 seconds
[2022-03-30 17:37:12,002] {processor.py:163} INFO - Started process (PID=4402) to work on /home/airflow/.local/lib/python3.7/site-packages/airflow/example_dags/example_branch_day_of_week_operator.py
[2022-03-30 17:37:12,006] {processor.py:642} INFO - Processing file /home/airflow/.local/lib/python3.7/site-packages/airflow/example_dags/example_branch_day_of_week_operator.py for tasks to queue
[2022-03-30 17:37:12,009] {logging_mixin.py:109} INFO - [2022-03-30 17:37:12,009] {dagbag.py:500} INFO - Filling up the DagBag from /home/airflow/.local/lib/python3.7/site-packages/airflow/example_dags/example_branch_day_of_week_operator.py
[2022-03-30 17:37:12,198] {processor.py:654} INFO - DAG(s) dict_keys(['example_weekday_branch_operator']) retrieved from /home/airflow/.local/lib/python3.7/site-packages/airflow/example_dags/example_branch_day_of_week_operator.py
[2022-03-30 17:37:12,230] {logging_mixin.py:109} INFO - [2022-03-30 17:37:12,230] {dag.py:2398} INFO - Sync 1 DAGs
[2022-03-30 17:37:12,302] {logging_mixin.py:109} INFO - [2022-03-30 17:37:12,301] {dag.py:2937} INFO - Setting next_dagrun for example_weekday_branch_operator to 2022-03-29 00:00:00+00:00
[2022-03-30 17:37:12,327] {processor.py:171} INFO - Processing /home/airflow/.local/lib/python3.7/site-packages/airflow/example_dags/example_branch_day_of_week_operator.py took 0.332 seconds
[2022-03-30 17:37:42,602] {processor.py:163} INFO - Started process (PID=4631) to work on /home/airflow/.local/lib/python3.7/site-packages/airflow/example_dags/example_branch_day_of_week_operator.py
[2022-03-30 17:37:42,606] {processor.py:642} INFO - Processing file /home/airflow/.local/lib/python3.7/site-packages/airflow/example_dags/example_branch_day_of_week_operator.py for tasks to queue
[2022-03-30 17:37:42,609] {logging_mixin.py:109} INFO - [2022-03-30 17:37:42,609] {dagbag.py:500} INFO - Filling up the DagBag from /home/airflow/.local/lib/python3.7/site-packages/airflow/example_dags/example_branch_day_of_week_operator.py
[2022-03-30 17:37:42,802] {processor.py:654} INFO - DAG(s) dict_keys(['example_weekday_branch_operator']) retrieved from /home/airflow/.local/lib/python3.7/site-packages/airflow/example_dags/example_branch_day_of_week_operator.py
[2022-03-30 17:37:42,837] {logging_mixin.py:109} INFO - [2022-03-30 17:37:42,836] {dag.py:2398} INFO - Sync 1 DAGs
[2022-03-30 17:37:42,909] {logging_mixin.py:109} INFO - [2022-03-30 17:37:42,909] {dag.py:2937} INFO - Setting next_dagrun for example_weekday_branch_operator to 2022-03-29 00:00:00+00:00
[2022-03-30 17:37:42,935] {processor.py:171} INFO - Processing /home/airflow/.local/lib/python3.7/site-packages/airflow/example_dags/example_branch_day_of_week_operator.py took 0.339 seconds
[2022-03-30 17:38:13,222] {processor.py:163} INFO - Started process (PID=4859) to work on /home/airflow/.local/lib/python3.7/site-packages/airflow/example_dags/example_branch_day_of_week_operator.py
[2022-03-30 17:38:13,228] {processor.py:642} INFO - Processing file /home/airflow/.local/lib/python3.7/site-packages/airflow/example_dags/example_branch_day_of_week_operator.py for tasks to queue
[2022-03-30 17:38:13,231] {logging_mixin.py:109} INFO - [2022-03-30 17:38:13,230] {dagbag.py:500} INFO - Filling up the DagBag from /home/airflow/.local/lib/python3.7/site-packages/airflow/example_dags/example_branch_day_of_week_operator.py
[2022-03-30 17:38:13,443] {processor.py:654} INFO - DAG(s) dict_keys(['example_weekday_branch_operator']) retrieved from /home/airflow/.local/lib/python3.7/site-packages/airflow/example_dags/example_branch_day_of_week_operator.py
[2022-03-30 17:38:13,477] {logging_mixin.py:109} INFO - [2022-03-30 17:38:13,476] {dag.py:2398} INFO - Sync 1 DAGs
[2022-03-30 17:38:13,545] {logging_mixin.py:109} INFO - [2022-03-30 17:38:13,544] {dag.py:2937} INFO - Setting next_dagrun for example_weekday_branch_operator to 2022-03-29 00:00:00+00:00
[2022-03-30 17:38:13,572] {processor.py:171} INFO - Processing /home/airflow/.local/lib/python3.7/site-packages/airflow/example_dags/example_branch_day_of_week_operator.py took 0.358 seconds
[2022-03-30 17:38:43,716] {processor.py:163} INFO - Started process (PID=5080) to work on /home/airflow/.local/lib/python3.7/site-packages/airflow/example_dags/example_branch_day_of_week_operator.py
[2022-03-30 17:38:43,721] {processor.py:642} INFO - Processing file /home/airflow/.local/lib/python3.7/site-packages/airflow/example_dags/example_branch_day_of_week_operator.py for tasks to queue
[2022-03-30 17:38:43,724] {logging_mixin.py:109} INFO - [2022-03-30 17:38:43,724] {dagbag.py:500} INFO - Filling up the DagBag from /home/airflow/.local/lib/python3.7/site-packages/airflow/example_dags/example_branch_day_of_week_operator.py
[2022-03-30 17:38:43,920] {processor.py:654} INFO - DAG(s) dict_keys(['example_weekday_branch_operator']) retrieved from /home/airflow/.local/lib/python3.7/site-packages/airflow/example_dags/example_branch_day_of_week_operator.py
[2022-03-30 17:38:43,954] {logging_mixin.py:109} INFO - [2022-03-30 17:38:43,954] {dag.py:2398} INFO - Sync 1 DAGs
[2022-03-30 17:38:44,026] {logging_mixin.py:109} INFO - [2022-03-30 17:38:44,025] {dag.py:2937} INFO - Setting next_dagrun for example_weekday_branch_operator to 2022-03-29 00:00:00+00:00
[2022-03-30 17:38:44,049] {processor.py:171} INFO - Processing /home/airflow/.local/lib/python3.7/site-packages/airflow/example_dags/example_branch_day_of_week_operator.py took 0.340 seconds
[2022-03-30 17:39:14,166] {processor.py:163} INFO - Started process (PID=5312) to work on /home/airflow/.local/lib/python3.7/site-packages/airflow/example_dags/example_branch_day_of_week_operator.py
[2022-03-30 17:39:14,170] {processor.py:642} INFO - Processing file /home/airflow/.local/lib/python3.7/site-packages/airflow/example_dags/example_branch_day_of_week_operator.py for tasks to queue
[2022-03-30 17:39:14,173] {logging_mixin.py:109} INFO - [2022-03-30 17:39:14,173] {dagbag.py:500} INFO - Filling up the DagBag from /home/airflow/.local/lib/python3.7/site-packages/airflow/example_dags/example_branch_day_of_week_operator.py
[2022-03-30 17:39:14,263] {processor.py:654} INFO - DAG(s) dict_keys(['example_weekday_branch_operator']) retrieved from /home/airflow/.local/lib/python3.7/site-packages/airflow/example_dags/example_branch_day_of_week_operator.py
[2022-03-30 17:39:14,300] {logging_mixin.py:109} INFO - [2022-03-30 17:39:14,299] {dag.py:2398} INFO - Sync 1 DAGs
[2022-03-30 17:39:14,376] {logging_mixin.py:109} INFO - [2022-03-30 17:39:14,376] {dag.py:2937} INFO - Setting next_dagrun for example_weekday_branch_operator to 2022-03-29 00:00:00+00:00
[2022-03-30 17:39:14,403] {processor.py:171} INFO - Processing /home/airflow/.local/lib/python3.7/site-packages/airflow/example_dags/example_branch_day_of_week_operator.py took 0.243 seconds
[2022-03-30 17:39:44,970] {processor.py:163} INFO - Started process (PID=5527) to work on /home/airflow/.local/lib/python3.7/site-packages/airflow/example_dags/example_branch_day_of_week_operator.py
[2022-03-30 17:39:44,974] {processor.py:642} INFO - Processing file /home/airflow/.local/lib/python3.7/site-packages/airflow/example_dags/example_branch_day_of_week_operator.py for tasks to queue
[2022-03-30 17:39:44,976] {logging_mixin.py:109} INFO - [2022-03-30 17:39:44,976] {dagbag.py:500} INFO - Filling up the DagBag from /home/airflow/.local/lib/python3.7/site-packages/airflow/example_dags/example_branch_day_of_week_operator.py
[2022-03-30 17:39:45,050] {processor.py:654} INFO - DAG(s) dict_keys(['example_weekday_branch_operator']) retrieved from /home/airflow/.local/lib/python3.7/site-packages/airflow/example_dags/example_branch_day_of_week_operator.py
[2022-03-30 17:39:45,079] {logging_mixin.py:109} INFO - [2022-03-30 17:39:45,079] {dag.py:2398} INFO - Sync 1 DAGs
[2022-03-30 17:39:45,141] {logging_mixin.py:109} INFO - [2022-03-30 17:39:45,140] {dag.py:2937} INFO - Setting next_dagrun for example_weekday_branch_operator to 2022-03-29 00:00:00+00:00
[2022-03-30 17:39:45,164] {processor.py:171} INFO - Processing /home/airflow/.local/lib/python3.7/site-packages/airflow/example_dags/example_branch_day_of_week_operator.py took 0.199 seconds
[2022-03-30 17:40:15,572] {processor.py:163} INFO - Started process (PID=5760) to work on /home/airflow/.local/lib/python3.7/site-packages/airflow/example_dags/example_branch_day_of_week_operator.py
[2022-03-30 17:40:15,576] {processor.py:642} INFO - Processing file /home/airflow/.local/lib/python3.7/site-packages/airflow/example_dags/example_branch_day_of_week_operator.py for tasks to queue
[2022-03-30 17:40:15,578] {logging_mixin.py:109} INFO - [2022-03-30 17:40:15,578] {dagbag.py:500} INFO - Filling up the DagBag from /home/airflow/.local/lib/python3.7/site-packages/airflow/example_dags/example_branch_day_of_week_operator.py
[2022-03-30 17:40:15,656] {processor.py:654} INFO - DAG(s) dict_keys(['example_weekday_branch_operator']) retrieved from /home/airflow/.local/lib/python3.7/site-packages/airflow/example_dags/example_branch_day_of_week_operator.py
[2022-03-30 17:40:15,690] {logging_mixin.py:109} INFO - [2022-03-30 17:40:15,689] {dag.py:2398} INFO - Sync 1 DAGs
[2022-03-30 17:40:15,760] {logging_mixin.py:109} INFO - [2022-03-30 17:40:15,759] {dag.py:2937} INFO - Setting next_dagrun for example_weekday_branch_operator to 2022-03-29 00:00:00+00:00
[2022-03-30 17:40:15,784] {processor.py:171} INFO - Processing /home/airflow/.local/lib/python3.7/site-packages/airflow/example_dags/example_branch_day_of_week_operator.py took 0.217 seconds
[2022-03-30 17:40:46,506] {processor.py:163} INFO - Started process (PID=5976) to work on /home/airflow/.local/lib/python3.7/site-packages/airflow/example_dags/example_branch_day_of_week_operator.py
[2022-03-30 17:40:46,509] {processor.py:642} INFO - Processing file /home/airflow/.local/lib/python3.7/site-packages/airflow/example_dags/example_branch_day_of_week_operator.py for tasks to queue
[2022-03-30 17:40:46,511] {logging_mixin.py:109} INFO - [2022-03-30 17:40:46,511] {dagbag.py:500} INFO - Filling up the DagBag from /home/airflow/.local/lib/python3.7/site-packages/airflow/example_dags/example_branch_day_of_week_operator.py
[2022-03-30 17:40:46,577] {processor.py:654} INFO - DAG(s) dict_keys(['example_weekday_branch_operator']) retrieved from /home/airflow/.local/lib/python3.7/site-packages/airflow/example_dags/example_branch_day_of_week_operator.py
[2022-03-30 17:40:46,604] {logging_mixin.py:109} INFO - [2022-03-30 17:40:46,604] {dag.py:2398} INFO - Sync 1 DAGs
[2022-03-30 17:40:46,660] {logging_mixin.py:109} INFO - [2022-03-30 17:40:46,660] {dag.py:2937} INFO - Setting next_dagrun for example_weekday_branch_operator to 2022-03-29 00:00:00+00:00
[2022-03-30 17:40:46,681] {processor.py:171} INFO - Processing /home/airflow/.local/lib/python3.7/site-packages/airflow/example_dags/example_branch_day_of_week_operator.py took 0.181 seconds
[2022-03-30 17:41:17,228] {processor.py:163} INFO - Started process (PID=6202) to work on /home/airflow/.local/lib/python3.7/site-packages/airflow/example_dags/example_branch_day_of_week_operator.py
[2022-03-30 17:41:17,231] {processor.py:642} INFO - Processing file /home/airflow/.local/lib/python3.7/site-packages/airflow/example_dags/example_branch_day_of_week_operator.py for tasks to queue
[2022-03-30 17:41:17,234] {logging_mixin.py:109} INFO - [2022-03-30 17:41:17,233] {dagbag.py:500} INFO - Filling up the DagBag from /home/airflow/.local/lib/python3.7/site-packages/airflow/example_dags/example_branch_day_of_week_operator.py
[2022-03-30 17:41:17,312] {processor.py:654} INFO - DAG(s) dict_keys(['example_weekday_branch_operator']) retrieved from /home/airflow/.local/lib/python3.7/site-packages/airflow/example_dags/example_branch_day_of_week_operator.py
[2022-03-30 17:41:17,343] {logging_mixin.py:109} INFO - [2022-03-30 17:41:17,343] {dag.py:2398} INFO - Sync 1 DAGs
[2022-03-30 17:41:17,408] {logging_mixin.py:109} INFO - [2022-03-30 17:41:17,407] {dag.py:2937} INFO - Setting next_dagrun for example_weekday_branch_operator to 2022-03-29 00:00:00+00:00
[2022-03-30 17:41:17,437] {processor.py:171} INFO - Processing /home/airflow/.local/lib/python3.7/site-packages/airflow/example_dags/example_branch_day_of_week_operator.py took 0.215 seconds
[2022-03-30 17:41:47,565] {processor.py:163} INFO - Started process (PID=6417) to work on /home/airflow/.local/lib/python3.7/site-packages/airflow/example_dags/example_branch_day_of_week_operator.py
[2022-03-30 17:41:47,568] {processor.py:642} INFO - Processing file /home/airflow/.local/lib/python3.7/site-packages/airflow/example_dags/example_branch_day_of_week_operator.py for tasks to queue
[2022-03-30 17:41:47,571] {logging_mixin.py:109} INFO - [2022-03-30 17:41:47,570] {dagbag.py:500} INFO - Filling up the DagBag from /home/airflow/.local/lib/python3.7/site-packages/airflow/example_dags/example_branch_day_of_week_operator.py
[2022-03-30 17:41:47,642] {processor.py:654} INFO - DAG(s) dict_keys(['example_weekday_branch_operator']) retrieved from /home/airflow/.local/lib/python3.7/site-packages/airflow/example_dags/example_branch_day_of_week_operator.py
[2022-03-30 17:41:47,672] {logging_mixin.py:109} INFO - [2022-03-30 17:41:47,672] {dag.py:2398} INFO - Sync 1 DAGs
[2022-03-30 17:41:47,735] {logging_mixin.py:109} INFO - [2022-03-30 17:41:47,734] {dag.py:2937} INFO - Setting next_dagrun for example_weekday_branch_operator to 2022-03-29 00:00:00+00:00
[2022-03-30 17:41:47,764] {processor.py:171} INFO - Processing /home/airflow/.local/lib/python3.7/site-packages/airflow/example_dags/example_branch_day_of_week_operator.py took 0.205 seconds
