[2022-03-30 17:26:30,002] {processor.py:163} INFO - Started process (PID=376) to work on /home/airflow/.local/lib/python3.7/site-packages/airflow/example_dags/example_branch_operator.py
[2022-03-30 17:26:30,008] {processor.py:642} INFO - Processing file /home/airflow/.local/lib/python3.7/site-packages/airflow/example_dags/example_branch_operator.py for tasks to queue
[2022-03-30 17:26:30,020] {logging_mixin.py:109} INFO - [2022-03-30 17:26:30,019] {dagbag.py:500} INFO - Filling up the DagBag from /home/airflow/.local/lib/python3.7/site-packages/airflow/example_dags/example_branch_operator.py
[2022-03-30 17:26:30,289] {processor.py:654} INFO - DAG(s) dict_keys(['example_branch_operator']) retrieved from /home/airflow/.local/lib/python3.7/site-packages/airflow/example_dags/example_branch_operator.py
[2022-03-30 17:26:52,800] {logging_mixin.py:109} INFO - [2022-03-30 17:26:52,800] {manager.py:496} INFO - Created Permission View: can read on DAG:example_branch_operator
[2022-03-30 17:26:52,867] {logging_mixin.py:109} INFO - [2022-03-30 17:26:52,866] {manager.py:496} INFO - Created Permission View: can edit on DAG:example_branch_operator
[2022-03-30 17:26:52,876] {logging_mixin.py:109} INFO - [2022-03-30 17:26:52,871] {dag.py:2398} INFO - Sync 1 DAGs
[2022-03-30 17:26:52,958] {logging_mixin.py:109} INFO - [2022-03-30 17:26:52,951] {dag.py:2417} INFO - Creating ORM DAG for example_branch_operator
[2022-03-30 17:26:53,090] {logging_mixin.py:109} INFO - [2022-03-30 17:26:53,089] {dag.py:2937} INFO - Setting next_dagrun for example_branch_operator to 2022-03-29 00:00:00+00:00
[2022-03-30 17:26:53,190] {processor.py:171} INFO - Processing /home/airflow/.local/lib/python3.7/site-packages/airflow/example_dags/example_branch_operator.py took 23.198 seconds
[2022-03-30 17:29:00,152] {processor.py:163} INFO - Started process (PID=812) to work on /home/airflow/.local/lib/python3.7/site-packages/airflow/example_dags/example_branch_operator.py
[2022-03-30 17:29:00,157] {processor.py:642} INFO - Processing file /home/airflow/.local/lib/python3.7/site-packages/airflow/example_dags/example_branch_operator.py for tasks to queue
[2022-03-30 17:29:00,161] {logging_mixin.py:109} INFO - [2022-03-30 17:29:00,160] {dagbag.py:500} INFO - Filling up the DagBag from /home/airflow/.local/lib/python3.7/site-packages/airflow/example_dags/example_branch_operator.py
[2022-03-30 17:29:00,262] {processor.py:654} INFO - DAG(s) dict_keys(['example_branch_operator']) retrieved from /home/airflow/.local/lib/python3.7/site-packages/airflow/example_dags/example_branch_operator.py
[2022-03-30 17:29:00,311] {logging_mixin.py:109} INFO - [2022-03-30 17:29:00,310] {dag.py:2398} INFO - Sync 1 DAGs
[2022-03-30 17:29:00,389] {logging_mixin.py:109} INFO - [2022-03-30 17:29:00,388] {dag.py:2937} INFO - Setting next_dagrun for example_branch_operator to 2022-03-29 00:00:00+00:00
[2022-03-30 17:29:00,417] {processor.py:171} INFO - Processing /home/airflow/.local/lib/python3.7/site-packages/airflow/example_dags/example_branch_operator.py took 0.272 seconds
[2022-03-30 17:29:30,926] {processor.py:163} INFO - Started process (PID=1024) to work on /home/airflow/.local/lib/python3.7/site-packages/airflow/example_dags/example_branch_operator.py
[2022-03-30 17:29:30,929] {processor.py:642} INFO - Processing file /home/airflow/.local/lib/python3.7/site-packages/airflow/example_dags/example_branch_operator.py for tasks to queue
[2022-03-30 17:29:30,932] {logging_mixin.py:109} INFO - [2022-03-30 17:29:30,932] {dagbag.py:500} INFO - Filling up the DagBag from /home/airflow/.local/lib/python3.7/site-packages/airflow/example_dags/example_branch_operator.py
[2022-03-30 17:29:31,015] {processor.py:654} INFO - DAG(s) dict_keys(['example_branch_operator']) retrieved from /home/airflow/.local/lib/python3.7/site-packages/airflow/example_dags/example_branch_operator.py
[2022-03-30 17:29:31,054] {logging_mixin.py:109} INFO - [2022-03-30 17:29:31,053] {dag.py:2398} INFO - Sync 1 DAGs
[2022-03-30 17:29:31,113] {logging_mixin.py:109} INFO - [2022-03-30 17:29:31,112] {dag.py:2937} INFO - Setting next_dagrun for example_branch_operator to 2022-03-29 00:00:00+00:00
[2022-03-30 17:29:31,140] {processor.py:171} INFO - Processing /home/airflow/.local/lib/python3.7/site-packages/airflow/example_dags/example_branch_operator.py took 0.220 seconds
[2022-03-30 17:30:01,438] {processor.py:163} INFO - Started process (PID=1256) to work on /home/airflow/.local/lib/python3.7/site-packages/airflow/example_dags/example_branch_operator.py
[2022-03-30 17:30:01,442] {processor.py:642} INFO - Processing file /home/airflow/.local/lib/python3.7/site-packages/airflow/example_dags/example_branch_operator.py for tasks to queue
[2022-03-30 17:30:01,445] {logging_mixin.py:109} INFO - [2022-03-30 17:30:01,445] {dagbag.py:500} INFO - Filling up the DagBag from /home/airflow/.local/lib/python3.7/site-packages/airflow/example_dags/example_branch_operator.py
[2022-03-30 17:30:01,537] {processor.py:654} INFO - DAG(s) dict_keys(['example_branch_operator']) retrieved from /home/airflow/.local/lib/python3.7/site-packages/airflow/example_dags/example_branch_operator.py
[2022-03-30 17:30:01,581] {logging_mixin.py:109} INFO - [2022-03-30 17:30:01,581] {dag.py:2398} INFO - Sync 1 DAGs
[2022-03-30 17:30:01,651] {logging_mixin.py:109} INFO - [2022-03-30 17:30:01,650] {dag.py:2937} INFO - Setting next_dagrun for example_branch_operator to 2022-03-29 00:00:00+00:00
[2022-03-30 17:30:01,676] {processor.py:171} INFO - Processing /home/airflow/.local/lib/python3.7/site-packages/airflow/example_dags/example_branch_operator.py took 0.247 seconds
[2022-03-30 17:30:31,890] {processor.py:163} INFO - Started process (PID=1473) to work on /home/airflow/.local/lib/python3.7/site-packages/airflow/example_dags/example_branch_operator.py
[2022-03-30 17:30:31,894] {processor.py:642} INFO - Processing file /home/airflow/.local/lib/python3.7/site-packages/airflow/example_dags/example_branch_operator.py for tasks to queue
[2022-03-30 17:30:31,896] {logging_mixin.py:109} INFO - [2022-03-30 17:30:31,896] {dagbag.py:500} INFO - Filling up the DagBag from /home/airflow/.local/lib/python3.7/site-packages/airflow/example_dags/example_branch_operator.py
[2022-03-30 17:30:31,979] {processor.py:654} INFO - DAG(s) dict_keys(['example_branch_operator']) retrieved from /home/airflow/.local/lib/python3.7/site-packages/airflow/example_dags/example_branch_operator.py
[2022-03-30 17:30:32,022] {logging_mixin.py:109} INFO - [2022-03-30 17:30:32,021] {dag.py:2398} INFO - Sync 1 DAGs
[2022-03-30 17:30:32,088] {logging_mixin.py:109} INFO - [2022-03-30 17:30:32,088] {dag.py:2937} INFO - Setting next_dagrun for example_branch_operator to 2022-03-29 00:00:00+00:00
[2022-03-30 17:30:32,115] {processor.py:171} INFO - Processing /home/airflow/.local/lib/python3.7/site-packages/airflow/example_dags/example_branch_operator.py took 0.231 seconds
[2022-03-30 17:31:03,405] {processor.py:163} INFO - Started process (PID=1696) to work on /home/airflow/.local/lib/python3.7/site-packages/airflow/example_dags/example_branch_operator.py
[2022-03-30 17:31:03,410] {processor.py:642} INFO - Processing file /home/airflow/.local/lib/python3.7/site-packages/airflow/example_dags/example_branch_operator.py for tasks to queue
[2022-03-30 17:31:03,413] {logging_mixin.py:109} INFO - [2022-03-30 17:31:03,413] {dagbag.py:500} INFO - Filling up the DagBag from /home/airflow/.local/lib/python3.7/site-packages/airflow/example_dags/example_branch_operator.py
[2022-03-30 17:31:03,509] {processor.py:654} INFO - DAG(s) dict_keys(['example_branch_operator']) retrieved from /home/airflow/.local/lib/python3.7/site-packages/airflow/example_dags/example_branch_operator.py
[2022-03-30 17:31:03,554] {logging_mixin.py:109} INFO - [2022-03-30 17:31:03,553] {dag.py:2398} INFO - Sync 1 DAGs
[2022-03-30 17:31:03,619] {logging_mixin.py:109} INFO - [2022-03-30 17:31:03,618] {dag.py:2937} INFO - Setting next_dagrun for example_branch_operator to 2022-03-29 00:00:00+00:00
[2022-03-30 17:31:03,649] {processor.py:171} INFO - Processing /home/airflow/.local/lib/python3.7/site-packages/airflow/example_dags/example_branch_operator.py took 0.251 seconds
[2022-03-30 17:31:34,003] {processor.py:163} INFO - Started process (PID=1930) to work on /home/airflow/.local/lib/python3.7/site-packages/airflow/example_dags/example_branch_operator.py
[2022-03-30 17:31:34,007] {processor.py:642} INFO - Processing file /home/airflow/.local/lib/python3.7/site-packages/airflow/example_dags/example_branch_operator.py for tasks to queue
[2022-03-30 17:31:34,010] {logging_mixin.py:109} INFO - [2022-03-30 17:31:34,010] {dagbag.py:500} INFO - Filling up the DagBag from /home/airflow/.local/lib/python3.7/site-packages/airflow/example_dags/example_branch_operator.py
[2022-03-30 17:31:34,097] {processor.py:654} INFO - DAG(s) dict_keys(['example_branch_operator']) retrieved from /home/airflow/.local/lib/python3.7/site-packages/airflow/example_dags/example_branch_operator.py
[2022-03-30 17:31:34,139] {logging_mixin.py:109} INFO - [2022-03-30 17:31:34,139] {dag.py:2398} INFO - Sync 1 DAGs
[2022-03-30 17:31:34,207] {logging_mixin.py:109} INFO - [2022-03-30 17:31:34,206] {dag.py:2937} INFO - Setting next_dagrun for example_branch_operator to 2022-03-29 00:00:00+00:00
[2022-03-30 17:31:34,339] {processor.py:171} INFO - Processing /home/airflow/.local/lib/python3.7/site-packages/airflow/example_dags/example_branch_operator.py took 0.342 seconds
[2022-03-30 17:32:04,413] {processor.py:163} INFO - Started process (PID=2144) to work on /home/airflow/.local/lib/python3.7/site-packages/airflow/example_dags/example_branch_operator.py
[2022-03-30 17:32:04,416] {processor.py:642} INFO - Processing file /home/airflow/.local/lib/python3.7/site-packages/airflow/example_dags/example_branch_operator.py for tasks to queue
[2022-03-30 17:32:04,418] {logging_mixin.py:109} INFO - [2022-03-30 17:32:04,418] {dagbag.py:500} INFO - Filling up the DagBag from /home/airflow/.local/lib/python3.7/site-packages/airflow/example_dags/example_branch_operator.py
[2022-03-30 17:32:04,491] {processor.py:654} INFO - DAG(s) dict_keys(['example_branch_operator']) retrieved from /home/airflow/.local/lib/python3.7/site-packages/airflow/example_dags/example_branch_operator.py
[2022-03-30 17:32:04,537] {logging_mixin.py:109} INFO - [2022-03-30 17:32:04,537] {dag.py:2398} INFO - Sync 1 DAGs
[2022-03-30 17:32:04,597] {logging_mixin.py:109} INFO - [2022-03-30 17:32:04,596] {dag.py:2937} INFO - Setting next_dagrun for example_branch_operator to 2022-03-29 00:00:00+00:00
[2022-03-30 17:32:04,714] {processor.py:171} INFO - Processing /home/airflow/.local/lib/python3.7/site-packages/airflow/example_dags/example_branch_operator.py took 0.307 seconds
[2022-03-30 17:32:34,949] {processor.py:163} INFO - Started process (PID=2378) to work on /home/airflow/.local/lib/python3.7/site-packages/airflow/example_dags/example_branch_operator.py
[2022-03-30 17:32:34,953] {processor.py:642} INFO - Processing file /home/airflow/.local/lib/python3.7/site-packages/airflow/example_dags/example_branch_operator.py for tasks to queue
[2022-03-30 17:32:34,955] {logging_mixin.py:109} INFO - [2022-03-30 17:32:34,955] {dagbag.py:500} INFO - Filling up the DagBag from /home/airflow/.local/lib/python3.7/site-packages/airflow/example_dags/example_branch_operator.py
[2022-03-30 17:32:35,042] {processor.py:654} INFO - DAG(s) dict_keys(['example_branch_operator']) retrieved from /home/airflow/.local/lib/python3.7/site-packages/airflow/example_dags/example_branch_operator.py
[2022-03-30 17:32:35,085] {logging_mixin.py:109} INFO - [2022-03-30 17:32:35,084] {dag.py:2398} INFO - Sync 1 DAGs
[2022-03-30 17:32:35,153] {logging_mixin.py:109} INFO - [2022-03-30 17:32:35,152] {dag.py:2937} INFO - Setting next_dagrun for example_branch_operator to 2022-03-29 00:00:00+00:00
[2022-03-30 17:32:35,288] {processor.py:171} INFO - Processing /home/airflow/.local/lib/python3.7/site-packages/airflow/example_dags/example_branch_operator.py took 0.346 seconds
[2022-03-30 17:33:05,489] {processor.py:163} INFO - Started process (PID=2589) to work on /home/airflow/.local/lib/python3.7/site-packages/airflow/example_dags/example_branch_operator.py
[2022-03-30 17:33:05,492] {processor.py:642} INFO - Processing file /home/airflow/.local/lib/python3.7/site-packages/airflow/example_dags/example_branch_operator.py for tasks to queue
[2022-03-30 17:33:05,495] {logging_mixin.py:109} INFO - [2022-03-30 17:33:05,494] {dagbag.py:500} INFO - Filling up the DagBag from /home/airflow/.local/lib/python3.7/site-packages/airflow/example_dags/example_branch_operator.py
[2022-03-30 17:33:05,569] {processor.py:654} INFO - DAG(s) dict_keys(['example_branch_operator']) retrieved from /home/airflow/.local/lib/python3.7/site-packages/airflow/example_dags/example_branch_operator.py
[2022-03-30 17:33:05,607] {logging_mixin.py:109} INFO - [2022-03-30 17:33:05,606] {dag.py:2398} INFO - Sync 1 DAGs
[2022-03-30 17:33:05,755] {logging_mixin.py:109} INFO - [2022-03-30 17:33:05,755] {dag.py:2937} INFO - Setting next_dagrun for example_branch_operator to 2022-03-29 00:00:00+00:00
[2022-03-30 17:33:05,776] {processor.py:171} INFO - Processing /home/airflow/.local/lib/python3.7/site-packages/airflow/example_dags/example_branch_operator.py took 0.292 seconds
[2022-03-30 17:33:36,247] {processor.py:163} INFO - Started process (PID=2826) to work on /home/airflow/.local/lib/python3.7/site-packages/airflow/example_dags/example_branch_operator.py
[2022-03-30 17:33:36,251] {processor.py:642} INFO - Processing file /home/airflow/.local/lib/python3.7/site-packages/airflow/example_dags/example_branch_operator.py for tasks to queue
[2022-03-30 17:33:36,254] {logging_mixin.py:109} INFO - [2022-03-30 17:33:36,253] {dagbag.py:500} INFO - Filling up the DagBag from /home/airflow/.local/lib/python3.7/site-packages/airflow/example_dags/example_branch_operator.py
[2022-03-30 17:33:36,340] {processor.py:654} INFO - DAG(s) dict_keys(['example_branch_operator']) retrieved from /home/airflow/.local/lib/python3.7/site-packages/airflow/example_dags/example_branch_operator.py
[2022-03-30 17:33:36,385] {logging_mixin.py:109} INFO - [2022-03-30 17:33:36,385] {dag.py:2398} INFO - Sync 1 DAGs
[2022-03-30 17:33:36,570] {logging_mixin.py:109} INFO - [2022-03-30 17:33:36,569] {dag.py:2937} INFO - Setting next_dagrun for example_branch_operator to 2022-03-29 00:00:00+00:00
[2022-03-30 17:33:36,597] {processor.py:171} INFO - Processing /home/airflow/.local/lib/python3.7/site-packages/airflow/example_dags/example_branch_operator.py took 0.356 seconds
[2022-03-30 17:34:06,739] {processor.py:163} INFO - Started process (PID=3040) to work on /home/airflow/.local/lib/python3.7/site-packages/airflow/example_dags/example_branch_operator.py
[2022-03-30 17:34:06,743] {processor.py:642} INFO - Processing file /home/airflow/.local/lib/python3.7/site-packages/airflow/example_dags/example_branch_operator.py for tasks to queue
[2022-03-30 17:34:06,745] {logging_mixin.py:109} INFO - [2022-03-30 17:34:06,745] {dagbag.py:500} INFO - Filling up the DagBag from /home/airflow/.local/lib/python3.7/site-packages/airflow/example_dags/example_branch_operator.py
[2022-03-30 17:34:06,837] {processor.py:654} INFO - DAG(s) dict_keys(['example_branch_operator']) retrieved from /home/airflow/.local/lib/python3.7/site-packages/airflow/example_dags/example_branch_operator.py
[2022-03-30 17:34:06,894] {logging_mixin.py:109} INFO - [2022-03-30 17:34:06,893] {dag.py:2398} INFO - Sync 1 DAGs
[2022-03-30 17:34:07,087] {logging_mixin.py:109} INFO - [2022-03-30 17:34:07,087] {dag.py:2937} INFO - Setting next_dagrun for example_branch_operator to 2022-03-29 00:00:00+00:00
[2022-03-30 17:34:07,120] {processor.py:171} INFO - Processing /home/airflow/.local/lib/python3.7/site-packages/airflow/example_dags/example_branch_operator.py took 0.389 seconds
[2022-03-30 17:34:37,253] {processor.py:163} INFO - Started process (PID=3275) to work on /home/airflow/.local/lib/python3.7/site-packages/airflow/example_dags/example_branch_operator.py
[2022-03-30 17:34:37,257] {processor.py:642} INFO - Processing file /home/airflow/.local/lib/python3.7/site-packages/airflow/example_dags/example_branch_operator.py for tasks to queue
[2022-03-30 17:34:37,260] {logging_mixin.py:109} INFO - [2022-03-30 17:34:37,259] {dagbag.py:500} INFO - Filling up the DagBag from /home/airflow/.local/lib/python3.7/site-packages/airflow/example_dags/example_branch_operator.py
[2022-03-30 17:34:37,372] {processor.py:654} INFO - DAG(s) dict_keys(['example_branch_operator']) retrieved from /home/airflow/.local/lib/python3.7/site-packages/airflow/example_dags/example_branch_operator.py
[2022-03-30 17:34:37,554] {logging_mixin.py:109} INFO - [2022-03-30 17:34:37,554] {dag.py:2398} INFO - Sync 1 DAGs
[2022-03-30 17:34:37,628] {logging_mixin.py:109} INFO - [2022-03-30 17:34:37,628] {dag.py:2937} INFO - Setting next_dagrun for example_branch_operator to 2022-03-29 00:00:00+00:00
[2022-03-30 17:34:37,659] {processor.py:171} INFO - Processing /home/airflow/.local/lib/python3.7/site-packages/airflow/example_dags/example_branch_operator.py took 0.415 seconds
[2022-03-30 17:35:08,183] {processor.py:163} INFO - Started process (PID=3494) to work on /home/airflow/.local/lib/python3.7/site-packages/airflow/example_dags/example_branch_operator.py
[2022-03-30 17:35:08,187] {processor.py:642} INFO - Processing file /home/airflow/.local/lib/python3.7/site-packages/airflow/example_dags/example_branch_operator.py for tasks to queue
[2022-03-30 17:35:08,190] {logging_mixin.py:109} INFO - [2022-03-30 17:35:08,190] {dagbag.py:500} INFO - Filling up the DagBag from /home/airflow/.local/lib/python3.7/site-packages/airflow/example_dags/example_branch_operator.py
[2022-03-30 17:35:08,277] {processor.py:654} INFO - DAG(s) dict_keys(['example_branch_operator']) retrieved from /home/airflow/.local/lib/python3.7/site-packages/airflow/example_dags/example_branch_operator.py
[2022-03-30 17:35:08,434] {logging_mixin.py:109} INFO - [2022-03-30 17:35:08,434] {dag.py:2398} INFO - Sync 1 DAGs
[2022-03-30 17:35:08,498] {logging_mixin.py:109} INFO - [2022-03-30 17:35:08,498] {dag.py:2937} INFO - Setting next_dagrun for example_branch_operator to 2022-03-29 00:00:00+00:00
[2022-03-30 17:35:08,523] {processor.py:171} INFO - Processing /home/airflow/.local/lib/python3.7/site-packages/airflow/example_dags/example_branch_operator.py took 0.346 seconds
[2022-03-30 17:35:38,735] {processor.py:163} INFO - Started process (PID=3726) to work on /home/airflow/.local/lib/python3.7/site-packages/airflow/example_dags/example_branch_operator.py
[2022-03-30 17:35:38,740] {processor.py:642} INFO - Processing file /home/airflow/.local/lib/python3.7/site-packages/airflow/example_dags/example_branch_operator.py for tasks to queue
[2022-03-30 17:35:38,743] {logging_mixin.py:109} INFO - [2022-03-30 17:35:38,743] {dagbag.py:500} INFO - Filling up the DagBag from /home/airflow/.local/lib/python3.7/site-packages/airflow/example_dags/example_branch_operator.py
[2022-03-30 17:35:39,015] {processor.py:654} INFO - DAG(s) dict_keys(['example_branch_operator']) retrieved from /home/airflow/.local/lib/python3.7/site-packages/airflow/example_dags/example_branch_operator.py
[2022-03-30 17:35:39,072] {logging_mixin.py:109} INFO - [2022-03-30 17:35:39,072] {dag.py:2398} INFO - Sync 1 DAGs
[2022-03-30 17:35:39,160] {logging_mixin.py:109} INFO - [2022-03-30 17:35:39,159] {dag.py:2937} INFO - Setting next_dagrun for example_branch_operator to 2022-03-29 00:00:00+00:00
[2022-03-30 17:35:39,190] {processor.py:171} INFO - Processing /home/airflow/.local/lib/python3.7/site-packages/airflow/example_dags/example_branch_operator.py took 0.463 seconds
[2022-03-30 17:36:10,223] {processor.py:163} INFO - Started process (PID=3939) to work on /home/airflow/.local/lib/python3.7/site-packages/airflow/example_dags/example_branch_operator.py
[2022-03-30 17:36:10,229] {processor.py:642} INFO - Processing file /home/airflow/.local/lib/python3.7/site-packages/airflow/example_dags/example_branch_operator.py for tasks to queue
[2022-03-30 17:36:10,232] {logging_mixin.py:109} INFO - [2022-03-30 17:36:10,232] {dagbag.py:500} INFO - Filling up the DagBag from /home/airflow/.local/lib/python3.7/site-packages/airflow/example_dags/example_branch_operator.py
[2022-03-30 17:36:10,439] {processor.py:654} INFO - DAG(s) dict_keys(['example_branch_operator']) retrieved from /home/airflow/.local/lib/python3.7/site-packages/airflow/example_dags/example_branch_operator.py
[2022-03-30 17:36:10,478] {logging_mixin.py:109} INFO - [2022-03-30 17:36:10,477] {dag.py:2398} INFO - Sync 1 DAGs
[2022-03-30 17:36:10,535] {logging_mixin.py:109} INFO - [2022-03-30 17:36:10,534] {dag.py:2937} INFO - Setting next_dagrun for example_branch_operator to 2022-03-29 00:00:00+00:00
[2022-03-30 17:36:10,561] {processor.py:171} INFO - Processing /home/airflow/.local/lib/python3.7/site-packages/airflow/example_dags/example_branch_operator.py took 0.348 seconds
[2022-03-30 17:36:40,841] {processor.py:163} INFO - Started process (PID=4172) to work on /home/airflow/.local/lib/python3.7/site-packages/airflow/example_dags/example_branch_operator.py
[2022-03-30 17:36:40,844] {processor.py:642} INFO - Processing file /home/airflow/.local/lib/python3.7/site-packages/airflow/example_dags/example_branch_operator.py for tasks to queue
[2022-03-30 17:36:40,846] {logging_mixin.py:109} INFO - [2022-03-30 17:36:40,846] {dagbag.py:500} INFO - Filling up the DagBag from /home/airflow/.local/lib/python3.7/site-packages/airflow/example_dags/example_branch_operator.py
[2022-03-30 17:36:41,062] {processor.py:654} INFO - DAG(s) dict_keys(['example_branch_operator']) retrieved from /home/airflow/.local/lib/python3.7/site-packages/airflow/example_dags/example_branch_operator.py
[2022-03-30 17:36:41,109] {logging_mixin.py:109} INFO - [2022-03-30 17:36:41,109] {dag.py:2398} INFO - Sync 1 DAGs
[2022-03-30 17:36:41,181] {logging_mixin.py:109} INFO - [2022-03-30 17:36:41,181] {dag.py:2937} INFO - Setting next_dagrun for example_branch_operator to 2022-03-29 00:00:00+00:00
[2022-03-30 17:36:41,212] {processor.py:171} INFO - Processing /home/airflow/.local/lib/python3.7/site-packages/airflow/example_dags/example_branch_operator.py took 0.379 seconds
[2022-03-30 17:37:11,537] {processor.py:163} INFO - Started process (PID=4386) to work on /home/airflow/.local/lib/python3.7/site-packages/airflow/example_dags/example_branch_operator.py
[2022-03-30 17:37:11,542] {processor.py:642} INFO - Processing file /home/airflow/.local/lib/python3.7/site-packages/airflow/example_dags/example_branch_operator.py for tasks to queue
[2022-03-30 17:37:11,545] {logging_mixin.py:109} INFO - [2022-03-30 17:37:11,545] {dagbag.py:500} INFO - Filling up the DagBag from /home/airflow/.local/lib/python3.7/site-packages/airflow/example_dags/example_branch_operator.py
[2022-03-30 17:37:11,766] {processor.py:654} INFO - DAG(s) dict_keys(['example_branch_operator']) retrieved from /home/airflow/.local/lib/python3.7/site-packages/airflow/example_dags/example_branch_operator.py
[2022-03-30 17:37:11,812] {logging_mixin.py:109} INFO - [2022-03-30 17:37:11,812] {dag.py:2398} INFO - Sync 1 DAGs
[2022-03-30 17:37:11,899] {logging_mixin.py:109} INFO - [2022-03-30 17:37:11,880] {dag.py:2937} INFO - Setting next_dagrun for example_branch_operator to 2022-03-29 00:00:00+00:00
[2022-03-30 17:37:11,942] {processor.py:171} INFO - Processing /home/airflow/.local/lib/python3.7/site-packages/airflow/example_dags/example_branch_operator.py took 0.412 seconds
[2022-03-30 17:37:42,205] {processor.py:163} INFO - Started process (PID=4618) to work on /home/airflow/.local/lib/python3.7/site-packages/airflow/example_dags/example_branch_operator.py
[2022-03-30 17:37:42,209] {processor.py:642} INFO - Processing file /home/airflow/.local/lib/python3.7/site-packages/airflow/example_dags/example_branch_operator.py for tasks to queue
[2022-03-30 17:37:42,212] {logging_mixin.py:109} INFO - [2022-03-30 17:37:42,212] {dagbag.py:500} INFO - Filling up the DagBag from /home/airflow/.local/lib/python3.7/site-packages/airflow/example_dags/example_branch_operator.py
[2022-03-30 17:37:42,411] {processor.py:654} INFO - DAG(s) dict_keys(['example_branch_operator']) retrieved from /home/airflow/.local/lib/python3.7/site-packages/airflow/example_dags/example_branch_operator.py
[2022-03-30 17:37:42,454] {logging_mixin.py:109} INFO - [2022-03-30 17:37:42,453] {dag.py:2398} INFO - Sync 1 DAGs
[2022-03-30 17:37:42,519] {logging_mixin.py:109} INFO - [2022-03-30 17:37:42,519] {dag.py:2937} INFO - Setting next_dagrun for example_branch_operator to 2022-03-29 00:00:00+00:00
[2022-03-30 17:37:42,548] {processor.py:171} INFO - Processing /home/airflow/.local/lib/python3.7/site-packages/airflow/example_dags/example_branch_operator.py took 0.348 seconds
[2022-03-30 17:38:12,710] {processor.py:163} INFO - Started process (PID=4847) to work on /home/airflow/.local/lib/python3.7/site-packages/airflow/example_dags/example_branch_operator.py
[2022-03-30 17:38:12,716] {processor.py:642} INFO - Processing file /home/airflow/.local/lib/python3.7/site-packages/airflow/example_dags/example_branch_operator.py for tasks to queue
[2022-03-30 17:38:12,733] {logging_mixin.py:109} INFO - [2022-03-30 17:38:12,733] {dagbag.py:500} INFO - Filling up the DagBag from /home/airflow/.local/lib/python3.7/site-packages/airflow/example_dags/example_branch_operator.py
[2022-03-30 17:38:12,995] {processor.py:654} INFO - DAG(s) dict_keys(['example_branch_operator']) retrieved from /home/airflow/.local/lib/python3.7/site-packages/airflow/example_dags/example_branch_operator.py
[2022-03-30 17:38:13,049] {logging_mixin.py:109} INFO - [2022-03-30 17:38:13,049] {dag.py:2398} INFO - Sync 1 DAGs
[2022-03-30 17:38:13,131] {logging_mixin.py:109} INFO - [2022-03-30 17:38:13,131] {dag.py:2937} INFO - Setting next_dagrun for example_branch_operator to 2022-03-29 00:00:00+00:00
[2022-03-30 17:38:13,162] {processor.py:171} INFO - Processing /home/airflow/.local/lib/python3.7/site-packages/airflow/example_dags/example_branch_operator.py took 0.461 seconds
[2022-03-30 17:38:43,308] {processor.py:163} INFO - Started process (PID=5066) to work on /home/airflow/.local/lib/python3.7/site-packages/airflow/example_dags/example_branch_operator.py
[2022-03-30 17:38:43,312] {processor.py:642} INFO - Processing file /home/airflow/.local/lib/python3.7/site-packages/airflow/example_dags/example_branch_operator.py for tasks to queue
[2022-03-30 17:38:43,314] {logging_mixin.py:109} INFO - [2022-03-30 17:38:43,314] {dagbag.py:500} INFO - Filling up the DagBag from /home/airflow/.local/lib/python3.7/site-packages/airflow/example_dags/example_branch_operator.py
[2022-03-30 17:38:43,508] {processor.py:654} INFO - DAG(s) dict_keys(['example_branch_operator']) retrieved from /home/airflow/.local/lib/python3.7/site-packages/airflow/example_dags/example_branch_operator.py
[2022-03-30 17:38:43,551] {logging_mixin.py:109} INFO - [2022-03-30 17:38:43,550] {dag.py:2398} INFO - Sync 1 DAGs
[2022-03-30 17:38:43,619] {logging_mixin.py:109} INFO - [2022-03-30 17:38:43,618] {dag.py:2937} INFO - Setting next_dagrun for example_branch_operator to 2022-03-29 00:00:00+00:00
[2022-03-30 17:38:43,645] {processor.py:171} INFO - Processing /home/airflow/.local/lib/python3.7/site-packages/airflow/example_dags/example_branch_operator.py took 0.343 seconds
[2022-03-30 17:39:13,852] {processor.py:163} INFO - Started process (PID=5298) to work on /home/airflow/.local/lib/python3.7/site-packages/airflow/example_dags/example_branch_operator.py
[2022-03-30 17:39:13,857] {processor.py:642} INFO - Processing file /home/airflow/.local/lib/python3.7/site-packages/airflow/example_dags/example_branch_operator.py for tasks to queue
[2022-03-30 17:39:13,860] {logging_mixin.py:109} INFO - [2022-03-30 17:39:13,860] {dagbag.py:500} INFO - Filling up the DagBag from /home/airflow/.local/lib/python3.7/site-packages/airflow/example_dags/example_branch_operator.py
[2022-03-30 17:39:13,950] {processor.py:654} INFO - DAG(s) dict_keys(['example_branch_operator']) retrieved from /home/airflow/.local/lib/python3.7/site-packages/airflow/example_dags/example_branch_operator.py
[2022-03-30 17:39:13,997] {logging_mixin.py:109} INFO - [2022-03-30 17:39:13,996] {dag.py:2398} INFO - Sync 1 DAGs
[2022-03-30 17:39:14,075] {logging_mixin.py:109} INFO - [2022-03-30 17:39:14,074] {dag.py:2937} INFO - Setting next_dagrun for example_branch_operator to 2022-03-29 00:00:00+00:00
[2022-03-30 17:39:14,104] {processor.py:171} INFO - Processing /home/airflow/.local/lib/python3.7/site-packages/airflow/example_dags/example_branch_operator.py took 0.258 seconds
[2022-03-30 17:39:44,692] {processor.py:163} INFO - Started process (PID=5514) to work on /home/airflow/.local/lib/python3.7/site-packages/airflow/example_dags/example_branch_operator.py
[2022-03-30 17:39:44,696] {processor.py:642} INFO - Processing file /home/airflow/.local/lib/python3.7/site-packages/airflow/example_dags/example_branch_operator.py for tasks to queue
[2022-03-30 17:39:44,699] {logging_mixin.py:109} INFO - [2022-03-30 17:39:44,699] {dagbag.py:500} INFO - Filling up the DagBag from /home/airflow/.local/lib/python3.7/site-packages/airflow/example_dags/example_branch_operator.py
[2022-03-30 17:39:44,791] {processor.py:654} INFO - DAG(s) dict_keys(['example_branch_operator']) retrieved from /home/airflow/.local/lib/python3.7/site-packages/airflow/example_dags/example_branch_operator.py
[2022-03-30 17:39:44,833] {logging_mixin.py:109} INFO - [2022-03-30 17:39:44,833] {dag.py:2398} INFO - Sync 1 DAGs
[2022-03-30 17:39:44,896] {logging_mixin.py:109} INFO - [2022-03-30 17:39:44,895] {dag.py:2937} INFO - Setting next_dagrun for example_branch_operator to 2022-03-29 00:00:00+00:00
[2022-03-30 17:39:44,925] {processor.py:171} INFO - Processing /home/airflow/.local/lib/python3.7/site-packages/airflow/example_dags/example_branch_operator.py took 0.241 seconds
[2022-03-30 17:40:15,302] {processor.py:163} INFO - Started process (PID=5747) to work on /home/airflow/.local/lib/python3.7/site-packages/airflow/example_dags/example_branch_operator.py
[2022-03-30 17:40:15,306] {processor.py:642} INFO - Processing file /home/airflow/.local/lib/python3.7/site-packages/airflow/example_dags/example_branch_operator.py for tasks to queue
[2022-03-30 17:40:15,309] {logging_mixin.py:109} INFO - [2022-03-30 17:40:15,308] {dagbag.py:500} INFO - Filling up the DagBag from /home/airflow/.local/lib/python3.7/site-packages/airflow/example_dags/example_branch_operator.py
[2022-03-30 17:40:15,393] {processor.py:654} INFO - DAG(s) dict_keys(['example_branch_operator']) retrieved from /home/airflow/.local/lib/python3.7/site-packages/airflow/example_dags/example_branch_operator.py
[2022-03-30 17:40:15,435] {logging_mixin.py:109} INFO - [2022-03-30 17:40:15,435] {dag.py:2398} INFO - Sync 1 DAGs
[2022-03-30 17:40:15,502] {logging_mixin.py:109} INFO - [2022-03-30 17:40:15,501] {dag.py:2937} INFO - Setting next_dagrun for example_branch_operator to 2022-03-29 00:00:00+00:00
[2022-03-30 17:40:15,528] {processor.py:171} INFO - Processing /home/airflow/.local/lib/python3.7/site-packages/airflow/example_dags/example_branch_operator.py took 0.232 seconds
[2022-03-30 17:40:46,238] {processor.py:163} INFO - Started process (PID=5962) to work on /home/airflow/.local/lib/python3.7/site-packages/airflow/example_dags/example_branch_operator.py
[2022-03-30 17:40:46,242] {processor.py:642} INFO - Processing file /home/airflow/.local/lib/python3.7/site-packages/airflow/example_dags/example_branch_operator.py for tasks to queue
[2022-03-30 17:40:46,244] {logging_mixin.py:109} INFO - [2022-03-30 17:40:46,244] {dagbag.py:500} INFO - Filling up the DagBag from /home/airflow/.local/lib/python3.7/site-packages/airflow/example_dags/example_branch_operator.py
[2022-03-30 17:40:46,338] {processor.py:654} INFO - DAG(s) dict_keys(['example_branch_operator']) retrieved from /home/airflow/.local/lib/python3.7/site-packages/airflow/example_dags/example_branch_operator.py
[2022-03-30 17:40:46,381] {logging_mixin.py:109} INFO - [2022-03-30 17:40:46,381] {dag.py:2398} INFO - Sync 1 DAGs
[2022-03-30 17:40:46,441] {logging_mixin.py:109} INFO - [2022-03-30 17:40:46,441] {dag.py:2937} INFO - Setting next_dagrun for example_branch_operator to 2022-03-29 00:00:00+00:00
[2022-03-30 17:40:46,464] {processor.py:171} INFO - Processing /home/airflow/.local/lib/python3.7/site-packages/airflow/example_dags/example_branch_operator.py took 0.233 seconds
[2022-03-30 17:41:16,945] {processor.py:163} INFO - Started process (PID=6189) to work on /home/airflow/.local/lib/python3.7/site-packages/airflow/example_dags/example_branch_operator.py
[2022-03-30 17:41:16,950] {processor.py:642} INFO - Processing file /home/airflow/.local/lib/python3.7/site-packages/airflow/example_dags/example_branch_operator.py for tasks to queue
[2022-03-30 17:41:16,953] {logging_mixin.py:109} INFO - [2022-03-30 17:41:16,953] {dagbag.py:500} INFO - Filling up the DagBag from /home/airflow/.local/lib/python3.7/site-packages/airflow/example_dags/example_branch_operator.py
[2022-03-30 17:41:17,039] {processor.py:654} INFO - DAG(s) dict_keys(['example_branch_operator']) retrieved from /home/airflow/.local/lib/python3.7/site-packages/airflow/example_dags/example_branch_operator.py
[2022-03-30 17:41:17,081] {logging_mixin.py:109} INFO - [2022-03-30 17:41:17,081] {dag.py:2398} INFO - Sync 1 DAGs
[2022-03-30 17:41:17,151] {logging_mixin.py:109} INFO - [2022-03-30 17:41:17,150] {dag.py:2937} INFO - Setting next_dagrun for example_branch_operator to 2022-03-29 00:00:00+00:00
[2022-03-30 17:41:17,181] {processor.py:171} INFO - Processing /home/airflow/.local/lib/python3.7/site-packages/airflow/example_dags/example_branch_operator.py took 0.242 seconds
[2022-03-30 17:41:47,295] {processor.py:163} INFO - Started process (PID=6403) to work on /home/airflow/.local/lib/python3.7/site-packages/airflow/example_dags/example_branch_operator.py
[2022-03-30 17:41:47,300] {processor.py:642} INFO - Processing file /home/airflow/.local/lib/python3.7/site-packages/airflow/example_dags/example_branch_operator.py for tasks to queue
[2022-03-30 17:41:47,302] {logging_mixin.py:109} INFO - [2022-03-30 17:41:47,302] {dagbag.py:500} INFO - Filling up the DagBag from /home/airflow/.local/lib/python3.7/site-packages/airflow/example_dags/example_branch_operator.py
[2022-03-30 17:41:47,385] {processor.py:654} INFO - DAG(s) dict_keys(['example_branch_operator']) retrieved from /home/airflow/.local/lib/python3.7/site-packages/airflow/example_dags/example_branch_operator.py
[2022-03-30 17:41:47,427] {logging_mixin.py:109} INFO - [2022-03-30 17:41:47,427] {dag.py:2398} INFO - Sync 1 DAGs
[2022-03-30 17:41:47,493] {logging_mixin.py:109} INFO - [2022-03-30 17:41:47,493] {dag.py:2937} INFO - Setting next_dagrun for example_branch_operator to 2022-03-29 00:00:00+00:00
[2022-03-30 17:41:47,521] {processor.py:171} INFO - Processing /home/airflow/.local/lib/python3.7/site-packages/airflow/example_dags/example_branch_operator.py took 0.235 seconds
