[2022-03-30 17:28:28,362] {processor.py:163} INFO - Started process (PID=653) to work on /home/airflow/.local/lib/python3.7/site-packages/airflow/example_dags/example_task_group.py
[2022-03-30 17:28:28,366] {processor.py:642} INFO - Processing file /home/airflow/.local/lib/python3.7/site-packages/airflow/example_dags/example_task_group.py for tasks to queue
[2022-03-30 17:28:28,370] {logging_mixin.py:109} INFO - [2022-03-30 17:28:28,369] {dagbag.py:500} INFO - Filling up the DagBag from /home/airflow/.local/lib/python3.7/site-packages/airflow/example_dags/example_task_group.py
[2022-03-30 17:28:28,465] {processor.py:654} INFO - DAG(s) dict_keys(['example_task_group']) retrieved from /home/airflow/.local/lib/python3.7/site-packages/airflow/example_dags/example_task_group.py
[2022-03-30 17:28:37,063] {logging_mixin.py:109} INFO - [2022-03-30 17:28:37,062] {manager.py:496} INFO - Created Permission View: can read on DAG:example_task_group
[2022-03-30 17:28:37,124] {logging_mixin.py:109} INFO - [2022-03-30 17:28:37,124] {manager.py:496} INFO - Created Permission View: can edit on DAG:example_task_group
[2022-03-30 17:28:37,127] {logging_mixin.py:109} INFO - [2022-03-30 17:28:37,126] {dag.py:2398} INFO - Sync 1 DAGs
[2022-03-30 17:28:37,162] {logging_mixin.py:109} INFO - [2022-03-30 17:28:37,161] {dag.py:2417} INFO - Creating ORM DAG for example_task_group
[2022-03-30 17:28:37,200] {logging_mixin.py:109} INFO - [2022-03-30 17:28:37,200] {dag.py:2937} INFO - Setting next_dagrun for example_task_group to 2022-03-29T17:28:37.198664+00:00
[2022-03-30 17:28:37,247] {processor.py:171} INFO - Processing /home/airflow/.local/lib/python3.7/site-packages/airflow/example_dags/example_task_group.py took 8.894 seconds
[2022-03-30 17:29:07,591] {processor.py:163} INFO - Started process (PID=916) to work on /home/airflow/.local/lib/python3.7/site-packages/airflow/example_dags/example_task_group.py
[2022-03-30 17:29:07,594] {processor.py:642} INFO - Processing file /home/airflow/.local/lib/python3.7/site-packages/airflow/example_dags/example_task_group.py for tasks to queue
[2022-03-30 17:29:07,597] {logging_mixin.py:109} INFO - [2022-03-30 17:29:07,596] {dagbag.py:500} INFO - Filling up the DagBag from /home/airflow/.local/lib/python3.7/site-packages/airflow/example_dags/example_task_group.py
[2022-03-30 17:29:07,673] {processor.py:654} INFO - DAG(s) dict_keys(['example_task_group']) retrieved from /home/airflow/.local/lib/python3.7/site-packages/airflow/example_dags/example_task_group.py
[2022-03-30 17:29:07,715] {logging_mixin.py:109} INFO - [2022-03-30 17:29:07,715] {dag.py:2398} INFO - Sync 1 DAGs
[2022-03-30 17:29:07,772] {logging_mixin.py:109} INFO - [2022-03-30 17:29:07,772] {dag.py:2937} INFO - Setting next_dagrun for example_task_group to 2022-03-29T17:29:07.770934+00:00
[2022-03-30 17:29:07,798] {processor.py:171} INFO - Processing /home/airflow/.local/lib/python3.7/site-packages/airflow/example_dags/example_task_group.py took 0.214 seconds
[2022-03-30 17:29:38,190] {processor.py:163} INFO - Started process (PID=1147) to work on /home/airflow/.local/lib/python3.7/site-packages/airflow/example_dags/example_task_group.py
[2022-03-30 17:29:38,195] {processor.py:642} INFO - Processing file /home/airflow/.local/lib/python3.7/site-packages/airflow/example_dags/example_task_group.py for tasks to queue
[2022-03-30 17:29:38,197] {logging_mixin.py:109} INFO - [2022-03-30 17:29:38,197] {dagbag.py:500} INFO - Filling up the DagBag from /home/airflow/.local/lib/python3.7/site-packages/airflow/example_dags/example_task_group.py
[2022-03-30 17:29:38,282] {processor.py:654} INFO - DAG(s) dict_keys(['example_task_group']) retrieved from /home/airflow/.local/lib/python3.7/site-packages/airflow/example_dags/example_task_group.py
[2022-03-30 17:29:38,325] {logging_mixin.py:109} INFO - [2022-03-30 17:29:38,325] {dag.py:2398} INFO - Sync 1 DAGs
[2022-03-30 17:29:38,385] {logging_mixin.py:109} INFO - [2022-03-30 17:29:38,385] {dag.py:2937} INFO - Setting next_dagrun for example_task_group to 2022-03-29T17:29:38.383900+00:00
[2022-03-30 17:29:38,411] {processor.py:171} INFO - Processing /home/airflow/.local/lib/python3.7/site-packages/airflow/example_dags/example_task_group.py took 0.228 seconds
[2022-03-30 17:30:09,079] {processor.py:163} INFO - Started process (PID=1363) to work on /home/airflow/.local/lib/python3.7/site-packages/airflow/example_dags/example_task_group.py
[2022-03-30 17:30:09,082] {processor.py:642} INFO - Processing file /home/airflow/.local/lib/python3.7/site-packages/airflow/example_dags/example_task_group.py for tasks to queue
[2022-03-30 17:30:09,085] {logging_mixin.py:109} INFO - [2022-03-30 17:30:09,085] {dagbag.py:500} INFO - Filling up the DagBag from /home/airflow/.local/lib/python3.7/site-packages/airflow/example_dags/example_task_group.py
[2022-03-30 17:30:09,164] {processor.py:654} INFO - DAG(s) dict_keys(['example_task_group']) retrieved from /home/airflow/.local/lib/python3.7/site-packages/airflow/example_dags/example_task_group.py
[2022-03-30 17:30:09,204] {logging_mixin.py:109} INFO - [2022-03-30 17:30:09,204] {dag.py:2398} INFO - Sync 1 DAGs
[2022-03-30 17:30:09,261] {logging_mixin.py:109} INFO - [2022-03-30 17:30:09,260] {dag.py:2937} INFO - Setting next_dagrun for example_task_group to 2022-03-29T17:30:09.259037+00:00
[2022-03-30 17:30:09,288] {processor.py:171} INFO - Processing /home/airflow/.local/lib/python3.7/site-packages/airflow/example_dags/example_task_group.py took 0.216 seconds
[2022-03-30 17:30:40,172] {processor.py:163} INFO - Started process (PID=1593) to work on /home/airflow/.local/lib/python3.7/site-packages/airflow/example_dags/example_task_group.py
[2022-03-30 17:30:40,176] {processor.py:642} INFO - Processing file /home/airflow/.local/lib/python3.7/site-packages/airflow/example_dags/example_task_group.py for tasks to queue
[2022-03-30 17:30:40,178] {logging_mixin.py:109} INFO - [2022-03-30 17:30:40,178] {dagbag.py:500} INFO - Filling up the DagBag from /home/airflow/.local/lib/python3.7/site-packages/airflow/example_dags/example_task_group.py
[2022-03-30 17:30:40,262] {processor.py:654} INFO - DAG(s) dict_keys(['example_task_group']) retrieved from /home/airflow/.local/lib/python3.7/site-packages/airflow/example_dags/example_task_group.py
[2022-03-30 17:30:40,306] {logging_mixin.py:109} INFO - [2022-03-30 17:30:40,306] {dag.py:2398} INFO - Sync 1 DAGs
[2022-03-30 17:30:40,364] {logging_mixin.py:109} INFO - [2022-03-30 17:30:40,364] {dag.py:2937} INFO - Setting next_dagrun for example_task_group to 2022-03-29T17:30:40.362428+00:00
[2022-03-30 17:30:40,396] {processor.py:171} INFO - Processing /home/airflow/.local/lib/python3.7/site-packages/airflow/example_dags/example_task_group.py took 0.230 seconds
[2022-03-30 17:31:10,643] {processor.py:163} INFO - Started process (PID=1806) to work on /home/airflow/.local/lib/python3.7/site-packages/airflow/example_dags/example_task_group.py
[2022-03-30 17:31:10,646] {processor.py:642} INFO - Processing file /home/airflow/.local/lib/python3.7/site-packages/airflow/example_dags/example_task_group.py for tasks to queue
[2022-03-30 17:31:10,648] {logging_mixin.py:109} INFO - [2022-03-30 17:31:10,648] {dagbag.py:500} INFO - Filling up the DagBag from /home/airflow/.local/lib/python3.7/site-packages/airflow/example_dags/example_task_group.py
[2022-03-30 17:31:10,717] {processor.py:654} INFO - DAG(s) dict_keys(['example_task_group']) retrieved from /home/airflow/.local/lib/python3.7/site-packages/airflow/example_dags/example_task_group.py
[2022-03-30 17:31:10,754] {logging_mixin.py:109} INFO - [2022-03-30 17:31:10,753] {dag.py:2398} INFO - Sync 1 DAGs
[2022-03-30 17:31:10,800] {logging_mixin.py:109} INFO - [2022-03-30 17:31:10,800] {dag.py:2937} INFO - Setting next_dagrun for example_task_group to 2022-03-29T17:31:10.798838+00:00
[2022-03-30 17:31:10,856] {processor.py:171} INFO - Processing /home/airflow/.local/lib/python3.7/site-packages/airflow/example_dags/example_task_group.py took 0.219 seconds
[2022-03-30 17:31:42,180] {processor.py:163} INFO - Started process (PID=2038) to work on /home/airflow/.local/lib/python3.7/site-packages/airflow/example_dags/example_task_group.py
[2022-03-30 17:31:42,184] {processor.py:642} INFO - Processing file /home/airflow/.local/lib/python3.7/site-packages/airflow/example_dags/example_task_group.py for tasks to queue
[2022-03-30 17:31:42,188] {logging_mixin.py:109} INFO - [2022-03-30 17:31:42,188] {dagbag.py:500} INFO - Filling up the DagBag from /home/airflow/.local/lib/python3.7/site-packages/airflow/example_dags/example_task_group.py
[2022-03-30 17:31:42,301] {processor.py:654} INFO - DAG(s) dict_keys(['example_task_group']) retrieved from /home/airflow/.local/lib/python3.7/site-packages/airflow/example_dags/example_task_group.py
[2022-03-30 17:31:42,344] {logging_mixin.py:109} INFO - [2022-03-30 17:31:42,343] {dag.py:2398} INFO - Sync 1 DAGs
[2022-03-30 17:31:42,399] {logging_mixin.py:109} INFO - [2022-03-30 17:31:42,399] {dag.py:2937} INFO - Setting next_dagrun for example_task_group to 2022-03-29T17:31:42.397923+00:00
[2022-03-30 17:31:42,426] {processor.py:171} INFO - Processing /home/airflow/.local/lib/python3.7/site-packages/airflow/example_dags/example_task_group.py took 0.253 seconds
[2022-03-30 17:32:12,937] {processor.py:163} INFO - Started process (PID=2265) to work on /home/airflow/.local/lib/python3.7/site-packages/airflow/example_dags/example_task_group.py
[2022-03-30 17:32:12,941] {processor.py:642} INFO - Processing file /home/airflow/.local/lib/python3.7/site-packages/airflow/example_dags/example_task_group.py for tasks to queue
[2022-03-30 17:32:12,943] {logging_mixin.py:109} INFO - [2022-03-30 17:32:12,943] {dagbag.py:500} INFO - Filling up the DagBag from /home/airflow/.local/lib/python3.7/site-packages/airflow/example_dags/example_task_group.py
[2022-03-30 17:32:13,022] {processor.py:654} INFO - DAG(s) dict_keys(['example_task_group']) retrieved from /home/airflow/.local/lib/python3.7/site-packages/airflow/example_dags/example_task_group.py
[2022-03-30 17:32:13,063] {logging_mixin.py:109} INFO - [2022-03-30 17:32:13,063] {dag.py:2398} INFO - Sync 1 DAGs
[2022-03-30 17:32:13,119] {logging_mixin.py:109} INFO - [2022-03-30 17:32:13,118] {dag.py:2937} INFO - Setting next_dagrun for example_task_group to 2022-03-29T17:32:13.117196+00:00
[2022-03-30 17:32:13,260] {processor.py:171} INFO - Processing /home/airflow/.local/lib/python3.7/site-packages/airflow/example_dags/example_task_group.py took 0.329 seconds
[2022-03-30 17:32:44,005] {processor.py:163} INFO - Started process (PID=2486) to work on /home/airflow/.local/lib/python3.7/site-packages/airflow/example_dags/example_task_group.py
[2022-03-30 17:32:44,009] {processor.py:642} INFO - Processing file /home/airflow/.local/lib/python3.7/site-packages/airflow/example_dags/example_task_group.py for tasks to queue
[2022-03-30 17:32:44,011] {logging_mixin.py:109} INFO - [2022-03-30 17:32:44,011] {dagbag.py:500} INFO - Filling up the DagBag from /home/airflow/.local/lib/python3.7/site-packages/airflow/example_dags/example_task_group.py
[2022-03-30 17:32:44,095] {processor.py:654} INFO - DAG(s) dict_keys(['example_task_group']) retrieved from /home/airflow/.local/lib/python3.7/site-packages/airflow/example_dags/example_task_group.py
[2022-03-30 17:32:44,138] {logging_mixin.py:109} INFO - [2022-03-30 17:32:44,138] {dag.py:2398} INFO - Sync 1 DAGs
[2022-03-30 17:32:44,197] {logging_mixin.py:109} INFO - [2022-03-30 17:32:44,196] {dag.py:2937} INFO - Setting next_dagrun for example_task_group to 2022-03-29T17:32:44.195093+00:00
[2022-03-30 17:32:44,330] {processor.py:171} INFO - Processing /home/airflow/.local/lib/python3.7/site-packages/airflow/example_dags/example_task_group.py took 0.332 seconds
[2022-03-30 17:33:14,624] {processor.py:163} INFO - Started process (PID=2715) to work on /home/airflow/.local/lib/python3.7/site-packages/airflow/example_dags/example_task_group.py
[2022-03-30 17:33:14,628] {processor.py:642} INFO - Processing file /home/airflow/.local/lib/python3.7/site-packages/airflow/example_dags/example_task_group.py for tasks to queue
[2022-03-30 17:33:14,631] {logging_mixin.py:109} INFO - [2022-03-30 17:33:14,630] {dagbag.py:500} INFO - Filling up the DagBag from /home/airflow/.local/lib/python3.7/site-packages/airflow/example_dags/example_task_group.py
[2022-03-30 17:33:14,713] {processor.py:654} INFO - DAG(s) dict_keys(['example_task_group']) retrieved from /home/airflow/.local/lib/python3.7/site-packages/airflow/example_dags/example_task_group.py
[2022-03-30 17:33:14,754] {logging_mixin.py:109} INFO - [2022-03-30 17:33:14,753] {dag.py:2398} INFO - Sync 1 DAGs
[2022-03-30 17:33:14,920] {logging_mixin.py:109} INFO - [2022-03-30 17:33:14,919] {dag.py:2937} INFO - Setting next_dagrun for example_task_group to 2022-03-29T17:33:14.918472+00:00
[2022-03-30 17:33:14,947] {processor.py:171} INFO - Processing /home/airflow/.local/lib/python3.7/site-packages/airflow/example_dags/example_task_group.py took 0.329 seconds
[2022-03-30 17:33:45,234] {processor.py:163} INFO - Started process (PID=2928) to work on /home/airflow/.local/lib/python3.7/site-packages/airflow/example_dags/example_task_group.py
[2022-03-30 17:33:45,238] {processor.py:642} INFO - Processing file /home/airflow/.local/lib/python3.7/site-packages/airflow/example_dags/example_task_group.py for tasks to queue
[2022-03-30 17:33:45,241] {logging_mixin.py:109} INFO - [2022-03-30 17:33:45,241] {dagbag.py:500} INFO - Filling up the DagBag from /home/airflow/.local/lib/python3.7/site-packages/airflow/example_dags/example_task_group.py
[2022-03-30 17:33:45,318] {processor.py:654} INFO - DAG(s) dict_keys(['example_task_group']) retrieved from /home/airflow/.local/lib/python3.7/site-packages/airflow/example_dags/example_task_group.py
[2022-03-30 17:33:45,357] {logging_mixin.py:109} INFO - [2022-03-30 17:33:45,356] {dag.py:2398} INFO - Sync 1 DAGs
[2022-03-30 17:33:45,495] {logging_mixin.py:109} INFO - [2022-03-30 17:33:45,495] {dag.py:2937} INFO - Setting next_dagrun for example_task_group to 2022-03-29T17:33:45.494032+00:00
[2022-03-30 17:33:45,517] {processor.py:171} INFO - Processing /home/airflow/.local/lib/python3.7/site-packages/airflow/example_dags/example_task_group.py took 0.292 seconds
[2022-03-30 17:34:15,842] {processor.py:163} INFO - Started process (PID=3162) to work on /home/airflow/.local/lib/python3.7/site-packages/airflow/example_dags/example_task_group.py
[2022-03-30 17:34:15,846] {processor.py:642} INFO - Processing file /home/airflow/.local/lib/python3.7/site-packages/airflow/example_dags/example_task_group.py for tasks to queue
[2022-03-30 17:34:15,848] {logging_mixin.py:109} INFO - [2022-03-30 17:34:15,848] {dagbag.py:500} INFO - Filling up the DagBag from /home/airflow/.local/lib/python3.7/site-packages/airflow/example_dags/example_task_group.py
[2022-03-30 17:34:15,933] {processor.py:654} INFO - DAG(s) dict_keys(['example_task_group']) retrieved from /home/airflow/.local/lib/python3.7/site-packages/airflow/example_dags/example_task_group.py
[2022-03-30 17:34:15,973] {logging_mixin.py:109} INFO - [2022-03-30 17:34:15,972] {dag.py:2398} INFO - Sync 1 DAGs
[2022-03-30 17:34:16,135] {logging_mixin.py:109} INFO - [2022-03-30 17:34:16,134] {dag.py:2937} INFO - Setting next_dagrun for example_task_group to 2022-03-29T17:34:16.133041+00:00
[2022-03-30 17:34:16,172] {processor.py:171} INFO - Processing /home/airflow/.local/lib/python3.7/site-packages/airflow/example_dags/example_task_group.py took 0.336 seconds
[2022-03-30 17:34:46,362] {processor.py:163} INFO - Started process (PID=3378) to work on /home/airflow/.local/lib/python3.7/site-packages/airflow/example_dags/example_task_group.py
[2022-03-30 17:34:46,366] {processor.py:642} INFO - Processing file /home/airflow/.local/lib/python3.7/site-packages/airflow/example_dags/example_task_group.py for tasks to queue
[2022-03-30 17:34:46,368] {logging_mixin.py:109} INFO - [2022-03-30 17:34:46,368] {dagbag.py:500} INFO - Filling up the DagBag from /home/airflow/.local/lib/python3.7/site-packages/airflow/example_dags/example_task_group.py
[2022-03-30 17:34:46,445] {processor.py:654} INFO - DAG(s) dict_keys(['example_task_group']) retrieved from /home/airflow/.local/lib/python3.7/site-packages/airflow/example_dags/example_task_group.py
[2022-03-30 17:34:46,483] {logging_mixin.py:109} INFO - [2022-03-30 17:34:46,483] {dag.py:2398} INFO - Sync 1 DAGs
[2022-03-30 17:34:46,636] {logging_mixin.py:109} INFO - [2022-03-30 17:34:46,636] {dag.py:2937} INFO - Setting next_dagrun for example_task_group to 2022-03-29T17:34:46.634912+00:00
[2022-03-30 17:34:46,661] {processor.py:171} INFO - Processing /home/airflow/.local/lib/python3.7/site-packages/airflow/example_dags/example_task_group.py took 0.306 seconds
[2022-03-30 17:35:17,026] {processor.py:163} INFO - Started process (PID=3607) to work on /home/airflow/.local/lib/python3.7/site-packages/airflow/example_dags/example_task_group.py
[2022-03-30 17:35:17,030] {processor.py:642} INFO - Processing file /home/airflow/.local/lib/python3.7/site-packages/airflow/example_dags/example_task_group.py for tasks to queue
[2022-03-30 17:35:17,033] {logging_mixin.py:109} INFO - [2022-03-30 17:35:17,032] {dagbag.py:500} INFO - Filling up the DagBag from /home/airflow/.local/lib/python3.7/site-packages/airflow/example_dags/example_task_group.py
[2022-03-30 17:35:17,128] {processor.py:654} INFO - DAG(s) dict_keys(['example_task_group']) retrieved from /home/airflow/.local/lib/python3.7/site-packages/airflow/example_dags/example_task_group.py
[2022-03-30 17:35:17,288] {logging_mixin.py:109} INFO - [2022-03-30 17:35:17,288] {dag.py:2398} INFO - Sync 1 DAGs
[2022-03-30 17:35:17,346] {logging_mixin.py:109} INFO - [2022-03-30 17:35:17,346] {dag.py:2937} INFO - Setting next_dagrun for example_task_group to 2022-03-29T17:35:17.344714+00:00
[2022-03-30 17:35:17,374] {processor.py:171} INFO - Processing /home/airflow/.local/lib/python3.7/site-packages/airflow/example_dags/example_task_group.py took 0.355 seconds
[2022-03-30 17:35:47,850] {processor.py:163} INFO - Started process (PID=3822) to work on /home/airflow/.local/lib/python3.7/site-packages/airflow/example_dags/example_task_group.py
[2022-03-30 17:35:47,853] {processor.py:642} INFO - Processing file /home/airflow/.local/lib/python3.7/site-packages/airflow/example_dags/example_task_group.py for tasks to queue
[2022-03-30 17:35:47,856] {logging_mixin.py:109} INFO - [2022-03-30 17:35:47,856] {dagbag.py:500} INFO - Filling up the DagBag from /home/airflow/.local/lib/python3.7/site-packages/airflow/example_dags/example_task_group.py
[2022-03-30 17:35:48,044] {processor.py:654} INFO - DAG(s) dict_keys(['example_task_group']) retrieved from /home/airflow/.local/lib/python3.7/site-packages/airflow/example_dags/example_task_group.py
[2022-03-30 17:35:48,085] {logging_mixin.py:109} INFO - [2022-03-30 17:35:48,085] {dag.py:2398} INFO - Sync 1 DAGs
[2022-03-30 17:35:48,139] {logging_mixin.py:109} INFO - [2022-03-30 17:35:48,139] {dag.py:2937} INFO - Setting next_dagrun for example_task_group to 2022-03-29T17:35:48.138028+00:00
[2022-03-30 17:35:48,166] {processor.py:171} INFO - Processing /home/airflow/.local/lib/python3.7/site-packages/airflow/example_dags/example_task_group.py took 0.322 seconds
[2022-03-30 17:36:18,676] {processor.py:163} INFO - Started process (PID=4054) to work on /home/airflow/.local/lib/python3.7/site-packages/airflow/example_dags/example_task_group.py
[2022-03-30 17:36:18,680] {processor.py:642} INFO - Processing file /home/airflow/.local/lib/python3.7/site-packages/airflow/example_dags/example_task_group.py for tasks to queue
[2022-03-30 17:36:18,682] {logging_mixin.py:109} INFO - [2022-03-30 17:36:18,682] {dagbag.py:500} INFO - Filling up the DagBag from /home/airflow/.local/lib/python3.7/site-packages/airflow/example_dags/example_task_group.py
[2022-03-30 17:36:18,913] {processor.py:654} INFO - DAG(s) dict_keys(['example_task_group']) retrieved from /home/airflow/.local/lib/python3.7/site-packages/airflow/example_dags/example_task_group.py
[2022-03-30 17:36:18,962] {logging_mixin.py:109} INFO - [2022-03-30 17:36:18,961] {dag.py:2398} INFO - Sync 1 DAGs
[2022-03-30 17:36:19,023] {logging_mixin.py:109} INFO - [2022-03-30 17:36:19,023] {dag.py:2937} INFO - Setting next_dagrun for example_task_group to 2022-03-29T17:36:19.021691+00:00
[2022-03-30 17:36:19,053] {processor.py:171} INFO - Processing /home/airflow/.local/lib/python3.7/site-packages/airflow/example_dags/example_task_group.py took 0.383 seconds
[2022-03-30 17:36:49,160] {processor.py:163} INFO - Started process (PID=4263) to work on /home/airflow/.local/lib/python3.7/site-packages/airflow/example_dags/example_task_group.py
[2022-03-30 17:36:49,165] {processor.py:642} INFO - Processing file /home/airflow/.local/lib/python3.7/site-packages/airflow/example_dags/example_task_group.py for tasks to queue
[2022-03-30 17:36:49,168] {logging_mixin.py:109} INFO - [2022-03-30 17:36:49,167] {dagbag.py:500} INFO - Filling up the DagBag from /home/airflow/.local/lib/python3.7/site-packages/airflow/example_dags/example_task_group.py
[2022-03-30 17:36:49,356] {processor.py:654} INFO - DAG(s) dict_keys(['example_task_group']) retrieved from /home/airflow/.local/lib/python3.7/site-packages/airflow/example_dags/example_task_group.py
[2022-03-30 17:36:49,399] {logging_mixin.py:109} INFO - [2022-03-30 17:36:49,398] {dag.py:2398} INFO - Sync 1 DAGs
[2022-03-30 17:36:49,450] {logging_mixin.py:109} INFO - [2022-03-30 17:36:49,450] {dag.py:2937} INFO - Setting next_dagrun for example_task_group to 2022-03-29T17:36:49.448953+00:00
[2022-03-30 17:36:49,472] {processor.py:171} INFO - Processing /home/airflow/.local/lib/python3.7/site-packages/airflow/example_dags/example_task_group.py took 0.320 seconds
[2022-03-30 17:37:19,978] {processor.py:163} INFO - Started process (PID=4495) to work on /home/airflow/.local/lib/python3.7/site-packages/airflow/example_dags/example_task_group.py
[2022-03-30 17:37:19,982] {processor.py:642} INFO - Processing file /home/airflow/.local/lib/python3.7/site-packages/airflow/example_dags/example_task_group.py for tasks to queue
[2022-03-30 17:37:19,985] {logging_mixin.py:109} INFO - [2022-03-30 17:37:19,985] {dagbag.py:500} INFO - Filling up the DagBag from /home/airflow/.local/lib/python3.7/site-packages/airflow/example_dags/example_task_group.py
[2022-03-30 17:37:20,194] {processor.py:654} INFO - DAG(s) dict_keys(['example_task_group']) retrieved from /home/airflow/.local/lib/python3.7/site-packages/airflow/example_dags/example_task_group.py
[2022-03-30 17:37:20,237] {logging_mixin.py:109} INFO - [2022-03-30 17:37:20,236] {dag.py:2398} INFO - Sync 1 DAGs
[2022-03-30 17:37:20,296] {logging_mixin.py:109} INFO - [2022-03-30 17:37:20,295] {dag.py:2937} INFO - Setting next_dagrun for example_task_group to 2022-03-29T17:37:20.294291+00:00
[2022-03-30 17:37:20,325] {processor.py:171} INFO - Processing /home/airflow/.local/lib/python3.7/site-packages/airflow/example_dags/example_task_group.py took 0.353 seconds
[2022-03-30 17:37:50,584] {processor.py:163} INFO - Started process (PID=4705) to work on /home/airflow/.local/lib/python3.7/site-packages/airflow/example_dags/example_task_group.py
[2022-03-30 17:37:50,587] {processor.py:642} INFO - Processing file /home/airflow/.local/lib/python3.7/site-packages/airflow/example_dags/example_task_group.py for tasks to queue
[2022-03-30 17:37:50,589] {logging_mixin.py:109} INFO - [2022-03-30 17:37:50,589] {dagbag.py:500} INFO - Filling up the DagBag from /home/airflow/.local/lib/python3.7/site-packages/airflow/example_dags/example_task_group.py
[2022-03-30 17:37:50,754] {processor.py:654} INFO - DAG(s) dict_keys(['example_task_group']) retrieved from /home/airflow/.local/lib/python3.7/site-packages/airflow/example_dags/example_task_group.py
[2022-03-30 17:37:50,789] {logging_mixin.py:109} INFO - [2022-03-30 17:37:50,789] {dag.py:2398} INFO - Sync 1 DAGs
[2022-03-30 17:37:50,836] {logging_mixin.py:109} INFO - [2022-03-30 17:37:50,836] {dag.py:2937} INFO - Setting next_dagrun for example_task_group to 2022-03-29T17:37:50.835019+00:00
[2022-03-30 17:37:50,860] {processor.py:171} INFO - Processing /home/airflow/.local/lib/python3.7/site-packages/airflow/example_dags/example_task_group.py took 0.282 seconds
[2022-03-30 17:38:21,149] {processor.py:163} INFO - Started process (PID=4937) to work on /home/airflow/.local/lib/python3.7/site-packages/airflow/example_dags/example_task_group.py
[2022-03-30 17:38:21,157] {processor.py:642} INFO - Processing file /home/airflow/.local/lib/python3.7/site-packages/airflow/example_dags/example_task_group.py for tasks to queue
[2022-03-30 17:38:21,164] {logging_mixin.py:109} INFO - [2022-03-30 17:38:21,163] {dagbag.py:500} INFO - Filling up the DagBag from /home/airflow/.local/lib/python3.7/site-packages/airflow/example_dags/example_task_group.py
[2022-03-30 17:38:21,418] {processor.py:654} INFO - DAG(s) dict_keys(['example_task_group']) retrieved from /home/airflow/.local/lib/python3.7/site-packages/airflow/example_dags/example_task_group.py
[2022-03-30 17:38:21,468] {logging_mixin.py:109} INFO - [2022-03-30 17:38:21,467] {dag.py:2398} INFO - Sync 1 DAGs
[2022-03-30 17:38:21,526] {logging_mixin.py:109} INFO - [2022-03-30 17:38:21,525] {dag.py:2937} INFO - Setting next_dagrun for example_task_group to 2022-03-29T17:38:21.524518+00:00
[2022-03-30 17:38:21,553] {processor.py:171} INFO - Processing /home/airflow/.local/lib/python3.7/site-packages/airflow/example_dags/example_task_group.py took 0.416 seconds
[2022-03-30 17:38:51,623] {processor.py:163} INFO - Started process (PID=5152) to work on /home/airflow/.local/lib/python3.7/site-packages/airflow/example_dags/example_task_group.py
[2022-03-30 17:38:51,627] {processor.py:642} INFO - Processing file /home/airflow/.local/lib/python3.7/site-packages/airflow/example_dags/example_task_group.py for tasks to queue
[2022-03-30 17:38:51,630] {logging_mixin.py:109} INFO - [2022-03-30 17:38:51,629] {dagbag.py:500} INFO - Filling up the DagBag from /home/airflow/.local/lib/python3.7/site-packages/airflow/example_dags/example_task_group.py
[2022-03-30 17:38:51,797] {processor.py:654} INFO - DAG(s) dict_keys(['example_task_group']) retrieved from /home/airflow/.local/lib/python3.7/site-packages/airflow/example_dags/example_task_group.py
[2022-03-30 17:38:51,831] {logging_mixin.py:109} INFO - [2022-03-30 17:38:51,831] {dag.py:2398} INFO - Sync 1 DAGs
[2022-03-30 17:38:51,877] {logging_mixin.py:109} INFO - [2022-03-30 17:38:51,876] {dag.py:2937} INFO - Setting next_dagrun for example_task_group to 2022-03-29T17:38:51.875435+00:00
[2022-03-30 17:38:51,898] {processor.py:171} INFO - Processing /home/airflow/.local/lib/python3.7/site-packages/airflow/example_dags/example_task_group.py took 0.282 seconds
[2022-03-30 17:39:22,137] {processor.py:163} INFO - Started process (PID=5384) to work on /home/airflow/.local/lib/python3.7/site-packages/airflow/example_dags/example_task_group.py
[2022-03-30 17:39:22,142] {processor.py:642} INFO - Processing file /home/airflow/.local/lib/python3.7/site-packages/airflow/example_dags/example_task_group.py for tasks to queue
[2022-03-30 17:39:22,147] {logging_mixin.py:109} INFO - [2022-03-30 17:39:22,146] {dagbag.py:500} INFO - Filling up the DagBag from /home/airflow/.local/lib/python3.7/site-packages/airflow/example_dags/example_task_group.py
[2022-03-30 17:39:22,239] {processor.py:654} INFO - DAG(s) dict_keys(['example_task_group']) retrieved from /home/airflow/.local/lib/python3.7/site-packages/airflow/example_dags/example_task_group.py
[2022-03-30 17:39:22,284] {logging_mixin.py:109} INFO - [2022-03-30 17:39:22,284] {dag.py:2398} INFO - Sync 1 DAGs
[2022-03-30 17:39:22,340] {logging_mixin.py:109} INFO - [2022-03-30 17:39:22,340] {dag.py:2937} INFO - Setting next_dagrun for example_task_group to 2022-03-29T17:39:22.338702+00:00
[2022-03-30 17:39:22,369] {processor.py:171} INFO - Processing /home/airflow/.local/lib/python3.7/site-packages/airflow/example_dags/example_task_group.py took 0.239 seconds
[2022-03-30 17:39:52,866] {processor.py:163} INFO - Started process (PID=5612) to work on /home/airflow/.local/lib/python3.7/site-packages/airflow/example_dags/example_task_group.py
[2022-03-30 17:39:52,871] {processor.py:642} INFO - Processing file /home/airflow/.local/lib/python3.7/site-packages/airflow/example_dags/example_task_group.py for tasks to queue
[2022-03-30 17:39:52,874] {logging_mixin.py:109} INFO - [2022-03-30 17:39:52,873] {dagbag.py:500} INFO - Filling up the DagBag from /home/airflow/.local/lib/python3.7/site-packages/airflow/example_dags/example_task_group.py
[2022-03-30 17:39:52,964] {processor.py:654} INFO - DAG(s) dict_keys(['example_task_group']) retrieved from /home/airflow/.local/lib/python3.7/site-packages/airflow/example_dags/example_task_group.py
[2022-03-30 17:39:53,006] {logging_mixin.py:109} INFO - [2022-03-30 17:39:53,005] {dag.py:2398} INFO - Sync 1 DAGs
[2022-03-30 17:39:53,058] {logging_mixin.py:109} INFO - [2022-03-30 17:39:53,058] {dag.py:2937} INFO - Setting next_dagrun for example_task_group to 2022-03-29T17:39:53.056902+00:00
[2022-03-30 17:39:53,085] {processor.py:171} INFO - Processing /home/airflow/.local/lib/python3.7/site-packages/airflow/example_dags/example_task_group.py took 0.225 seconds
[2022-03-30 17:40:23,434] {processor.py:163} INFO - Started process (PID=5832) to work on /home/airflow/.local/lib/python3.7/site-packages/airflow/example_dags/example_task_group.py
[2022-03-30 17:40:23,439] {processor.py:642} INFO - Processing file /home/airflow/.local/lib/python3.7/site-packages/airflow/example_dags/example_task_group.py for tasks to queue
[2022-03-30 17:40:23,444] {logging_mixin.py:109} INFO - [2022-03-30 17:40:23,444] {dagbag.py:500} INFO - Filling up the DagBag from /home/airflow/.local/lib/python3.7/site-packages/airflow/example_dags/example_task_group.py
[2022-03-30 17:40:23,538] {processor.py:654} INFO - DAG(s) dict_keys(['example_task_group']) retrieved from /home/airflow/.local/lib/python3.7/site-packages/airflow/example_dags/example_task_group.py
[2022-03-30 17:40:23,583] {logging_mixin.py:109} INFO - [2022-03-30 17:40:23,582] {dag.py:2398} INFO - Sync 1 DAGs
[2022-03-30 17:40:23,656] {logging_mixin.py:109} INFO - [2022-03-30 17:40:23,655] {dag.py:2937} INFO - Setting next_dagrun for example_task_group to 2022-03-29T17:40:23.654498+00:00
[2022-03-30 17:40:23,683] {processor.py:171} INFO - Processing /home/airflow/.local/lib/python3.7/site-packages/airflow/example_dags/example_task_group.py took 0.255 seconds
[2022-03-30 17:40:54,161] {processor.py:163} INFO - Started process (PID=6064) to work on /home/airflow/.local/lib/python3.7/site-packages/airflow/example_dags/example_task_group.py
[2022-03-30 17:40:54,165] {processor.py:642} INFO - Processing file /home/airflow/.local/lib/python3.7/site-packages/airflow/example_dags/example_task_group.py for tasks to queue
[2022-03-30 17:40:54,168] {logging_mixin.py:109} INFO - [2022-03-30 17:40:54,168] {dagbag.py:500} INFO - Filling up the DagBag from /home/airflow/.local/lib/python3.7/site-packages/airflow/example_dags/example_task_group.py
[2022-03-30 17:40:54,252] {processor.py:654} INFO - DAG(s) dict_keys(['example_task_group']) retrieved from /home/airflow/.local/lib/python3.7/site-packages/airflow/example_dags/example_task_group.py
[2022-03-30 17:40:54,294] {logging_mixin.py:109} INFO - [2022-03-30 17:40:54,294] {dag.py:2398} INFO - Sync 1 DAGs
[2022-03-30 17:40:54,353] {logging_mixin.py:109} INFO - [2022-03-30 17:40:54,353] {dag.py:2937} INFO - Setting next_dagrun for example_task_group to 2022-03-29T17:40:54.351531+00:00
[2022-03-30 17:40:54,379] {processor.py:171} INFO - Processing /home/airflow/.local/lib/python3.7/site-packages/airflow/example_dags/example_task_group.py took 0.224 seconds
[2022-03-30 17:41:24,885] {processor.py:163} INFO - Started process (PID=6280) to work on /home/airflow/.local/lib/python3.7/site-packages/airflow/example_dags/example_task_group.py
[2022-03-30 17:41:24,889] {processor.py:642} INFO - Processing file /home/airflow/.local/lib/python3.7/site-packages/airflow/example_dags/example_task_group.py for tasks to queue
[2022-03-30 17:41:24,891] {logging_mixin.py:109} INFO - [2022-03-30 17:41:24,891] {dagbag.py:500} INFO - Filling up the DagBag from /home/airflow/.local/lib/python3.7/site-packages/airflow/example_dags/example_task_group.py
[2022-03-30 17:41:24,970] {processor.py:654} INFO - DAG(s) dict_keys(['example_task_group']) retrieved from /home/airflow/.local/lib/python3.7/site-packages/airflow/example_dags/example_task_group.py
[2022-03-30 17:41:25,010] {logging_mixin.py:109} INFO - [2022-03-30 17:41:25,009] {dag.py:2398} INFO - Sync 1 DAGs
[2022-03-30 17:41:25,062] {logging_mixin.py:109} INFO - [2022-03-30 17:41:25,062] {dag.py:2937} INFO - Setting next_dagrun for example_task_group to 2022-03-29T17:41:25.060536+00:00
[2022-03-30 17:41:25,114] {processor.py:171} INFO - Processing /home/airflow/.local/lib/python3.7/site-packages/airflow/example_dags/example_task_group.py took 0.235 seconds
