[2022-03-30 17:28:28,401] {processor.py:163} INFO - Started process (PID=659) to work on /home/airflow/.local/lib/python3.7/site-packages/airflow/example_dags/example_task_group_decorator.py
[2022-03-30 17:28:28,405] {processor.py:642} INFO - Processing file /home/airflow/.local/lib/python3.7/site-packages/airflow/example_dags/example_task_group_decorator.py for tasks to queue
[2022-03-30 17:28:28,408] {logging_mixin.py:109} INFO - [2022-03-30 17:28:28,407] {dagbag.py:500} INFO - Filling up the DagBag from /home/airflow/.local/lib/python3.7/site-packages/airflow/example_dags/example_task_group_decorator.py
[2022-03-30 17:28:28,554] {processor.py:654} INFO - DAG(s) dict_keys(['example_task_group_decorator']) retrieved from /home/airflow/.local/lib/python3.7/site-packages/airflow/example_dags/example_task_group_decorator.py
[2022-03-30 17:28:37,062] {logging_mixin.py:109} INFO - [2022-03-30 17:28:37,062] {manager.py:496} INFO - Created Permission View: can read on DAG:example_task_group_decorator
[2022-03-30 17:28:37,097] {logging_mixin.py:109} INFO - [2022-03-30 17:28:37,097] {manager.py:496} INFO - Created Permission View: can edit on DAG:example_task_group_decorator
[2022-03-30 17:28:37,103] {logging_mixin.py:109} INFO - [2022-03-30 17:28:37,102] {dag.py:2398} INFO - Sync 1 DAGs
[2022-03-30 17:28:37,148] {logging_mixin.py:109} INFO - [2022-03-30 17:28:37,147] {dag.py:2417} INFO - Creating ORM DAG for example_task_group_decorator
[2022-03-30 17:28:37,185] {logging_mixin.py:109} INFO - [2022-03-30 17:28:37,185] {dag.py:2937} INFO - Setting next_dagrun for example_task_group_decorator to 2022-03-29T17:28:37.183479+00:00
[2022-03-30 17:28:37,228] {processor.py:171} INFO - Processing /home/airflow/.local/lib/python3.7/site-packages/airflow/example_dags/example_task_group_decorator.py took 8.833 seconds
[2022-03-30 17:29:07,592] {processor.py:163} INFO - Started process (PID=919) to work on /home/airflow/.local/lib/python3.7/site-packages/airflow/example_dags/example_task_group_decorator.py
[2022-03-30 17:29:07,595] {processor.py:642} INFO - Processing file /home/airflow/.local/lib/python3.7/site-packages/airflow/example_dags/example_task_group_decorator.py for tasks to queue
[2022-03-30 17:29:07,597] {logging_mixin.py:109} INFO - [2022-03-30 17:29:07,597] {dagbag.py:500} INFO - Filling up the DagBag from /home/airflow/.local/lib/python3.7/site-packages/airflow/example_dags/example_task_group_decorator.py
[2022-03-30 17:29:07,732] {processor.py:654} INFO - DAG(s) dict_keys(['example_task_group_decorator']) retrieved from /home/airflow/.local/lib/python3.7/site-packages/airflow/example_dags/example_task_group_decorator.py
[2022-03-30 17:29:08,600] {logging_mixin.py:109} INFO - [2022-03-30 17:29:08,600] {dag.py:2398} INFO - Sync 1 DAGs
[2022-03-30 17:29:08,644] {logging_mixin.py:109} INFO - [2022-03-30 17:29:08,644] {dag.py:2937} INFO - Setting next_dagrun for example_task_group_decorator to 2022-03-29T17:29:08.643357+00:00
[2022-03-30 17:29:08,674] {processor.py:171} INFO - Processing /home/airflow/.local/lib/python3.7/site-packages/airflow/example_dags/example_task_group_decorator.py took 1.088 seconds
[2022-03-30 17:29:39,419] {processor.py:163} INFO - Started process (PID=1155) to work on /home/airflow/.local/lib/python3.7/site-packages/airflow/example_dags/example_task_group_decorator.py
[2022-03-30 17:29:39,423] {processor.py:642} INFO - Processing file /home/airflow/.local/lib/python3.7/site-packages/airflow/example_dags/example_task_group_decorator.py for tasks to queue
[2022-03-30 17:29:39,425] {logging_mixin.py:109} INFO - [2022-03-30 17:29:39,425] {dagbag.py:500} INFO - Filling up the DagBag from /home/airflow/.local/lib/python3.7/site-packages/airflow/example_dags/example_task_group_decorator.py
[2022-03-30 17:29:39,559] {processor.py:654} INFO - DAG(s) dict_keys(['example_task_group_decorator']) retrieved from /home/airflow/.local/lib/python3.7/site-packages/airflow/example_dags/example_task_group_decorator.py
[2022-03-30 17:29:40,520] {logging_mixin.py:109} INFO - [2022-03-30 17:29:40,520] {dag.py:2398} INFO - Sync 1 DAGs
[2022-03-30 17:29:40,577] {logging_mixin.py:109} INFO - [2022-03-30 17:29:40,576] {dag.py:2937} INFO - Setting next_dagrun for example_task_group_decorator to 2022-03-29T17:29:40.575405+00:00
[2022-03-30 17:29:40,608] {processor.py:171} INFO - Processing /home/airflow/.local/lib/python3.7/site-packages/airflow/example_dags/example_task_group_decorator.py took 1.195 seconds
[2022-03-30 17:30:11,090] {processor.py:163} INFO - Started process (PID=1372) to work on /home/airflow/.local/lib/python3.7/site-packages/airflow/example_dags/example_task_group_decorator.py
[2022-03-30 17:30:11,094] {processor.py:642} INFO - Processing file /home/airflow/.local/lib/python3.7/site-packages/airflow/example_dags/example_task_group_decorator.py for tasks to queue
[2022-03-30 17:30:11,096] {logging_mixin.py:109} INFO - [2022-03-30 17:30:11,095] {dagbag.py:500} INFO - Filling up the DagBag from /home/airflow/.local/lib/python3.7/site-packages/airflow/example_dags/example_task_group_decorator.py
[2022-03-30 17:30:11,218] {processor.py:654} INFO - DAG(s) dict_keys(['example_task_group_decorator']) retrieved from /home/airflow/.local/lib/python3.7/site-packages/airflow/example_dags/example_task_group_decorator.py
[2022-03-30 17:30:12,108] {logging_mixin.py:109} INFO - [2022-03-30 17:30:12,108] {dag.py:2398} INFO - Sync 1 DAGs
[2022-03-30 17:30:12,166] {logging_mixin.py:109} INFO - [2022-03-30 17:30:12,166] {dag.py:2937} INFO - Setting next_dagrun for example_task_group_decorator to 2022-03-29T17:30:12.164997+00:00
[2022-03-30 17:30:12,201] {processor.py:171} INFO - Processing /home/airflow/.local/lib/python3.7/site-packages/airflow/example_dags/example_task_group_decorator.py took 1.118 seconds
[2022-03-30 17:30:42,318] {processor.py:163} INFO - Started process (PID=1603) to work on /home/airflow/.local/lib/python3.7/site-packages/airflow/example_dags/example_task_group_decorator.py
[2022-03-30 17:30:42,321] {processor.py:642} INFO - Processing file /home/airflow/.local/lib/python3.7/site-packages/airflow/example_dags/example_task_group_decorator.py for tasks to queue
[2022-03-30 17:30:42,324] {logging_mixin.py:109} INFO - [2022-03-30 17:30:42,324] {dagbag.py:500} INFO - Filling up the DagBag from /home/airflow/.local/lib/python3.7/site-packages/airflow/example_dags/example_task_group_decorator.py
[2022-03-30 17:30:42,455] {processor.py:654} INFO - DAG(s) dict_keys(['example_task_group_decorator']) retrieved from /home/airflow/.local/lib/python3.7/site-packages/airflow/example_dags/example_task_group_decorator.py
[2022-03-30 17:30:43,387] {logging_mixin.py:109} INFO - [2022-03-30 17:30:43,387] {dag.py:2398} INFO - Sync 1 DAGs
[2022-03-30 17:30:43,439] {logging_mixin.py:109} INFO - [2022-03-30 17:30:43,438] {dag.py:2937} INFO - Setting next_dagrun for example_task_group_decorator to 2022-03-29T17:30:43.437524+00:00
[2022-03-30 17:30:43,470] {processor.py:171} INFO - Processing /home/airflow/.local/lib/python3.7/site-packages/airflow/example_dags/example_task_group_decorator.py took 1.158 seconds
[2022-03-30 17:31:13,684] {processor.py:163} INFO - Started process (PID=1837) to work on /home/airflow/.local/lib/python3.7/site-packages/airflow/example_dags/example_task_group_decorator.py
[2022-03-30 17:31:13,692] {processor.py:642} INFO - Processing file /home/airflow/.local/lib/python3.7/site-packages/airflow/example_dags/example_task_group_decorator.py for tasks to queue
[2022-03-30 17:31:13,696] {logging_mixin.py:109} INFO - [2022-03-30 17:31:13,695] {dagbag.py:500} INFO - Filling up the DagBag from /home/airflow/.local/lib/python3.7/site-packages/airflow/example_dags/example_task_group_decorator.py
[2022-03-30 17:31:13,848] {processor.py:654} INFO - DAG(s) dict_keys(['example_task_group_decorator']) retrieved from /home/airflow/.local/lib/python3.7/site-packages/airflow/example_dags/example_task_group_decorator.py
[2022-03-30 17:31:14,925] {logging_mixin.py:109} INFO - [2022-03-30 17:31:14,924] {dag.py:2398} INFO - Sync 1 DAGs
[2022-03-30 17:31:14,984] {logging_mixin.py:109} INFO - [2022-03-30 17:31:14,984] {dag.py:2937} INFO - Setting next_dagrun for example_task_group_decorator to 2022-03-29T17:31:14.982875+00:00
[2022-03-30 17:31:15,021] {processor.py:171} INFO - Processing /home/airflow/.local/lib/python3.7/site-packages/airflow/example_dags/example_task_group_decorator.py took 1.345 seconds
[2022-03-30 17:31:45,313] {processor.py:163} INFO - Started process (PID=2052) to work on /home/airflow/.local/lib/python3.7/site-packages/airflow/example_dags/example_task_group_decorator.py
[2022-03-30 17:31:45,317] {processor.py:642} INFO - Processing file /home/airflow/.local/lib/python3.7/site-packages/airflow/example_dags/example_task_group_decorator.py for tasks to queue
[2022-03-30 17:31:45,319] {logging_mixin.py:109} INFO - [2022-03-30 17:31:45,319] {dagbag.py:500} INFO - Filling up the DagBag from /home/airflow/.local/lib/python3.7/site-packages/airflow/example_dags/example_task_group_decorator.py
[2022-03-30 17:31:45,438] {processor.py:654} INFO - DAG(s) dict_keys(['example_task_group_decorator']) retrieved from /home/airflow/.local/lib/python3.7/site-packages/airflow/example_dags/example_task_group_decorator.py
[2022-03-30 17:31:46,275] {logging_mixin.py:109} INFO - [2022-03-30 17:31:46,275] {dag.py:2398} INFO - Sync 1 DAGs
[2022-03-30 17:31:46,330] {logging_mixin.py:109} INFO - [2022-03-30 17:31:46,329] {dag.py:2937} INFO - Setting next_dagrun for example_task_group_decorator to 2022-03-29T17:31:46.328378+00:00
[2022-03-30 17:31:46,360] {processor.py:171} INFO - Processing /home/airflow/.local/lib/python3.7/site-packages/airflow/example_dags/example_task_group_decorator.py took 1.052 seconds
[2022-03-30 17:32:16,600] {processor.py:163} INFO - Started process (PID=2291) to work on /home/airflow/.local/lib/python3.7/site-packages/airflow/example_dags/example_task_group_decorator.py
[2022-03-30 17:32:16,604] {processor.py:642} INFO - Processing file /home/airflow/.local/lib/python3.7/site-packages/airflow/example_dags/example_task_group_decorator.py for tasks to queue
[2022-03-30 17:32:16,607] {logging_mixin.py:109} INFO - [2022-03-30 17:32:16,607] {dagbag.py:500} INFO - Filling up the DagBag from /home/airflow/.local/lib/python3.7/site-packages/airflow/example_dags/example_task_group_decorator.py
[2022-03-30 17:32:16,756] {processor.py:654} INFO - DAG(s) dict_keys(['example_task_group_decorator']) retrieved from /home/airflow/.local/lib/python3.7/site-packages/airflow/example_dags/example_task_group_decorator.py
[2022-03-30 17:32:17,868] {logging_mixin.py:109} INFO - [2022-03-30 17:32:17,868] {dag.py:2398} INFO - Sync 1 DAGs
[2022-03-30 17:32:17,936] {logging_mixin.py:109} INFO - [2022-03-30 17:32:17,935] {dag.py:2937} INFO - Setting next_dagrun for example_task_group_decorator to 2022-03-29T17:32:17.934335+00:00
[2022-03-30 17:32:17,974] {processor.py:171} INFO - Processing /home/airflow/.local/lib/python3.7/site-packages/airflow/example_dags/example_task_group_decorator.py took 1.381 seconds
[2022-03-30 17:32:48,844] {processor.py:163} INFO - Started process (PID=2506) to work on /home/airflow/.local/lib/python3.7/site-packages/airflow/example_dags/example_task_group_decorator.py
[2022-03-30 17:32:48,847] {processor.py:642} INFO - Processing file /home/airflow/.local/lib/python3.7/site-packages/airflow/example_dags/example_task_group_decorator.py for tasks to queue
[2022-03-30 17:32:48,849] {logging_mixin.py:109} INFO - [2022-03-30 17:32:48,849] {dagbag.py:500} INFO - Filling up the DagBag from /home/airflow/.local/lib/python3.7/site-packages/airflow/example_dags/example_task_group_decorator.py
[2022-03-30 17:32:48,969] {processor.py:654} INFO - DAG(s) dict_keys(['example_task_group_decorator']) retrieved from /home/airflow/.local/lib/python3.7/site-packages/airflow/example_dags/example_task_group_decorator.py
[2022-03-30 17:32:49,835] {logging_mixin.py:109} INFO - [2022-03-30 17:32:49,834] {dag.py:2398} INFO - Sync 1 DAGs
[2022-03-30 17:32:49,881] {logging_mixin.py:109} INFO - [2022-03-30 17:32:49,881] {dag.py:2937} INFO - Setting next_dagrun for example_task_group_decorator to 2022-03-29T17:32:49.879897+00:00
[2022-03-30 17:32:49,908] {processor.py:171} INFO - Processing /home/airflow/.local/lib/python3.7/site-packages/airflow/example_dags/example_task_group_decorator.py took 1.070 seconds
[2022-03-30 17:33:20,356] {processor.py:163} INFO - Started process (PID=2742) to work on /home/airflow/.local/lib/python3.7/site-packages/airflow/example_dags/example_task_group_decorator.py
[2022-03-30 17:33:20,362] {processor.py:642} INFO - Processing file /home/airflow/.local/lib/python3.7/site-packages/airflow/example_dags/example_task_group_decorator.py for tasks to queue
[2022-03-30 17:33:20,365] {logging_mixin.py:109} INFO - [2022-03-30 17:33:20,365] {dagbag.py:500} INFO - Filling up the DagBag from /home/airflow/.local/lib/python3.7/site-packages/airflow/example_dags/example_task_group_decorator.py
[2022-03-30 17:33:20,536] {processor.py:654} INFO - DAG(s) dict_keys(['example_task_group_decorator']) retrieved from /home/airflow/.local/lib/python3.7/site-packages/airflow/example_dags/example_task_group_decorator.py
[2022-03-30 17:33:21,664] {logging_mixin.py:109} INFO - [2022-03-30 17:33:21,664] {dag.py:2398} INFO - Sync 1 DAGs
[2022-03-30 17:33:21,726] {logging_mixin.py:109} INFO - [2022-03-30 17:33:21,726] {dag.py:2937} INFO - Setting next_dagrun for example_task_group_decorator to 2022-03-29T17:33:21.724677+00:00
[2022-03-30 17:33:21,762] {processor.py:171} INFO - Processing /home/airflow/.local/lib/python3.7/site-packages/airflow/example_dags/example_task_group_decorator.py took 1.414 seconds
[2022-03-30 17:33:52,080] {processor.py:163} INFO - Started process (PID=2976) to work on /home/airflow/.local/lib/python3.7/site-packages/airflow/example_dags/example_task_group_decorator.py
[2022-03-30 17:33:52,085] {processor.py:642} INFO - Processing file /home/airflow/.local/lib/python3.7/site-packages/airflow/example_dags/example_task_group_decorator.py for tasks to queue
[2022-03-30 17:33:52,087] {logging_mixin.py:109} INFO - [2022-03-30 17:33:52,087] {dagbag.py:500} INFO - Filling up the DagBag from /home/airflow/.local/lib/python3.7/site-packages/airflow/example_dags/example_task_group_decorator.py
[2022-03-30 17:33:52,223] {processor.py:654} INFO - DAG(s) dict_keys(['example_task_group_decorator']) retrieved from /home/airflow/.local/lib/python3.7/site-packages/airflow/example_dags/example_task_group_decorator.py
[2022-03-30 17:33:53,189] {logging_mixin.py:109} INFO - [2022-03-30 17:33:53,188] {dag.py:2398} INFO - Sync 1 DAGs
[2022-03-30 17:33:53,237] {logging_mixin.py:109} INFO - [2022-03-30 17:33:53,237] {dag.py:2937} INFO - Setting next_dagrun for example_task_group_decorator to 2022-03-29T17:33:53.236343+00:00
[2022-03-30 17:33:53,268] {processor.py:171} INFO - Processing /home/airflow/.local/lib/python3.7/site-packages/airflow/example_dags/example_task_group_decorator.py took 1.194 seconds
[2022-03-30 17:34:23,683] {processor.py:163} INFO - Started process (PID=3200) to work on /home/airflow/.local/lib/python3.7/site-packages/airflow/example_dags/example_task_group_decorator.py
[2022-03-30 17:34:23,690] {processor.py:642} INFO - Processing file /home/airflow/.local/lib/python3.7/site-packages/airflow/example_dags/example_task_group_decorator.py for tasks to queue
[2022-03-30 17:34:23,693] {logging_mixin.py:109} INFO - [2022-03-30 17:34:23,693] {dagbag.py:500} INFO - Filling up the DagBag from /home/airflow/.local/lib/python3.7/site-packages/airflow/example_dags/example_task_group_decorator.py
[2022-03-30 17:34:23,983] {processor.py:654} INFO - DAG(s) dict_keys(['example_task_group_decorator']) retrieved from /home/airflow/.local/lib/python3.7/site-packages/airflow/example_dags/example_task_group_decorator.py
[2022-03-30 17:34:24,877] {logging_mixin.py:109} INFO - [2022-03-30 17:34:24,876] {dag.py:2398} INFO - Sync 1 DAGs
[2022-03-30 17:34:24,929] {logging_mixin.py:109} INFO - [2022-03-30 17:34:24,928] {dag.py:2937} INFO - Setting next_dagrun for example_task_group_decorator to 2022-03-29T17:34:24.927576+00:00
[2022-03-30 17:34:24,960] {processor.py:171} INFO - Processing /home/airflow/.local/lib/python3.7/site-packages/airflow/example_dags/example_task_group_decorator.py took 1.286 seconds
[2022-03-30 17:34:55,487] {processor.py:163} INFO - Started process (PID=3440) to work on /home/airflow/.local/lib/python3.7/site-packages/airflow/example_dags/example_task_group_decorator.py
[2022-03-30 17:34:55,491] {processor.py:642} INFO - Processing file /home/airflow/.local/lib/python3.7/site-packages/airflow/example_dags/example_task_group_decorator.py for tasks to queue
[2022-03-30 17:34:55,493] {logging_mixin.py:109} INFO - [2022-03-30 17:34:55,493] {dagbag.py:500} INFO - Filling up the DagBag from /home/airflow/.local/lib/python3.7/site-packages/airflow/example_dags/example_task_group_decorator.py
[2022-03-30 17:34:55,727] {processor.py:654} INFO - DAG(s) dict_keys(['example_task_group_decorator']) retrieved from /home/airflow/.local/lib/python3.7/site-packages/airflow/example_dags/example_task_group_decorator.py
[2022-03-30 17:34:56,604] {logging_mixin.py:109} INFO - [2022-03-30 17:34:56,603] {dag.py:2398} INFO - Sync 1 DAGs
[2022-03-30 17:34:56,656] {logging_mixin.py:109} INFO - [2022-03-30 17:34:56,656] {dag.py:2937} INFO - Setting next_dagrun for example_task_group_decorator to 2022-03-29T17:34:56.654987+00:00
[2022-03-30 17:34:56,689] {processor.py:171} INFO - Processing /home/airflow/.local/lib/python3.7/site-packages/airflow/example_dags/example_task_group_decorator.py took 1.207 seconds
[2022-03-30 17:35:26,883] {processor.py:163} INFO - Started process (PID=3657) to work on /home/airflow/.local/lib/python3.7/site-packages/airflow/example_dags/example_task_group_decorator.py
[2022-03-30 17:35:26,887] {processor.py:642} INFO - Processing file /home/airflow/.local/lib/python3.7/site-packages/airflow/example_dags/example_task_group_decorator.py for tasks to queue
[2022-03-30 17:35:26,890] {logging_mixin.py:109} INFO - [2022-03-30 17:35:26,890] {dagbag.py:500} INFO - Filling up the DagBag from /home/airflow/.local/lib/python3.7/site-packages/airflow/example_dags/example_task_group_decorator.py
[2022-03-30 17:35:27,115] {processor.py:654} INFO - DAG(s) dict_keys(['example_task_group_decorator']) retrieved from /home/airflow/.local/lib/python3.7/site-packages/airflow/example_dags/example_task_group_decorator.py
[2022-03-30 17:35:27,883] {logging_mixin.py:109} INFO - [2022-03-30 17:35:27,882] {dag.py:2398} INFO - Sync 1 DAGs
[2022-03-30 17:35:27,928] {logging_mixin.py:109} INFO - [2022-03-30 17:35:27,928] {dag.py:2937} INFO - Setting next_dagrun for example_task_group_decorator to 2022-03-29T17:35:27.927180+00:00
[2022-03-30 17:35:27,958] {processor.py:171} INFO - Processing /home/airflow/.local/lib/python3.7/site-packages/airflow/example_dags/example_task_group_decorator.py took 1.084 seconds
[2022-03-30 17:35:58,749] {processor.py:163} INFO - Started process (PID=3889) to work on /home/airflow/.local/lib/python3.7/site-packages/airflow/example_dags/example_task_group_decorator.py
[2022-03-30 17:35:58,755] {processor.py:642} INFO - Processing file /home/airflow/.local/lib/python3.7/site-packages/airflow/example_dags/example_task_group_decorator.py for tasks to queue
[2022-03-30 17:35:58,759] {logging_mixin.py:109} INFO - [2022-03-30 17:35:58,759] {dagbag.py:500} INFO - Filling up the DagBag from /home/airflow/.local/lib/python3.7/site-packages/airflow/example_dags/example_task_group_decorator.py
[2022-03-30 17:35:59,065] {processor.py:654} INFO - DAG(s) dict_keys(['example_task_group_decorator']) retrieved from /home/airflow/.local/lib/python3.7/site-packages/airflow/example_dags/example_task_group_decorator.py
[2022-03-30 17:36:00,038] {logging_mixin.py:109} INFO - [2022-03-30 17:36:00,038] {dag.py:2398} INFO - Sync 1 DAGs
[2022-03-30 17:36:00,092] {logging_mixin.py:109} INFO - [2022-03-30 17:36:00,091] {dag.py:2937} INFO - Setting next_dagrun for example_task_group_decorator to 2022-03-29T17:36:00.090545+00:00
[2022-03-30 17:36:00,132] {processor.py:171} INFO - Processing /home/airflow/.local/lib/python3.7/site-packages/airflow/example_dags/example_task_group_decorator.py took 1.389 seconds
[2022-03-30 17:36:30,235] {processor.py:163} INFO - Started process (PID=4104) to work on /home/airflow/.local/lib/python3.7/site-packages/airflow/example_dags/example_task_group_decorator.py
[2022-03-30 17:36:30,241] {processor.py:642} INFO - Processing file /home/airflow/.local/lib/python3.7/site-packages/airflow/example_dags/example_task_group_decorator.py for tasks to queue
[2022-03-30 17:36:30,244] {logging_mixin.py:109} INFO - [2022-03-30 17:36:30,243] {dagbag.py:500} INFO - Filling up the DagBag from /home/airflow/.local/lib/python3.7/site-packages/airflow/example_dags/example_task_group_decorator.py
[2022-03-30 17:36:30,475] {processor.py:654} INFO - DAG(s) dict_keys(['example_task_group_decorator']) retrieved from /home/airflow/.local/lib/python3.7/site-packages/airflow/example_dags/example_task_group_decorator.py
[2022-03-30 17:36:31,212] {logging_mixin.py:109} INFO - [2022-03-30 17:36:31,212] {dag.py:2398} INFO - Sync 1 DAGs
[2022-03-30 17:36:31,257] {logging_mixin.py:109} INFO - [2022-03-30 17:36:31,257] {dag.py:2937} INFO - Setting next_dagrun for example_task_group_decorator to 2022-03-29T17:36:31.256377+00:00
[2022-03-30 17:36:31,285] {processor.py:171} INFO - Processing /home/airflow/.local/lib/python3.7/site-packages/airflow/example_dags/example_task_group_decorator.py took 1.058 seconds
[2022-03-30 17:37:01,852] {processor.py:163} INFO - Started process (PID=4336) to work on /home/airflow/.local/lib/python3.7/site-packages/airflow/example_dags/example_task_group_decorator.py
[2022-03-30 17:37:01,857] {processor.py:642} INFO - Processing file /home/airflow/.local/lib/python3.7/site-packages/airflow/example_dags/example_task_group_decorator.py for tasks to queue
[2022-03-30 17:37:01,860] {logging_mixin.py:109} INFO - [2022-03-30 17:37:01,860] {dagbag.py:500} INFO - Filling up the DagBag from /home/airflow/.local/lib/python3.7/site-packages/airflow/example_dags/example_task_group_decorator.py
[2022-03-30 17:37:02,106] {processor.py:654} INFO - DAG(s) dict_keys(['example_task_group_decorator']) retrieved from /home/airflow/.local/lib/python3.7/site-packages/airflow/example_dags/example_task_group_decorator.py
[2022-03-30 17:37:02,980] {logging_mixin.py:109} INFO - [2022-03-30 17:37:02,980] {dag.py:2398} INFO - Sync 1 DAGs
[2022-03-30 17:37:03,034] {logging_mixin.py:109} INFO - [2022-03-30 17:37:03,034] {dag.py:2937} INFO - Setting next_dagrun for example_task_group_decorator to 2022-03-29T17:37:03.033064+00:00
[2022-03-30 17:37:03,067] {processor.py:171} INFO - Processing /home/airflow/.local/lib/python3.7/site-packages/airflow/example_dags/example_task_group_decorator.py took 1.222 seconds
[2022-03-30 17:37:33,851] {processor.py:163} INFO - Started process (PID=4567) to work on /home/airflow/.local/lib/python3.7/site-packages/airflow/example_dags/example_task_group_decorator.py
[2022-03-30 17:37:33,855] {processor.py:642} INFO - Processing file /home/airflow/.local/lib/python3.7/site-packages/airflow/example_dags/example_task_group_decorator.py for tasks to queue
[2022-03-30 17:37:33,858] {logging_mixin.py:109} INFO - [2022-03-30 17:37:33,857] {dagbag.py:500} INFO - Filling up the DagBag from /home/airflow/.local/lib/python3.7/site-packages/airflow/example_dags/example_task_group_decorator.py
[2022-03-30 17:37:34,087] {processor.py:654} INFO - DAG(s) dict_keys(['example_task_group_decorator']) retrieved from /home/airflow/.local/lib/python3.7/site-packages/airflow/example_dags/example_task_group_decorator.py
[2022-03-30 17:37:34,915] {logging_mixin.py:109} INFO - [2022-03-30 17:37:34,915] {dag.py:2398} INFO - Sync 1 DAGs
[2022-03-30 17:37:34,977] {logging_mixin.py:109} INFO - [2022-03-30 17:37:34,977] {dag.py:2937} INFO - Setting next_dagrun for example_task_group_decorator to 2022-03-29T17:37:34.975202+00:00
[2022-03-30 17:37:35,023] {processor.py:171} INFO - Processing /home/airflow/.local/lib/python3.7/site-packages/airflow/example_dags/example_task_group_decorator.py took 1.178 seconds
[2022-03-30 17:38:05,180] {processor.py:163} INFO - Started process (PID=4788) to work on /home/airflow/.local/lib/python3.7/site-packages/airflow/example_dags/example_task_group_decorator.py
[2022-03-30 17:38:05,189] {processor.py:642} INFO - Processing file /home/airflow/.local/lib/python3.7/site-packages/airflow/example_dags/example_task_group_decorator.py for tasks to queue
[2022-03-30 17:38:05,193] {logging_mixin.py:109} INFO - [2022-03-30 17:38:05,193] {dagbag.py:500} INFO - Filling up the DagBag from /home/airflow/.local/lib/python3.7/site-packages/airflow/example_dags/example_task_group_decorator.py
[2022-03-30 17:38:05,564] {processor.py:654} INFO - DAG(s) dict_keys(['example_task_group_decorator']) retrieved from /home/airflow/.local/lib/python3.7/site-packages/airflow/example_dags/example_task_group_decorator.py
[2022-03-30 17:38:06,598] {logging_mixin.py:109} INFO - [2022-03-30 17:38:06,597] {dag.py:2398} INFO - Sync 1 DAGs
[2022-03-30 17:38:06,650] {logging_mixin.py:109} INFO - [2022-03-30 17:38:06,649] {dag.py:2937} INFO - Setting next_dagrun for example_task_group_decorator to 2022-03-29T17:38:06.648425+00:00
[2022-03-30 17:38:06,684] {processor.py:171} INFO - Processing /home/airflow/.local/lib/python3.7/site-packages/airflow/example_dags/example_task_group_decorator.py took 1.511 seconds
[2022-03-30 17:38:37,565] {processor.py:163} INFO - Started process (PID=5028) to work on /home/airflow/.local/lib/python3.7/site-packages/airflow/example_dags/example_task_group_decorator.py
[2022-03-30 17:38:37,570] {processor.py:642} INFO - Processing file /home/airflow/.local/lib/python3.7/site-packages/airflow/example_dags/example_task_group_decorator.py for tasks to queue
[2022-03-30 17:38:37,572] {logging_mixin.py:109} INFO - [2022-03-30 17:38:37,572] {dagbag.py:500} INFO - Filling up the DagBag from /home/airflow/.local/lib/python3.7/site-packages/airflow/example_dags/example_task_group_decorator.py
[2022-03-30 17:38:37,807] {processor.py:654} INFO - DAG(s) dict_keys(['example_task_group_decorator']) retrieved from /home/airflow/.local/lib/python3.7/site-packages/airflow/example_dags/example_task_group_decorator.py
[2022-03-30 17:38:38,671] {logging_mixin.py:109} INFO - [2022-03-30 17:38:38,671] {dag.py:2398} INFO - Sync 1 DAGs
[2022-03-30 17:38:38,730] {logging_mixin.py:109} INFO - [2022-03-30 17:38:38,730] {dag.py:2937} INFO - Setting next_dagrun for example_task_group_decorator to 2022-03-29T17:38:38.728726+00:00
[2022-03-30 17:38:38,766] {processor.py:171} INFO - Processing /home/airflow/.local/lib/python3.7/site-packages/airflow/example_dags/example_task_group_decorator.py took 1.207 seconds
[2022-03-30 17:39:09,077] {processor.py:163} INFO - Started process (PID=5246) to work on /home/airflow/.local/lib/python3.7/site-packages/airflow/example_dags/example_task_group_decorator.py
[2022-03-30 17:39:09,082] {processor.py:642} INFO - Processing file /home/airflow/.local/lib/python3.7/site-packages/airflow/example_dags/example_task_group_decorator.py for tasks to queue
[2022-03-30 17:39:09,084] {logging_mixin.py:109} INFO - [2022-03-30 17:39:09,084] {dagbag.py:500} INFO - Filling up the DagBag from /home/airflow/.local/lib/python3.7/site-packages/airflow/example_dags/example_task_group_decorator.py
[2022-03-30 17:39:09,332] {processor.py:654} INFO - DAG(s) dict_keys(['example_task_group_decorator']) retrieved from /home/airflow/.local/lib/python3.7/site-packages/airflow/example_dags/example_task_group_decorator.py
[2022-03-30 17:39:10,391] {logging_mixin.py:109} INFO - [2022-03-30 17:39:10,390] {dag.py:2398} INFO - Sync 1 DAGs
[2022-03-30 17:39:10,480] {logging_mixin.py:109} INFO - [2022-03-30 17:39:10,479] {dag.py:2937} INFO - Setting next_dagrun for example_task_group_decorator to 2022-03-29T17:39:10.478099+00:00
[2022-03-30 17:39:10,526] {processor.py:171} INFO - Processing /home/airflow/.local/lib/python3.7/site-packages/airflow/example_dags/example_task_group_decorator.py took 1.459 seconds
[2022-03-30 17:39:41,446] {processor.py:163} INFO - Started process (PID=5489) to work on /home/airflow/.local/lib/python3.7/site-packages/airflow/example_dags/example_task_group_decorator.py
[2022-03-30 17:39:41,450] {processor.py:642} INFO - Processing file /home/airflow/.local/lib/python3.7/site-packages/airflow/example_dags/example_task_group_decorator.py for tasks to queue
[2022-03-30 17:39:41,453] {logging_mixin.py:109} INFO - [2022-03-30 17:39:41,453] {dagbag.py:500} INFO - Filling up the DagBag from /home/airflow/.local/lib/python3.7/site-packages/airflow/example_dags/example_task_group_decorator.py
[2022-03-30 17:39:41,601] {processor.py:654} INFO - DAG(s) dict_keys(['example_task_group_decorator']) retrieved from /home/airflow/.local/lib/python3.7/site-packages/airflow/example_dags/example_task_group_decorator.py
[2022-03-30 17:39:42,510] {logging_mixin.py:109} INFO - [2022-03-30 17:39:42,510] {dag.py:2398} INFO - Sync 1 DAGs
[2022-03-30 17:39:42,563] {logging_mixin.py:109} INFO - [2022-03-30 17:39:42,562] {dag.py:2937} INFO - Setting next_dagrun for example_task_group_decorator to 2022-03-29T17:39:42.561177+00:00
[2022-03-30 17:39:42,595] {processor.py:171} INFO - Processing /home/airflow/.local/lib/python3.7/site-packages/airflow/example_dags/example_task_group_decorator.py took 1.156 seconds
[2022-03-30 17:40:12,992] {processor.py:163} INFO - Started process (PID=5720) to work on /home/airflow/.local/lib/python3.7/site-packages/airflow/example_dags/example_task_group_decorator.py
[2022-03-30 17:40:12,996] {processor.py:642} INFO - Processing file /home/airflow/.local/lib/python3.7/site-packages/airflow/example_dags/example_task_group_decorator.py for tasks to queue
[2022-03-30 17:40:12,999] {logging_mixin.py:109} INFO - [2022-03-30 17:40:12,999] {dagbag.py:500} INFO - Filling up the DagBag from /home/airflow/.local/lib/python3.7/site-packages/airflow/example_dags/example_task_group_decorator.py
[2022-03-30 17:40:13,128] {processor.py:654} INFO - DAG(s) dict_keys(['example_task_group_decorator']) retrieved from /home/airflow/.local/lib/python3.7/site-packages/airflow/example_dags/example_task_group_decorator.py
[2022-03-30 17:40:13,961] {logging_mixin.py:109} INFO - [2022-03-30 17:40:13,961] {dag.py:2398} INFO - Sync 1 DAGs
[2022-03-30 17:40:14,019] {logging_mixin.py:109} INFO - [2022-03-30 17:40:14,019] {dag.py:2937} INFO - Setting next_dagrun for example_task_group_decorator to 2022-03-29T17:40:14.017910+00:00
[2022-03-30 17:40:14,054] {processor.py:171} INFO - Processing /home/airflow/.local/lib/python3.7/site-packages/airflow/example_dags/example_task_group_decorator.py took 1.068 seconds
[2022-03-30 17:40:45,208] {processor.py:163} INFO - Started process (PID=5952) to work on /home/airflow/.local/lib/python3.7/site-packages/airflow/example_dags/example_task_group_decorator.py
[2022-03-30 17:40:45,211] {processor.py:642} INFO - Processing file /home/airflow/.local/lib/python3.7/site-packages/airflow/example_dags/example_task_group_decorator.py for tasks to queue
[2022-03-30 17:40:45,213] {logging_mixin.py:109} INFO - [2022-03-30 17:40:45,213] {dagbag.py:500} INFO - Filling up the DagBag from /home/airflow/.local/lib/python3.7/site-packages/airflow/example_dags/example_task_group_decorator.py
[2022-03-30 17:40:45,332] {processor.py:654} INFO - DAG(s) dict_keys(['example_task_group_decorator']) retrieved from /home/airflow/.local/lib/python3.7/site-packages/airflow/example_dags/example_task_group_decorator.py
[2022-03-30 17:40:46,105] {logging_mixin.py:109} INFO - [2022-03-30 17:40:46,103] {dag.py:2398} INFO - Sync 1 DAGs
[2022-03-30 17:40:46,162] {logging_mixin.py:109} INFO - [2022-03-30 17:40:46,162] {dag.py:2937} INFO - Setting next_dagrun for example_task_group_decorator to 2022-03-29T17:40:46.160890+00:00
[2022-03-30 17:40:46,195] {processor.py:171} INFO - Processing /home/airflow/.local/lib/python3.7/site-packages/airflow/example_dags/example_task_group_decorator.py took 0.993 seconds
[2022-03-30 17:41:17,435] {processor.py:163} INFO - Started process (PID=6208) to work on /home/airflow/.local/lib/python3.7/site-packages/airflow/example_dags/example_task_group_decorator.py
[2022-03-30 17:41:17,439] {processor.py:642} INFO - Processing file /home/airflow/.local/lib/python3.7/site-packages/airflow/example_dags/example_task_group_decorator.py for tasks to queue
[2022-03-30 17:41:17,442] {logging_mixin.py:109} INFO - [2022-03-30 17:41:17,441] {dagbag.py:500} INFO - Filling up the DagBag from /home/airflow/.local/lib/python3.7/site-packages/airflow/example_dags/example_task_group_decorator.py
[2022-03-30 17:41:17,574] {processor.py:654} INFO - DAG(s) dict_keys(['example_task_group_decorator']) retrieved from /home/airflow/.local/lib/python3.7/site-packages/airflow/example_dags/example_task_group_decorator.py
[2022-03-30 17:41:18,424] {logging_mixin.py:109} INFO - [2022-03-30 17:41:18,423] {dag.py:2398} INFO - Sync 1 DAGs
[2022-03-30 17:41:18,480] {logging_mixin.py:109} INFO - [2022-03-30 17:41:18,480] {dag.py:2937} INFO - Setting next_dagrun for example_task_group_decorator to 2022-03-29T17:41:18.478838+00:00
[2022-03-30 17:41:18,511] {processor.py:171} INFO - Processing /home/airflow/.local/lib/python3.7/site-packages/airflow/example_dags/example_task_group_decorator.py took 1.082 seconds
[2022-03-30 17:41:48,772] {processor.py:163} INFO - Started process (PID=6425) to work on /home/airflow/.local/lib/python3.7/site-packages/airflow/example_dags/example_task_group_decorator.py
[2022-03-30 17:41:48,776] {processor.py:642} INFO - Processing file /home/airflow/.local/lib/python3.7/site-packages/airflow/example_dags/example_task_group_decorator.py for tasks to queue
[2022-03-30 17:41:48,779] {logging_mixin.py:109} INFO - [2022-03-30 17:41:48,778] {dagbag.py:500} INFO - Filling up the DagBag from /home/airflow/.local/lib/python3.7/site-packages/airflow/example_dags/example_task_group_decorator.py
[2022-03-30 17:41:48,899] {processor.py:654} INFO - DAG(s) dict_keys(['example_task_group_decorator']) retrieved from /home/airflow/.local/lib/python3.7/site-packages/airflow/example_dags/example_task_group_decorator.py
[2022-03-30 17:41:49,691] {logging_mixin.py:109} INFO - [2022-03-30 17:41:49,690] {dag.py:2398} INFO - Sync 1 DAGs
[2022-03-30 17:41:49,736] {logging_mixin.py:109} INFO - [2022-03-30 17:41:49,736] {dag.py:2937} INFO - Setting next_dagrun for example_task_group_decorator to 2022-03-29T17:41:49.735088+00:00
[2022-03-30 17:41:49,767] {processor.py:171} INFO - Processing /home/airflow/.local/lib/python3.7/site-packages/airflow/example_dags/example_task_group_decorator.py took 1.001 seconds
