[2022-03-30 17:26:11,861] {processor.py:163} INFO - Started process (PID=350) to work on /home/airflow/.local/lib/python3.7/site-packages/airflow/example_dags/tutorial_taskflow_api_etl.py
[2022-03-30 17:26:11,866] {processor.py:642} INFO - Processing file /home/airflow/.local/lib/python3.7/site-packages/airflow/example_dags/tutorial_taskflow_api_etl.py for tasks to queue
[2022-03-30 17:26:11,869] {logging_mixin.py:109} INFO - [2022-03-30 17:26:11,869] {dagbag.py:500} INFO - Filling up the DagBag from /home/airflow/.local/lib/python3.7/site-packages/airflow/example_dags/tutorial_taskflow_api_etl.py
[2022-03-30 17:26:11,987] {processor.py:654} INFO - DAG(s) dict_keys(['tutorial_taskflow_api_etl']) retrieved from /home/airflow/.local/lib/python3.7/site-packages/airflow/example_dags/tutorial_taskflow_api_etl.py
[2022-03-30 17:26:28,703] {logging_mixin.py:109} INFO - [2022-03-30 17:26:28,702] {manager.py:496} INFO - Created Permission View: can read on DAG:tutorial_taskflow_api_etl
[2022-03-30 17:26:28,787] {logging_mixin.py:109} INFO - [2022-03-30 17:26:28,786] {manager.py:496} INFO - Created Permission View: can edit on DAG:tutorial_taskflow_api_etl
[2022-03-30 17:26:28,798] {logging_mixin.py:109} INFO - [2022-03-30 17:26:28,793] {dag.py:2398} INFO - Sync 1 DAGs
[2022-03-30 17:26:28,945] {logging_mixin.py:109} INFO - [2022-03-30 17:26:28,940] {dag.py:2417} INFO - Creating ORM DAG for tutorial_taskflow_api_etl
[2022-03-30 17:26:29,057] {logging_mixin.py:109} INFO - [2022-03-30 17:26:29,056] {dag.py:2937} INFO - Setting next_dagrun for tutorial_taskflow_api_etl to None
[2022-03-30 17:26:29,183] {processor.py:171} INFO - Processing /home/airflow/.local/lib/python3.7/site-packages/airflow/example_dags/tutorial_taskflow_api_etl.py took 17.330 seconds
[2022-03-30 17:28:58,446] {processor.py:163} INFO - Started process (PID=799) to work on /home/airflow/.local/lib/python3.7/site-packages/airflow/example_dags/tutorial_taskflow_api_etl.py
[2022-03-30 17:28:58,451] {processor.py:642} INFO - Processing file /home/airflow/.local/lib/python3.7/site-packages/airflow/example_dags/tutorial_taskflow_api_etl.py for tasks to queue
[2022-03-30 17:28:58,454] {logging_mixin.py:109} INFO - [2022-03-30 17:28:58,453] {dagbag.py:500} INFO - Filling up the DagBag from /home/airflow/.local/lib/python3.7/site-packages/airflow/example_dags/tutorial_taskflow_api_etl.py
[2022-03-30 17:28:58,554] {processor.py:654} INFO - DAG(s) dict_keys(['tutorial_taskflow_api_etl']) retrieved from /home/airflow/.local/lib/python3.7/site-packages/airflow/example_dags/tutorial_taskflow_api_etl.py
[2022-03-30 17:28:59,704] {logging_mixin.py:109} INFO - [2022-03-30 17:28:59,703] {dag.py:2398} INFO - Sync 1 DAGs
[2022-03-30 17:28:59,766] {logging_mixin.py:109} INFO - [2022-03-30 17:28:59,765] {dag.py:2937} INFO - Setting next_dagrun for tutorial_taskflow_api_etl to None
[2022-03-30 17:28:59,801] {processor.py:171} INFO - Processing /home/airflow/.local/lib/python3.7/site-packages/airflow/example_dags/tutorial_taskflow_api_etl.py took 1.362 seconds
[2022-03-30 17:29:29,904] {processor.py:163} INFO - Started process (PID=1012) to work on /home/airflow/.local/lib/python3.7/site-packages/airflow/example_dags/tutorial_taskflow_api_etl.py
[2022-03-30 17:29:29,907] {processor.py:642} INFO - Processing file /home/airflow/.local/lib/python3.7/site-packages/airflow/example_dags/tutorial_taskflow_api_etl.py for tasks to queue
[2022-03-30 17:29:29,909] {logging_mixin.py:109} INFO - [2022-03-30 17:29:29,909] {dagbag.py:500} INFO - Filling up the DagBag from /home/airflow/.local/lib/python3.7/site-packages/airflow/example_dags/tutorial_taskflow_api_etl.py
[2022-03-30 17:29:29,983] {processor.py:654} INFO - DAG(s) dict_keys(['tutorial_taskflow_api_etl']) retrieved from /home/airflow/.local/lib/python3.7/site-packages/airflow/example_dags/tutorial_taskflow_api_etl.py
[2022-03-30 17:29:30,810] {logging_mixin.py:109} INFO - [2022-03-30 17:29:30,809] {dag.py:2398} INFO - Sync 1 DAGs
[2022-03-30 17:29:30,858] {logging_mixin.py:109} INFO - [2022-03-30 17:29:30,858] {dag.py:2937} INFO - Setting next_dagrun for tutorial_taskflow_api_etl to None
[2022-03-30 17:29:30,890] {processor.py:171} INFO - Processing /home/airflow/.local/lib/python3.7/site-packages/airflow/example_dags/tutorial_taskflow_api_etl.py took 0.993 seconds
[2022-03-30 17:30:01,158] {processor.py:163} INFO - Started process (PID=1246) to work on /home/airflow/.local/lib/python3.7/site-packages/airflow/example_dags/tutorial_taskflow_api_etl.py
[2022-03-30 17:30:01,162] {processor.py:642} INFO - Processing file /home/airflow/.local/lib/python3.7/site-packages/airflow/example_dags/tutorial_taskflow_api_etl.py for tasks to queue
[2022-03-30 17:30:01,165] {logging_mixin.py:109} INFO - [2022-03-30 17:30:01,164] {dagbag.py:500} INFO - Filling up the DagBag from /home/airflow/.local/lib/python3.7/site-packages/airflow/example_dags/tutorial_taskflow_api_etl.py
[2022-03-30 17:30:01,271] {processor.py:654} INFO - DAG(s) dict_keys(['tutorial_taskflow_api_etl']) retrieved from /home/airflow/.local/lib/python3.7/site-packages/airflow/example_dags/tutorial_taskflow_api_etl.py
[2022-03-30 17:30:02,796] {logging_mixin.py:109} INFO - [2022-03-30 17:30:02,794] {dag.py:2398} INFO - Sync 1 DAGs
[2022-03-30 17:30:02,873] {logging_mixin.py:109} INFO - [2022-03-30 17:30:02,872] {dag.py:2937} INFO - Setting next_dagrun for tutorial_taskflow_api_etl to None
[2022-03-30 17:30:02,908] {processor.py:171} INFO - Processing /home/airflow/.local/lib/python3.7/site-packages/airflow/example_dags/tutorial_taskflow_api_etl.py took 1.757 seconds
[2022-03-30 17:30:33,310] {processor.py:163} INFO - Started process (PID=1495) to work on /home/airflow/.local/lib/python3.7/site-packages/airflow/example_dags/tutorial_taskflow_api_etl.py
[2022-03-30 17:30:33,315] {processor.py:642} INFO - Processing file /home/airflow/.local/lib/python3.7/site-packages/airflow/example_dags/tutorial_taskflow_api_etl.py for tasks to queue
[2022-03-30 17:30:33,317] {logging_mixin.py:109} INFO - [2022-03-30 17:30:33,317] {dagbag.py:500} INFO - Filling up the DagBag from /home/airflow/.local/lib/python3.7/site-packages/airflow/example_dags/tutorial_taskflow_api_etl.py
[2022-03-30 17:30:33,405] {processor.py:654} INFO - DAG(s) dict_keys(['tutorial_taskflow_api_etl']) retrieved from /home/airflow/.local/lib/python3.7/site-packages/airflow/example_dags/tutorial_taskflow_api_etl.py
[2022-03-30 17:30:34,378] {logging_mixin.py:109} INFO - [2022-03-30 17:30:34,378] {dag.py:2398} INFO - Sync 1 DAGs
[2022-03-30 17:30:34,429] {logging_mixin.py:109} INFO - [2022-03-30 17:30:34,428] {dag.py:2937} INFO - Setting next_dagrun for tutorial_taskflow_api_etl to None
[2022-03-30 17:30:34,458] {processor.py:171} INFO - Processing /home/airflow/.local/lib/python3.7/site-packages/airflow/example_dags/tutorial_taskflow_api_etl.py took 1.154 seconds
[2022-03-30 17:31:05,018] {processor.py:163} INFO - Started process (PID=1722) to work on /home/airflow/.local/lib/python3.7/site-packages/airflow/example_dags/tutorial_taskflow_api_etl.py
[2022-03-30 17:31:05,022] {processor.py:642} INFO - Processing file /home/airflow/.local/lib/python3.7/site-packages/airflow/example_dags/tutorial_taskflow_api_etl.py for tasks to queue
[2022-03-30 17:31:05,025] {logging_mixin.py:109} INFO - [2022-03-30 17:31:05,024] {dagbag.py:500} INFO - Filling up the DagBag from /home/airflow/.local/lib/python3.7/site-packages/airflow/example_dags/tutorial_taskflow_api_etl.py
[2022-03-30 17:31:05,109] {processor.py:654} INFO - DAG(s) dict_keys(['tutorial_taskflow_api_etl']) retrieved from /home/airflow/.local/lib/python3.7/site-packages/airflow/example_dags/tutorial_taskflow_api_etl.py
[2022-03-30 17:31:05,956] {logging_mixin.py:109} INFO - [2022-03-30 17:31:05,956] {dag.py:2398} INFO - Sync 1 DAGs
[2022-03-30 17:31:06,003] {logging_mixin.py:109} INFO - [2022-03-30 17:31:06,003] {dag.py:2937} INFO - Setting next_dagrun for tutorial_taskflow_api_etl to None
[2022-03-30 17:31:06,051] {processor.py:171} INFO - Processing /home/airflow/.local/lib/python3.7/site-packages/airflow/example_dags/tutorial_taskflow_api_etl.py took 1.040 seconds
[2022-03-30 17:31:36,123] {processor.py:163} INFO - Started process (PID=1960) to work on /home/airflow/.local/lib/python3.7/site-packages/airflow/example_dags/tutorial_taskflow_api_etl.py
[2022-03-30 17:31:36,128] {processor.py:642} INFO - Processing file /home/airflow/.local/lib/python3.7/site-packages/airflow/example_dags/tutorial_taskflow_api_etl.py for tasks to queue
[2022-03-30 17:31:36,130] {logging_mixin.py:109} INFO - [2022-03-30 17:31:36,130] {dagbag.py:500} INFO - Filling up the DagBag from /home/airflow/.local/lib/python3.7/site-packages/airflow/example_dags/tutorial_taskflow_api_etl.py
[2022-03-30 17:31:36,221] {processor.py:654} INFO - DAG(s) dict_keys(['tutorial_taskflow_api_etl']) retrieved from /home/airflow/.local/lib/python3.7/site-packages/airflow/example_dags/tutorial_taskflow_api_etl.py
[2022-03-30 17:31:37,119] {logging_mixin.py:109} INFO - [2022-03-30 17:31:37,118] {dag.py:2398} INFO - Sync 1 DAGs
[2022-03-30 17:31:37,170] {logging_mixin.py:109} INFO - [2022-03-30 17:31:37,170] {dag.py:2937} INFO - Setting next_dagrun for tutorial_taskflow_api_etl to None
[2022-03-30 17:31:37,199] {processor.py:171} INFO - Processing /home/airflow/.local/lib/python3.7/site-packages/airflow/example_dags/tutorial_taskflow_api_etl.py took 1.082 seconds
[2022-03-30 17:32:07,520] {processor.py:163} INFO - Started process (PID=2180) to work on /home/airflow/.local/lib/python3.7/site-packages/airflow/example_dags/tutorial_taskflow_api_etl.py
[2022-03-30 17:32:07,525] {processor.py:642} INFO - Processing file /home/airflow/.local/lib/python3.7/site-packages/airflow/example_dags/tutorial_taskflow_api_etl.py for tasks to queue
[2022-03-30 17:32:07,528] {logging_mixin.py:109} INFO - [2022-03-30 17:32:07,527] {dagbag.py:500} INFO - Filling up the DagBag from /home/airflow/.local/lib/python3.7/site-packages/airflow/example_dags/tutorial_taskflow_api_etl.py
[2022-03-30 17:32:07,608] {processor.py:654} INFO - DAG(s) dict_keys(['tutorial_taskflow_api_etl']) retrieved from /home/airflow/.local/lib/python3.7/site-packages/airflow/example_dags/tutorial_taskflow_api_etl.py
[2022-03-30 17:32:08,425] {logging_mixin.py:109} INFO - [2022-03-30 17:32:08,425] {dag.py:2398} INFO - Sync 1 DAGs
[2022-03-30 17:32:08,472] {logging_mixin.py:109} INFO - [2022-03-30 17:32:08,471] {dag.py:2937} INFO - Setting next_dagrun for tutorial_taskflow_api_etl to None
[2022-03-30 17:32:08,497] {processor.py:171} INFO - Processing /home/airflow/.local/lib/python3.7/site-packages/airflow/example_dags/tutorial_taskflow_api_etl.py took 0.986 seconds
[2022-03-30 17:32:39,186] {processor.py:163} INFO - Started process (PID=2416) to work on /home/airflow/.local/lib/python3.7/site-packages/airflow/example_dags/tutorial_taskflow_api_etl.py
[2022-03-30 17:32:39,191] {processor.py:642} INFO - Processing file /home/airflow/.local/lib/python3.7/site-packages/airflow/example_dags/tutorial_taskflow_api_etl.py for tasks to queue
[2022-03-30 17:32:39,193] {logging_mixin.py:109} INFO - [2022-03-30 17:32:39,193] {dagbag.py:500} INFO - Filling up the DagBag from /home/airflow/.local/lib/python3.7/site-packages/airflow/example_dags/tutorial_taskflow_api_etl.py
[2022-03-30 17:32:39,284] {processor.py:654} INFO - DAG(s) dict_keys(['tutorial_taskflow_api_etl']) retrieved from /home/airflow/.local/lib/python3.7/site-packages/airflow/example_dags/tutorial_taskflow_api_etl.py
[2022-03-30 17:32:40,397] {logging_mixin.py:109} INFO - [2022-03-30 17:32:40,397] {dag.py:2398} INFO - Sync 1 DAGs
[2022-03-30 17:32:40,459] {logging_mixin.py:109} INFO - [2022-03-30 17:32:40,459] {dag.py:2937} INFO - Setting next_dagrun for tutorial_taskflow_api_etl to None
[2022-03-30 17:32:40,492] {processor.py:171} INFO - Processing /home/airflow/.local/lib/python3.7/site-packages/airflow/example_dags/tutorial_taskflow_api_etl.py took 1.312 seconds
[2022-03-30 17:33:11,190] {processor.py:163} INFO - Started process (PID=2653) to work on /home/airflow/.local/lib/python3.7/site-packages/airflow/example_dags/tutorial_taskflow_api_etl.py
[2022-03-30 17:33:11,195] {processor.py:642} INFO - Processing file /home/airflow/.local/lib/python3.7/site-packages/airflow/example_dags/tutorial_taskflow_api_etl.py for tasks to queue
[2022-03-30 17:33:11,201] {logging_mixin.py:109} INFO - [2022-03-30 17:33:11,201] {dagbag.py:500} INFO - Filling up the DagBag from /home/airflow/.local/lib/python3.7/site-packages/airflow/example_dags/tutorial_taskflow_api_etl.py
[2022-03-30 17:33:11,338] {processor.py:654} INFO - DAG(s) dict_keys(['tutorial_taskflow_api_etl']) retrieved from /home/airflow/.local/lib/python3.7/site-packages/airflow/example_dags/tutorial_taskflow_api_etl.py
[2022-03-30 17:33:12,706] {logging_mixin.py:109} INFO - [2022-03-30 17:33:12,705] {dag.py:2398} INFO - Sync 1 DAGs
[2022-03-30 17:33:12,774] {logging_mixin.py:109} INFO - [2022-03-30 17:33:12,773] {dag.py:2937} INFO - Setting next_dagrun for tutorial_taskflow_api_etl to None
[2022-03-30 17:33:12,815] {processor.py:171} INFO - Processing /home/airflow/.local/lib/python3.7/site-packages/airflow/example_dags/tutorial_taskflow_api_etl.py took 1.633 seconds
[2022-03-30 17:33:42,895] {processor.py:163} INFO - Started process (PID=2892) to work on /home/airflow/.local/lib/python3.7/site-packages/airflow/example_dags/tutorial_taskflow_api_etl.py
[2022-03-30 17:33:42,898] {processor.py:642} INFO - Processing file /home/airflow/.local/lib/python3.7/site-packages/airflow/example_dags/tutorial_taskflow_api_etl.py for tasks to queue
[2022-03-30 17:33:42,901] {logging_mixin.py:109} INFO - [2022-03-30 17:33:42,901] {dagbag.py:500} INFO - Filling up the DagBag from /home/airflow/.local/lib/python3.7/site-packages/airflow/example_dags/tutorial_taskflow_api_etl.py
[2022-03-30 17:33:43,000] {processor.py:654} INFO - DAG(s) dict_keys(['tutorial_taskflow_api_etl']) retrieved from /home/airflow/.local/lib/python3.7/site-packages/airflow/example_dags/tutorial_taskflow_api_etl.py
[2022-03-30 17:33:44,008] {logging_mixin.py:109} INFO - [2022-03-30 17:33:44,008] {dag.py:2398} INFO - Sync 1 DAGs
[2022-03-30 17:33:44,055] {logging_mixin.py:109} INFO - [2022-03-30 17:33:44,055] {dag.py:2937} INFO - Setting next_dagrun for tutorial_taskflow_api_etl to None
[2022-03-30 17:33:44,083] {processor.py:171} INFO - Processing /home/airflow/.local/lib/python3.7/site-packages/airflow/example_dags/tutorial_taskflow_api_etl.py took 1.195 seconds
[2022-03-30 17:34:14,301] {processor.py:163} INFO - Started process (PID=3138) to work on /home/airflow/.local/lib/python3.7/site-packages/airflow/example_dags/tutorial_taskflow_api_etl.py
[2022-03-30 17:34:14,307] {processor.py:642} INFO - Processing file /home/airflow/.local/lib/python3.7/site-packages/airflow/example_dags/tutorial_taskflow_api_etl.py for tasks to queue
[2022-03-30 17:34:14,311] {logging_mixin.py:109} INFO - [2022-03-30 17:34:14,310] {dagbag.py:500} INFO - Filling up the DagBag from /home/airflow/.local/lib/python3.7/site-packages/airflow/example_dags/tutorial_taskflow_api_etl.py
[2022-03-30 17:34:14,424] {processor.py:654} INFO - DAG(s) dict_keys(['tutorial_taskflow_api_etl']) retrieved from /home/airflow/.local/lib/python3.7/site-packages/airflow/example_dags/tutorial_taskflow_api_etl.py
[2022-03-30 17:34:15,695] {logging_mixin.py:109} INFO - [2022-03-30 17:34:15,695] {dag.py:2398} INFO - Sync 1 DAGs
[2022-03-30 17:34:15,755] {logging_mixin.py:109} INFO - [2022-03-30 17:34:15,755] {dag.py:2937} INFO - Setting next_dagrun for tutorial_taskflow_api_etl to None
[2022-03-30 17:34:15,790] {processor.py:171} INFO - Processing /home/airflow/.local/lib/python3.7/site-packages/airflow/example_dags/tutorial_taskflow_api_etl.py took 1.496 seconds
[2022-03-30 17:34:45,910] {processor.py:163} INFO - Started process (PID=3366) to work on /home/airflow/.local/lib/python3.7/site-packages/airflow/example_dags/tutorial_taskflow_api_etl.py
[2022-03-30 17:34:45,914] {processor.py:642} INFO - Processing file /home/airflow/.local/lib/python3.7/site-packages/airflow/example_dags/tutorial_taskflow_api_etl.py for tasks to queue
[2022-03-30 17:34:45,916] {logging_mixin.py:109} INFO - [2022-03-30 17:34:45,916] {dagbag.py:500} INFO - Filling up the DagBag from /home/airflow/.local/lib/python3.7/site-packages/airflow/example_dags/tutorial_taskflow_api_etl.py
[2022-03-30 17:34:46,012] {processor.py:654} INFO - DAG(s) dict_keys(['tutorial_taskflow_api_etl']) retrieved from /home/airflow/.local/lib/python3.7/site-packages/airflow/example_dags/tutorial_taskflow_api_etl.py
[2022-03-30 17:34:46,931] {logging_mixin.py:109} INFO - [2022-03-30 17:34:46,931] {dag.py:2398} INFO - Sync 1 DAGs
[2022-03-30 17:34:46,975] {logging_mixin.py:109} INFO - [2022-03-30 17:34:46,975] {dag.py:2937} INFO - Setting next_dagrun for tutorial_taskflow_api_etl to None
[2022-03-30 17:34:47,001] {processor.py:171} INFO - Processing /home/airflow/.local/lib/python3.7/site-packages/airflow/example_dags/tutorial_taskflow_api_etl.py took 1.097 seconds
[2022-03-30 17:35:17,385] {processor.py:163} INFO - Started process (PID=3613) to work on /home/airflow/.local/lib/python3.7/site-packages/airflow/example_dags/tutorial_taskflow_api_etl.py
[2022-03-30 17:35:17,390] {processor.py:642} INFO - Processing file /home/airflow/.local/lib/python3.7/site-packages/airflow/example_dags/tutorial_taskflow_api_etl.py for tasks to queue
[2022-03-30 17:35:17,394] {logging_mixin.py:109} INFO - [2022-03-30 17:35:17,393] {dagbag.py:500} INFO - Filling up the DagBag from /home/airflow/.local/lib/python3.7/site-packages/airflow/example_dags/tutorial_taskflow_api_etl.py
[2022-03-30 17:35:17,488] {processor.py:654} INFO - DAG(s) dict_keys(['tutorial_taskflow_api_etl']) retrieved from /home/airflow/.local/lib/python3.7/site-packages/airflow/example_dags/tutorial_taskflow_api_etl.py
[2022-03-30 17:35:18,493] {logging_mixin.py:109} INFO - [2022-03-30 17:35:18,492] {dag.py:2398} INFO - Sync 1 DAGs
[2022-03-30 17:35:18,542] {logging_mixin.py:109} INFO - [2022-03-30 17:35:18,542] {dag.py:2937} INFO - Setting next_dagrun for tutorial_taskflow_api_etl to None
[2022-03-30 17:35:18,574] {processor.py:171} INFO - Processing /home/airflow/.local/lib/python3.7/site-packages/airflow/example_dags/tutorial_taskflow_api_etl.py took 1.196 seconds
[2022-03-30 17:35:49,203] {processor.py:163} INFO - Started process (PID=3830) to work on /home/airflow/.local/lib/python3.7/site-packages/airflow/example_dags/tutorial_taskflow_api_etl.py
[2022-03-30 17:35:49,208] {processor.py:642} INFO - Processing file /home/airflow/.local/lib/python3.7/site-packages/airflow/example_dags/tutorial_taskflow_api_etl.py for tasks to queue
[2022-03-30 17:35:49,211] {logging_mixin.py:109} INFO - [2022-03-30 17:35:49,211] {dagbag.py:500} INFO - Filling up the DagBag from /home/airflow/.local/lib/python3.7/site-packages/airflow/example_dags/tutorial_taskflow_api_etl.py
[2022-03-30 17:35:49,398] {processor.py:654} INFO - DAG(s) dict_keys(['tutorial_taskflow_api_etl']) retrieved from /home/airflow/.local/lib/python3.7/site-packages/airflow/example_dags/tutorial_taskflow_api_etl.py
[2022-03-30 17:35:50,143] {logging_mixin.py:109} INFO - [2022-03-30 17:35:50,142] {dag.py:2398} INFO - Sync 1 DAGs
[2022-03-30 17:35:50,187] {logging_mixin.py:109} INFO - [2022-03-30 17:35:50,187] {dag.py:2937} INFO - Setting next_dagrun for tutorial_taskflow_api_etl to None
[2022-03-30 17:35:50,215] {processor.py:171} INFO - Processing /home/airflow/.local/lib/python3.7/site-packages/airflow/example_dags/tutorial_taskflow_api_etl.py took 1.022 seconds
[2022-03-30 17:36:20,604] {processor.py:163} INFO - Started process (PID=4062) to work on /home/airflow/.local/lib/python3.7/site-packages/airflow/example_dags/tutorial_taskflow_api_etl.py
[2022-03-30 17:36:20,609] {processor.py:642} INFO - Processing file /home/airflow/.local/lib/python3.7/site-packages/airflow/example_dags/tutorial_taskflow_api_etl.py for tasks to queue
[2022-03-30 17:36:20,611] {logging_mixin.py:109} INFO - [2022-03-30 17:36:20,611] {dagbag.py:500} INFO - Filling up the DagBag from /home/airflow/.local/lib/python3.7/site-packages/airflow/example_dags/tutorial_taskflow_api_etl.py
[2022-03-30 17:36:20,795] {processor.py:654} INFO - DAG(s) dict_keys(['tutorial_taskflow_api_etl']) retrieved from /home/airflow/.local/lib/python3.7/site-packages/airflow/example_dags/tutorial_taskflow_api_etl.py
[2022-03-30 17:36:21,621] {logging_mixin.py:109} INFO - [2022-03-30 17:36:21,620] {dag.py:2398} INFO - Sync 1 DAGs
[2022-03-30 17:36:21,672] {logging_mixin.py:109} INFO - [2022-03-30 17:36:21,672] {dag.py:2937} INFO - Setting next_dagrun for tutorial_taskflow_api_etl to None
[2022-03-30 17:36:21,702] {processor.py:171} INFO - Processing /home/airflow/.local/lib/python3.7/site-packages/airflow/example_dags/tutorial_taskflow_api_etl.py took 1.104 seconds
[2022-03-30 17:36:52,548] {processor.py:163} INFO - Started process (PID=4288) to work on /home/airflow/.local/lib/python3.7/site-packages/airflow/example_dags/tutorial_taskflow_api_etl.py
[2022-03-30 17:36:52,552] {processor.py:642} INFO - Processing file /home/airflow/.local/lib/python3.7/site-packages/airflow/example_dags/tutorial_taskflow_api_etl.py for tasks to queue
[2022-03-30 17:36:52,554] {logging_mixin.py:109} INFO - [2022-03-30 17:36:52,554] {dagbag.py:500} INFO - Filling up the DagBag from /home/airflow/.local/lib/python3.7/site-packages/airflow/example_dags/tutorial_taskflow_api_etl.py
[2022-03-30 17:36:52,738] {processor.py:654} INFO - DAG(s) dict_keys(['tutorial_taskflow_api_etl']) retrieved from /home/airflow/.local/lib/python3.7/site-packages/airflow/example_dags/tutorial_taskflow_api_etl.py
[2022-03-30 17:36:53,914] {logging_mixin.py:109} INFO - [2022-03-30 17:36:53,914] {dag.py:2398} INFO - Sync 1 DAGs
[2022-03-30 17:36:53,977] {logging_mixin.py:109} INFO - [2022-03-30 17:36:53,976] {dag.py:2937} INFO - Setting next_dagrun for tutorial_taskflow_api_etl to None
[2022-03-30 17:36:54,015] {processor.py:171} INFO - Processing /home/airflow/.local/lib/python3.7/site-packages/airflow/example_dags/tutorial_taskflow_api_etl.py took 1.473 seconds
[2022-03-30 17:37:24,159] {processor.py:163} INFO - Started process (PID=4509) to work on /home/airflow/.local/lib/python3.7/site-packages/airflow/example_dags/tutorial_taskflow_api_etl.py
[2022-03-30 17:37:24,164] {processor.py:642} INFO - Processing file /home/airflow/.local/lib/python3.7/site-packages/airflow/example_dags/tutorial_taskflow_api_etl.py for tasks to queue
[2022-03-30 17:37:24,167] {logging_mixin.py:109} INFO - [2022-03-30 17:37:24,166] {dagbag.py:500} INFO - Filling up the DagBag from /home/airflow/.local/lib/python3.7/site-packages/airflow/example_dags/tutorial_taskflow_api_etl.py
[2022-03-30 17:37:24,354] {processor.py:654} INFO - DAG(s) dict_keys(['tutorial_taskflow_api_etl']) retrieved from /home/airflow/.local/lib/python3.7/site-packages/airflow/example_dags/tutorial_taskflow_api_etl.py
[2022-03-30 17:37:25,160] {logging_mixin.py:109} INFO - [2022-03-30 17:37:25,160] {dag.py:2398} INFO - Sync 1 DAGs
[2022-03-30 17:37:25,206] {logging_mixin.py:109} INFO - [2022-03-30 17:37:25,206] {dag.py:2937} INFO - Setting next_dagrun for tutorial_taskflow_api_etl to None
[2022-03-30 17:37:25,234] {processor.py:171} INFO - Processing /home/airflow/.local/lib/python3.7/site-packages/airflow/example_dags/tutorial_taskflow_api_etl.py took 1.082 seconds
[2022-03-30 17:37:55,875] {processor.py:163} INFO - Started process (PID=4742) to work on /home/airflow/.local/lib/python3.7/site-packages/airflow/example_dags/tutorial_taskflow_api_etl.py
[2022-03-30 17:37:55,879] {processor.py:642} INFO - Processing file /home/airflow/.local/lib/python3.7/site-packages/airflow/example_dags/tutorial_taskflow_api_etl.py for tasks to queue
[2022-03-30 17:37:55,882] {logging_mixin.py:109} INFO - [2022-03-30 17:37:55,882] {dagbag.py:500} INFO - Filling up the DagBag from /home/airflow/.local/lib/python3.7/site-packages/airflow/example_dags/tutorial_taskflow_api_etl.py
[2022-03-30 17:37:56,109] {processor.py:654} INFO - DAG(s) dict_keys(['tutorial_taskflow_api_etl']) retrieved from /home/airflow/.local/lib/python3.7/site-packages/airflow/example_dags/tutorial_taskflow_api_etl.py
[2022-03-30 17:37:57,006] {logging_mixin.py:109} INFO - [2022-03-30 17:37:57,005] {dag.py:2398} INFO - Sync 1 DAGs
[2022-03-30 17:37:57,059] {logging_mixin.py:109} INFO - [2022-03-30 17:37:57,059] {dag.py:2937} INFO - Setting next_dagrun for tutorial_taskflow_api_etl to None
[2022-03-30 17:37:57,094] {processor.py:171} INFO - Processing /home/airflow/.local/lib/python3.7/site-packages/airflow/example_dags/tutorial_taskflow_api_etl.py took 1.227 seconds
[2022-03-30 17:38:27,240] {processor.py:163} INFO - Started process (PID=4957) to work on /home/airflow/.local/lib/python3.7/site-packages/airflow/example_dags/tutorial_taskflow_api_etl.py
[2022-03-30 17:38:27,244] {processor.py:642} INFO - Processing file /home/airflow/.local/lib/python3.7/site-packages/airflow/example_dags/tutorial_taskflow_api_etl.py for tasks to queue
[2022-03-30 17:38:27,246] {logging_mixin.py:109} INFO - [2022-03-30 17:38:27,246] {dagbag.py:500} INFO - Filling up the DagBag from /home/airflow/.local/lib/python3.7/site-packages/airflow/example_dags/tutorial_taskflow_api_etl.py
[2022-03-30 17:38:27,423] {processor.py:654} INFO - DAG(s) dict_keys(['tutorial_taskflow_api_etl']) retrieved from /home/airflow/.local/lib/python3.7/site-packages/airflow/example_dags/tutorial_taskflow_api_etl.py
[2022-03-30 17:38:28,150] {logging_mixin.py:109} INFO - [2022-03-30 17:38:28,150] {dag.py:2398} INFO - Sync 1 DAGs
[2022-03-30 17:38:28,195] {logging_mixin.py:109} INFO - [2022-03-30 17:38:28,194] {dag.py:2937} INFO - Setting next_dagrun for tutorial_taskflow_api_etl to None
[2022-03-30 17:38:28,223] {processor.py:171} INFO - Processing /home/airflow/.local/lib/python3.7/site-packages/airflow/example_dags/tutorial_taskflow_api_etl.py took 0.989 seconds
[2022-03-30 17:38:58,727] {processor.py:163} INFO - Started process (PID=5189) to work on /home/airflow/.local/lib/python3.7/site-packages/airflow/example_dags/tutorial_taskflow_api_etl.py
[2022-03-30 17:38:58,733] {processor.py:642} INFO - Processing file /home/airflow/.local/lib/python3.7/site-packages/airflow/example_dags/tutorial_taskflow_api_etl.py for tasks to queue
[2022-03-30 17:38:58,737] {logging_mixin.py:109} INFO - [2022-03-30 17:38:58,737] {dagbag.py:500} INFO - Filling up the DagBag from /home/airflow/.local/lib/python3.7/site-packages/airflow/example_dags/tutorial_taskflow_api_etl.py
[2022-03-30 17:38:58,922] {processor.py:654} INFO - DAG(s) dict_keys(['tutorial_taskflow_api_etl']) retrieved from /home/airflow/.local/lib/python3.7/site-packages/airflow/example_dags/tutorial_taskflow_api_etl.py
[2022-03-30 17:38:59,803] {logging_mixin.py:109} INFO - [2022-03-30 17:38:59,803] {dag.py:2398} INFO - Sync 1 DAGs
[2022-03-30 17:38:59,861] {logging_mixin.py:109} INFO - [2022-03-30 17:38:59,861] {dag.py:2937} INFO - Setting next_dagrun for tutorial_taskflow_api_etl to None
[2022-03-30 17:38:59,908] {processor.py:171} INFO - Processing /home/airflow/.local/lib/python3.7/site-packages/airflow/example_dags/tutorial_taskflow_api_etl.py took 1.187 seconds
[2022-03-30 17:39:30,397] {processor.py:163} INFO - Started process (PID=5404) to work on /home/airflow/.local/lib/python3.7/site-packages/airflow/example_dags/tutorial_taskflow_api_etl.py
[2022-03-30 17:39:30,401] {processor.py:642} INFO - Processing file /home/airflow/.local/lib/python3.7/site-packages/airflow/example_dags/tutorial_taskflow_api_etl.py for tasks to queue
[2022-03-30 17:39:30,404] {logging_mixin.py:109} INFO - [2022-03-30 17:39:30,404] {dagbag.py:500} INFO - Filling up the DagBag from /home/airflow/.local/lib/python3.7/site-packages/airflow/example_dags/tutorial_taskflow_api_etl.py
[2022-03-30 17:39:30,494] {processor.py:654} INFO - DAG(s) dict_keys(['tutorial_taskflow_api_etl']) retrieved from /home/airflow/.local/lib/python3.7/site-packages/airflow/example_dags/tutorial_taskflow_api_etl.py
[2022-03-30 17:39:31,308] {logging_mixin.py:109} INFO - [2022-03-30 17:39:31,308] {dag.py:2398} INFO - Sync 1 DAGs
[2022-03-30 17:39:31,357] {logging_mixin.py:109} INFO - [2022-03-30 17:39:31,357] {dag.py:2937} INFO - Setting next_dagrun for tutorial_taskflow_api_etl to None
[2022-03-30 17:39:31,388] {processor.py:171} INFO - Processing /home/airflow/.local/lib/python3.7/site-packages/airflow/example_dags/tutorial_taskflow_api_etl.py took 0.998 seconds
[2022-03-30 17:40:02,026] {processor.py:163} INFO - Started process (PID=5638) to work on /home/airflow/.local/lib/python3.7/site-packages/airflow/example_dags/tutorial_taskflow_api_etl.py
[2022-03-30 17:40:02,031] {processor.py:642} INFO - Processing file /home/airflow/.local/lib/python3.7/site-packages/airflow/example_dags/tutorial_taskflow_api_etl.py for tasks to queue
[2022-03-30 17:40:02,033] {logging_mixin.py:109} INFO - [2022-03-30 17:40:02,033] {dagbag.py:500} INFO - Filling up the DagBag from /home/airflow/.local/lib/python3.7/site-packages/airflow/example_dags/tutorial_taskflow_api_etl.py
[2022-03-30 17:40:02,129] {processor.py:654} INFO - DAG(s) dict_keys(['tutorial_taskflow_api_etl']) retrieved from /home/airflow/.local/lib/python3.7/site-packages/airflow/example_dags/tutorial_taskflow_api_etl.py
[2022-03-30 17:40:02,956] {logging_mixin.py:109} INFO - [2022-03-30 17:40:02,956] {dag.py:2398} INFO - Sync 1 DAGs
[2022-03-30 17:40:03,005] {logging_mixin.py:109} INFO - [2022-03-30 17:40:03,005] {dag.py:2937} INFO - Setting next_dagrun for tutorial_taskflow_api_etl to None
[2022-03-30 17:40:03,036] {processor.py:171} INFO - Processing /home/airflow/.local/lib/python3.7/site-packages/airflow/example_dags/tutorial_taskflow_api_etl.py took 1.016 seconds
[2022-03-30 17:40:33,812] {processor.py:163} INFO - Started process (PID=5868) to work on /home/airflow/.local/lib/python3.7/site-packages/airflow/example_dags/tutorial_taskflow_api_etl.py
[2022-03-30 17:40:33,815] {processor.py:642} INFO - Processing file /home/airflow/.local/lib/python3.7/site-packages/airflow/example_dags/tutorial_taskflow_api_etl.py for tasks to queue
[2022-03-30 17:40:33,818] {logging_mixin.py:109} INFO - [2022-03-30 17:40:33,817] {dagbag.py:500} INFO - Filling up the DagBag from /home/airflow/.local/lib/python3.7/site-packages/airflow/example_dags/tutorial_taskflow_api_etl.py
[2022-03-30 17:40:33,899] {processor.py:654} INFO - DAG(s) dict_keys(['tutorial_taskflow_api_etl']) retrieved from /home/airflow/.local/lib/python3.7/site-packages/airflow/example_dags/tutorial_taskflow_api_etl.py
[2022-03-30 17:40:34,760] {logging_mixin.py:109} INFO - [2022-03-30 17:40:34,759] {dag.py:2398} INFO - Sync 1 DAGs
[2022-03-30 17:40:34,824] {logging_mixin.py:109} INFO - [2022-03-30 17:40:34,824] {dag.py:2937} INFO - Setting next_dagrun for tutorial_taskflow_api_etl to None
[2022-03-30 17:40:34,859] {processor.py:171} INFO - Processing /home/airflow/.local/lib/python3.7/site-packages/airflow/example_dags/tutorial_taskflow_api_etl.py took 1.053 seconds
[2022-03-30 17:41:05,572] {processor.py:163} INFO - Started process (PID=6084) to work on /home/airflow/.local/lib/python3.7/site-packages/airflow/example_dags/tutorial_taskflow_api_etl.py
[2022-03-30 17:41:05,576] {processor.py:642} INFO - Processing file /home/airflow/.local/lib/python3.7/site-packages/airflow/example_dags/tutorial_taskflow_api_etl.py for tasks to queue
[2022-03-30 17:41:05,578] {logging_mixin.py:109} INFO - [2022-03-30 17:41:05,578] {dagbag.py:500} INFO - Filling up the DagBag from /home/airflow/.local/lib/python3.7/site-packages/airflow/example_dags/tutorial_taskflow_api_etl.py
[2022-03-30 17:41:05,662] {processor.py:654} INFO - DAG(s) dict_keys(['tutorial_taskflow_api_etl']) retrieved from /home/airflow/.local/lib/python3.7/site-packages/airflow/example_dags/tutorial_taskflow_api_etl.py
[2022-03-30 17:41:06,689] {logging_mixin.py:109} INFO - [2022-03-30 17:41:06,688] {dag.py:2398} INFO - Sync 1 DAGs
[2022-03-30 17:41:06,753] {logging_mixin.py:109} INFO - [2022-03-30 17:41:06,752] {dag.py:2937} INFO - Setting next_dagrun for tutorial_taskflow_api_etl to None
[2022-03-30 17:41:06,799] {processor.py:171} INFO - Processing /home/airflow/.local/lib/python3.7/site-packages/airflow/example_dags/tutorial_taskflow_api_etl.py took 1.234 seconds
[2022-03-30 17:41:37,453] {processor.py:163} INFO - Started process (PID=6317) to work on /home/airflow/.local/lib/python3.7/site-packages/airflow/example_dags/tutorial_taskflow_api_etl.py
[2022-03-30 17:41:37,456] {processor.py:642} INFO - Processing file /home/airflow/.local/lib/python3.7/site-packages/airflow/example_dags/tutorial_taskflow_api_etl.py for tasks to queue
[2022-03-30 17:41:37,459] {logging_mixin.py:109} INFO - [2022-03-30 17:41:37,459] {dagbag.py:500} INFO - Filling up the DagBag from /home/airflow/.local/lib/python3.7/site-packages/airflow/example_dags/tutorial_taskflow_api_etl.py
[2022-03-30 17:41:37,539] {processor.py:654} INFO - DAG(s) dict_keys(['tutorial_taskflow_api_etl']) retrieved from /home/airflow/.local/lib/python3.7/site-packages/airflow/example_dags/tutorial_taskflow_api_etl.py
[2022-03-30 17:41:38,352] {logging_mixin.py:109} INFO - [2022-03-30 17:41:38,352] {dag.py:2398} INFO - Sync 1 DAGs
[2022-03-30 17:41:38,400] {logging_mixin.py:109} INFO - [2022-03-30 17:41:38,400] {dag.py:2937} INFO - Setting next_dagrun for tutorial_taskflow_api_etl to None
[2022-03-30 17:41:38,431] {processor.py:171} INFO - Processing /home/airflow/.local/lib/python3.7/site-packages/airflow/example_dags/tutorial_taskflow_api_etl.py took 0.984 seconds
